2 2
3 4
4 5
5 9
6 11
7 13
8 14
9 20
10 24
11 26
12 30
13 32
14 36
15 40
16 41
17 51
18 54
19 58
20 63
21 71
22 74
23 82
24 84
25 92
26 95
27 100
28 104
29 111
30 114
31 121
32 122
33 137
34 145
35 150
36 157
37 163
38 165
39 169
40 174
41 194
42 204
43 209
44 215
45 227
46 233
47 239
48 245
49 254
50 260
51 263
52 268
53 272
54 286
55 295
56 299
57 315
58 321
59 324
60 331
61 332
62 341
63 350
64 365
65 383
66 391
67 399
68 405
69 408
70 409
71 416
72 423
73 440
74 444
75 454
76 457
77 462
78 470
79 475
80 480
81 549
82 551
83 580
84 585
85 604
86 614
87 632
88 638
89 646
90 651
91 665
92 669
93 676
94 683
95 695
96 709
97 722
98 740
99 748
100 761
101 765
102 768
103 777
104 786
105 788
106 795
107 807
108 809
109 830
110 835
111 841
112 854
113 859
114 864
115 897
116 899
117 905
118 907
119 916
120 927
121 930
122 937
123 938
124 947
125 956
126 1011
127 1074
128 1085
129 1088
130 1095
131 1102
132 1143
133 1146
134 1151
135 1154
136 1161
137 1168
138 1175
139 1186
140 1191
141 1198
142 1199
143 1201
144 1208
145 1218
146 1219
147 1224
148 1231
149 1233
150 1234
151 1241
152 1248
153 1265
154 1269
155 1279
156 1282
157 1287
158 1295
159 1300
160 1305
161 1374
162 1376
163 1548
164 1550
165 1626
166 1628
167 1637
168 1642
169 1654
170 1659
171 1667
172 1673
173 1681
174 1700
175 1712
176 1717
177 1746
178 1754
179 1759
180 1766
181 1768
182 1792
183 1800
184 1804
185 1810
186 1815
187 1829
188 1833
189 1845
190 1847
191 1869
192 1877
193 2054
194 2072
195 2080
196 2110
197 2175
198 2179
199 2209
200 2238
201 2259
202 2280
203 2291
204 2297
205 2314
206 2317
207 2330
208 2333
209 2357
210 2359
211 2373
212 2380
213 2403
214 2410
215 2422
216 2424
217 2439
218 2441
219 2442
220 2444
221 2450
222 2456
223 2468
224 2473
225 2479
226 2492
227 2497
228 2502
229 2596
230 2602
231 2606
232 2609
233 2617
234 2624
235 2631
236 2639
237 2657
238 2661
239 2668
240 2680
241 2685
242 2686
243 2696
244 2702
245 2727
246 2732
247 2741
248 2748
249 2756
250 2765
251 2774
252 2808
253 2842
254 2901
255 3059
256 3066
257 3146
258 3178
259 3185
260 3195
261 3205
262 3246
263 3268
264 3279
265 3301
266 3308
267 3311
268 3318
269 3324
270 3329
271 3334
272 3341
273 3344
274 3351
275 3358
276 3384
277 3396
278 3401
279 3402
280 3407
281 3416
282 3417
283 3424
284 3431
285 3495
286 3509
287 3553
288 3560
289 3563
290 3570
291 3577
292 3610
293 3616
294 3626
295 3628
296 3633
297 3653
298 3658
299 3661
300 3666
301 3673
302 3674
303 3676
304 3683
305 3693
306 3694
307 3699
308 3706
309 3708
310 3709
311 3716
312 3723
313 3740
314 3744
315 3754
316 3757
317 3762
318 3770
319 3775
320 3780
321 3849
322 4007
323 4023
324 4025
325 4199
326 4373
327 4521
328 4539
329 4546
330 4595
331 4600
332 4617
333 4625
334 4645
335 4671
336 4680
337 4685
338 4743
339 4792
340 4814
341 4822
342 4832
343 4841
344 4846
345 4858
346 4863
347 4871
348 4877
349 4885
350 4904
351 4916
352 4921
353 5026
354 5063
355 5130
356 5152
357 5162
358 5168
359 5179
360 5188
361 5192
362 5199
363 5201
364 5210
365 5221
366 5224
367 5232
368 5236
369 5238
370 5246
371 5251
372 5258
373 5260
374 5284
375 5292
376 5296
377 5302
378 5307
379 5321
380 5325
381 5337
382 5339
383 5361
384 5369
385 5933
386 5941
387 5962
388 5970
389 6149
390 6175
391 6199
392 6229
393 6351
394 6353
395 6359
396 6361
397 6370
398 6376
399 6382
400 6384
401 6391
402 6392
403 6401
404 6410
405 6488
406 6662
407 6667
408 6669
409 6700
410 6715
411 6722
412 6735
413 6750
414 6754
415 6760
416 6772
417 6795
418 6809
419 6822
420 6851
421 6970
422 6974
423 6976
424 6983
425 6993
426 6994
427 6999
428 7006
429 7008
430 7009
431 7016
432 7023
433 7040
434 7044
435 7054
436 7057
437 7062
438 7070
439 7075
440 7080
441 7185
442 7341
443 7339
444 7344
445 7353
446 7355
447 7356
448 7358
449 7364
450 7370
451 7382
452 7387
453 7393
454 7406
455 7411
456 7416
457 7613
458 7623
459 7632
460 7633
461 7640
462 7642
463 7652
464 7658
465 7676
466 7700
467 7702
468 7715
469 7726
470 7731
471 7742
472 7748
473 7755
474 7765
475 7771
476 7776
477 7791
478 7797
479 7802
480 7805
481 7816
482 7822
483 7826
484 7829
485 7834
486 7837
487 7845
488 7852
489 7859
490 7881
491 7888
492 7900
493 7901
494 7905
495 7906
496 7916
497 7922
498 7949
499 7953
500 7961
501 7963
502 7973
503 7979
504 8003
505 8009
506 8033
507 8062
508 8121
509 8658
510 8659
511 8666
512 8673
513 8690
514 8694
515 8704
516 8707
517 8712
518 8720
519 8725
520 8730
521 8835
522 9076
523 9382
524 9389
525 9396
526 9445
527 9474
528 9504
529 9512
530 9513
531 9518
532 9556
533 9565
534 9572
535 9604
536 9608
537 9654
538 9685
539 9711
540 9716
541 9723
542 9724
543 9726
544 9733
545 9743
546 9744
547 9749
548 9756
549 9758
550 9759
551 9766
552 9773
553 9790
554 9794
555 9804
556 9807
557 9812
558 9820
559 9825
560 9830
561 10181
562 10190
563 10201
564 10208
565 10232
566 10261
567 10271
568 10278
569 10301
570 10311
571 10320
572 10341
573 10370
574 10429
575 10570
576 10610
577 10648
578 10663
579 10665
580 10689
581 10696
582 10716
583 10736
584 10753
585 10760
586 10770
587 10777
588 10787
589 10797
590 10811
591 10818
592 10830
593 10835
594 10842
595 10849
596 10856
597 10885
598 10911
599 10918
600 10930
601 10939
602 10950
603 10968
604 10975
605 11012
606 11013
607 11019
608 11021
609 11031
610 11037
611 11039
612 11044
613 11048
614 11053
615 11054
616 11061
617 11078
618 11083
619 11086
620 11091
621 11098
622 11099
623 11101
624 11108
625 11118
626 11119
627 11124
628 11131
629 11133
630 11134
631 11141
632 11148
633 11165
634 11169
635 11179
636 11182
637 11187
638 11195
639 11200
640 11205
641 11452
642 11520
643 11748
644 11827
645 11886
646 12054
647 12070
648 12072
649 12352
650 12526
651 12874
652 12997
653 13018
654 13046
655 13110
656 13139
657 13149
658 13216
659 13298
660 13384
661 13394
662 13438
663 13446
664 13456
665 13479
666 13501
667 13508
668 13523
669 13531
670 13569
671 13595
672 13621
673 13690
674 13796
675 13840
676 13866
677 13937
678 13945
679 13950
680 13955
681 14151
682 14165
683 14174
684 14182
685 14204
686 14223
687 14228
688 14239
689 14247
690 14258
691 14269
692 14284
693 14294
694 14299
695 14333
696 14361
697 14367
698 14379
699 14404
700 14425
701 14441
702 14453
703 14485
704 14501
705 14550
706 14680
707 14699
708 14706
709 14708
710 14709
711 14716
712 14723
713 14740
714 14744
715 14754
716 14757
717 14762
718 14770
719 14775
720 14780
721 15380
722 15392
723 15404
724 15417
725 15429
726 15442
727 15462
728 15472
729 15498
730 15508
731 15532
732 15554
733 15572
734 15582
735 15588
736 15592
737 15600
738 15602
739 15606
740 15628
741 15638
742 15644
743 15655
744 15664
745 15668
746 15675
747 15677
748 15686
749 15697
750 15700
751 15708
752 15712
753 15714
754 15722
755 15727
756 15734
757 15736
758 15760
759 15768
760 15772
761 15778
762 15783
763 15797
764 15801
765 15813
766 15815
767 15837
768 15845
769 17078
770 17083
771 17089
772 17094
773 17098
774 17103
775 17104
776 17111
777 17128
778 17133
779 17136
780 17141
781 17148
782 17149
783 17151
784 17158
785 17168
786 17169
787 17174
788 17181
789 17183
790 17184
791 17191
792 17198
793 17215
794 17219
795 17229
796 17232
797 17237
798 17245
799 17250
800 17255
801 17690
802 17707
803 17711
804 17719
805 17742
806 17759
807 17767
808 17771
809 17794
810 17817
811 17910
812 17929
813 17933
814 17956
815 17979
816 17991
817 17995
818 18018
819 18071
820 18094
821 18143
822 18157
823 18180
824 18208
825 18216
826 18219
827 18292
828 18295
829 18361
830 18367
831 18403
832 18435
833 18456
834 18459
835 18505
836 18535
837 18581
838 18607
839 18643
840 18660
841 18670
842 18679
843 18702
844 18780
845 18792
846 18810
847 18825
848 18846
849 18873
850 18889
851 18903
852 18930
853 18949
854 18961
855 18979
856 18995
857 19016
858 19042
859 19074
860 19102
861 19120
862 19141
863 19173
864 19186
865 20193
866 20194
867 20199
868 20206
869 20208
870 20209
871 20216
872 20223
873 20240
874 20244
875 20254
876 20257
877 20262
878 20270
879 20275
880 20280
881 20767
882 20788
883 21232
884 21765
885 21775
886 21781
887 21788
888 21793
889 21799
890 21808
891 21825
892 21845
893 21857
894 21875
895 21896
896 21903
897 21948
898 22087
899 22089
900 22095
901 22115
902 22131
903 22141
904 22158
905 22164
906 22170
907 22187
908 22193
909 22210
910 22227
911 22228
912 22233
913 22440
914 22444
915 22454
916 22457
917 22462
918 22470
919 22475
920 22480
921 22697
922 22713
923 22722
924 22731
925 22735
926 22740
927 22755
928 22775
929 22784
930 22825
931 22841
932 22863
933 22873
934 22878
935 22879
936 22886
937 22903
938 22908
939 22911
940 22916
941 22923
942 22924
943 22926
944 22933
945 22943
946 22944
947 22949
948 22956
949 22958
950 22959
951 22966
952 22973
953 22990
954 22994
955 23004
956 23007
957 23012
958 23020
959 23025
960 23030
961 23273
962 23283
963 23292
964 23293
965 23300
966 23302
967 23312
968 23318
969 23336
970 23360
971 23362
972 23375
973 23386
974 23391
975 23402
976 23408
977 23415
978 23425
979 23431
980 23436
981 23451
982 23457
983 23462
984 23465
985 23476
986 23482
987 23486
988 23489
989 23497
990 23504
991 23511
992 23519
993 23537
994 23541
995 23548
996 23560
997 23565
998 23566
999 23576
1000 23582
1001 23607
1002 23612
1003 23621
1004 23628
1005 23639
1006 23659
1007 23667
1008 23688
1009 23998
1010 24010
1011 24034
1012 24082
1013 24142
1014 24171
1015 24303
1016 24362
1017 25351
1018 25358
1019 25387
1020 25402
1021 25414
1022 25420
1023 25438
1024 25450
1025 25456
1026 25480
1027 25521
1028 25575
1029 25677
1030 25984
1031 25991
1032 25998
1033 26015
1034 26019
1035 26029
1036 26032
1037 26037
1038 26045
1039 26050
1040 26055
1041 26323
1042 26401
1043 26986
1044 27227
1045 27237
1046 27238
1047 27244
1048 27246
1049 27256
1050 27262
1051 27264
1052 27269
1053 27273
1054 27278
1055 27279
1056 27286
1057 27303
1058 27308
1059 27311
1060 27316
1061 27323
1062 27324
1063 27326
1064 27333
1065 27343
1066 27344
1067 27349
1068 27356
1069 27358
1070 27359
1071 27366
1072 27373
1073 27390
1074 27394
1075 27404
1076 27407
1077 27412
1078 27420
1079 27425
1080 27430
1081 28326
1082 28327
1083 28329
1084 28331
1085 28337
1086 28338
1087 28344
1088 28346
1089 28356
1090 28362
1091 28364
1092 28369
1093 28373
1094 28378
1095 28379
1096 28386
1097 28403
1098 28408
1099 28411
1100 28416
1101 28423
1102 28424
1103 28426
1104 28433
1105 28443
1106 28444
1107 28449
1108 28456
1109 28458
1110 28459
1111 28466
1112 28473
1113 28490
1114 28494
1115 28504
1116 28507
1117 28512
1118 28520
1119 28525
1120 28530
1121 30130
1122 30147
1123 30151
1124 30153
1125 30163
1126 30180
1127 30189
1128 30197
1129 30209
1130 30219
1131 30221
1132 30231
1133 30246
1134 30254
1135 30271
1136 30278
1137 30294
1138 30308
1139 30336
1140 30341
1141 30348
1142 30349
1143 30351
1144 30358
1145 30368
1146 30369
1147 30374
1148 30381
1149 30383
1150 30384
1151 30391
1152 30398
1153 30415
1154 30419
1155 30429
1156 30432
1157 30437
1158 30445
1159 30450
1160 30455
1161 31076
1162 31077
1163 31079
1164 31081
1165 31087
1166 31088
1167 31094
1168 31096
1169 31106
1170 31112
1171 31114
1172 31119
1173 31123
1174 31128
1175 31129
1176 31136
1177 31153
1178 31158
1179 31161
1180 31166
1181 31173
1182 31174
1183 31176
1184 31183
1185 31193
1186 31194
1187 31199
1188 31206
1189 31208
1190 31209
1191 31216
1192 31223
1193 31240
1194 31244
1195 31254
1196 31257
1197 31262
1198 31270
1199 31275
1200 31280
1201 32581
1202 32595
1203 32607
1204 32617
1205 32641
1206 32667
1207 32677
1208 32687
1209 32709
1210 32719
1211 32729
1212 32750
1213 32779
1214 32838
1215 32979
1216 33019
1217 33043
1218 33050
1219 33057
1220 33071
1221 33085
1222 33093
1223 33101
1224 33108
1225 33116
1226 33119
1227 33124
1228 33131
1229 33133
1230 33134
1231 33141
1232 33148
1233 33165
1234 33169
1235 33179
1236 33182
1237 33187
1238 33195
1239 33200
1240 33205
1241 33276
1242 33277
1243 33279
1244 33281
1245 33287
1246 33288
1247 33294
1248 33296
1249 33306
1250 33312
1251 33314
1252 33319
1253 33323
1254 33328
1255 33329
1256 33336
1257 33353
1258 33358
1259 33361
1260 33366
1261 33373
1262 33374
1263 33376
1264 33383
1265 33393
1266 33394
1267 33399
1268 33406
1269 33408
1270 33409
1271 33416
1272 33423
1273 33440
1274 33444
1275 33454
1276 33457
1277 33462
1278 33470
1279 33475
1280 33480
1281 34037
1282 34199
1283 34423
1284 34491
1285 34743
1286 35161
1287 35257
1288 35346
1289 35568
1290 35627
1291 35883
1292 35962
1293 36007
1294 36181
1295 36203
1296 36205
1297 36673
1298 36953
1299 37301
1300 37475
1301 37498
1302 37499
1303 37501
1304 37508
1305 37518
1306 37519
1307 37524
1308 37531
1309 37533
1310 37534
1311 37541
1312 37548
1313 37565
1314 37569
1315 37579
1316 37582
1317 37587
1318 37595
1319 37600
1320 37605
1321 39330
1322 39406
1323 39540
1324 39554
1325 39589
1326 39613
1327 39619
1328 39621
1329 39631
1330 39637
1331 39639
1332 39644
1333 39648
1334 39653
1335 39654
1336 39661
1337 39678
1338 39683
1339 39686
1340 39691
1341 39698
1342 39699
1343 39701
1344 39708
1345 39718
1346 39719
1347 39724
1348 39731
1349 39733
1350 39734
1351 39741
1352 39748
1353 39765
1354 39769
1355 39779
1356 39782
1357 39787
1358 39795
1359 39800
1360 39805
1361 40976
1362 40977
1363 40979
1364 40981
1365 40987
1366 40988
1367 40994
1368 40996
1369 41006
1370 41012
1371 41014
1372 41019
1373 41023
1374 41028
1375 41029
1376 41036
1377 41053
1378 41058
1379 41061
1380 41066
1381 41073
1382 41074
1383 41076
1384 41083
1385 41093
1386 41094
1387 41099
1388 41106
1389 41108
1390 41109
1391 41116
1392 41123
1393 41140
1394 41144
1395 41154
1396 41157
1397 41162
1398 41170
1399 41175
1400 41180
1401 42760
1402 42770
1403 42798
1404 42806
1405 42829
1406 42834
1407 42878
1408 42894
1409 42931
1410 42937
1411 42939
1412 42944
1413 42948
1414 42953
1415 42954
1416 42961
1417 42978
1418 42983
1419 42986
1420 42991
1421 42998
1422 42999
1423 43001
1424 43008
1425 43018
1426 43019
1427 43024
1428 43031
1429 43033
1430 43034
1431 43041
1432 43048
1433 43065
1434 43069
1435 43079
1436 43082
1437 43087
1438 43095
1439 43100
1440 43105
1441 44551
1442 44552
1443 44554
1444 44556
1445 44562
1446 44563
1447 44569
1448 44571
1449 44581
1450 44587
1451 44589
1452 44594
1453 44598
1454 44603
1455 44604
1456 44611
1457 44628
1458 44633
1459 44636
1460 44641
1461 44648
1462 44649
1463 44651
1464 44658
1465 44668
1466 44669
1467 44674
1468 44681
1469 44683
1470 44684
1471 44691
1472 44698
1473 44715
1474 44719
1475 44729
1476 44732
1477 44737
1478 44745
1479 44750
1480 44755
1481 45101
1482 45102
1483 45104
1484 45106
1485 45112
1486 45113
1487 45119
1488 45121
1489 45131
1490 45137
1491 45139
1492 45144
1493 45148
1494 45153
1495 45154
1496 45161
1497 45178
1498 45183
1499 45186
1500 45191
1501 45198
1502 45199
1503 45201
1504 45208
1505 45218
1506 45219
1507 45224
1508 45231
1509 45233
1510 45234
1511 45241
1512 45248
1513 45265
1514 45269
1515 45279
1516 45282
1517 45287
1518 45295
1519 45300
1520 45305
1521 46201
1522 46202
1523 46204
1524 46206
1525 46212
1526 46213
1527 46219
1528 46221
1529 46231
1530 46237
1531 46239
1532 46244
1533 46248
1534 46253
1535 46254
1536 46261
1537 46278
1538 46283
1539 46286
1540 46291
1541 46298
1542 46299
1543 46301
1544 46308
1545 46318
1546 46319
1547 46324
1548 46331
1549 46333
1550 46334
1551 46341
1552 46348
1553 46365
1554 46369
1555 46379
1556 46382
1557 46387
1558 46395
1559 46400
1560 46405
1561 47576
1562 47577
1563 47579
1564 47581
1565 47587
1566 47588
1567 47594
1568 47596
1569 47603
1570 47608
1571 47614
1572 47619
1573 47623
1574 47628
1575 47629
1576 47636
1577 47653
1578 47658
1579 47661
1580 47666
1581 47673
1582 47674
1583 47676
1584 47683
1585 47693
1586 47694
1587 47699
1588 47706
1589 47708
1590 47709
1591 47716
1592 47723
1593 47740
1594 47744
1595 47754
1596 47757
1597 47762
1598 47770
1599 47775
1600 47780
1601 50802
1602 50803
1603 50805
1604 50807
1605 50811
1606 50814
1607 50816
1608 50818
1609 50822
1610 50827
1611 50876
1612 50877
1613 50879
1614 50881
1615 50885
1616 50888
1617 50890
1618 50892
1619 50896
1620 50901
1621 52038
1622 52061
1623 52094
1624 52120
1625 52135
1626 52158
1627 52167
1628 52190
1629 52201
1630 52216
1631 52228
1632 52229
1633 52237
1634 52252
1635 52275
1636 52284
1637 52289
1638 52304
1639 52327
1640 52336
1641 52359
1642 52374
1643 52395
1644 52403
1645 52426
1646 52434
1647 52478
1648 52482
1649 52489
1650 52506
1651 52515
1652 52532
1653 52540
1654 52543
1655 52551
1656 52574
1657 52591
1658 52599
1659 52603
1660 52626
1661 52651
1662 52652
1663 52660
1664 52668
1665 52691
1666 52708
1667 52712
1668 52720
1669 52743
1670 52760
1671 52768
1672 52772
1673 52795
1674 52818
1675 52911
1676 52930
1677 52934
1678 52957
1679 52980
1680 52992
1681 52996
1682 53019
1683 53072
1684 53095
1685 53144
1686 53158
1687 53181
1688 53209
1689 53217
1690 53220
1691 53293
1692 53296
1693 53362
1694 53368
1695 53404
1696 53436
1697 53457
1698 53460
1699 53506
1700 53536
1701 53582
1702 53608
1703 53644
1704 53661
1705 53671
1706 53680
1707 53703
1708 53781
1709 53793
1710 53811
1711 53826
1712 53847
1713 53874
1714 53890
1715 53904
1716 53931
1717 53950
1718 53962
1719 53980
1720 53996
1721 54017
1722 54043
1723 54075
1724 54103
1725 54121
1726 54142
1727 54174
1728 54187
1729 58881
1730 58887
1731 58889
1732 58894
1733 58898
1734 58903
1735 58904
1736 58911
1737 58928
1738 58933
1739 58936
1740 58941
1741 58948
1742 58949
1743 58951
1744 58958
1745 58968
1746 58969
1747 58974
1748 58981
1749 58983
1750 58984
1751 58991
1752 58998
1753 59015
1754 59019
1755 59029
1756 59032
1757 59037
1758 59045
1759 59050
1760 59055
1761 60179
1762 60199
1763 60207
1764 60228
1765 62162
1766 62163
1767 62169
1768 62171
1769 62181
1770 62187
1771 62189
1772 62194
1773 62198
1774 62203
1775 62204
1776 62211
1777 62228
1778 62233
1779 62236
1780 62241
1781 62248
1782 62249
1783 62251
1784 62258
1785 62268
1786 62269
1787 62274
1788 62281
1789 62283
1790 62284
1791 62291
1792 62298
1793 62315
1794 62319
1795 62329
1796 62332
1797 62337
1798 62345
1799 62350
1800 62355
1801 63780
1802 63787
1803 63789
1804 63798
1805 63809
1806 63812
1807 63819
1808 63821
1809 63826
1810 63834
1811 63839
1812 63844
1813 63848
1814 63853
1815 63854
1816 63861
1817 63878
1818 63883
1819 63886
1820 63891
1821 63898
1822 63899
1823 63901
1824 63908
1825 63918
1826 63919
1827 63924
1828 63931
1829 63933
1830 63934
1831 63941
1832 63948
1833 63965
1834 63969
1835 63979
1836 63982
1837 63987
1838 63995
1839 64000
1840 64005
1841 65264
1842 65266
1843 65270
1844 65292
1845 65302
1846 65308
1847 65319
1848 65328
1849 65332
1850 65339
1851 65341
1852 65350
1853 65361
1854 65364
1855 65372
1856 65376
1857 65378
1858 65386
1859 65391
1860 65398
1861 65400
1862 65424
1863 65432
1864 65436
1865 65442
1866 65447
1867 65461
1868 65465
1869 65477
1870 65479
1871 65501
1872 65509
1873 65615
1874 65619
1875 65629
1876 65632
1877 65637
1878 65645
1879 65650
1880 65655
1881 65916
1882 65922
1883 65947
1884 65952
1885 65961
1886 65968
1887 65979
1888 65999
1889 66007
1890 66028
1891 67010
1892 67144
1893 67148
1894 67153
1895 67154
1896 67161
1897 67178
1898 67183
1899 67186
1900 67191
1901 67198
1902 67199
1903 67201
1904 67208
1905 67218
1906 67219
1907 67224
1908 67231
1909 67233
1910 67234
1911 67241
1912 67248
1913 67265
1914 67269
1915 67279
1916 67282
1917 67287
1918 67295
1919 67300
1920 67305
1921 68819
1922 68828
1923 69579
1924 69581
1925 69587
1926 69588
1927 69594
1928 69596
1929 69606
1930 69612
1931 69614
1932 69619
1933 69623
1934 69628
1935 69629
1936 69636
1937 69653
1938 69658
1939 69661
1940 69666
1941 69673
1942 69674
1943 69676
1944 69683
1945 69693
1946 69694
1947 69699
1948 69706
1949 69708
1950 69709
1951 69716
1952 69723
1953 69740
1954 69744
1955 69754
1956 69757
1957 69762
1958 69770
1959 69775
1960 69780
1961 70204
1962 70211
1963 70213
1964 70223
1965 70233
1966 70239
1967 70244
1968 70251
1969 70253
1970 70263
1971 70272
1972 70273
1973 70280
1974 70282
1975 70292
1976 70298
1977 70316
1978 70340
1979 70342
1980 70355
1981 70366
1982 70371
1983 70382
1984 70388
1985 70395
1986 70405
1987 70411
1988 70416
1989 70431
1990 70437
1991 70442
1992 70445
1993 70456
1994 70462
1995 70466
1996 70469
1997 70477
1998 70484
1999 70491
2000 70499
2001 70517
2002 70521
2003 70528
2004 70540
2005 70545
2006 70546
2007 70556
2008 70562
2009 70587
2010 70592
2011 70601
2012 70608
2013 70619
2014 70639
2015 70647
2016 70668
2017 71589
2018 71663
2019 71702
2020 71811
2021 71905
2022 71976
2023 72151
2024 72158
2025 72168
2026 72169
2027 72174
2028 72181
2029 72183
2030 72184
2031 72191
2032 72198
2033 72215
2034 72219
2035 72229
2036 72232
2037 72237
2038 72245
2039 72250
2040 72255
2041 73426
2042 73427
2043 73429
2044 73431
2045 73437
2046 73438
2047 73444
2048 73446
2049 73456
2050 73462
2051 73464
2052 73469
2053 73473
2054 73478
2055 73479
2056 73486
2057 73503
2058 73508
2059 73511
2060 73516
2061 73523
2062 73524
2063 73526
2064 73533
2065 73543
2066 73544
2067 73549
2068 73556
2069 73558
2070 73559
2071 73566
2072 73573
2073 73590
2074 73594
2075 73604
2076 73607
2077 73612
2078 73620
2079 73625
2080 73630
2081 74526
2082 74527
2083 74529
2084 74531
2085 74537
2086 74538
2087 74544
2088 74546
2089 74556
2090 74562
2091 74564
2092 74569
2093 74573
2094 74578
2095 74579
2096 74586
2097 74603
2098 74608
2099 74611
2100 74616
2101 74623
2102 74624
2103 74626
2104 74633
2105 74643
2106 74644
2107 74649
2108 74656
2109 74658
2110 74659
2111 74666
2112 74673
2113 74690
2114 74694
2115 74704
2116 74707
2117 74712
2118 74720
2119 74725
2120 74730
2121 78376
2122 78377
2123 78379
2124 78381
2125 78387
2126 78388
2127 78394
2128 78396
2129 78406
2130 78412
2131 78414
2132 78419
2133 78423
2134 78428
2135 78429
2136 78436
2137 78453
2138 78458
2139 78461
2140 78466
2141 78473
2142 78474
2143 78476
2144 78483
2145 78493
2146 78494
2147 78499
2148 78506
2149 78508
2150 78509
2151 78516
2152 78523
2153 78540
2154 78544
2155 78554
2156 78557
2157 78562
2158 78570
2159 78575
2160 78580
2161 80851
2162 80852
2163 80854
2164 80856
2165 80862
2166 80863
2167 80869
2168 80871
2169 80881
2170 80887
2171 80889
2172 80894
2173 80898
2174 80903
2175 80904
2176 80911
2177 80928
2178 80933
2179 80936
2180 80941
2181 80948
2182 80949
2183 80951
2184 80958
2185 80968
2186 80969
2187 80974
2188 80981
2189 80983
2190 80984
2191 80991
2192 80998
2193 81015
2194 81019
2195 81029
2196 81032
2197 81037
2198 81045
2199 81050
2200 81055
2201 81951
2202 81952
2203 81954
2204 81956
2205 81962
2206 81963
2207 81969
2208 81971
2209 81981
2210 81987
2211 81989
2212 81994
2213 81998
2214 82003
2215 82004
2216 82011
2217 82028
2218 82033
2219 82036
2220 82041
2221 82048
2222 82049
2223 82051
2224 82058
2225 82068
2226 82069
2227 82074
2228 82081
2229 82083
2230 82084
2231 82091
2232 82098
2233 82115
2234 82119
2235 82129
2236 82132
2237 82137
2238 82145
2239 82150
2240 82155
2241 86351
2242 86352
2243 86354
2244 86356
2245 86362
2246 86363
2247 86369
2248 86371
2249 86381
2250 86387
2251 86389
2252 86394
2253 86398
2254 86403
2255 86404
2256 86411
2257 86428
2258 86433
2259 86436
2260 86441
2261 86448
2262 86449
2263 86451
2264 86458
2265 86468
2266 86469
2267 86474
2268 86481
2269 86483
2270 86484
2271 86491
2272 86498
2273 86515
2274 86519
2275 86529
2276 86532
2277 86537
2278 86545
2279 86550
2280 86555
2281 88001
2282 88002
2283 88004
2284 88006
2285 88012
2286 88013
2287 88019
2288 88021
2289 88031
2290 88037
2291 88039
2292 88044
2293 88048
2294 88053
2295 88054
2296 88061
2297 88078
2298 88083
2299 88086
2300 88091
2301 88098
2302 88099
2303 88101
2304 88108
2305 88118
2306 88119
2307 88124
2308 88131
2309 88133
2310 88134
2311 88141
2312 88148
2313 88165
2314 88169
2315 88179
2316 88182
2317 88187
2318 88195
2319 88200
2320 88205
2321 88826
2322 88827
2323 88829
2324 88831
2325 88837
2326 88838
2327 88844
2328 88846
2329 88856
2330 88862
2331 88864
2332 88869
2333 88873
2334 88878
2335 88879
2336 88886
2337 88903
2338 88908
2339 88911
2340 88916
2341 88923
2342 88924
2343 88926
2344 88933
2345 88943
2346 88944
2347 88949
2348 88956
2349 88958
2350 88959
2351 88966
2352 88973
2353 88990
2354 88994
2355 89004
2356 89007
2357 89012
2358 89020
2359 89025
2360 89030
2361 90751
2362 90752
2363 90754
2364 90756
2365 90762
2366 90763
2367 90769
2368 90771
2369 90781
2370 90787
2371 90789
2372 90794
2373 90798
2374 90803
2375 90804
2376 90811
2377 90828
2378 90833
2379 90836
2380 90841
2381 90848
2382 90849
2383 90851
2384 90858
2385 90868
2386 90869
2387 90874
2388 90881
2389 90883
2390 90884
2391 90891
2392 90898
2393 90915
2394 90919
2395 90929
2396 90932
2397 90937
2398 90945
2399 90950
2400 90955
2401 91026
2402 91027
2403 91029
2404 91031
2405 91037
2406 91038
2407 91044
2408 91046
2409 91056
2410 91062
2411 91064
2412 91069
2413 91073
2414 91078
2415 91079
2416 91086
2417 91103
2418 91108
2419 91111
2420 91116
2421 91123
2422 91124
2423 91126
2424 91133
2425 91143
2426 91144
2427 91149
2428 91156
2429 91158
2430 91159
2431 91166
2432 91173
2433 91190
2434 91194
2435 91204
2436 91207
2437 91212
2438 91220
2439 91225
2440 91230
2441 93501
2442 93502
2443 93504
2444 93506
2445 93512
2446 93513
2447 93519
2448 93521
2449 93531
2450 93537
2451 93539
2452 93544
2453 93548
2454 93553
2455 93554
2456 93561
2457 93578
2458 93583
2459 93586
2460 93591
2461 93598
2462 93599
2463 93601
2464 93608
2465 93618
2466 93619
2467 93624
2468 93631
2469 93633
2470 93634
2471 93641
2472 93648
2473 93665
2474 93669
2475 93679
2476 93682
2477 93687
2478 93695
2479 93700
2480 93705
2481 95976
2482 95977
2483 95979
2484 95981
2485 95987
2486 95988
2487 95994
2488 95996
2489 96006
2490 96012
2491 96014
2492 96019
2493 96023
2494 96028
2495 96029
2496 96036
2497 96053
2498 96058
2499 96061
2500 96066
2501 96073
2502 96074
2503 96076
2504 96083
2505 96093
2506 96094
2507 96099
2508 96106
2509 96108
2510 96109
2511 96116
2512 96123
2513 96140
2514 96144
2515 96154
2516 96157
2517 96162
2518 96170
2519 96175
2520 96180
2521 100101
2522 100102
2523 100104
2524 100106
2525 100112
2526 100113
2527 100119
2528 100121
2529 100131
2530 100137
2531 100139
2532 100144
2533 100148
2534 100153
2535 100154
2536 100161
2537 100178
2538 100183
2539 100186
2540 100191
2541 100198
2542 100199
2543 100201
2544 100208
2545 100218
2546 100219
2547 100224
2548 100231
2549 100233
2550 100234
2551 100241
2552 100248
2553 100265
2554 100269
2555 100279
2556 100282
2557 100287
2558 100295
2559 100300
2560 100305
2561 101412
2562 101806
2563 102254
2564 102390
2565 102776
2566 103082
2567 103318
2568 103394
2569 103704
2570 104150
2571 104906
2572 105068
2573 105098
2574 105103
2575 105104
2576 105111
2577 105128
2578 105133
2579 105136
2580 105141
2581 105148
2582 105149
2583 105151
2584 105158
2585 105168
2586 105169
2587 105174
2588 105181
2589 105183
2590 105184
2591 105191
2592 105198
2593 105215
2594 105219
2595 105229
2596 105232
2597 105237
2598 105245
2599 105250
2600 105255
2601 107251
2602 107252
2603 107254
2604 107256
2605 107262
2606 107263
2607 107269
2608 107271
2609 107281
2610 107287
2611 107289
2612 107294
2613 107298
2614 107303
2615 107304
2616 107311
2617 107328
2618 107333
2619 107336
2620 107341
2621 107348
2622 107349
2623 107351
2624 107358
2625 107368
2626 107369
2627 107374
2628 107381
2629 107383
2630 107384
2631 107391
2632 107398
2633 107415
2634 107419
2635 107429
2636 107432
2637 107437
2638 107445
2639 107450
2640 107455
2641 108896
2642 108899
2643 108907
2644 108911
2645 108915
2646 108917
2647 108922
2648 108926
2649 108928
2650 108936
2651 108944
2652 108950
2653 109311
2654 109312
2655 109314
2656 109315
2657 109320
2658 109321
2659 109324
2660 109332
2661 109336
2662 109340
2663 109342
2664 109347
2665 109351
2666 109353
2667 109361
2668 109369
2669 109375
2670 109584
2671 109591
2672 109598
2673 109615
2674 109619
2675 109629
2676 109632
2677 109637
2678 109645
2679 109650
2680 109655
2681 110027
2682 110031
2683 110033
2684 110041
2685 110049
2686 110055
2687 110416
2688 110417
2689 110419
2690 110420
2691 110425
2692 110426
2693 110429
2694 110437
2695 110441
2696 110445
2697 110447
2698 110452
2699 110456
2700 110458
2701 110466
2702 110474
2703 110480
2704 110841
2705 110842
2706 110844
2707 110845
2708 110850
2709 110851
2710 110854
2711 110862
2712 110866
2713 110870
2714 110872
2715 110877
2716 110881
2717 110883
2718 110891
2719 110899
2720 110905
2721 111926
2722 111927
2723 111929
2724 111931
2725 111937
2726 111938
2727 111944
2728 111946
2729 111956
2730 111962
2731 111964
2732 111969
2733 111973
2734 111978
2735 111979
2736 111986
2737 112003
2738 112008
2739 112011
2740 112016
2741 112023
2742 112024
2743 112026
2744 112033
2745 112043
2746 112044
2747 112049
2748 112056
2749 112058
2750 112059
2751 112066
2752 112073
2753 112090
2754 112094
2755 112104
2756 112107
2757 112112
2758 112120
2759 112125
2760 112130
2761 112201
2762 112202
2763 112204
2764 112206
2765 112212
2766 112213
2767 112219
2768 112221
2769 112231
2770 112237
2771 112239
2772 112244
2773 112248
2774 112253
2775 112254
2776 112261
2777 112278
2778 112283
2779 112286
2780 112291
2781 112298
2782 112299
2783 112301
2784 112308
2785 112318
2786 112319
2787 112324
2788 112331
2789 112333
2790 112334
2791 112341
2792 112348
2793 112365
2794 112369
2795 112379
2796 112382
2797 112387
2798 112395
2799 112400
2800 112405
2801 114126
2802 114127
2803 114129
2804 114131
2805 114137
2806 114138
2807 114144
2808 114146
2809 114156
2810 114162
2811 114164
2812 114169
2813 114173
2814 114178
2815 114179
2816 114186
2817 114203
2818 114208
2819 114211
2820 114216
2821 114223
2822 114224
2823 114226
2824 114233
2825 114243
2826 114244
2827 114249
2828 114256
2829 114258
2830 114259
2831 114266
2832 114273
2833 114290
2834 114294
2835 114304
2836 114307
2837 114312
2838 114320
2839 114325
2840 114330
2841 116051
2842 116052
2843 116054
2844 116056
2845 116062
2846 116063
2847 116069
2848 116071
2849 116081
2850 116087
2851 116089
2852 116094
2853 116098
2854 116103
2855 116104
2856 116111
2857 116128
2858 116133
2859 116136
2860 116141
2861 116148
2862 116149
2863 116151
2864 116158
2865 116168
2866 116169
2867 116174
2868 116181
2869 116183
2870 116184
2871 116191
2872 116198
2873 116215
2874 116219
2875 116229
2876 116232
2877 116237
2878 116245
2879 116250
2880 116255
2881 120726
2882 120727
2883 120729
2884 120731
2885 120737
2886 120738
2887 120744
2888 120746
2889 120756
2890 120762
2891 120764
2892 120769
2893 120773
2894 120778
2895 120779
2896 120786
2897 120803
2898 120808
2899 120811
2900 120816
2901 120823
2902 120824
2903 120826
2904 120833
2905 120843
2906 120844
2907 120849
2908 120856
2909 120858
2910 120859
2911 120866
2912 120873
2913 120890
2914 120894
2915 120904
2916 120907
2917 120912
2918 120920
2919 120925
2920 120930
2921 121826
2922 121827
2923 121829
2924 121831
2925 121837
2926 121838
2927 121844
2928 121846
2929 121856
2930 121862
2931 121864
2932 121869
2933 121873
2934 121878
2935 121879
2936 121886
2937 121903
2938 121908
2939 121911
2940 121916
2941 121923
2942 121924
2943 121926
2944 121933
2945 121943
2946 121944
2947 121949
2948 121956
2949 121958
2950 121959
2951 121966
2952 121973
2953 121990
2954 121994
2955 122004
2956 122007
2957 122012
2958 122020
2959 122025
2960 122030
2961 124576
2962 124577
2963 124579
2964 124581
2965 124587
2966 124588
2967 124594
2968 124596
2969 124606
2970 124612
2971 124614
2972 124619
2973 124623
2974 124628
2975 124629
2976 124636
2977 124653
2978 124658
2979 124661
2980 124666
2981 124673
2982 124674
2983 124676
2984 124683
2985 124693
2986 124694
2987 124699
2988 124706
2989 124708
2990 124709
2991 124716
2992 124723
2993 124740
2994 124744
2995 124754
2996 124757
2997 124762
2998 124770
2999 124775
3000 124780
3001 125401
3002 125402
3003 125404
3004 125406
3005 125412
3006 125413
3007 125419
3008 125421
3009 125431
3010 125437
3011 125439
3012 125444
3013 125448
3014 125453
3015 125454
3016 125461
3017 125478
3018 125483
3019 125486
3020 125491
3021 125498
3022 125499
3023 125501
3024 125508
3025 125518
3026 125519
3027 125524
3028 125531
3029 125533
3030 125534
3031 125541
3032 125548
3033 125565
3034 125569
3035 125579
3036 125582
3037 125587
3038 125595
3039 125600
3040 125605
3041 126776
3042 126777
3043 126779
3044 126781
3045 126787
3046 126788
3047 126794
3048 126796
3049 126806
3050 126812
3051 126814
3052 126819
3053 126823
3054 126828
3055 126829
3056 126836
3057 126853
3058 126858
3059 126861
3060 126866
3061 126873
3062 126874
3063 126876
3064 126883
3065 126893
3066 126894
3067 126899
3068 126906
3069 126908
3070 126909
3071 126916
3072 126923
3073 126940
3074 126944
3075 126954
3076 126957
3077 126962
3078 126970
3079 126975
3080 126980
3081 128976
3082 128977
3083 128979
3084 128981
3085 128987
3086 128988
3087 128994
3088 128996
3089 129006
3090 129012
3091 129014
3092 129019
3093 129023
3094 129028
3095 129029
3096 129036
3097 129053
3098 129058
3099 129061
3100 129066
3101 129073
3102 129074
3103 129076
3104 129083
3105 129093
3106 129094
3107 129099
3108 129106
3109 129108
3110 129109
3111 129116
3112 129123
3113 129140
3114 129144
3115 129154
3116 129157
3117 129162
3118 129170
3119 129175
3120 129180
3121 130351
3122 130352
3123 130354
3124 130356
3125 130362
3126 130363
3127 130369
3128 130371
3129 130381
3130 130387
3131 130389
3132 130394
3133 130398
3134 130403
3135 130404
3136 130411
3137 130428
3138 130433
3139 130436
3140 130441
3141 130448
3142 130449
3143 130451
3144 130458
3145 130468
3146 130469
3147 130474
3148 130481
3149 130483
3150 130484
3151 130491
3152 130498
3153 130515
3154 130519
3155 130529
3156 130532
3157 130537
3158 130545
3159 130550
3160 130555
3161 131726
3162 131727
3163 131729
3164 131731
3165 131737
3166 131738
3167 131744
3168 131746
3169 131756
3170 131762
3171 131764
3172 131769
3173 131773
3174 131778
3175 131779
3176 131786
3177 131803
3178 131808
3179 131811
3180 131816
3181 131823
3182 131824
3183 131826
3184 131833
3185 131843
3186 131844
3187 131849
3188 131856
3189 131858
3190 131859
3191 131866
3192 131873
3193 131890
3194 131894
3195 131904
3196 131907
3197 131912
3198 131920
3199 131925
3200 131930
3201 142377
3202 142378
3203 142380
3204 142382
3205 142386
3206 142389
3207 142391
3208 142393
3209 142397
3210 142402
3211 148223
3212 148224
3213 148226
3214 148228
3215 148232
3216 148235
3217 148237
3218 148239
3219 148243
3220 148248
3221 148815
3222 148816
3223 148818
3224 148820
3225 148824
3226 148827
3227 148829
3228 148831
3229 148835
3230 148840
3231 148889
3232 148890
3233 148892
3234 148894
3235 148898
3236 148901
3237 148903
3238 148905
3239 148909
3240 148914
3241 151251
3242 151252
3243 151254
3244 151256
3245 151262
3246 151263
3247 151269
3248 151271
3249 151281
3250 151287
3251 151289
3252 151294
3253 151298
3254 151303
3255 151304
3256 151311
3257 151328
3258 151333
3259 151336
3260 151341
3261 151348
3262 151349
3263 151351
3264 151358
3265 151368
3266 151369
3267 151374
3268 151381
3269 151383
3270 151384
3271 151391
3272 151398
3273 151415
3274 151419
3275 151429
3276 151432
3277 151437
3278 151445
3279 151450
3280 151455
3281 153750
3282 153801
3283 153902
3284 153926
3285 154051
3286 154082
3287 154105
3288 154160
3289 154195
3290 154203
3291 154301
3292 154355
3293 154434
3294 154501
3295 154571
3296 154614
3297 154638
3298 154681
3299 154754
3300 154809
3301 154894
3302 154967
3303 155027
3304 155076
3305 155110
3306 155124
3307 155162
3308 155311
3309 155350
3310 155375
3311 155401
3312 155435
3313 155480
3314 155526
3315 155555
3316 155616
3317 155663
3318 155687
3319 155713
3320 155729
3321 155774
3322 155813
3323 155861
3324 155962
3325 156005
3326 156047
3327 156055
3328 156116
3329 156700
3330 156713
3331 156746
3332 156826
3333 156844
3334 156857
3335 156869
3336 156882
3337 156913
3338 156923
3339 156933
3340 156940
3341 156943
3342 156957
3343 156970
3344 156993
3345 157005
3346 157011
3347 157020
3348 157028
3349 157041
3350 157064
3351 157097
3352 157123
3353 157138
3354 157161
3355 157170
3356 157193
3357 157204
3358 157219
3359 157231
3360 157232
3361 157240
3362 157255
3363 157278
3364 157287
3365 157292
3366 157307
3367 157330
3368 157339
3369 157362
3370 157377
3371 157398
3372 157406
3373 157429
3374 157437
3375 157481
3376 157485
3377 157492
3378 157509
3379 157518
3380 157535
3381 157543
3382 157546
3383 157554
3384 157577
3385 157594
3386 157602
3387 157606
3388 157629
3389 157654
3390 157655
3391 157663
3392 157671
3393 157694
3394 157711
3395 157715
3396 157723
3397 157746
3398 157763
3399 157771
3400 157775
3401 157798
3402 157821
3403 157914
3404 157933
3405 157937
3406 157960
3407 157983
3408 157995
3409 157999
3410 158022
3411 158075
3412 158098
3413 158147
3414 158161
3415 158184
3416 158212
3417 158220
3418 158223
3419 158296
3420 158299
3421 158365
3422 158371
3423 158407
3424 158439
3425 158460
3426 158463
3427 158509
3428 158539
3429 158585
3430 158611
3431 158647
3432 158664
3433 158674
3434 158683
3435 158706
3436 158784
3437 158796
3438 158814
3439 158829
3440 158850
3441 158877
3442 158893
3443 158907
3444 158934
3445 158953
3446 158965
3447 158983
3448 158999
3449 159020
3450 159046
3451 159078
3452 159106
3453 159124
3454 159145
3455 159177
3456 159190
3457 168887
3458 168896
3459 168899
3460 168912
3461 168918
3462 168925
3463 168930
3464 168938
3465 168946
3466 168948
3467 168957
3468 168962
3469 168974
3470 168979
3471 168987
3472 168993
3473 169001
3474 169020
3475 169032
3476 169037
3477 170450
3478 170456
3479 170467
3480 170476
3481 170480
3482 170487
3483 170489
3484 170498
3485 170509
3486 170512
3487 170520
3488 170524
3489 170526
3490 170534
3491 170539
3492 170546
3493 170548
3494 170572
3495 170580
3496 170584
3497 170590
3498 170595
3499 170609
3500 170613
3501 170625
3502 170627
3503 170649
3504 170657
3505 170698
3506 170705
3507 170710
3508 170718
3509 170726
3510 170728
3511 170737
3512 170742
3513 170754
3514 170759
3515 170767
3516 170773
3517 170781
3518 170800
3519 170812
3520 170817
3521 171964
3522 171966
3523 171970
3524 171992
3525 172002
3526 172008
3527 172019
3528 172028
3529 172032
3530 172039
3531 172041
3532 172050
3533 172061
3534 172064
3535 172072
3536 172076
3537 172078
3538 172086
3539 172091
3540 172098
3541 172100
3542 172124
3543 172132
3544 172136
3545 172142
3546 172147
3547 172161
3548 172165
3549 172177
3550 172179
3551 172201
3552 172209
3553 175765
3554 175766
3555 175768
3556 175770
3557 175776
3558 175780
3559 175784
3560 175787
3561 175791
3562 175800
3563 175813
3564 175817
3565 175823
3566 175827
3567 175832
3568 175836
3569 175844
3570 175846
3571 175850
3572 175872
3573 175882
3574 175888
3575 175899
3576 175908
3577 175912
3578 175919
3579 175921
3580 175930
3581 175941
3582 175944
3583 175952
3584 175956
3585 175958
3586 175966
3587 175971
3588 175978
3589 175980
3590 176004
3591 176012
3592 176016
3593 176022
3594 176027
3595 176041
3596 176045
3597 176057
3598 176059
3599 176081
3600 176089
3601 176929
3602 176930
3603 176932
3604 176934
3605 176940
3606 176944
3607 176948
3608 176951
3609 176955
3610 176964
3611 176977
3612 176981
3613 176987
3614 176991
3615 176996
3616 177000
3617 177008
3618 177010
3619 177014
3620 177036
3621 177046
3622 177052
3623 177063
3624 177072
3625 177076
3626 177083
3627 177085
3628 177094
3629 177105
3630 177108
3631 177116
3632 177120
3633 177122
3634 177130
3635 177135
3636 177142
3637 177144
3638 177168
3639 177176
3640 177180
3641 177186
3642 177191
3643 177205
3644 177209
3645 177221
3646 177223
3647 177245
3648 177253
3649 178869
3650 178870
3651 178872
3652 178874
3653 178880
3654 178884
3655 178888
3656 178891
3657 178895
3658 178904
3659 178917
3660 178921
3661 178927
3662 178931
3663 178936
3664 178940
3665 178948
3666 178950
3667 178954
3668 178976
3669 178986
3670 178992
3671 179003
3672 179012
3673 179016
3674 179023
3675 179025
3676 179034
3677 179045
3678 179048
3679 179056
3680 179060
3681 179062
3682 179070
3683 179075
3684 179082
3685 179084
3686 179108
3687 179116
3688 179120
3689 179126
3690 179131
3691 179145
3692 179149
3693 179161
3694 179163
3695 179185
3696 179193
3697 181973
3698 181974
3699 181976
3700 181978
3701 181984
3702 181988
3703 181992
3704 181995
3705 181999
3706 182008
3707 182021
3708 182025
3709 182031
3710 182035
3711 182040
3712 182044
3713 182052
3714 182054
3715 182058
3716 182080
3717 182090
3718 182096
3719 182107
3720 182116
3721 182120
3722 182127
3723 182129
3724 182138
3725 182149
3726 182152
3727 182160
3728 182164
3729 182166
3730 182174
3731 182179
3732 182186
3733 182188
3734 182212
3735 182220
3736 182224
3737 182230
3738 182235
3739 182249
3740 182253
3741 182265
3742 182267
3743 182289
3744 182297
3745 183913
3746 183914
3747 183916
3748 183918
3749 183924
3750 183928
3751 183932
3752 183935
3753 183939
3754 183948
3755 183961
3756 183965
3757 183971
3758 183975
3759 183980
3760 183984
3761 183992
3762 183994
3763 183998
3764 184020
3765 184030
3766 184036
3767 184047
3768 184056
3769 184060
3770 184067
3771 184069
3772 184078
3773 184089
3774 184092
3775 184100
3776 184104
3777 184106
3778 184114
3779 184119
3780 184126
3781 184128
3782 184152
3783 184160
3784 184164
3785 184170
3786 184175
3787 184189
3788 184193
3789 184205
3790 184207
3791 184229
3792 184237
3793 185853
3794 185854
3795 185856
3796 185858
3797 185864
3798 185868
3799 185872
3800 185875
3801 185879
3802 185888
3803 185901
3804 185905
3805 185911
3806 185915
3807 185920
3808 185924
3809 185932
3810 185934
3811 185938
3812 185960
3813 185970
3814 185976
3815 185987
3816 185996
3817 186000
3818 186007
3819 186009
3820 186018
3821 186029
3822 186032
3823 186040
3824 186044
3825 186046
3826 186054
3827 186059
3828 186066
3829 186068
3830 186092
3831 186100
3832 186104
3833 186110
3834 186115
3835 186129
3836 186133
3837 186145
3838 186147
3839 186169
3840 186177
3841 191221
3842 191222
3843 191231
3844 191240
3845 192911
3846 192912
3847 192914
3848 192916
3849 192922
3850 192923
3851 192929
3852 192931
3853 192939
3854 192946
3855 192949
3856 192954
3857 192958
3858 192962
3859 192964
3860 192971
3861 192976
3862 192978
3863 192990
3864 192993
3865 192999
3866 193001
3867 193007
3868 193009
3869 193018
3870 193029
3871 193032
3872 193039
3873 193040
3874 193049
3875 193058
3876 197425
3877 197431
3878 197436
3879 197451
3880 197457
3881 197462
3882 197465
3883 197476
3884 197482
3885 197486
3886 197489
3887 197497
3888 197504
3889 197511
3890 197519
3891 197537
3892 197541
3893 197548
3894 197560
3895 197565
3896 197566
3897 197576
3898 197582
3899 197607
3900 197612
3901 197621
3902 197628
3903 197639
3904 197659
3905 197667
3906 197688
3907 202421
3908 202422
3909 202424
3910 202425
3911 202432
3912 202434
3913 202443
3914 202444
3915 202451
3916 202453
3917 202463
3918 202473
3919 202479
3920 202484
3921 202491
3922 202493
3923 202503
3924 202512
3925 202513
3926 202520
3927 202522
3928 202532
3929 202538
3930 202556
3931 202580
3932 202582
3933 202595
3934 202606
3935 202611
3936 202622
3937 202628
3938 202635
3939 202645
3940 202651
3941 202656
3942 202671
3943 202677
3944 202682
3945 202685
3946 202696
3947 202702
3948 202706
3949 202709
3950 202717
3951 202724
3952 202731
3953 202739
3954 202757
3955 202761
3956 202768
3957 202780
3958 202785
3959 202786
3960 202796
3961 202802
3962 202827
3963 202832
3964 202841
3965 202848
3966 202859
3967 202879
3968 202887
3969 202908
3970 209037
3971 209039
3972 209044
3973 209048
3974 209053
3975 209054
3976 209061
3977 209078
3978 209083
3979 209086
3980 209091
3981 209098
3982 209099
3983 209101
3984 209108
3985 209118
3986 209119
3987 209124
3988 209131
3989 209133
3990 209134
3991 209141
3992 209148
3993 209165
3994 209169
3995 209179
3996 209182
3997 209187
3998 209195
3999 209200
4000 209205
4001 210101
4002 210102
4003 210104
4004 210106
4005 210112
4006 210113
4007 210119
4008 210121
4009 210131
4010 210137
4011 210139
4012 210144
4013 210148
4014 210153
4015 210154
4016 210161
4017 210178
4018 210183
4019 210186
4020 210191
4021 210198
4022 210199
4023 210201
4024 210208
4025 210218
4026 210219
4027 210224
4028 210231
4029 210233
4030 210234
4031 210241
4032 210248
4033 210265
4034 210269
4035 210279
4036 210282
4037 210287
4038 210295
4039 210300
4040 210305
4041 210926
4042 210927
4043 210929
4044 210931
4045 210937
4046 210938
4047 210944
4048 210946
4049 210956
4050 210962
4051 210964
4052 210969
4053 210973
4054 210978
4055 210979
4056 210986
4057 211003
4058 211008
4059 211011
4060 211016
4061 211023
4062 211024
4063 211026
4064 211033
4065 211043
4066 211044
4067 211049
4068 211056
4069 211058
4070 211059
4071 211066
4072 211073
4073 211090
4074 211094
4075 211104
4076 211107
4077 211112
4078 211120
4079 211125
4080 211130
4081 213401
4082 213402
4083 213404
4084 213406
4085 213412
4086 213413
4087 213419
4088 213421
4089 213431
4090 213437
4091 213439
4092 213444
4093 213448
4094 213453
4095 213454
4096 213461
4097 213478
4098 213483
4099 213486
4100 213491
4101 213498
4102 213499
4103 213501
4104 213508
4105 213518
4106 213519
4107 213524
4108 213531
4109 213533
4110 213534
4111 213541
4112 213548
4113 213565
4114 213569
4115 213579
4116 213582
4117 213587
4118 213595
4119 213600
4120 213605
4121 215876
4122 215877
4123 215879
4124 215881
4125 215887
4126 215888
4127 215894
4128 215896
4129 215906
4130 215912
4131 215914
4132 215919
4133 215923
4134 215928
4135 215929
4136 215936
4137 215953
4138 215958
4139 215961
4140 215966
4141 215973
4142 215974
4143 215976
4144 215983
4145 215993
4146 215994
4147 215999
4148 216006
4149 216008
4150 216009
4151 216016
4152 216023
4153 216040
4154 216044
4155 216054
4156 216057
4157 216062
4158 216070
4159 216075
4160 216080
4161 216426
4162 216427
4163 216429
4164 216431
4165 216437
4166 216438
4167 216444
4168 216446
4169 216456
4170 216462
4171 216464
4172 216469
4173 216473
4174 216478
4175 216479
4176 216486
4177 216503
4178 216508
4179 216511
4180 216516
4181 216523
4182 216524
4183 216526
4184 216533
4185 216543
4186 216544
4187 216549
4188 216556
4189 216558
4190 216559
4191 216566
4192 216573
4193 216590
4194 216594
4195 216604
4196 216607
4197 216612
4198 216620
4199 216625
4200 216630
4201 218351
4202 218352
4203 218354
4204 218356
4205 218362
4206 218363
4207 218369
4208 218371
4209 218381
4210 218387
4211 218389
4212 218394
4213 218398
4214 218403
4215 218404
4216 218411
4217 218428
4218 218433
4219 218436
4220 218441
4221 218448
4222 218449
4223 218451
4224 218458
4225 218468
4226 218469
4227 218474
4228 218481
4229 218483
4230 218484
4231 218491
4232 218498
4233 218515
4234 218519
4235 218529
4236 218532
4237 218537
4238 218545
4239 218550
4240 218555
4241 221651
4242 221652
4243 221654
4244 221656
4245 221662
4246 221663
4247 221669
4248 221671
4249 221681
4250 221687
4251 221689
4252 221694
4253 221698
4254 221703
4255 221704
4256 221711
4257 221728
4258 221733
4259 221736
4260 221741
4261 221748
4262 221749
4263 221751
4264 221758
4265 221768
4266 221769
4267 221774
4268 221781
4269 221783
4270 221784
4271 221791
4272 221798
4273 221815
4274 221819
4275 221829
4276 221832
4277 221837
4278 221845
4279 221850
4280 221855
4281 222201
4282 222202
4283 222204
4284 222206
4285 222212
4286 222213
4287 222219
4288 222221
4289 222231
4290 222237
4291 222239
4292 222244
4293 222248
4294 222253
4295 222254
4296 222261
4297 222278
4298 222283
4299 222286
4300 222291
4301 222298
4302 222299
4303 222301
4304 222308
4305 222318
4306 222319
4307 222324
4308 222331
4309 222333
4310 222334
4311 222341
4312 222348
4313 222365
4314 222369
4315 222379
4316 222382
4317 222387
4318 222395
4319 222400
4320 222405
4321 227976
4322 227977
4323 227979
4324 227981
4325 227987
4326 227988
4327 227994
4328 227996
4329 228006
4330 228012
4331 228014
4332 228019
4333 228023
4334 228028
4335 228029
4336 228036
4337 228053
4338 228058
4339 228061
4340 228066
4341 228073
4342 228074
4343 228076
4344 228083
4345 228093
4346 228094
4347 228099
4348 228106
4349 228108
4350 228109
4351 228116
4352 228123
4353 228140
4354 228144
4355 228154
4356 228157
4357 228162
4358 228170
4359 228175
4360 228180
4361 229351
4362 229352
4363 229354
4364 229356
4365 229362
4366 229363
4367 229369
4368 229371
4369 229381
4370 229387
4371 229389
4372 229394
4373 229398
4374 229403
4375 229404
4376 229411
4377 229428
4378 229433
4379 229436
4380 229441
4381 229448
4382 229449
4383 229451
4384 229458
4385 229468
4386 229469
4387 229474
4388 229481
4389 229483
4390 229484
4391 229491
4392 229498
4393 229515
4394 229519
4395 229529
4396 229532
4397 229537
4398 229545
4399 229550
4400 229555
4401 231001
4402 231002
4403 231004
4404 231006
4405 231012
4406 231013
4407 231019
4408 231021
4409 231031
4410 231037
4411 231039
4412 231044
4413 231048
4414 231053
4415 231054
4416 231061
4417 231078
4418 231083
4419 231086
4420 231091
4421 231098
4422 231099
4423 231101
4424 231108
4425 231118
4426 231119
4427 231124
4428 231131
4429 231133
4430 231134
4431 231141
4432 231148
4433 231165
4434 231169
4435 231179
4436 231182
4437 231187
4438 231195
4439 231200
4440 231205
4441 234576
4442 234577
4443 234579
4444 234581
4445 234587
4446 234588
4447 234594
4448 234596
4449 234606
4450 234612
4451 234614
4452 234619
4453 234623
4454 234628
4455 234629
4456 234636
4457 234653
4458 234658
4459 234661
4460 234666
4461 234673
4462 234674
4463 234676
4464 234683
4465 234693
4466 234694
4467 234699
4468 234706
4469 234708
4470 234709
4471 234716
4472 234723
4473 234740
4474 234744
4475 234754
4476 234757
4477 234762
4478 234770
4479 234775
4480 234780
4481 235951
4482 235952
4483 235954
4484 235956
4485 235962
4486 235963
4487 235969
4488 235971
4489 235981
4490 235987
4491 235989
4492 235994
4493 235998
4494 236003
4495 236004
4496 236011
4497 236028
4498 236033
4499 236036
4500 236041
4501 236048
4502 236049
4503 236051
4504 236058
4505 236068
4506 236069
4507 236074
4508 236081
4509 236083
4510 236084
4511 236091
4512 236098
4513 236115
4514 236119
4515 236129
4516 236132
4517 236137
4518 236145
4519 236150
4520 236155
4521 237326
4522 237327
4523 237329
4524 237331
4525 237337
4526 237338
4527 237344
4528 237346
4529 237356
4530 237362
4531 237364
4532 237369
4533 237373
4534 237378
4535 237379
4536 237386
4537 237403
4538 237408
4539 237411
4540 237416
4541 237423
4542 237424
4543 237426
4544 237433
4545 237443
4546 237444
4547 237449
4548 237456
4549 237458
4550 237459
4551 237466
4552 237473
4553 237490
4554 237494
4555 237504
4556 237507
4557 237512
4558 237520
4559 237525
4560 237530
4561 246401
4562 246402
4563 246404
4564 246406
4565 246412
4566 246413
4567 246419
4568 246421
4569 246431
4570 246437
4571 246439
4572 246444
4573 246448
4574 246453
4575 246454
4576 246461
4577 246478
4578 246483
4579 246486
4580 246491
4581 246498
4582 246499
4583 246501
4584 246508
4585 246518
4586 246519
4587 246524
4588 246531
4589 246533
4590 246534
4591 246541
4592 246548
4593 246565
4594 246569
4595 246579
4596 246582
4597 246587
4598 246595
4599 246600
4600 246605
4601 246951
4602 246952
4603 246954
4604 246956
4605 246962
4606 246963
4607 246969
4608 246971
4609 246981
4610 246987
4611 246989
4612 246994
4613 246998
4614 247003
4615 247004
4616 247011
4617 247028
4618 247033
4619 247036
4620 247041
4621 247048
4622 247049
4623 247051
4624 247058
4625 247068
4626 247069
4627 247074
4628 247081
4629 247083
4630 247084
4631 247091
4632 247098
4633 247115
4634 247119
4635 247129
4636 247132
4637 247137
4638 247145
4639 247150
4640 247155
4641 248601
4642 248602
4643 248604
4644 248606
4645 248612
4646 248613
4647 248619
4648 248621
4649 248631
4650 248637
4651 248639
4652 248644
4653 248648
4654 248653
4655 248654
4656 248661
4657 248678
4658 248683
4659 248686
4660 248691
4661 248698
4662 248699
4663 248701
4664 248708
4665 248718
4666 248719
4667 248724
4668 248731
4669 248733
4670 248734
4671 248741
4672 248748
4673 248765
4674 248769
4675 248779
4676 248782
4677 248787
4678 248795
4679 248800
4680 248805
4681 249151
4682 249152
4683 249154
4684 249156
4685 249162
4686 249163
4687 249169
4688 249171
4689 249181
4690 249187
4691 249189
4692 249194
4693 249198
4694 249203
4695 249204
4696 249211
4697 249228
4698 249233
4699 249236
4700 249241
4701 249248
4702 249249
4703 249251
4704 249258
4705 249268
4706 249269
4707 249274
4708 249281
4709 249283
4710 249284
4711 249291
4712 249298
4713 249315
4714 249319
4715 249329
4716 249332
4717 249337
4718 249345
4719 249350
4720 249355
4721 251626
4722 251627
4723 251629
4724 251631
4725 251637
4726 251638
4727 251644
4728 251646
4729 251656
4730 251662
4731 251664
4732 251669
4733 251673
4734 251678
4735 251679
4736 251686
4737 251703
4738 251708
4739 251711
4740 251716
4741 251723
4742 251724
4743 251726
4744 251733
4745 251743
4746 251744
4747 251749
4748 251756
4749 251758
4750 251759
4751 251766
4752 251773
4753 251790
4754 251794
4755 251804
4756 251807
4757 251812
4758 251820
4759 251825
4760 251830
4761 254651
4762 254652
4763 254654
4764 254656
4765 254662
4766 254663
4767 254669
4768 254671
4769 254681
4770 254687
4771 254689
4772 254694
4773 254698
4774 254703
4775 254704
4776 254711
4777 254728
4778 254733
4779 254736
4780 254741
4781 254748
4782 254749
4783 254751
4784 254758
4785 254768
4786 254769
4787 254774
4788 254781
4789 254783
4790 254784
4791 254791
4792 254798
4793 254815
4794 254819
4795 254829
4796 254832
4797 254837
4798 254845
4799 254850
4800 254855
4801 255476
4802 255477
4803 255479
4804 255481
4805 255487
4806 255488
4807 255494
4808 255496
4809 255506
4810 255512
4811 255514
4812 255519
4813 255523
4814 255528
4815 255529
4816 255536
4817 255553
4818 255558
4819 255561
4820 255566
4821 255573
4822 255574
4823 255576
4824 255583
4825 255593
4826 255594
4827 255599
4828 255606
4829 255608
4830 255609
4831 255616
4832 255623
4833 255640
4834 255644
4835 255654
4836 255657
4837 255662
4838 255670
4839 255675
4840 255680
4841 257401
4842 257402
4843 257404
4844 257406
4845 257412
4846 257413
4847 257419
4848 257421
4849 257431
4850 257437
4851 257439
4852 257444
4853 257448
4854 257453
4855 257454
4856 257461
4857 257478
4858 257483
4859 257486
4860 257491
4861 257498
4862 257499
4863 257501
4864 257508
4865 257518
4866 257519
4867 257524
4868 257531
4869 257533
4870 257534
4871 257541
4872 257548
4873 257565
4874 257569
4875 257579
4876 257582
4877 257587
4878 257595
4879 257600
4880 257605
4881 257676
4882 257677
4883 257679
4884 257681
4885 257687
4886 257688
4887 257694
4888 257696
4889 257706
4890 257712
4891 257714
4892 257719
4893 257723
4894 257728
4895 257729
4896 257736
4897 257753
4898 257758
4899 257761
4900 257766
4901 257773
4902 257774
4903 257776
4904 257783
4905 257793
4906 257794
4907 257799
4908 257806
4909 257808
4910 257809
4911 257816
4912 257823
4913 257840
4914 257844
4915 257854
4916 257857
4917 257862
4918 257870
4919 257875
4920 257880
4921 260151
4922 260152
4923 260154
4924 260156
4925 260162
4926 260163
4927 260169
4928 260171
4929 260181
4930 260187
4931 260189
4932 260194
4933 260198
4934 260203
4935 260204
4936 260211
4937 260228
4938 260233
4939 260236
4940 260241
4941 260248
4942 260249
4943 260251
4944 260258
4945 260268
4946 260269
4947 260274
4948 260281
4949 260283
4950 260284
4951 260291
4952 260298
4953 260315
4954 260319
4955 260329
4956 260332
4957 260337
4958 260345
4959 260350
4960 260355
4961 262626
4962 262627
4963 262629
4964 262631
4965 262637
4966 262638
4967 262644
4968 262646
4969 262656
4970 262662
4971 262664
4972 262669
4973 262673
4974 262678
4975 262679
4976 262686
4977 262703
4978 262708
4979 262711
4980 262716
4981 262723
4982 262724
4983 262726
4984 262733
4985 262743
4986 262744
4987 262749
4988 262756
4989 262758
4990 262759
4991 262766
4992 262773
4993 262790
4994 262794
4995 262804
4996 262807
4997 262812
4998 262820
4999 262825
5000 262830
5001 277751
5002 277752
5003 277754
5004 277756
5005 277762
5006 277763
5007 277769
5008 277771
5009 277781
5010 277787
5011 277789
5012 277794
5013 277798
5014 277803
5015 277804
5016 277811
5017 277828
5018 277833
5019 277836
5020 277841
5021 277848
5022 277849
5023 277851
5024 277858
5025 277868
5026 277869
5027 277874
5028 277881
5029 277883
5030 277884
5031 277891
5032 277898
5033 277915
5034 277919
5035 277929
5036 277932
5037 277937
5038 277945
5039 277950
5040 277955
5041 294472
5042 295077
5043 295079
5044 295081
5045 295087
5046 295088
5047 295094
5048 295096
5049 295106
5050 295112
5051 295114
5052 295119
5053 295123
5054 295128
5055 295129
5056 295136
5057 295153
5058 295158
5059 295161
5060 295166
5061 295173
5062 295174
5063 295176
5064 295183
5065 295193
5066 295194
5067 295199
5068 295206
5069 295208
5070 295209
5071 295216
5072 295223
5073 295240
5074 295244
5075 295254
5076 295257
5077 295262
5078 295270
5079 295275
5080 295280
5081 298101
5082 298102
5083 298104
5084 298106
5085 298112
5086 298113
5087 298119
5088 298121
5089 298131
5090 298137
5091 298139
5092 298144
5093 298148
5094 298153
5095 298154
5096 298161
5097 298178
5098 298183
5099 298186
5100 298191
5101 298198
5102 298199
5103 298201
5104 298208
5105 298218
5106 298219
5107 298224
5108 298231
5109 298233
5110 298234
5111 298241
5112 298248
5113 298265
5114 298269
5115 298279
5116 298282
5117 298287
5118 298295
5119 298300
5120 298305
5121 298926
5122 298927
5123 298929
5124 298931
5125 298937
5126 298938
5127 298944
5128 298946
5129 298956
5130 298962
5131 298964
5132 298969
5133 298973
5134 298978
5135 298979
5136 298986
5137 299003
5138 299008
5139 299011
5140 299016
5141 299023
5142 299024
5143 299026
5144 299033
5145 299043
5146 299044
5147 299049
5148 299056
5149 299058
5150 299059
5151 299066
5152 299073
5153 299090
5154 299094
5155 299104
5156 299107
5157 299112
5158 299120
5159 299125
5160 299130
5161 300851
5162 300852
5163 300854
5164 300856
5165 300862
5166 300863
5167 300869
5168 300871
5169 300881
5170 300887
5171 300889
5172 300894
5173 300898
5174 300903
5175 300904
5176 300911
5177 300928
5178 300933
5179 300936
5180 300941
5181 300948
5182 300949
5183 300951
5184 300958
5185 300968
5186 300969
5187 300974
5188 300981
5189 300983
5190 300984
5191 300991
5192 300998
5193 301015
5194 301019
5195 301029
5196 301032
5197 301037
5198 301045
5199 301050
5200 301055
5201 302776
5202 302777
5203 302779
5204 302781
5205 302787
5206 302788
5207 302794
5208 302796
5209 302806
5210 302812
5211 302814
5212 302819
5213 302823
5214 302828
5215 302829
5216 302836
5217 302853
5218 302858
5219 302861
5220 302866
5221 302873
5222 302874
5223 302876
5224 302883
5225 302893
5226 302894
5227 302899
5228 302906
5229 302908
5230 302909
5231 302916
5232 302923
5233 302940
5234 302944
5235 302954
5236 302957
5237 302962
5238 302970
5239 302975
5240 302980
5241 314051
5242 314052
5243 314054
5244 314056
5245 314062
5246 314063
5247 314069
5248 314071
5249 314081
5250 314087
5251 314089
5252 314094
5253 314098
5254 314103
5255 314104
5256 314111
5257 314128
5258 314133
5259 314136
5260 314141
5261 314148
5262 314149
5263 314151
5264 314158
5265 314168
5266 314169
5267 314174
5268 314181
5269 314183
5270 314184
5271 314191
5272 314198
5273 314215
5274 314219
5275 314229
5276 314232
5277 314237
5278 314245
5279 314250
5280 314255
5281 314876
5282 314877
5283 314879
5284 314881
5285 314887
5286 314888
5287 314894
5288 314896
5289 314906
5290 314912
5291 314914
5292 314919
5293 314923
5294 314928
5295 314929
5296 314936
5297 314953
5298 314958
5299 314961
5300 314966
5301 314973
5302 314974
5303 314976
5304 314983
5305 314993
5306 314994
5307 314999
5308 315006
5309 315008
5310 315009
5311 315016
5312 315023
5313 315040
5314 315044
5315 315054
5316 315057
5317 315062
5318 315070
5319 315075
5320 315080
5321 316251
5322 316252
5323 316254
5324 316256
5325 316262
5326 316263
5327 316269
5328 316271
5329 316281
5330 316287
5331 316289
5332 316294
5333 316298
5334 316303
5335 316304
5336 316311
5337 316328
5338 316333
5339 316336
5340 316341
5341 316348
5342 316349
5343 316351
5344 316358
5345 316368
5346 316369
5347 316374
5348 316381
5349 316383
5350 316384
5351 316391
5352 316398
5353 316415
5354 316419
5355 316429
5356 316432
5357 316437
5358 316445
5359 316450
5360 316455
5361 317076
5362 317077
5363 317079
5364 317081
5365 317087
5366 317088
5367 317094
5368 317096
5369 317106
5370 317112
5371 317114
5372 317119
5373 317123
5374 317128
5375 317129
5376 317136
5377 317153
5378 317158
5379 317161
5380 317166
5381 317173
5382 317174
5383 317176
5384 317183
5385 317193
5386 317194
5387 317199
5388 317206
5389 317208
5390 317209
5391 317216
5392 317223
5393 317240
5394 317244
5395 317254
5396 317257
5397 317262
5398 317270
5399 317275
5400 317280
5401 319001
5402 319002
5403 319004
5404 319006
5405 319012
5406 319013
5407 319019
5408 319021
5409 319031
5410 319037
5411 319039
5412 319044
5413 319048
5414 319053
5415 319054
5416 319061
5417 319078
5418 319083
5419 319086
5420 319091
5421 319098
5422 319099
5423 319101
5424 319108
5425 319118
5426 319119
5427 319124
5428 319131
5429 319133
5430 319134
5431 319141
5432 319148
5433 319165
5434 319169
5435 319179
5436 319182
5437 319187
5438 319195
5439 319200
5440 319205
5441 320926
5442 320927
5443 320929
5444 320931
5445 320937
5446 320938
5447 320944
5448 320946
5449 320956
5450 320962
5451 320964
5452 320969
5453 320973
5454 320978
5455 320979
5456 320986
5457 321003
5458 321008
5459 321011
5460 321016
5461 321023
5462 321024
5463 321026
5464 321033
5465 321043
5466 321044
5467 321049
5468 321056
5469 321058
5470 321059
5471 321066
5472 321073
5473 321090
5474 321094
5475 321104
5476 321107
5477 321112
5478 321120
5479 321125
5480 321130
5481 322851
5482 322852
5483 322854
5484 322856
5485 322862
5486 322863
5487 322869
5488 322871
5489 322881
5490 322887
5491 322889
5492 322894
5493 322898
5494 322903
5495 322904
5496 322911
5497 322928
5498 322933
5499 322936
5500 322941
5501 322948
5502 322949
5503 322951
5504 322958
5505 322968
5506 322969
5507 322974
5508 322981
5509 322983
5510 322984
5511 322991
5512 322998
5513 323015
5514 323019
5515 323029
5516 323032
5517 323037
5518 323045
5519 323050
5520 323055
5521 325876
5522 325877
5523 325879
5524 325881
5525 325887
5526 325888
5527 325894
5528 325896
5529 325906
5530 325912
5531 325914
5532 325919
5533 325923
5534 325928
5535 325929
5536 325936
5537 325953
5538 325958
5539 325961
5540 325966
5541 325973
5542 325974
5543 325976
5544 325983
5545 325993
5546 325994
5547 325999
5548 326006
5549 326008
5550 326009
5551 326016
5552 326023
5553 326040
5554 326044
5555 326054
5556 326057
5557 326062
5558 326070
5559 326075
5560 326080
5561 327251
5562 327252
5563 327254
5564 327256
5565 327262
5566 327263
5567 327269
5568 327271
5569 327281
5570 327287
5571 327289
5572 327294
5573 327298
5574 327303
5575 327304
5576 327311
5577 327328
5578 327333
5579 327336
5580 327341
5581 327348
5582 327349
5583 327351
5584 327358
5585 327368
5586 327369
5587 327374
5588 327381
5589 327383
5590 327384
5591 327391
5592 327398
5593 327415
5594 327419
5595 327429
5596 327432
5597 327437
5598 327445
5599 327450
5600 327455
5601 329176
5602 329177
5603 329179
5604 329181
5605 329187
5606 329188
5607 329194
5608 329196
5609 329206
5610 329212
5611 329214
5612 329219
5613 329223
5614 329228
5615 329229
5616 329236
5617 329253
5618 329258
5619 329261
5620 329266
5621 329273
5622 329274
5623 329276
5624 329283
5625 329293
5626 329294
5627 329299
5628 329306
5629 329308
5630 329309
5631 329316
5632 329323
5633 329340
5634 329344
5635 329354
5636 329357
5637 329362
5638 329370
5639 329375
5640 329380
5641 329451
5642 329452
5643 329454
5644 329456
5645 329462
5646 329463
5647 329469
5648 329471
5649 329481
5650 329487
5651 329489
5652 329494
5653 329498
5654 329503
5655 329504
5656 329511
5657 329528
5658 329533
5659 329536
5660 329541
5661 329548
5662 329549
5663 329551
5664 329558
5665 329568
5666 329569
5667 329574
5668 329581
5669 329583
5670 329584
5671 329591
5672 329598
5673 329615
5674 329619
5675 329629
5676 329632
5677 329637
5678 329645
5679 329650
5680 329655
5681 330001
5682 330002
5683 330004
5684 330006
5685 330012
5686 330013
5687 330019
5688 330021
5689 330031
5690 330037
5691 330039
5692 330044
5693 330048
5694 330053
5695 330054
5696 330061
5697 330078
5698 330083
5699 330086
5700 330091
5701 330098
5702 330099
5703 330101
5704 330108
5705 330118
5706 330119
5707 330124
5708 330131
5709 330133
5710 330134
5711 330141
5712 330148
5713 330165
5714 330169
5715 330179
5716 330182
5717 330187
5718 330195
5719 330200
5720 330205
5721 331926
5722 331927
5723 331929
5724 331931
5725 331937
5726 331938
5727 331944
5728 331946
5729 331956
5730 331962
5731 331964
5732 331969
5733 331973
5734 331978
5735 331979
5736 331986
5737 332003
5738 332008
5739 332011
5740 332016
5741 332023
5742 332024
5743 332026
5744 332033
5745 332043
5746 332044
5747 332049
5748 332056
5749 332058
5750 332059
5751 332066
5752 332073
5753 332090
5754 332094
5755 332104
5756 332107
5757 332112
5758 332120
5759 332125
5760 332130
5761 334676
5762 334677
5763 334679
5764 334681
5765 334687
5766 334688
5767 334694
5768 334696
5769 334706
5770 334712
5771 334714
5772 334719
5773 334723
5774 334728
5775 334729
5776 334736
5777 334753
5778 334758
5779 334761
5780 334766
5781 334773
5782 334774
5783 334776
5784 334783
5785 334793
5786 334794
5787 334799
5788 334806
5789 334808
5790 334809
5791 334816
5792 334823
5793 334840
5794 334844
5795 334854
5796 334857
5797 334862
5798 334870
5799 334875
5800 334880
5801 334951
5802 334952
5803 334954
5804 334956
5805 334962
5806 334963
5807 334969
5808 334971
5809 334981
5810 334987
5811 334989
5812 334994
5813 334998
5814 335003
5815 335004
5816 335011
5817 335028
5818 335033
5819 335036
5820 335041
5821 335048
5822 335049
5823 335051
5824 335058
5825 335068
5826 335069
5827 335074
5828 335081
5829 335083
5830 335084
5831 335091
5832 335098
5833 335115
5834 335119
5835 335129
5836 335132
5837 335137
5838 335145
5839 335150
5840 335155
5841 336326
5842 336327
5843 336329
5844 336331
5845 336337
5846 336338
5847 336344
5848 336346
5849 336356
5850 336362
5851 336364
5852 336369
5853 336373
5854 336378
5855 336379
5856 336386
5857 336403
5858 336408
5859 336411
5860 336416
5861 336423
5862 336424
5863 336426
5864 336433
5865 336443
5866 336444
5867 336449
5868 336456
5869 336458
5870 336459
5871 336466
5872 336473
5873 336490
5874 336494
5875 336504
5876 336507
5877 336512
5878 336520
5879 336525
5880 336530
5881 338251
5882 338252
5883 338254
5884 338256
5885 338262
5886 338263
5887 338269
5888 338271
5889 338281
5890 338287
5891 338289
5892 338294
5893 338298
5894 338303
5895 338304
5896 338311
5897 338328
5898 338333
5899 338336
5900 338341
5901 338348
5902 338349
5903 338351
5904 338358
5905 338368
5906 338369
5907 338374
5908 338381
5909 338383
5910 338384
5911 338391
5912 338398
5913 338415
5914 338419
5915 338429
5916 338432
5917 338437
5918 338445
5919 338450
5920 338455
5921 338801
5922 338802
5923 338804
5924 338806
5925 338812
5926 338813
5927 338819
5928 338821
5929 338831
5930 338837
5931 338839
5932 338844
5933 338848
5934 338853
5935 338854
5936 338861
5937 338878
5938 338883
5939 338886
5940 338891
5941 338898
5942 338899
5943 338901
5944 338908
5945 338918
5946 338919
5947 338924
5948 338931
5949 338933
5950 338934
5951 338941
5952 338948
5953 338965
5954 338969
5955 338979
5956 338982
5957 338987
5958 338995
5959 339000
5960 339005
5961 339076
5962 339077
5963 339079
5964 339081
5965 339087
5966 339088
5967 339094
5968 339096
5969 339106
5970 339112
5971 339114
5972 339119
5973 339123
5974 339128
5975 339129
5976 339136
5977 339153
5978 339158
5979 339161
5980 339166
5981 339173
5982 339174
5983 339176
5984 339183
5985 339193
5986 339194
5987 339199
5988 339206
5989 339208
5990 339209
5991 339216
5992 339223
5993 339240
5994 339244
5995 339254
5996 339257
5997 339262
5998 339270
5999 339275
6000 339280
6001 341001
6002 341002
6003 341004
6004 341006
6005 341012
6006 341013
6007 341019
6008 341021
6009 341031
6010 341037
6011 341039
6012 341044
6013 341048
6014 341053
6015 341054
6016 341061
6017 341078
6018 341083
6019 341086
6020 341091
6021 341098
6022 341099
6023 341101
6024 341108
6025 341118
6026 341119
6027 341124
6028 341131
6029 341133
6030 341134
6031 341141
6032 341148
6033 341165
6034 341169
6035 341179
6036 341182
6037 341187
6038 341195
6039 341200
6040 341205
6041 342926
6042 342927
6043 342929
6044 342931
6045 342937
6046 342938
6047 342944
6048 342946
6049 342956
6050 342962
6051 342964
6052 342969
6053 342973
6054 342978
6055 342979
6056 342986
6057 343003
6058 343008
6059 343011
6060 343016
6061 343023
6062 343024
6063 343026
6064 343033
6065 343043
6066 343044
6067 343049
6068 343056
6069 343058
6070 343059
6071 343066
6072 343073
6073 343090
6074 343094
6075 343104
6076 343107
6077 343112
6078 343120
6079 343125
6080 343130
6081 347601
6082 347602
6083 347604
6084 347606
6085 347612
6086 347613
6087 347619
6088 347621
6089 347631
6090 347637
6091 347639
6092 347644
6093 347648
6094 347653
6095 347654
6096 347661
6097 347678
6098 347683
6099 347686
6100 347691
6101 347698
6102 347699
6103 347701
6104 347708
6105 347718
6106 347719
6107 347724
6108 347731
6109 347733
6110 347734
6111 347741
6112 347748
6113 347765
6114 347769
6115 347779
6116 347782
6117 347787
6118 347795
6119 347800
6120 347805
6121 348701
6122 348702
6123 348704
6124 348706
6125 348712
6126 348713
6127 348719
6128 348721
6129 348731
6130 348737
6131 348739
6132 348744
6133 348748
6134 348753
6135 348754
6136 348761
6137 348778
6138 348783
6139 348786
6140 348791
6141 348798
6142 348799
6143 348801
6144 348808
6145 348818
6146 348819
6147 348824
6148 348831
6149 348833
6150 348834
6151 348841
6152 348848
6153 348865
6154 348869
6155 348879
6156 348882
6157 348887
6158 348895
6159 348900
6160 348905
6161 351451
6162 351452
6163 351454
6164 351456
6165 351462
6166 351463
6167 351469
6168 351471
6169 351481
6170 351487
6171 351489
6172 351494
6173 351498
6174 351503
6175 351504
6176 351511
6177 351528
6178 351533
6179 351536
6180 351541
6181 351548
6182 351549
6183 351551
6184 351558
6185 351568
6186 351569
6187 351574
6188 351581
6189 351583
6190 351584
6191 351591
6192 351598
6193 351615
6194 351619
6195 351629
6196 351632
6197 351637
6198 351645
6199 351650
6200 351655
6201 352276
6202 352277
6203 352279
6204 352281
6205 352287
6206 352288
6207 352294
6208 352296
6209 352306
6210 352312
6211 352314
6212 352319
6213 352323
6214 352328
6215 352329
6216 352336
6217 352353
6218 352358
6219 352361
6220 352366
6221 352373
6222 352374
6223 352376
6224 352383
6225 352393
6226 352394
6227 352399
6228 352406
6229 352408
6230 352409
6231 352416
6232 352423
6233 352440
6234 352444
6235 352454
6236 352457
6237 352462
6238 352470
6239 352475
6240 352480
6241 353651
6242 353652
6243 353654
6244 353656
6245 353662
6246 353663
6247 353669
6248 353671
6249 353681
6250 353687
6251 353689
6252 353694
6253 353698
6254 353703
6255 353704
6256 353711
6257 353728
6258 353733
6259 353736
6260 353741
6261 353748
6262 353749
6263 353751
6264 353758
6265 353768
6266 353769
6267 353774
6268 353781
6269 353783
6270 353784
6271 353791
6272 353798
6273 353815
6274 353819
6275 353829
6276 353832
6277 353837
6278 353845
6279 353850
6280 353855
6281 355851
6282 355852
6283 355854
6284 355856
6285 355862
6286 355863
6287 355869
6288 355871
6289 355881
6290 355887
6291 355889
6292 355894
6293 355898
6294 355903
6295 355904
6296 355911
6297 355928
6298 355933
6299 355936
6300 355941
6301 355948
6302 355949
6303 355951
6304 355958
6305 355968
6306 355969
6307 355974
6308 355981
6309 355983
6310 355984
6311 355991
6312 355998
6313 356015
6314 356019
6315 356029
6316 356032
6317 356037
6318 356045
6319 356050
6320 356055
6321 357226
6322 357227
6323 357229
6324 357231
6325 357237
6326 357238
6327 357244
6328 357246
6329 357256
6330 357262
6331 357264
6332 357269
6333 357273
6334 357278
6335 357279
6336 357286
6337 357303
6338 357308
6339 357311
6340 357316
6341 357323
6342 357324
6343 357326
6344 357333
6345 357343
6346 357344
6347 357349
6348 357356
6349 357358
6350 357359
6351 357366
6352 357373
6353 357390
6354 357394
6355 357404
6356 357407
6357 357412
6358 357420
6359 357425
6360 357430
6361 358601
6362 358602
6363 358604
6364 358606
6365 358612
6366 358613
6367 358619
6368 358621
6369 358631
6370 358637
6371 358639
6372 358644
6373 358648
6374 358653
6375 358654
6376 358661
6377 358678
6378 358683
6379 358686
6380 358691
6381 358698
6382 358699
6383 358701
6384 358708
6385 358718
6386 358719
6387 358724
6388 358731
6389 358733
6390 358734
6391 358741
6392 358748
6393 358765
6394 358769
6395 358779
6396 358782
6397 358787
6398 358795
6399 358800
6400 358805
6401 377576
6402 377577
6403 377579
6404 377581
6405 377587
6406 377588
6407 377594
6408 377596
6409 377606
6410 377612
6411 377614
6412 377619
6413 377623
6414 377628
6415 377629
6416 377636
6417 377653
6418 377658
6419 377661
6420 377666
6421 377673
6422 377674
6423 377676
6424 377683
6425 377693
6426 377694
6427 377699
6428 377706
6429 377708
6430 377709
6431 377716
6432 377723
6433 377740
6434 377744
6435 377754
6436 377757
6437 377762
6438 377770
6439 377775
6440 377780
6441 378126
6442 378127
6443 378129
6444 378131
6445 378137
6446 378138
6447 378144
6448 378146
6449 378156
6450 378162
6451 378164
6452 378169
6453 378173
6454 378178
6455 378179
6456 378186
6457 378203
6458 378208
6459 378211
6460 378216
6461 378223
6462 378224
6463 378226
6464 378233
6465 378243
6466 378244
6467 378249
6468 378256
6469 378258
6470 378259
6471 378266
6472 378273
6473 378290
6474 378294
6475 378304
6476 378307
6477 378312
6478 378320
6479 378325
6480 378330
6481 425426
6482 425427
6483 425429
6484 425431
6485 425437
6486 425438
6487 425444
6488 425446
6489 425456
6490 425462
6491 425464
6492 425469
6493 425473
6494 425478
6495 425479
6496 425486
6497 425503
6498 425508
6499 425511
6500 425516
6501 425523
6502 425524
6503 425526
6504 425533
6505 425543
6506 425544
6507 425549
6508 425556
6509 425558
6510 425559
6511 425566
6512 425573
6513 425590
6514 425594
6515 425604
6516 425607
6517 425612
6518 425620
6519 425625
6520 425630
6521 425976
6522 425977
6523 425979
6524 425981
6525 425987
6526 425988
6527 425994
6528 425996
6529 426006
6530 426012
6531 426014
6532 426019
6533 426023
6534 426028
6535 426029
6536 426036
6537 426053
6538 426058
6539 426061
6540 426066
6541 426073
6542 426074
6543 426076
6544 426083
6545 426093
6546 426094
6547 426099
6548 426106
6549 426108
6550 426109
6551 426116
6552 426123
6553 426140
6554 426144
6555 426154
6556 426157
6557 426162
6558 426170
6559 426175
6560 426180
6561 438958
6562 438962
6563 438971
6564 438974
6565 438981
6566 438988
6567 438993
6568 439003
6569 439015
6570 439020
6571 439023
6572 439032
6573 439037
6574 439042
6575 439051
6576 439056
6577 439066
6578 439078
6579 439082
6580 439087
6581 439091
6582 439100
6583 439103
6584 439116
6585 439122
6586 439129
6587 439134
6588 439142
6589 439150
6590 439152
6591 439161
6592 439166
6593 439178
6594 439183
6595 439191
6596 439197
6597 439205
6598 439224
6599 439236
6600 439241
6601 441441
6602 441442
6603 441444
6604 441448
6605 441450
6606 441454
6607 441463
6608 441466
6609 441473
6610 441480
6611 441485
6612 441495
6613 441507
6614 441512
6615 441515
6616 441524
6617 441529
6618 441534
6619 441543
6620 441548
6621 441558
6622 441570
6623 441574
6624 441579
6625 441583
6626 441592
6627 441595
6628 441608
6629 441614
6630 441621
6631 441626
6632 441634
6633 441642
6634 441644
6635 441653
6636 441658
6637 441670
6638 441675
6639 441683
6640 441689
6641 441697
6642 441716
6643 441728
6644 441733
6645 443933
6646 443934
6647 443936
6648 443940
6649 443942
6650 443946
6651 443955
6652 443958
6653 443965
6654 443972
6655 443977
6656 443987
6657 443999
6658 444004
6659 444007
6660 444016
6661 444021
6662 444026
6663 444035
6664 444040
6665 444050
6666 444062
6667 444066
6668 444071
6669 444075
6670 444084
6671 444087
6672 444100
6673 444106
6674 444113
6675 444118
6676 444126
6677 444134
6678 444136
6679 444145
6680 444150
6681 444162
6682 444167
6683 444175
6684 444181
6685 444189
6686 444208
6687 444220
6688 444225
6689 449985
6690 449986
6691 449988
6692 449992
6693 449994
6694 449998
6695 450007
6696 450010
6697 450017
6698 450024
6699 450029
6700 450039
6701 450051
6702 450056
6703 450059
6704 450068
6705 450073
6706 450078
6707 450087
6708 450092
6709 450102
6710 450114
6711 450118
6712 450123
6713 450127
6714 450136
6715 450139
6716 450152
6717 450158
6718 450165
6719 450170
6720 450178
6721 450186
6722 450188
6723 450197
6724 450202
6725 450214
6726 450219
6727 450227
6728 450233
6729 450241
6730 450260
6731 450272
6732 450277
6733 451409
6734 451410
6735 451412
6736 451416
6737 451418
6738 451422
6739 451431
6740 451434
6741 451441
6742 451448
6743 451453
6744 451463
6745 451475
6746 451480
6747 451483
6748 451492
6749 451497
6750 451502
6751 451511
6752 451516
6753 451526
6754 451538
6755 451542
6756 451547
6757 451551
6758 451560
6759 451563
6760 451576
6761 451582
6762 451589
6763 451594
6764 451602
6765 451610
6766 451612
6767 451621
6768 451626
6769 451638
6770 451643
6771 451651
6772 451657
6773 451665
6774 451684
6775 451696
6776 451701
6777 454969
6778 454970
6779 454972
6780 454976
6781 454978
6782 454982
6783 454991
6784 454994
6785 455001
6786 455008
6787 455013
6788 455023
6789 455035
6790 455040
6791 455043
6792 455052
6793 455057
6794 455062
6795 455071
6796 455076
6797 455086
6798 455098
6799 455102
6800 455107
6801 455111
6802 455120
6803 455123
6804 455136
6805 455142
6806 455149
6807 455154
6808 455162
6809 455170
6810 455172
6811 455181
6812 455186
6813 455198
6814 455203
6815 455211
6816 455217
6817 455225
6818 455244
6819 455256
6820 455261
6821 456037
6822 456038
6823 456040
6824 456044
6825 456046
6826 456050
6827 456059
6828 456062
6829 456069
6830 456076
6831 456081
6832 456091
6833 456103
6834 456108
6835 456111
6836 456120
6837 456125
6838 456130
6839 456139
6840 456144
6841 456154
6842 456166
6843 456170
6844 456175
6845 456179
6846 456188
6847 456191
6848 456204
6849 456210
6850 456217
6851 456222
6852 456230
6853 456238
6854 456240
6855 456249
6856 456254
6857 456266
6858 456271
6859 456279
6860 456285
6861 456293
6862 456312
6863 456324
6864 456329
6865 457817
6866 457818
6867 457820
6868 457824
6869 457826
6870 457830
6871 457839
6872 457842
6873 457849
6874 457856
6875 457861
6876 457871
6877 457883
6878 457888
6879 457891
6880 457900
6881 457905
6882 457910
6883 457919
6884 457924
6885 457934
6886 457946
6887 457950
6888 457955
6889 457959
6890 457968
6891 457971
6892 457984
6893 457990
6894 457997
6895 458002
6896 458010
6897 458018
6898 458020
6899 458029
6900 458034
6901 458046
6902 458051
6903 458059
6904 458065
6905 458073
6906 458092
6907 458104
6908 458109
6909 460665
6910 460666
6911 460668
6912 460672
6913 460674
6914 460678
6915 460687
6916 460690
6917 460697
6918 460704
6919 460709
6920 460719
6921 460731
6922 460736
6923 460739
6924 460748
6925 460753
6926 460758
6927 460767
6928 460772
6929 460782
6930 460794
6931 460798
6932 460803
6933 460807
6934 460816
6935 460819
6936 460832
6937 460838
6938 460845
6939 460850
6940 460858
6941 460866
6942 460868
6943 460877
6944 460882
6945 460894
6946 460899
6947 460907
6948 460913
6949 460921
6950 460940
6951 460952
6952 460957
6953 462445
6954 462446
6955 462448
6956 462452
6957 462454
6958 462458
6959 462467
6960 462470
6961 462477
6962 462484
6963 462489
6964 462499
6965 462511
6966 462516
6967 462519
6968 462528
6969 462533
6970 462538
6971 462547
6972 462552
6973 462562
6974 462574
6975 462578
6976 462583
6977 462587
6978 462596
6979 462599
6980 462612
6981 462618
6982 462625
6983 462630
6984 462638
6985 462646
6986 462648
6987 462657
6988 462662
6989 462674
6990 462679
6991 462687
6992 462693
6993 462701
6994 462720
6995 462732
6996 462737
6997 464225
6998 464226
6999 464228
7000 464232
7001 464234
7002 464238
7003 464247
7004 464250
7005 464257
7006 464264
7007 464269
7008 464279
7009 464291
7010 464296
7011 464299
7012 464308
7013 464313
7014 464318
7015 464327
7016 464332
7017 464342
7018 464354
7019 464358
7020 464363
7021 464367
7022 464376
7023 464379
7024 464392
7025 464398
7026 464405
7027 464410
7028 464418
7029 464426
7030 464428
7031 464437
7032 464442
7033 464454
7034 464459
7035 464467
7036 464473
7037 464481
7038 464500
7039 464512
7040 464517
7041 474718
7042 474726
7043 474731
7044 474738
7045 474740
7046 474764
7047 474772
7048 474776
7049 474782
7050 474787
7051 474801
7052 474805
7053 474817
7054 474819
7055 474841
7056 474849
7057 477241
7058 477242
7059 477244
7060 477246
7061 477252
7062 477256
7063 477260
7064 477263
7065 477267
7066 477276
7067 477289
7068 477293
7069 477299
7070 477303
7071 477308
7072 477312
7073 477320
7074 477322
7075 477326
7076 477348
7077 477358
7078 477364
7079 477375
7080 477384
7081 477388
7082 477395
7083 477397
7084 477406
7085 477417
7086 477420
7087 477428
7088 477432
7089 477434
7090 477442
7091 477447
7092 477454
7093 477456
7094 477480
7095 477488
7096 477492
7097 477498
7098 477503
7099 477517
7100 477521
7101 477533
7102 477535
7103 477557
7104 477565
7105 478017
7106 478018
7107 478020
7108 478022
7109 478028
7110 478032
7111 478036
7112 478039
7113 478043
7114 478052
7115 478065
7116 478069
7117 478075
7118 478079
7119 478084
7120 478088
7121 478096
7122 478098
7123 478102
7124 478124
7125 478134
7126 478140
7127 478151
7128 478160
7129 478164
7130 478171
7131 478173
7132 478182
7133 478193
7134 478196
7135 478204
7136 478208
7137 478210
7138 478218
7139 478223
7140 478230
7141 478232
7142 478256
7143 478264
7144 478268
7145 478274
7146 478279
7147 478293
7148 478297
7149 478309
7150 478311
7151 478333
7152 478341
7153 478405
7154 478406
7155 478408
7156 478410
7157 478416
7158 478420
7159 478424
7160 478427
7161 478431
7162 478440
7163 478453
7164 478457
7165 478463
7166 478467
7167 478472
7168 478476
7169 478484
7170 478486
7171 478490
7172 478512
7173 478522
7174 478528
7175 478539
7176 478548
7177 478552
7178 478559
7179 478561
7180 478570
7181 478581
7182 478584
7183 478592
7184 478596
7185 478598
7186 478606
7187 478611
7188 478618
7189 478620
7190 478644
7191 478652
7192 478656
7193 478662
7194 478667
7195 478681
7196 478685
7197 478697
7198 478699
7199 478721
7200 478729
7201 481121
7202 481122
7203 481124
7204 481126
7205 481132
7206 481136
7207 481140
7208 481143
7209 481147
7210 481156
7211 481169
7212 481173
7213 481179
7214 481183
7215 481188
7216 481192
7217 481200
7218 481202
7219 481206
7220 481228
7221 481238
7222 481244
7223 481255
7224 481264
7225 481268
7226 481275
7227 481277
7228 481286
7229 481297
7230 481300
7231 481308
7232 481312
7233 481314
7234 481322
7235 481327
7236 481334
7237 481336
7238 481360
7239 481368
7240 481372
7241 481378
7242 481383
7243 481397
7244 481401
7245 481413
7246 481415
7247 481437
7248 481445
7249 483837
7250 483838
7251 483840
7252 483842
7253 483848
7254 483852
7255 483856
7256 483859
7257 483863
7258 483872
7259 483885
7260 483889
7261 483895
7262 483899
7263 483904
7264 483908
7265 483916
7266 483918
7267 483922
7268 483944
7269 483954
7270 483960
7271 483971
7272 483980
7273 483984
7274 483991
7275 483993
7276 484002
7277 484013
7278 484016
7279 484024
7280 484028
7281 484030
7282 484038
7283 484043
7284 484050
7285 484052
7286 484076
7287 484084
7288 484088
7289 484094
7290 484099
7291 484113
7292 484117
7293 484129
7294 484131
7295 484153
7296 484161
7297 490433
7298 490434
7299 490436
7300 490438
7301 490444
7302 490448
7303 490452
7304 490455
7305 490459
7306 490468
7307 490481
7308 490485
7309 490491
7310 490495
7311 490500
7312 490504
7313 490512
7314 490514
7315 490518
7316 490540
7317 490550
7318 490556
7319 490567
7320 490576
7321 490580
7322 490587
7323 490589
7324 490598
7325 490609
7326 490612
7327 490620
7328 490624
7329 490626
7330 490634
7331 490639
7332 490646
7333 490648
7334 490672
7335 490680
7336 490684
7337 490690
7338 490695
7339 490709
7340 490713
7341 490725
7342 490727
7343 490749
7344 490757
7345 491985
7346 491986
7347 491988
7348 491990
7349 491996
7350 492000
7351 492004
7352 492007
7353 492011
7354 492020
7355 492033
7356 492037
7357 492043
7358 492047
7359 492052
7360 492056
7361 492064
7362 492066
7363 492070
7364 492092
7365 492102
7366 492108
7367 492119
7368 492128
7369 492132
7370 492139
7371 492141
7372 492150
7373 492161
7374 492164
7375 492172
7376 492176
7377 492178
7378 492186
7379 492191
7380 492198
7381 492200
7382 492224
7383 492232
7384 492236
7385 492242
7386 492247
7387 492261
7388 492265
7389 492277
7390 492279
7391 492301
7392 492309
7393 495865
7394 495866
7395 495868
7396 495870
7397 495876
7398 495880
7399 495884
7400 495887
7401 495891
7402 495900
7403 495913
7404 495917
7405 495923
7406 495927
7407 495932
7408 495936
7409 495944
7410 495946
7411 495950
7412 495972
7413 495982
7414 495988
7415 495999
7416 496008
7417 496012
7418 496019
7419 496021
7420 496030
7421 496041
7422 496044
7423 496052
7424 496056
7425 496058
7426 496066
7427 496071
7428 496078
7429 496080
7430 496104
7431 496112
7432 496116
7433 496122
7434 496127
7435 496141
7436 496145
7437 496157
7438 496159
7439 496181
7440 496189
7441 497029
7442 497030
7443 497032
7444 497034
7445 497040
7446 497044
7447 497048
7448 497051
7449 497055
7450 497064
7451 497077
7452 497081
7453 497087
7454 497091
7455 497096
7456 497100
7457 497108
7458 497110
7459 497114
7460 497136
7461 497146
7462 497152
7463 497163
7464 497172
7465 497176
7466 497183
7467 497185
7468 497194
7469 497205
7470 497208
7471 497216
7472 497220
7473 497222
7474 497230
7475 497235
7476 497242
7477 497244
7478 497268
7479 497276
7480 497280
7481 497286
7482 497291
7483 497305
7484 497309
7485 497321
7486 497323
7487 497345
7488 497353
7489 498969
7490 498970
7491 498972
7492 498974
7493 498980
7494 498984
7495 498988
7496 498991
7497 498995
7498 499004
7499 499017
7500 499021
7501 499027
7502 499031
7503 499036
7504 499040
7505 499048
7506 499050
7507 499054
7508 499076
7509 499086
7510 499092
7511 499103
7512 499112
7513 499116
7514 499123
7515 499125
7516 499134
7517 499145
7518 499148
7519 499156
7520 499160
7521 499162
7522 499170
7523 499175
7524 499182
7525 499184
7526 499208
7527 499216
7528 499220
7529 499226
7530 499231
7531 499245
7532 499249
7533 499261
7534 499263
7535 499285
7536 499293
7537 502073
7538 502074
7539 502076
7540 502078
7541 502084
7542 502088
7543 502092
7544 502095
7545 502099
7546 502108
7547 502121
7548 502125
7549 502131
7550 502135
7551 502140
7552 502144
7553 502152
7554 502154
7555 502158
7556 502180
7557 502190
7558 502196
7559 502207
7560 502216
7561 502220
7562 502227
7563 502229
7564 502238
7565 502249
7566 502252
7567 502260
7568 502264
7569 502266
7570 502274
7571 502279
7572 502286
7573 502288
7574 502312
7575 502320
7576 502324
7577 502330
7578 502335
7579 502349
7580 502353
7581 502365
7582 502367
7583 502389
7584 502397
7585 504013
7586 504014
7587 504016
7588 504018
7589 504024
7590 504028
7591 504032
7592 504035
7593 504039
7594 504048
7595 504061
7596 504065
7597 504071
7598 504075
7599 504080
7600 504084
7601 504092
7602 504094
7603 504098
7604 504120
7605 504130
7606 504136
7607 504147
7608 504156
7609 504160
7610 504167
7611 504169
7612 504178
7613 504189
7614 504192
7615 504200
7616 504204
7617 504206
7618 504214
7619 504219
7620 504226
7621 504228
7622 504252
7623 504260
7624 504264
7625 504270
7626 504275
7627 504289
7628 504293
7629 504305
7630 504307
7631 504329
7632 504337
7633 505953
7634 505954
7635 505956
7636 505958
7637 505964
7638 505968
7639 505972
7640 505975
7641 505979
7642 505988
7643 506001
7644 506005
7645 506011
7646 506015
7647 506020
7648 506024
7649 506032
7650 506034
7651 506038
7652 506060
7653 506070
7654 506076
7655 506087
7656 506096
7657 506100
7658 506107
7659 506109
7660 506118
7661 506129
7662 506132
7663 506140
7664 506144
7665 506146
7666 506154
7667 506159
7668 506166
7669 506168
7670 506192
7671 506200
7672 506204
7673 506210
7674 506215
7675 506229
7676 506233
7677 506245
7678 506247
7679 506269
7680 506277
7681 532725
7682 532726
7683 532728
7684 532730
7685 532736
7686 532740
7687 532744
7688 532747
7689 532751
7690 532760
7691 532773
7692 532777
7693 532783
7694 532787
7695 532792
7696 532796
7697 532804
7698 532806
7699 532810
7700 532832
7701 532842
7702 532848
7703 532859
7704 532868
7705 532872
7706 532879
7707 532881
7708 532890
7709 532901
7710 532904
7711 532912
7712 532916
7713 532918
7714 532926
7715 532931
7716 532938
7717 532940
7718 532964
7719 532972
7720 532976
7721 532982
7722 532987
7723 533001
7724 533005
7725 533017
7726 533019
7727 533041
7728 533049
7729 533501
7730 533502
7731 533504
7732 533506
7733 533512
7734 533516
7735 533520
7736 533523
7737 533527
7738 533536
7739 533549
7740 533553
7741 533559
7742 533563
7743 533568
7744 533572
7745 533580
7746 533582
7747 533586
7748 533608
7749 533618
7750 533624
7751 533635
7752 533644
7753 533648
7754 533655
7755 533657
7756 533666
7757 533677
7758 533680
7759 533688
7760 533692
7761 533694
7762 533702
7763 533707
7764 533714
7765 533716
7766 533740
7767 533748
7768 533752
7769 533758
7770 533763
7771 533777
7772 533781
7773 533793
7774 533795
7775 533817
7776 533825
7777 548866
7778 548871
7779 548882
7780 548888
7781 548895
7782 548905
7783 548911
7784 548916
7785 548931
7786 548937
7787 548942
7788 548945
7789 548956
7790 548962
7791 548966
7792 548969
7793 548977
7794 548984
7795 548991
7796 548999
7797 549017
7798 549021
7799 549028
7800 549040
7801 549045
7802 549046
7803 549056
7804 549062
7805 549087
7806 549092
7807 549101
7808 549108
7809 549119
7810 549139
7811 549147
7812 549168
7813 553901
7814 553902
7815 553904
7816 553905
7817 553912
7818 553914
7819 553923
7820 553924
7821 553931
7822 553933
7823 553943
7824 553953
7825 553959
7826 553964
7827 553971
7828 553973
7829 553983
7830 553992
7831 553993
7832 554000
7833 554002
7834 554012
7835 554018
7836 554036
7837 554060
7838 554062
7839 554075
7840 554086
7841 554091
7842 554102
7843 554108
7844 554115
7845 554125
7846 554131
7847 554136
7848 554151
7849 554157
7850 554162
7851 554165
7852 554176
7853 554182
7854 554186
7855 554189
7856 554197
7857 554204
7858 554211
7859 554219
7860 554237
7861 554241
7862 554248
7863 554260
7864 554265
7865 554266
7866 554276
7867 554282
7868 554307
7869 554312
7870 554321
7871 554328
7872 554339
7873 554359
7874 554367
7875 554388
7876 585801
7877 585802
7878 585804
7879 585805
7880 585812
7881 585814
7882 585823
7883 585824
7884 585831
7885 585833
7886 585843
7887 585853
7888 585859
7889 585864
7890 585871
7891 585873
7892 585883
7893 585892
7894 585893
7895 585900
7896 585902
7897 585912
7898 585918
7899 585936
7900 585960
7901 585962
7902 585975
7903 585986
7904 585991
7905 586002
7906 586008
7907 586015
7908 586025
7909 586031
7910 586036
7911 586051
7912 586057
7913 586062
7914 586065
7915 586076
7916 586082
7917 586086
7918 586089
7919 586097
7920 586104
7921 586111
7922 586119
7923 586137
7924 586141
7925 586148
7926 586160
7927 586165
7928 586166
7929 586176
7930 586182
7931 586207
7932 586212
7933 586221
7934 586228
7935 586239
7936 586259
7937 586267
7938 586288
7939 607286
7940 607291
7941 607298
7942 607299
7943 607301
7944 607308
7945 607318
7946 607319
7947 607324
7948 607331
7949 607333
7950 607334
7951 607341
7952 607348
7953 607365
7954 607369
7955 607379
7956 607382
7957 607387
7958 607395
7959 607400
7960 607405
7961 615176
7962 615177
7963 615179
7964 615181
7965 615187
7966 615188
7967 615194
7968 615196
7969 615206
7970 615212
7971 615214
7972 615219
7973 615223
7974 615228
7975 615229
7976 615236
7977 615253
7978 615258
7979 615261
7980 615266
7981 615273
7982 615274
7983 615276
7984 615283
7985 615293
7986 615294
7987 615299
7988 615306
7989 615308
7990 615309
7991 615316
7992 615323
7993 615340
7994 615344
7995 615354
7996 615357
7997 615362
7998 615370
7999 615375
8000 615380
