38 273 1.02780401913377 273
41 333 1.01338293259946 333
42 351 1.01079717962492 351
44 356 1.02091393756881 356
48 388 1.0293076562536 388
49 465 1.00429040475062 465
52 511 1.00420172899936 511
53 513 1.00841115938271 513
54 539 1.00519491835552 539
57 546 1.01673362655618 546
58 567 1.01502921202709 567
63 580 1.03201071406747 580
64 680 1.01066849797936 680
66 744 1.00429589321931 744
68 762 1.00780821968451 762
76 819 1.02325043323459 lin2.273
82 999 1.01125419708135 lin2.333
88 1068 1.01761915488041 lin2.356
96 1164 1.02474682123284 lin2.388
104 1533 1.00357240622957 lin2.511
106 1539 1.00715203090285 lin2.513
116 1701 1.01280964755949 lin2.567
126 1740 1.02729762659675 lin2.580
128 2040 1.0091305112907 lin2.680
136 2045 1.02141118024696 2045
137 2335 1.00544344623452 lin137
152 2457 1.01997847151743 lin4.273
161 2747 1.01712126189012 lin161
162 2751 1.01817357855707 lin162
164 2997 1.00970973333488 lin4.333
176 3204 1.01522120546931 lin4.356
177 3491 1.00564599608985 lin177
192 3492 1.02141433830596 lin4.388
217 4877 1.00408017454821 lin217
218 4881 1.00484126382933 lin218
219 4883 1.00564684244771 lin219
220 4887 1.00639997287751 lin220
221 4899 1.00695546179511 lin221
222 4911 1.00750752317631 lin222
232 5103 1.01116130812079 lin4.567
252 5220 1.02379428281139 lin4.580
253 5683 1.0144565540268 lin253
254 5801 1.01277224903585 lin254
255 6117 1.00732528194593 lin255
256 6120 1.0079800895921 lin4.680
272 6135 1.01871418201656 lin2.2045
273 6687 1.0094099192901 lin273
274 6701 1.00982808104284 lin274
275 6715 1.01024414896637 lin275
281 6831 1.01215897719857 lin281
282 6833 1.01276310113835 lin282
283 6847 1.01316366259928 lin283
284 6861 1.01356227781311 lin284
285 6989 1.01207518107151 lin285
286 7017 1.01224511679098 lin286
287 7105 1.01144640315458 lin287
288 7119 1.01184343520275 lin288
289 7125 1.01236662098148 lin289
290 7139 1.01275966098738 lin290
291 7153 1.0131508426874 lin291
292 7219 1.01271546444924 lin292
293 7231 1.01313596924064 lin293
294 7251 1.01342868108551 lin294
295 7255 1.01397123225631 lin295
296 7265 1.01441742417084 lin296
321 7697 1.02223053290107 lin321
322 8013 1.01820340681615 lin322
323 8045 1.01829865049891 lin323
324 8049 1.01878715274142 lin324
325 8397 1.01455529384939 lin325
326 8745 1.01055260604658 lin326
328 8991 1.00853802237813 lin8.333
337 9369 1.00868782344375 lin337
342 9555 1.00907124871794 35.273
352 9612 1.01339778085405 lin8.356
380 10101 1.02110094928301 37.273
440 13172 1.01702125503633 37.356
456 14196 1.01497858607367 52.273
481 15631 1.01361773598415 lin481
482 15643 1.01387802965615 lin482
483 15651 1.01416446978526 lin483
484 15657 1.01446361913359 lin484
504 15660 1.02108788909131 lin8.580
505 16017 1.01903502011763 lin505
506 16065 1.0190439151163 lin506
507 16123 1.01898784404693 lin507
508 16241 1.01854355981229 lin508
532 17745 1.01680170317541 65.273
576 20176 1.01633768820717 52.388
580 20979 1.01345392313604 37.567
581 21391 1.01175097274881 lin581
582 21431 1.01183475168213 lin582
630 21460 1.02429110677995 37.580
641 22903 1.02038406936302 lin641
642 23039 1.0200286172472 lin642
646 23205 1.02027944847643 85.273
684 28119 1.00999274852838 103.273
697 28305 1.01225423444855 85.333
756 30160 1.01851077959197 52.580
816 32980 1.0213952415427 85.388
882 37700 1.02012872232011 65.580
912 40404 1.01846474661271 148.273
1008 46980 1.01893427876598 lin16.580
1040 47025 1.02344781512223 171.275
1071 49300 1.02328134263708 85.580
1120 50050 1.0284061847664 182.275
1178 55146 1.02660249504807 202.273
1240 55550 1.03335802858781 202.275
1280 63800 1.02497296216881 232.275
1281 68073 1.01911326902293 lin1281
1282 68397 1.01878970565371 lin1282
1283 68845 1.01830356041395 lin1283
1284 68981 1.0182340236198 lin1284
1285 69485 1.01767983062449 lin1285
1292 69615 1.01828144111426 255.273
1360 70125 1.02490135279738 255.275
1364 71912 1.02301141179253 202.356
1444 74529 1.02780401913377 273.273
1520 75075 1.0343775180701 273.275
1600 75625 1.0409424743836 275.275
1640 91575 1.02693188739641 275.333
1680 96525 1.02554937955682 275.351
1760 97900 1.03070323669861 275.356
1764 105560 1.02430161096589 182.580
1824 105924 1.02857867940022 273.388
1920 106700 1.03495210020647 275.388
1953 117160 1.02897350291323 202.580
1960 127875 1.02179781507431 275.465
1968 129204 1.02144871307131 333.388
2016 134560 1.02116969599649 232.580
2112 138128 1.02514131777781 356.388
2120 141075 1.02382148463038 275.513
2160 143893 1.02461099505606 37.3889
2166 149058 1.02194673784955 273.546
2280 150150 1.02814155564881 275.546
2304 150544 1.0293076562536 388.388
2320 155925 1.02720177000415 275.567
2394 158340 1.03003975254889 273.580
2520 159500 1.03619840138612 275.580
2560 187000 1.0246765630782 275.680
2583 193140 1.02312144510134 333.580
2592 202228 1.01972207031286 52.3889
2646 203580 1.02183974884451 351.580
2772 206480 1.02668361711057 356.580
2800 216425 1.02404899611183 275.787
3024 225040 1.03070327343644 388.580
3025 251035 1.02168346047498 lin3025
3026 251037 1.02172493988247 lin3026
3027 251047 1.0217637865118 lin3027
3028 251061 1.02180130974884 lin3028
3029 251065 1.02184209237339 lin3029
3030 251067 1.02188351572762 lin3030
3040 251075 1.02230091410664 275.lin76
3041 253551 1.02153658043164 lin3041
3042 253553 1.02157781170891 lin3042
3043 253557 1.02161838157273 lin3043
3044 253561 1.02165893759858 lin3044
3045 253573 1.02169688933076 lin3045
3046 253575 1.02173806527128 lin3046
3047 253587 1.02177598928298 lin3047
3048 253591 1.02181648994533 lin3048
3049 253611 1.021851795844 lin3049
3050 253623 1.02188967841164 lin3050
3051 253627 1.02193013754824 lin3051
3052 253637 1.02196864009284 lin3052
3053 253645 1.02200777644673 lin3053
3054 253655 1.02204625141627 lin3054
3055 253657 1.02208730304619 lin3055
3056 253671 1.02212445524555 lin3056
3057 253705 1.02215511812491 lin3057
3058 253715 1.02219353809199 lin3058
3059 253721 1.02223323938321 lin3059
3060 253731 1.02227163188086 lin3060
3061 253745 1.0223087156135 lin3061
3062 253747 1.02234967079566 lin3062
3063 253751 1.022389964791 lin3063
3064 253765 1.02242700736793 lin3064
3065 253785 1.02246209375965 lin3065
3066 253787 1.02250299414363 lin3066
3067 253797 1.02254129079828 lin3067
3068 253811 1.02257827877329 lin3068
3069 253815 1.02261849066948 lin3069
3070 253817 1.02265933650011 lin3070
3080 253825 1.02307093702274 275.lin77
3081 257951 1.02178831963311 lin3081
3082 257953 1.02182896198962 lin3082
3083 257957 1.02186895507692 lin3083
3084 257961 1.02190893470199 lin3084
3085 257973 1.0219463574872 lin3085
3086 257975 1.02198694600938 lin3086
3087 257987 1.02202434182618 lin3087
3088 257991 1.02206426759022 lin3088
3089 258011 1.02209909312061 lin3089
3090 258023 1.02213644861582 lin3090
3091 258027 1.02217633398014 lin3091
3092 258037 1.02221429843191 lin3092
3093 258045 1.02225288529777 lin3093
3094 258055 1.02229082292085 lin3094
3095 258057 1.02233129050236 lin3095
3096 258071 1.02236792963804 lin3096
3097 258105 1.02239819749203 lin3097
3098 258115 1.02243608159887 lin3098
3099 258121 1.02247522386975 lin3099
3100 258131 1.02251308124939 lin3100
3101 258145 1.02254965376487 lin3101
3102 258147 1.02259002750807 lin3102
3103 258151 1.0226297521985 lin3103
3104 258165 1.02266628466922 lin3104
3105 258185 1.02270089661591 lin3105
3106 258187 1.02274121704049 lin3106
3107 258197 1.0227789811628 lin3107
3108 258211 1.02281546050205 lin3108
3109 258215 1.0228551053082 lin3109
3110 258217 1.02289537265015 lin3110
3120 258225 1.02330113767208 275.lin78
3121 260701 1.02255883931223 lin3121
3122 260703 1.02259892483379 lin3122
3123 260707 1.02263836820793 lin3123
3124 260711 1.02267779847361 lin3124
3125 260723 1.02271469932921 lin3125
3126 260725 1.02275473243082 lin3126
3127 260737 1.02279160702676 lin3127
3128 260741 1.02283098484589 lin3128
3129 260761 1.02286531694005 lin3129
3130 260773 1.02290215227429 lin3130
3131 260777 1.02294149075368 lin3131
3132 260787 1.02297892898039 lin3132
3133 260795 1.0230169832037 lin3133
3134 260805 1.02305439530537 lin3134
3135 260807 1.02309431063733 lin3135
3136 260821 1.02313043849386 lin3136
3137 260855 1.02316026310979 lin3137
3138 260865 1.02319762309881 lin3138
3139 260871 1.02323622806457 lin3139
3140 260881 1.02327356202599 lin3140
3141 260895 1.02330962500997 lin3141
3142 260897 1.02334944895789 lin3142
3143 260901 1.02338863096909 lin3143
3144 260915 1.02342465495551 lin3144
3145 260935 1.02345877907211 lin3145
3146 260937 1.02349855109361 lin3146
3147 260947 1.02353579423589 lin3147
3148 260961 1.02357176648035 lin3148
3149 260965 1.02361087069252 lin3149
3150 260967 1.02365059101575 lin3150
3160 260975 1.02405086405795 275.lin79
3161 263451 1.02331631285279 lin3161
3162 263453 1.02335585607825 lin3162
3163 263457 1.02339476412546 lin3163
3164 263461 1.02343365940438 lin3164
3165 263473 1.02347005213316 lin3165
3166 263475 1.02350954429867 lin3166
3167 263487 1.02354591144928 lin3167
3168 263491 1.02358475564177 lin3168
3169 263511 1.02361860749171 lin3169
3170 263523 1.02365493639978 lin3170
3171 263527 1.0236937422718 lin3171
3172 263537 1.02373066812025 lin3172
3173 263545 1.02376820367338 lin3173
3174 263555 1.02380510407344 lin3174
3175 263557 1.02384448151862 lin3175
3176 263571 1.02388011161062 lin3176
3177 263605 1.02390950509869 lin3177
3178 263615 1.02394635473585 lin3178
3179 263621 1.0239844364272 lin3179
3180 263631 1.02402126070954 lin3180
3181 263645 1.02405682760961 lin3181
3182 263647 1.02409611603109 lin3182
3183 263651 1.02413476947951 lin3183
3184 263665 1.02417029838914 lin3184
3185 263685 1.0242039476525 lin3185
3186 263687 1.02424318548656 lin3186
3187 263697 1.02427992129467 lin3187
3188 263711 1.0243153997987 lin3188
3189 263715 1.0243539774537 lin3189
3190 263717 1.024393164921 lin3190
3200 263725 1.02478808772869 275.lin80
3360 277475 1.02680243605011 275.1009
3402 312620 1.0186805042588 539.580
3456 315009 1.02003951256694 lin16.3889
3591 316680 1.0244086025417 546.580
3654 328860 1.02353511452845 567.580
3672 330565 1.02373148938884 85.3889
3969 336400 1.03201071406747 580.580
4032 391492 1.02179473858357 388.1009
4216 413090 1.02302097808532 202.2045
4320 431679 1.02252721626008 111.3889
4332 447174 1.02009357466634 273.1638
4560 450450 1.02576663989767 275.1638
4600 486475 1.0207969099576 275.1769
4640 491425 1.021055461875 275.1787
4680 494175 1.02165856286278 275.1797
4750 496314 1.02311632728163 273.1818
5000 499950 1.02874263659282 275.1818
5040 542575 1.02332456549726 275.1973
5168 558285 1.024121182971 273.2045
5440 562375 1.02969693830947 275.2045
5472 635544 1.02096720601407 388.1638
5480 642125 1.02035384778361 275.lin137
5520 645425 1.02082453463741 275.2347
5521 651751 1.02010224588597 lin5521
5522 651753 1.02012345404457 lin5522
5523 651757 1.02014442447646 lin5523
5524 651761 1.02016539101075 lin5524
5525 651773 1.0201854182908 lin5525
5526 651775 1.02020661086259 lin5526
5527 651787 1.0202266303285 lin5527
5528 651791 1.02024758126364 lin5528
5529 651811 1.0202666575472 lin5529
5530 651823 1.02028666530282 lin5530
5531 651827 1.02030760453143 lin5531
5532 651837 1.02032783833252 lin5532
5533 651845 1.02034830208361 lin5533
5534 651855 1.02036852809284 lin5534
5535 651857 1.02038968561042 lin5535
5536 651871 1.02040943613127 lin5536
5537 651905 1.02042684429669 lin5537
5538 651915 1.02044705472978 lin5538
5539 651921 1.02046772896368 lin5539
5540 651931 1.02048793162262 lin5540
5541 651945 1.02050766270336 lin5541
5542 651947 1.02052879298195 lin5542
5543 651951 1.02054968554385 lin5543
5544 651965 1.02056940496676 lin5544
5545 651985 1.02058841896059 lin5545
5546 651987 1.02060953372821 lin5546
5547 651997 1.02062970921795 lin5547
5548 652011 1.02064941312525 lin5548
5549 652015 1.02067028242635 lin5549
5550 652017 1.02069138172568 lin5550
5560 652025 1.02090356648152 275.lin139
5561 654501 1.02063590688949 lin5561
5562 654503 1.02065695507154 lin5562
5563 654507 1.02067776651784 lin5563
5564 654511 1.02069857412356 lin5564
5565 654523 1.02071844626835 lin5565
5566 654525 1.02073947909161 lin5566
5567 654537 1.02075934353657 lin5567
5568 654541 1.02078013577126 lin5568
5569 654561 1.02079906088482 lin5569
5570 654573 1.02081891379088 lin5570
5571 654577 1.02083969449011 lin5571
5572 654587 1.02085977262141 lin5572
5573 654595 1.02088007982537 lin5573
5574 654605 1.02090015027867 lin5574
5575 654607 1.02092114855981 lin5575
5576 654621 1.02094074550717 lin5576
5577 654655 1.02095800949956 lin5577
5578 654665 1.02097806460439 lin5578
5579 654671 1.02099858169804 lin5579
5580 654681 1.02101862914218 lin5580
5581 654695 1.0210382069337 lin5581
5582 654697 1.02105917837312 lin5582
5583 654701 1.02107991308672 lin5583
5584 654715 1.02109947939047 lin5584
5585 654735 1.02111834312538 lin5585
5586 654737 1.02113929927987 lin5586
5587 654747 1.02115931995115 lin5587
5588 654761 1.02117887096571 lin5588
5589 654765 1.02119958275745 lin5589
5590 654767 1.02122052366895 lin5590
5600 654775 1.02143112201617 275.lin140
5601 658351 1.02103699749664 lin5601
5602 658353 1.02105788583427 lin5602
5603 658357 1.02107853886483 lin5603
5604 658361 1.02109918811111 lin5604
5605 658373 1.02111890744288 lin5605
5606 658375 1.02113978064679 lin5606
5607 658387 1.02115949239158 lin5607
5608 658391 1.02118012649202 lin5608
5609 658411 1.02119890450863 lin5609
5610 658423 1.02121860488362 lin5610
5611 658427 1.0212392276175 lin5611
5612 658437 1.0212591519576 lin5612
5613 658445 1.02127930405388 lin5613
5614 658455 1.02129922082836 lin5614
5615 658457 1.02132005999579 lin5615
5616 658471 1.02133950612215 lin5616
5617 658505 1.02135663307704 lin5617
5618 658515 1.02137653472772 lin5618
5619 658521 1.02139689567778 lin5619
5620 658531 1.02141678977978 lin5620
5621 658545 1.02143621703068 lin5621
5622 658547 1.02145702974873 lin5622
5623 658551 1.02147760716945 lin5623
5624 658565 1.02149702310046 lin5624
5625 658585 1.0215157406371 lin5625
5626 658587 1.02153653829343 lin5626
5627 658597 1.02155640601378 lin5627
5628 658611 1.02157580687903 lin5628
5629 658615 1.02159636171256 lin5629
5630 658617 1.02161714434836 lin5630
5640 658625 1.02182615473821 275.lin141
5641 658901 1.02181517465963 lin5641
5642 658903 1.02183591197524 lin5642
5643 658907 1.02185641406881 lin5643
5644 658911 1.02187691243172 lin5644
5645 658923 1.02189648105981 lin5645
5646 658925 1.02191720345609 lin5646
5647 658937 1.02193676460468 lin5647
5648 658941 1.02195724803619 lin5648
5649 658961 1.02197587569068 lin5649
5650 658973 1.02199542563074 lin5650
5651 658977 1.02201589785647 lin5651
5652 658987 1.02203567183711 lin5652
5653 658995 1.0220556735957 lin5653
5654 659005 1.02207544011782 lin5654
5655 659007 1.02209612895889 lin5655
5656 659021 1.02211542500357 lin5656
5657 659055 1.02213240224974 lin5657
5658 659065 1.02215215386229 lin5658
5659 659071 1.02217236476361 lin5659
5660 659081 1.02219210893419 lin5660
5661 659095 1.02221138637116 lin5661
5662 659097 1.0222320491361 lin5662
5663 659101 1.02225247668884 lin5663
5664 659115 1.02227174296584 lin5664
5665 659135 1.02229031099845 lin5665
5666 659137 1.0223109589141 lin5666
5667 659147 1.02233067707579 lin5667
5668 659161 1.02234992850015 lin5668
5669 659165 1.02237033378432 lin5669
5670 659167 1.02239096689125 lin5670
5680 659175 1.02259848469399 275.lin142
5681 660001 1.02252373997856 lin5681
5682 660003 1.02254432732802 lin5682
5683 660007 1.02256467976255 lin5683
5684 660011 1.02258502851912 lin5684
5685 660023 1.02260444861158 lin5685
5686 660025 1.02262502125253 lin5686
5687 660037 1.0226444339712 lin5687
5688 660041 1.02266476800728 lin5688
5689 660061 1.02268324835596 lin5689
5690 660073 1.02270265002466 lin5690
5691 660077 1.0227229730131 lin5691
5692 660087 1.02274259857312 lin5692
5693 660095 1.02276245170903 lin5693
5694 660105 1.02278206991584 lin5694
5695 660107 1.02280260947496 lin5695
5696 660121 1.02282175781913 lin5696
5697 660155 1.02283858996613 lin5697
5698 660165 1.02285819347403 lin5698
5699 660171 1.02287825581339 lin5699
5700 660181 1.02289785198426 lin5700
5701 660195 1.02291698198395 lin5701
5702 660197 1.02293749583409 lin5702
5703 660201 1.02295777477922 lin5703
5704 660215 1.02297689377621 lin5704
5705 660235 1.02299531534659 lin5705
5706 660237 1.02301581455641 lin5706
5707 660247 1.023035385085 lin5707
5708 660261 1.02305448943892 lin5708
5709 660265 1.02307474642886 lin5709
5710 660267 1.02309523103829 lin5710
5720 660275 1.02330126518226 275.lin143
5721 663851 1.02290963641137 lin5721
5722 663853 1.02293007059918 lin5722
5723 663857 1.02295027127895 lin5723
5724 663861 1.02297046833358 lin5724
5725 663873 1.02298974219382 lin5725
5726 663875 1.02301016188425 lin5726
5727 663887 1.02302942847655 lin5727
5728 663891 1.02304961102193 lin5728
5729 663911 1.02306795076726 lin5729
5730 663923 1.02308720646822 lin5730
5731 663927 1.02310737812441 lin5731
5732 663937 1.0231268564679 lin5732
5733 663945 1.02314656108563 lin5733
5734 663955 1.02316603218135 lin5734
5735 663957 1.02318641926429 lin5735
5736 663971 1.02320542331159 lin5736
5737 664005 1.02322212475852 lin5737
5738 664015 1.02324158136606 lin5738
5739 664021 1.02326149414883 lin5739
5740 664031 1.02328094352445 lin5740
5741 664045 1.02329992949028 lin5741
5742 664047 1.02332029123233 lin5742
5743 664051 1.0233404194761 lin5743
5744 664065 1.02335939459674 lin5744
5745 664085 1.02337767640676 lin5745
5746 664087 1.02339802371793 lin5746
5747 664097 1.0234174478183 lin5747
5748 664111 1.02343640850549 lin5748
5749 664115 1.02345651510807 lin5749
5750 664117 1.02347684802758 lin5750
5760 664125 1.02368135999453 275.lin144
5761 669351 1.02310370675113 lin5761
5762 669353 1.02312398683975 lin5762
5763 669357 1.02314403545867 lin5763
5764 669361 1.02316408050482 lin5764
5765 669373 1.02318321035333 lin5765
5766 669375 1.02320347615401 lin5766
5767 669387 1.02322259883958 lin5767
5768 669391 1.02324262958605 lin5768
5769 669411 1.02326083347413 lin5769
5770 669423 1.02327994542559 lin5770
5771 669427 1.0232999654401 lin5771
5772 669437 1.02331929815265 lin5772
5773 669445 1.02333885520555 lin5773
5774 669455 1.0233581807749 lin5774
5775 669457 1.02337841443875 lin5775
5776 669471 1.02339727703665 lin5776
5777 669505 1.02341385694799 lin5777
5778 669515 1.02343316823809 lin5778
5779 669521 1.02345293178329 lin5779
5780 669531 1.0234722359457 lin5780
5781 669545 1.02349108072271 lin5781
5782 669547 1.02351128941105 lin5782
5783 669551 1.02353126663911 lin5783
5784 669565 1.02355010072716 lin5784
5785 669585 1.02356824751511 lin5785
5786 669587 1.02358844198042 lin5786
5787 669597 1.02360772123162 lin5787
5788 669611 1.023626541094 lin5788
5789 669615 1.02364649699247 lin5789
5790 669617 1.02366667727322 lin5790
5800 669625 1.02386965376122 275.lin145
5801 669901 1.02385857080525 lin5801
5802 669903 1.02387870828214 lin5802
5803 669907 1.02389861437163 lin5803
5804 669911 1.02391851693759 lin5804
5805 669923 1.02393750448786 lin5805
5806 669925 1.02395762787365 lin5806
5807 669937 1.02397660835968 lin5807
5808 669941 1.02399649682286 lin5808
5809 669961 1.0240145587433 lin5809
5810 669973 1.02403352864332 lin5810
5811 669977 1.02405340652219 lin5811
5812 669987 1.02407259724836 lin5812
5813 669995 1.02409201233065 lin5813
5814 670005 1.02411119601196 lin5814
5815 670007 1.02413128770289 lin5815
5816 670021 1.02415000857798 lin5816
5817 670055 1.02416644715142 lin5817
5818 670065 1.02418561675024 lin5818
5819 670071 1.02420523858597 lin5819
5820 670081 1.02422440115511 lin5820
5821 670095 1.02424310445523 lin5821
5822 670097 1.02426317151345 lin5822
5823 670101 1.02428300719382 lin5823
5824 670115 1.02430169995187 lin5824
5825 670135 1.02431970556028 lin5825
5826 670137 1.02433975859059 lin5826
5827 670147 1.0243588965909 lin5827
5828 670161 1.02437757531905 lin5828
5829 670165 1.02439738996248 lin5829
5830 670167 1.02441742900279 lin5830
5840 670175 1.02461899554257 275.lin146
5841 672651 1.02435763715249 lin5841
5842 672653 1.02437762989209 lin5842
5843 672657 1.02439739218372 lin5843
5844 672661 1.02441715100092 lin5844
5845 672673 1.02443599841321 lin5845
5846 672675 1.0244559772581 lin5846
5847 672687 1.0244748177046 lin5847
5848 672691 1.02449456261551 lin5848
5849 672711 1.02451248815683 lin5849
5850 672723 1.02453131816494 lin5850
5851 672727 1.02455105263889 lin5851
5852 672737 1.02457010268081 lin5852
5853 672745 1.02458937623731 lin5853
5854 672755 1.02460841933245 lin5854
5855 672757 1.02462836692362 lin5855
5856 672771 1.02464694909183 lin5856
5857 672805 1.02466325791391 lin5857
5858 672815 1.02468228712269 lin5858
5859 672821 1.02470176683596 lin5859
5860 672831 1.02472078911284 lin5860
5861 672845 1.02473935395096 lin5861
5862 672847 1.02475927725172 lin5862
5863 672851 1.02477897011397 lin5863
5864 672865 1.02479752455657 lin5864
5865 672885 1.02481539457073 lin5865
5866 672887 1.02483530403838 lin5866
5867 672897 1.02485430208793 lin5867
5868 672911 1.02487284269573 lin5868
5869 672915 1.02489251481313 lin5869
5870 672917 1.02491241048494 lin5870
5880 672925 1.02511254064678 275.lin147
5881 676501 1.02472790509689 lin5881
5882 676503 1.02474775309101 lin5882
5883 676507 1.02476737199183 lin5883
5884 676511 1.02478698746677 lin5884
5885 676523 1.02480569681039 lin5885
5886 676525 1.02482553110389 lin5886
5887 676537 1.02484423357903 lin5887
5888 676541 1.02486383534188 lin5888
5889 676561 1.02488162823441 lin5889
5890 676573 1.02490032041699 lin5890
5891 676577 1.02491991188854 lin5891
5892 676587 1.02493882289561 lin5892
5893 676595 1.02495795615934 lin5893
5894 676605 1.02497686031657 lin5894
5895 676607 1.02499666379243 lin5895
5896 676621 1.02501510973248 lin5896
5897 676655 1.02503129543905 lin5897
5898 676665 1.02505018590367 lin5898
5899 676671 1.02506952430829 lin5899
5900 676681 1.02508840793762 lin5900
5901 676695 1.0251068367894 lin5901
5902 676697 1.02512661631333 lin5902
5903 676701 1.02514616675327 lin5903
5904 676715 1.02516458535435 lin5904
5905 676735 1.02518232349475 lin5905
5906 676737 1.02520208937815 lin5906
5907 676747 1.02522094911767 lin5907
5908 676761 1.02523935407669 lin5908
5909 676765 1.02525888406055 lin5909
5910 676767 1.02527863634007 lin5910
5920 676775 1.02547732736033 275.lin148
5921 677601 1.02540410409929 lin5921
5922 677603 1.02542381432722 lin5922
5923 677607 1.0254432957533 lin5923
5924 677611 1.02546277379996 lin5924
5925 677623 1.02548134674209 lin5925
5926 677625 1.02550104345521 lin5926
5927 677637 1.02551960962203 lin5927
5928 677641 1.02553907414248 lin5928
5929 677661 1.02555673180058 lin5929
5930 677673 1.0255752878146 lin5930
5931 677677 1.02559474218316 lin5931
5932 677687 1.02561351686936 lin5932
5933 677695 1.02563251361335 lin5933
5934 677705 1.02565128154255 lin5934
5935 677707 1.0256709478553 lin5935
5936 677721 1.02568925815077 lin5936
5937 677755 1.02570531071327 lin5937
5938 677765 1.02572406513557 lin5938
5939 677771 1.02574326705326 lin5939
5940 677781 1.0257620147328 lin5940
5941 677795 1.02578030817206 lin5941
5942 677797 1.02579995085658 lin5942
5943 677801 1.02581936474865 lin5943
5944 677815 1.02583764807588 lin5944
5945 677835 1.02585525172554 lin5945
5946 677837 1.02587488095379 lin5946
5947 677847 1.02589360506675 lin5947
5948 677861 1.02591187493672 lin5948
5949 677865 1.02593126864904 lin5949
5950 677867 1.02595088445711 lin5950
5960 677875 1.02614821179969 275.lin149
5961 678151 1.0261369059508 lin5961
5962 678153 1.02615648125501 lin5962
5963 678157 1.0261758278382 lin5963
5964 678161 1.02619517108729 lin5964
5965 678173 1.02621360941957 lin5965
5966 678175 1.02623317139019 lin5966
5967 678187 1.02625160303804 lin5967
5968 678191 1.02627093294222 lin5968
5969 678211 1.02628845631506 lin5969
5970 678223 1.02630687794646 lin5970
5971 678227 1.02632619783469 lin5971
5972 678237 1.02634483819314 lin5972
5973 678245 1.02636370061885 lin5973
5974 678255 1.02638233431085 lin5974
5975 678257 1.02640186628806 lin5975
5976 678271 1.02642004250857 lin5976
5977 678305 1.02643596140103 lin5977
5978 678315 1.02645458176733 lin5978
5979 678321 1.02647364960215 lin5979
5980 678331 1.02649226331595 lin5980
5981 678345 1.02651042290672 lin5981
5982 678347 1.02652993157136 lin5982
5983 678351 1.02654921152451 lin5983
5984 678365 1.02656736113852 lin5984
5985 678385 1.02658483122868 lin5985
5986 678387 1.02660432661675 lin5986
5987 678397 1.02662291707928 lin5987
5988 678411 1.02664105341633 lin5988
5989 678415 1.02666031345925 lin5989
5990 678417 1.02667979560631 lin5990
6000 678425 1.02687578857072 275.lin150
6001 682001 1.02649356395687 lin6001
6002 682003 1.02651300028919 lin6002
6003 682007 1.0265322092351 lin6003
6004 682011 1.02655141489259 lin6004
6005 682023 1.0265697208352 lin6005
6006 682025 1.02658914401654 lin6006
6007 682037 1.02660744336627 lin6007
6008 682041 1.02662663586156 lin6008
6009 682061 1.02664403218429 lin6009
6010 682073 1.02666232165477 lin6010
6011 682077 1.02668150427118 lin6011
6012 682087 1.02670001127087 lin6012
6013 682095 1.02671873909424 lin6013
6014 682105 1.02673723951868 lin6014
6015 682107 1.02675663311694 lin6015
6016 682121 1.0267746787395 lin6016
6017 682155 1.02679047997163 lin6017
6018 682165 1.02680896725267 lin6018
6019 682171 1.02682789946934 lin6019
6020 682181 1.0268463801888 lin6020
6021 682195 1.02686440940913 lin6021
6022 682197 1.02688378001334 lin6022
6023 682201 1.02690292324052 lin6023
6024 682215 1.02692094262039 lin6024
6025 682235 1.02693828638962 lin6025
6026 682237 1.0269576438985 lin6026
6027 682247 1.02697610168428 lin6027
6028 682261 1.02699410796855 lin6028
6029 682265 1.02701323155725 lin6029
6030 682267 1.02703257600576 lin6030
6040 682275 1.02722718671501 275.lin151
6041 685851 1.02684711630489 lin6041
6042 685853 1.02686641556151 lin6042
6043 685857 1.02688548875108 lin6043
6044 685861 1.02690455869697 lin6044
6045 685873 1.02692273407163 lin6045
6046 685875 1.02694202035619 lin6046
6047 685887 1.02696018922768 lin6047
6048 685891 1.0269792461904 lin6048
6049 685911 1.02699651722367 lin6049
6050 685923 1.02701467635033 lin6050
6051 685927 1.02703372356848 lin6051
6052 685937 1.02705209903901 lin6052
6053 685945 1.02707069410307 lin6053
6054 685955 1.02708906308773 lin6054
6055 685957 1.02710832019128 lin6055
6056 685971 1.02712623701312 lin6056
6057 686005 1.02714192223778 lin6057
6058 686015 1.02716027825767 lin6058
6059 686021 1.02717907670804 lin6059
6060 686031 1.02719742625543 lin6060
6061 686045 1.02721532689798 lin6061
6062 686047 1.02723456131958 lin6062
6063 686051 1.02725356968336 lin6063
6064 686065 1.02727146061898 lin6064
6065 686085 1.02728867981324 lin6065
6066 686087 1.0273079013171 lin6066
6067 686097 1.02732622824202 lin6067
6068 686111 1.02734410625977 lin6068
6069 686115 1.02736309525134 lin6069
6070 686117 1.02738230387184 lin6070
6080 686125 1.02757555106793 275.lin152
6081 695201 1.02659109219264 lin6081
6082 695203 1.02661024679762 lin6082
6083 695207 1.02662917865424 lin6083
6084 695211 1.02664810731302 lin6084
6085 695223 1.02666615453846 lin6085
6086 695225 1.02668529635467 lin6086
6087 695237 1.02670333716879 lin6087
6088 695241 1.02672225302786 lin6088
6089 695261 1.02673940918748 lin6089
6090 695273 1.02675744039415 lin6090
6091 695277 1.02677634664635 lin6091
6092 695287 1.02679459101555 lin6092
6093 695295 1.02681305175108 lin6093
6094 695305 1.02683128972589 lin6094
6095 695307 1.02685040277337 lin6095
6096 695321 1.02686819522279 lin6096
6097 695355 1.02688378884866 lin6097
6098 695365 1.02690201404126 lin6098
6099 695371 1.02692067516456 lin6099
6100 695381 1.0269388939759 lin6100
6101 695395 1.02695667047333 lin6101
6102 695397 1.02697576115922 lin6102
6103 695401 1.02699462910537 lin6103
6104 695415 1.02701239603265 lin6104
6105 695435 1.02702950108183 lin6105
6106 695437 1.02704857903216 lin6106
6107 695447 1.02706677553959 lin6107
6108 695461 1.02708452973053 lin6108
6109 695465 1.02710337857749 lin6109
6110 695467 1.02712244382593 lin6110
6120 695475 1.02731424013813 275.lin153
6121 697401 1.02712233686688 lin6121
6122 697403 1.02714136098545 lin6122
6123 697407 1.02716016302878 lin6123
6124 697411 1.02717896191662 lin6124
6125 697423 1.02719688193695 lin6125
6126 697425 1.02721589343611 lin6126
6127 697437 1.02723380713005 lin6127
6128 697441 1.02725259338763 lin6128
6129 697461 1.02726962503576 lin6129
6130 697473 1.02728752924959 lin6130
6131 697477 1.0273063060274 lin6131
6132 697487 1.02732442285746 lin6132
6133 697495 1.02734275546515 lin6133
6134 697505 1.02736086598544 lin6134
6135 697507 1.02737984909632 lin6135
6136 697521 1.02739751543794 lin6136
6137 697555 1.02741298930932 lin6137
6138 697565 1.02743108721664 lin6138
6139 697571 1.02744961983459 lin6139
6140 697581 1.027467711445 lin6140
6141 697595 1.02748536204597 lin6141
6142 697597 1.02750432309052 lin6142
6143 697601 1.02752306206845 lin6143
6144 697615 1.0275407032257 lin6144
6145 697635 1.02755768444074 lin6145
6146 697637 1.02757663291777 lin6146
6147 697647 1.02759470251892 lin6147
6148 697661 1.02761233110823 lin6148
6149 697665 1.02763105123898 lin6149
6150 697667 1.02764998718166 lin6150
6160 697675 1.02784048893749 275.lin154
6161 702901 1.02728985529317 lin6161
6162 702903 1.0273087451365 lin6162
6163 702907 1.02732741475161 lin6163
6164 702911 1.02734608125389 lin6164
6165 702923 1.02736387614914 lin6165
6166 702925 1.02738275354369 lin6166
6167 702937 1.02740054219808 lin6167
6168 702941 1.02741919624085 lin6168
6169 702961 1.02743611015281 lin6169
6170 702973 1.02745388945519 lin6170
6171 702977 1.02747253414631 lin6171
6172 702987 1.02749052434574 lin6172
6173 702995 1.0275087285609 lin6173
6174 703005 1.02752671253578 lin6174
6175 703007 1.02754556192562 lin6175
6176 703021 1.02756310541607 lin6176
6177 703055 1.02757847452361 lin6177
6178 703065 1.02759644605574 lin6178
6179 703071 1.02761484873213 lin6179
6180 703081 1.02763281405232 lin6180
6181 703095 1.02765034201444 lin6181
6182 703097 1.02766916963579 lin6182
6183 703101 1.02768777703724 lin6183
6184 703115 1.02770529568301 lin6184
6185 703135 1.02772215984234 lin6185
6186 703137 1.02774097506562 lin6186
6187 703147 1.0277589186733 lin6187
6188 703161 1.02777642492048 lin6188
6189 703165 1.02779501372881 lin6189
6190 703167 1.02781381658661 lin6190
6200 703175 1.02800297897106 275.lin155
6201 704551 1.02787271453634 lin6201
6202 704553 1.02789147825655 lin6202
6203 704557 1.02791002221237 lin6203
6204 704561 1.02792856309588 lin6204
6205 704573 1.02794623410655 lin6205
6206 704575 1.02796498553998 lin6206
6207 704587 1.02798265039101 lin6207
6208 704591 1.02800117897709 lin6208
6209 704611 1.02801797086092 lin6209
6210 704623 1.02803562648178 lin6210
6211 704627 1.02805414583775 lin6211
6212 704637 1.02807201201315 lin6212
6213 704645 1.02809009182116 lin6213
6214 704655 1.02810795185295 lin6214
6215 704657 1.02812667564554 lin6215
6216 704671 1.02814409612105 lin6216
6217 704705 1.02815934649087 lin6217
6218 704715 1.02817719424183 lin6218
6219 704721 1.02819547233001 lin6219
6220 704731 1.02821331394971 lin6220
6221 704745 1.02823071909917 lin6221
6222 704747 1.02824942140564 lin6222
6223 704751 1.02826790395612 lin6223
6224 704765 1.02828529991017 lin6224
6225 704785 1.02830204268962 lin6225
6226 704787 1.02832073275877 lin6226
6227 704797 1.02833855294788 lin6227
6228 704811 1.02835593666448 lin6228
6229 704815 1.02837440086289 lin6229
6230 704817 1.02839307872682 lin6230
6240 704825 1.02858099081942 275.lin156
6241 707301 1.02833205124438 lin6241
6242 707303 1.02835068867866 lin6242
6243 707307 1.02836910719717 lin6243
6244 707311 1.02838752268347 lin6244
6245 707323 1.02840507157149 lin6245
6246 707325 1.02842369687934 lin6246
6247 707337 1.02844123968813 lin6247
6248 707341 1.02845964303743 lin6248
6249 707361 1.02847631619411 lin6249
6250 707373 1.02849384989326 lin6250
6251 707377 1.02851224413281 lin6251
6252 707387 1.02852998765797 lin6252
6253 707395 1.02854794404707 lin6253
6254 707405 1.02856568150873 lin6254
6255 707407 1.02858427953602 lin6255
6256 707421 1.02860157913905 lin6256
6257 707455 1.02861671676443 lin6257
6258 707465 1.02863444210546 lin6258
6259 707471 1.02865259620605 lin6259
6260 707481 1.02867031549568 lin6260
6261 707495 1.02868759997269 lin6261
6262 707497 1.02870617679351 lin6262
6263 707501 1.02872453470689 lin6263
6264 707515 1.02874181010822 lin6264
6265 707535 1.02875843480155 lin6265
6266 707537 1.0287769995442 lin6266
6267 707547 1.02879469768226 lin6267
6268 707561 1.02881196100554 lin6268
6269 707565 1.02883030080554 lin6269
6270 707567 1.02884885350163 lin6270
6280 707575 1.02903551122965 275.lin157
6281 711701 1.02861023999227 lin6281
6282 711703 1.02862875012453 lin6282
6283 711707 1.0286470427563 lin6283
6284 711711 1.02866533239573 lin6284
6285 711723 1.02868276097881 lin6285
6286 711725 1.02870125914406 lin6286
6287 711737 1.02871868172784 lin6287
6288 711741 1.02873695938981 lin6288
6289 711761 1.02875351790359 lin6289
6290 711773 1.02877093149748 lin6290
6291 711777 1.02878920016939 lin6291
6292 711787 1.02880682229344 lin6292
6293 711795 1.02882465594566 lin6293
6294 711805 1.02884227208586 lin6294
6295 711807 1.02886074332888 lin6295
6296 711821 1.02887792444131 lin6296
6297 711855 1.02889295737185 lin6297
6298 711865 1.02891056155056 lin6298
6299 711871 1.02892859177738 lin6299
6300 711881 1.0289461899841 lin6300
6301 711895 1.02896335616908 lin6301
6302 711897 1.02898180648386 lin6302
6303 711901 1.02900003930633 lin6303
6304 711915 1.02901719653465 lin6304
6305 711935 1.02903370722151 lin6305
6306 711937 1.02905214561645 lin6306
6307 711947 1.02906972294895 lin6307
6308 711961 1.02908686825759 lin6308
6309 711965 1.02910508320405 lin6309
6310 711967 1.02912350971024 lin6310
6320 711975 1.02930889943951 275.lin158
6321 714451 1.02906240232637 lin6321
6322 714453 1.0290807894459 lin6322
6323 714457 1.02909895989642 lin6323
6324 714461 1.02911712739316 lin6324
6325 714473 1.02913443704416 lin6325
6326 714475 1.02915281235089 lin6326
6327 714487 1.02917011607991 lin6327
6328 714491 1.02918827175349 lin6328
6329 714511 1.02920471466209 lin6329
6330 714523 1.02922200951714 lin6330
6331 714527 1.02924015631641 lin6331
6332 714537 1.02925765898565 lin6332
6333 714545 1.02927537242845 lin6333
6334 714555 1.02929286919089 lin6334
6335 714557 1.02931121792191 lin6335
6336 714571 1.02932828131992 lin6336
6337 714605 1.02934320450639 lin6337
6338 714615 1.02936068946142 lin6338
6339 714621 1.0293785989166 lin6339
6340 714631 1.02939607797645 lin6340
6341 714645 1.0294131266394 lin6341
6342 714647 1.02943145471114 lin6342
6343 714651 1.029449566122 lin6343
6344 714665 1.02946660594344 lin6344
6345 714685 1.02948300164166 lin6345
6346 714687 1.02950131794665 lin6346
6347 714697 1.02951877640065 lin6347
6348 714711 1.02953580445574 lin6348
6349 714715 1.02955389822017 lin6349
6350 714717 1.02957220278903 lin6350
6360 714725 1.02975637046986 275.lin159
6361 717201 1.02951072981583 lin6361
6362 717203 1.0295289954974 lin6362
6363 717207 1.0295470453352 lin6363
6364 717211 1.02956509225705 lin6364
6365 717223 1.029582284521 lin6365
6366 717225 1.02960053854105 lin6366
6367 717237 1.02961772495887 lin6367
6368 717241 1.02963576020893 lin6368
6369 717261 1.02965208903243 lin6369
6370 717273 1.02966926669 lin6370
6371 717277 1.0296872931793 lin6371
6372 717287 1.02970467793913 lin6372
6373 717295 1.0297222727227 lin6373
6374 717305 1.02973965165132 lin6374
6375 717307 1.02975787943558 lin6375
6376 717321 1.02977482665065 lin6376
6377 717355 1.0297896415687 lin6377
6378 717365 1.02980700884105 lin6378
6379 717371 1.02982479907589 lin6379
6380 717381 1.02984216052843 lin6380
6381 717395 1.02985909319717 lin6381
6382 717397 1.02987730058601 lin6382
6383 717401 1.02989529213918 lin6383
6384 717415 1.02991221607938 lin6384
6385 717435 1.02992849829731 lin6385
6386 717437 1.02994669406959 lin6386
6387 717447 1.02996403517956 lin6387
6388 717461 1.02998094750382 lin6388
6389 717465 1.02999892163578 lin6389
6390 717467 1.03001710582166 lin6390
6400 717475 1.03020006699116 275.lin160
6401 755151 1.02632279397022 lin6401
6402 755153 1.02634088632643 lin6402
6403 755157 1.0263587749815 lin6403
6404 755161 1.0263766607684 lin6404
6405 755173 1.02639374032568 lin6405
6406 755175 1.02641182121152 lin6406
6407 755187 1.02642889501834 lin6407
6408 755191 1.026446769325 lin6408
6409 755211 1.02646303401189 lin6409
6410 755223 1.02648009920042 lin6410
6411 755227 1.02649796489043 lin6411
6412 755237 1.02651522518212 lin6412
6413 755245 1.02653268345076 lin6413
6414 755255 1.02654993800639 lin6414
6415 755257 1.02656799308807 lin6415
6416 755271 1.02658484021403 lin6416
6417 755305 1.0265996760251 lin6417
6418 755315 1.02661691911316 lin6418
6419 755321 1.02663456102506 lin6419
6420 755331 1.02665179838833 lin6420
6421 755345 1.02666863120075 lin6421
6422 755347 1.02668666622379 lin6422
6423 755351 1.0267044975513 lin6423
6424 755365 1.02672132177776 lin6424
6425 755385 1.02673754060559 lin6425
6426 755387 1.02675556420309 lin6426
6427 755397 1.02677278155515 lin6427
6428 755411 1.02678959435297 lin6428
6429 755415 1.02680740854506 lin6429
6430 755417 1.026825420746 lin6430
6440 755425 1.02700659207929 275.lin161
6441 756251 1.02694185811066 lin6441
6442 756253 1.02695983510885 lin6442
6443 756257 1.02697760863441 lin6443
6444 756261 1.02699537932757 lin6444
6445 756273 1.02701234459819 lin6445
6446 756275 1.02703031026901 lin6446
6447 756287 1.02704726986088 lin6447
6448 756291 1.02706502921688 lin6448
6449 756311 1.02708118053214 lin6449
6450 756323 1.02709813161329 lin6450
6451 756327 1.02711588245994 lin6451
6452 756337 1.02713302852283 lin6452
6453 756345 1.02715037240543 lin6453
6454 756355 1.02716751280374 lin6454
6455 756357 1.02718545299162 lin6455
6456 756371 1.02720218641774 lin6456
6457 756405 1.02721691049549 lin6457
6458 756415 1.02723403956921 lin6458
6459 756421 1.0272515671162 lin6459
6460 756431 1.02726869053638 lin6460
6461 756445 1.02728540982764 lin6461
6462 756447 1.02730333020616 lin6462
6463 756451 1.02732104711775 lin6463
6464 756465 1.02733775792983 lin6464
6465 756485 1.02735386395864 lin6465
6466 756487 1.02737177305354 lin6466
6467 756497 1.02738887671146 lin6467
6468 756511 1.02740557623725 lin6468
6469 756515 1.02742327622627 lin6469
6470 756517 1.02744117406613 lin6470
6480 756525 1.02762120256393 275.lin162
6696 785578 1.02859699552432 202.3889
6697 900033 1.01841007977931 lin6697
6698 900047 1.01842618520468 lin6698
6699 900057 1.0184426181618 lin6699
6700 900077 1.01845822320723 lin6700
6701 900101 1.01847349554198 lin6701
6702 900111 1.01848992071254 lin6702
6703 900117 1.0185066734162 lin6703
6704 900135 1.01852243315689 lin6704
6705 900145 1.01853885055484 lin6705
6706 900155 1.01855526536392 lin6706
6707 900173 1.01857101733366 lin6707
6708 900183 1.01858742696457 lin6708
6709 900203 1.01860300869742 lin6709
6710 900227 1.01861825772924 lin6710
6711 900235 1.01863482465446 lin6711
6712 900245 1.01865122393626 lin6712
6713 900253 1.0186677856963 lin6713
6714 900271 1.0186835195656 lin6714
6715 900277 1.01870024122136 lin6715
6716 900303 1.01871530968161 lin6716
6717 900315 1.01873153098742 lin6717
6732 900324 1.01898865584837 356.lin153
6912 902248 1.02187991091949 232.3889
6913 921347 1.02033797355748 lin6913
6914 921355 1.0203540215464 lin6914
6915 921373 1.02036926072679 lin6915
6916 921379 1.02038546512961 lin6916
6917 921393 1.02040102199943 lin6917
6918 921407 1.02041657643987 lin6918
6919 921417 1.02043245100413 lin6919
6920 921437 1.02044751675996 lin6920
6921 921461 1.02046225754616 lin6921
6922 921471 1.02047812482382 lin6922
6923 921477 1.02049431222606 lin6923
6924 921495 1.02050952955585 lin6924
6925 921505 1.02052538955954 lin6925
6926 921515 1.0205412471404 lin6926
6927 921533 1.02055645719805 lin6927
6928 921543 1.02057230993284 lin6928
6929 921563 1.02058735387329 lin6929
6930 921587 1.0206020728536 lin6930
6931 921595 1.02061807959314 lin6931
6932 921605 1.02063392264231 lin6932
6933 921613 1.02064992454758 lin6933
6934 921631 1.02066511766606 lin6934
6935 921637 1.0206812760102 lin6935
6936 921663 1.02069581920174 lin6936
6937 921675 1.02071148889013 lin6937
6952 921684 1.02096003530266 356.lin158
6953 924889 1.02071864464098 lin6953
6954 924891 1.02073507639926 lin6954
6955 924895 1.02075134509035 lin6955
6956 924903 1.02076729003196 lin6956
6957 924907 1.02078355393207 lin6957
6958 924915 1.0207994940784 lin6958
6959 924933 1.02081462842618 lin6959
6960 924939 1.02083072445329 lin6960
6961 924953 1.02084617536168 lin6961
6962 924967 1.020861623872 lin6962
6963 924977 1.0208773913459 lin6963
6964 924997 1.02089235302152 lin6964
6965 925021 1.02090699095034 lin6965
6966 925031 1.02092275123148 lin6966
6967 925037 1.02093883047682 lin6967
6968 925055 1.02095394325569 lin6968
6969 925065 1.02096969635647 lin6969
6970 925075 1.02098544706557 lin6970
6971 925093 1.02100055266596 lin6971
6972 925103 1.02101629859133 lin6972
6973 925123 1.02103123873273 lin6973
6974 925147 1.02104585513682 lin6974
6975 925155 1.02106175456459 lin6975
6976 925165 1.02107749092892 lin6976
6977 925173 1.02109338558453 lin6977
6978 925191 1.0211084744638 lin6978
6979 925197 1.02112452502452 lin6979
6980 925223 1.0211389664226 lin6980
6981 925235 1.02115453017738 lin6981
6996 925244 1.02140144032899 356.lin159
6997 928449 1.02116089238448 lin6997
6998 928451 1.02117721579206 lin6998
6999 928455 1.02119337675461 lin6999
7000 928463 1.02120921518144 lin7000
7001 928467 1.02122537141434 lin7001
7002 928475 1.02124120510729 lin7002
7003 928493 1.02125623599038 lin7003
7004 928499 1.02127222503393 lin7004
7005 928513 1.0212875713559 lin7005
7006 928527 1.02130291531052 lin7006
7007 928537 1.02131857707614 lin7007
7008 928557 1.02133343603236 lin7008
7009 928581 1.02134797245573 lin7009
7010 928591 1.02136362712067 lin7010
7011 928597 1.02137959959709 lin7011
7012 928615 1.02139460918762 lin7012
7013 928625 1.02141025676401 lin7013
7014 928635 1.0214259019793 lin7014
7015 928653 1.02144090448321 lin7015
7016 928663 1.02145654497593 lin7016
7017 928683 1.02147138267374 lin7017
7018 928707 1.02148589784819 lin7018
7019 928715 1.02150169134332 lin7019
7020 928725 1.02151732239719 lin7020
7021 928733 1.0215331111811 lin7021
7022 928751 1.02154809717782 lin7022
7023 928757 1.02156404133603 lin7023
7024 928783 1.02157838227954 lin7024
7025 928795 1.02159384146801 lin7025
7040 928804 1.02183913615253 356.lin160
7041 949435 1.02022444462752 lin7041
7056 949436 1.02046943135158 388.lin147
7182 950040 1.02246039813893 580.1638
7183 957183 1.0219203014503 lin7183
7184 957191 1.02193570240925 lin7184
7185 957195 1.02195141122294 lin7185
7200 957196 1.02219135013433 388.lin150
7201 962241 1.02181729986529 lin7201
7202 962243 1.02183312070079 lin7202
7203 962247 1.02184878515265 lin7203
7204 962251 1.02186444737897 lin7204
7205 962263 1.02187949072585 lin7205
7206 962271 1.02189484016784 lin7206
7207 962279 1.02191018738093 lin7207
7208 962285 1.02192568653164 lin7208
7209 962293 1.0219410292897 lin7209
7210 962311 1.02195559898545 lin7210
7211 962337 1.02196954979653 lin7211
7212 962345 1.02198488586214 lin7212
7213 962357 1.021999911372 lin7213
7214 962365 1.02201524298596 lin7214
7215 962375 1.02203041820936 lin7215
7216 962383 1.02204574537509 lin7216
7217 962399 1.02206045364783 lin7217
7218 962403 1.02207608470124 lin7218
7219 962411 1.02209140519876 lin7219
7220 962455 1.02210394846811 lin7220
7221 962475 1.02211833952603 lin7221
7222 962487 1.02213334501417 lin7222
7223 962509 1.02214757747107 lin7223
7224 962527 1.02216211603407 lin7224
7225 962535 1.02217742318006 lin7225
7226 962549 1.0221922656244 lin7226
7227 962553 1.02220787665834 lin7227
7228 962571 1.0222224063406 lin7228
7229 962593 1.02223662548648 lin7229
7230 962599 1.02225207570181 lin7230
7231 962615 1.02226675289649 lin7231
7232 962623 1.02228204452025 lin7232
7233 962627 1.02229764225726 lin7233
7248 962628 1.02253589252166 388.lin151
7249 967673 1.02216395283956 lin7249
7250 967675 1.02217966229678 lin7250
7251 967679 1.02219521627663 lin7251
7252 967683 1.0222107680612 lin7252
7253 967695 1.02222570450086 lin7253
7254 967703 1.02224094531385 lin7254
7255 967711 1.02225618392823 lin7255
7256 967717 1.0222715736344 lin7256
7257 967725 1.02228680785431 lin7257
7258 967743 1.02230127342281 lin7258
7259 967769 1.02231512364135 lin7259
7260 967777 1.02233035125976 lin7260
7261 967789 1.02234527010488 lin7261
7262 967797 1.02236049333211 lin7262
7263 967807 1.02237556107512 lin7263
7264 967815 1.02239077991452 lin7264
7265 967831 1.02240538339576 lin7265
7266 967835 1.02242090443089 lin7266
7267 967843 1.0224361166926 lin7267
7268 967887 1.02244856752734 lin7268
7269 967907 1.02246285566678 lin7269
7270 967919 1.02247775476211 lin7270
7271 967941 1.02249188523696 lin7271
7272 967959 1.02250632009579 lin7272
7273 967967 1.02252151918718 lin7273
7274 967981 1.02253625623537 lin7274
7275 967985 1.02255175752257 lin7275
7276 968003 1.02256618362114 lin7276
7277 968025 1.02258030096568 lin7277
7278 968031 1.02259564240064 lin7278
7279 968047 1.0226102152257 lin7279
7280 968055 1.02262539900527 lin7280
7281 968059 1.02264088717573 lin7281
7296 968060 1.0228774716626 388.lin152
7297 980865 1.02191893371142 lin7297
7298 980867 1.02193452560969 lin7298
7299 980871 1.02194996430773 lin7299
7300 980875 1.02196540084146 lin7300
7301 980887 1.02198023104634 lin7301
7302 980895 1.02199536116305 lin7302
7303 980903 1.02201048911216 lin7303
7304 980909 1.02202576593776 lin7304
7305 980917 1.02204088955436 lin7305
7306 980935 1.02205525578204 lin7306
7307 980961 1.02206901567545 lin7307
7308 980969 1.02208413278358 lin7308
7309 980981 1.02209894564178 lin7309
7310 980989 1.0221140584206 lin7310
7311 980999 1.02212901799233 lin7311
7312 981007 1.02214412644514 lin7312
7313 981023 1.02215862855552 lin7313
7314 981027 1.02217403477343 lin7314
7315 981035 1.02218913674118 lin7315
7316 981079 1.02220151774362 lin7316
7317 981099 1.02221570912724 lin7317
7318 981111 1.02223050251341 lin7318
7319 981133 1.02224453853976 lin7319
7320 981151 1.02225887448875 lin7320
7321 981159 1.02227396347148 lin7321
7322 981173 1.02228859717952 lin7322
7323 981177 1.0223039839278 lin7323
7324 981195 1.02231831123957 lin7324
7325 981217 1.02233233431958 lin7325
7326 981223 1.02234756355391 lin7326
7327 981239 1.02236203543825 lin7327
7328 981247 1.02237710932447 lin7328
7329 981251 1.02239248314055 lin7329
7344 981252 1.02262728970418 388.lin153
7345 983969 1.02243801637003 lin7345
7346 983971 1.02245350224778 lin7346
7347 983975 1.02246883538844 lin7347
7348 983979 1.02248416639344 lin7348
7349 983991 1.0224988928364 lin7349
7350 983999 1.02251391835085 lin7350
7351 984007 1.02252894172639 lin7351
7352 984013 1.02254411357252 lin7352
7353 984021 1.02255913267288 lin7353
7354 984039 1.02257339658602 lin7354
7355 984065 1.02258705593203 lin7355
7356 984073 1.02260206861007 lin7356
7357 984085 1.02261677793604 lin7357
7358 984093 1.02263178634204 lin7358
7359 984103 1.02264664200418 lin7359
7360 984111 1.02266164614135 lin7360
7361 984127 1.02267604570339 lin7361
7362 984131 1.02269134679348 lin7362
7363 984139 1.02270634453132 lin7363
7364 984183 1.02271862915702 lin7364
7365 984203 1.02273271897622 lin7365
7366 984215 1.02274740908781 lin7366
7367 984237 1.02276134404164 lin7367
7368 984255 1.02277557807732 lin7368
7369 984263 1.02279056300177 lin7369
7370 984277 1.02280509398417 lin7370
7371 984281 1.02282037586166 lin7371
7372 984299 1.0228346013743 lin7372
7373 984321 1.0228485235532 lin7373
7374 984327 1.02286364843691 lin7374
7375 984343 1.02287801817289 lin7375
7376 984351 1.02289298820011 lin7376
7377 984355 1.02290825731599 lin7377
7392 984356 1.0231414839311 388.lin154
7393 991729 1.02260404347172 lin7393
7394 991731 1.0226194202352 lin7394
7395 991735 1.02263464552962 lin7395
7396 991739 1.02264986871723 lin7396
7397 991751 1.02266449232868 lin7397
7398 991759 1.02267941256204 lin7398
7399 991767 1.02269433068536 lin7399
7400 991773 1.02270939606886 lin7400
7401 991781 1.02272430997474 lin7401
7402 991799 1.02273847491878 lin7402
7403 991825 1.02275204028158 lin7403
7404 991833 1.02276694785184 lin7404
7405 991845 1.0227815545774 lin7405
7406 991853 1.02279645793326 lin7406
7407 991863 1.02281120981336 lin7407
7408 991871 1.02282610895799 lin7408
7409 991887 1.02284040851346 lin7409
7410 991891 1.02285560218997 lin7410
7411 991899 1.02287049502157 lin7411
7412 991943 1.02288269707701 lin7412
7413 991963 1.02289668948309 lin7413
7414 991975 1.02291127725337 lin7414
7415 991997 1.02292511609068 lin7415
7416 992015 1.02293925156008 lin7416
7417 992023 1.02295413175101 lin7417
7418 992037 1.02296856174617 lin7418
7419 992041 1.0229837364691 lin7419
7420 992059 1.02299786353027 lin7420
7421 992081 1.02301168976467 lin7421
7422 992087 1.02302670881908 lin7422
7423 992103 1.02304097895029 lin7423
7424 992111 1.02305584444464 lin7424
7425 992115 1.02307100657781 lin7425
7440 992116 1.02330259529645 388.lin155
7441 994057 1.02317318918859 lin7441
7442 994059 1.02318846347678 lin7442
7443 994063 1.0232035866155 lin7443
7444 994067 1.02321870767484 lin7444
7445 994079 1.02323323035438 lin7445
7446 994087 1.02324804909884 lin7446
7447 994095 1.02326286576072 lin7447
7448 994101 1.02327782941792 lin7448
7449 994109 1.02329264191719 lin7449
7450 994127 1.02330670694359 lin7450
7451 994153 1.0233201735855 lin7451
7452 994161 1.02333497983157 lin7452
7453 994173 1.02334948584499 lin7453
7454 994181 1.02336428793144 lin7454
7455 994191 1.02337893886185 lin7455
7456 994199 1.02339373679179 lin7456
7457 994215 1.02340793632947 lin7457
7458 994219 1.02342302826121 lin7458
7459 994227 1.02343781996013 lin7459
7460 994271 1.02344992617372 lin7460
7461 994291 1.02346381925646 lin7461
7462 994303 1.02347830656114 lin7462
7463 994325 1.02349204642232 lin7463
7464 994343 1.02350608235811 lin7464
7465 994351 1.02352086158058 lin7465
7466 994365 1.02353519151189 lin7466
7467 994369 1.02355026473592 lin7467
7468 994387 1.02356429237275 lin7468
7469 994409 1.0235780197951 lin7469
7470 994415 1.02359293772481 lin7470
7471 994431 1.02360710822106 lin7471
7472 994439 1.02362187293762 lin7472
7473 994443 1.02363693373507 lin7473
7488 994444 1.02386699702385 388.lin156
7489 997937 1.02362242411697 lin7489
7490 997939 1.02363759579184 lin7490
7491 997943 1.02365261690067 lin7491
7492 997947 1.02366763595723 lin7492
7493 997959 1.02368205888655 lin7493
7494 997967 1.02369677679527 lin7494
7495 997975 1.02371149264858 lin7495
7496 997981 1.02372635496797 lin7496
7497 997989 1.02374106671296 lin7497
7498 998007 1.02375503379428 lin7498
7499 998033 1.02376840474393 lin7499
7500 998041 1.02378311031726 lin7500
7501 998053 1.02379751679789 lin7501
7502 998061 1.02381221826581 lin7502
7503 998071 1.02382676916122 lin7503
7504 998079 1.02384146652678 lin7504
7505 998095 1.02385556775302 lin7505
7506 998099 1.02387055806158 lin7506
7507 998107 1.02388524927729 lin7507
7508 998151 1.02389726505146 lin7508
7509 998171 1.02391106104408 lin7509
7510 998183 1.02392544905986 lin7510
7511 998205 1.02393909244153 lin7511
7512 998223 1.02395303081193 lin7512
7513 998231 1.02396770971368 lin7513
7514 998245 1.0239819410207 lin7514
7515 998249 1.02399691286494 lin7515
7516 998267 1.02401084304446 lin7516
7517 998289 1.02402447414951 lin7517
7518 998295 1.02403929133684 lin7518
7519 998311 1.02405336390021 lin7519
7520 998319 1.02406802848474 lin7520
7521 998323 1.02408298806395 lin7521
7536 998324 1.02431151986205 388.lin157
