101 1 10 1 2 1 10 1 21 1 10 1 2 1 10 1
90 12 10 1 2 1 10 1 21 1 2 8 1 3 10 1

75 7 1 2 1 7 1 2 16 3 1 6 1 3 7 2
75 7 1 2 1 6 1 3 16 2 1 7 1 2 1 7

74 18 1 2 1 6 3 1 7 9 1 2 1 6 3 8
84 1 10 1 6 1 9 1 2 1 9 1 6 1 10 1

101 1 10 1 2 1 10 1 21 1 10 1 2 1 10 1
90 12 10 1 2 1 10 1 21 1 2 8 1 3 10 1

75 8 3 6 1 2 1 9 7 1 3 6 1 2 1 18
74 1 11 6 1 2 1 6 1 2 17 1 2 1 7 1

101 12 10 1 2 1 10 1 21 1 2 8 1 3 10 1
112 1 10 1 2 1 10 1 21 1 10 1 2 1 10 1

84 1 7 3 1 6 1 10 2 1 9 1 6 1 10 1
84 1 7 1 2 1 16 1 2 1 6 1 2 1 17 1

88 1 10 1 2 1 10 1 21 1 10 1 2 1 10 1

74 1 8 1 2 9 1 6 1 9 1 12 1 7 1 2 8

88 11 3 1 8 1 2 1 20 11 1 2 1 10 2 10

74 1 8 1 2 9 1 6 1 9 1 12 1 7 1 2 8

75 18 1 2 1 6 4 7 2 7 1 2 1 6 4 7 2

88 1 10 1 2 11 1 21 1 10 1 2 1 10 1
99 2 1 9 1 2 1 20 1 2 8 1 2 1 22

75 1 8 1 2 9 1 6 1 9 1 12 1 7 1 2 8 1

89 11 2 1 10 1 2 11 9 11 2 1 10 1 2 11
89 1 10 2 1 9 1 14 12 9 1 11 2 1 10 1

84 18 1 2 1 6 4 7 2 7 1 2 1 6 4 7 2
93 2 7 4 6 1 2 1 7 2 7 4 6 1 2 1 18

84 11 1 6 1 2 7 1 3 16 2 1 8 2 1 7 11
84 9 1 2 9 1 6 1 9 1 12 1 7 1 2 8 1

93 2 7 4 6 1 2 1 7 2 17 1 2 1 6 2 10
84 18 3 1 7 3 6 1 2 7 3 1 7 3 6 1 2

73 1 8 2 1 7 1 12 1 9 1 6 1 9 2 1 8 1

73 2 7 4 6 1 2 1 7 2 7 4 6 1 2 1 18

90 10 3 9 2 1 11 10 11 1 2 1 10 2 10
101 1 10 1 2 1 10 1 21 1 11 2 1 10 1

74 8 2 1 7 1 12 1 9 1 6 1 9 2 1 8 1

90 10 2 10 1 2 1 11 21 1 10 1 2 1 10 1
90 10 2 10 1 2 1 11 20 1 3 8 1 2 1 11

74 8 2 1 7 1 12 1 9 1 6 1 9 2 1 8 1

90 12 10 1 2 1 10 1 21 1 2 8 1 3 10 1
101 1 10 1 2 1 10 1 21 1 10 1 2 1 10 1

112 1 10 1 2 1 10 1 21 1 10 1 2 1 10 1
101 12 10 1 2 1 10 1 21 1 2 8 1 3 10 1

88 1 10 1 2 1 10 1 21 1 10 1 2 1 10 1

88 1 10 1 2 1 10 1 21 1 10 1 2 1 10 1
88 1 10 3 1 8 2 1 21 1 10 1 2 1 10 12

74 1 8 1 2 9 1 7 9 1 12 1 7 1 2 8

74 1 10 1 6 1 9 4 7 2 1 6 1 2 7 4 7
74 1 9 2 6 3 1 6 11 9 3 1 6 1 2 1 7

75 1 8 1 2 9 1 7 9 1 12 1 7 1 2 8 1

75 10 2 6 1 2 1 17 2 7 1 2 1 6 4 7 2

93 1 8 2 1 7 1 12 1 9 1 6 1 9 2 1 8 1

73 1 8 2 1 7 1 12 1 9 1 6 1 9 2 1 8 1

76 8 2 1 7 1 12 6 4 7 9 1 2 1 8 1

76 8 1 2 9 1 7 9 1 3 9 1 6 1 11 1
76 8 2 1 7 1 2 16 11 2 1 6 1 3 8 1

94 1 8 1 2 9 1 6 1 2 7 1 12 8 1 10
85 10 8 3 9 1 6 1 2 7 1 3 10 7 1 10

74 1 8 1 2 9 1 6 1 9 1 12 1 7 1 10
74 1 8 3 9 1 6 1 2 7 1 12 1 7 1 10

74 1 8 3 9 1 6 1 2 7 1 12 1 7 1 10
74 1 8 1 2 9 1 6 1 9 1 12 1 7 1 10

75 8 1 2 6 3 1 6 1 10 3 9 7 1 2 9
74 9 1 2 7 2 1 9 8 9 1 2 7 2 1 9

74 1 8 1 2 9 1 6 1 9 1 12 1 7 1 2 8

75 1 8 1 2 9 1 6 1 9 1 12 1 7 1 2 8 1

75 1 8 1 2 9 1 6 1 9 1 12 1 7 1 2 8 1

73 1 8 2 1 7 1 12 1 9 1 6 1 9 2 1 8 1

76 8 1 2 9 1 6 1 9 1 3 9 1 6 1 11 1

85 8 1 2 9 1 6 1 9 1 3 9 1 6 1 11 1

74 2 9 1 6 1 9 1 2 10 1 6 1 3 7 2
74 2 9 1 6 1 2 7 1 3 9 7 1 2 8 1

74 1 9 2 6 4 6 11 3 6 3 1 6 1 2 8
83 1 2 9 1 6 1 2 7 1 3 9 7 1 2 9

74 10 2 6 1 2 1 17 9 1 2 7 3 1 7 1
74 11 1 6 1 2 7 4 16 2 1 7 1 2 1 7

75 18 3 1 7 3 6 1 2 7 3 1 7 3 6 1 2
75 18 1 2 1 6 4 7 2 7 1 2 1 6 4 7 2

75 1 8 1 2 9 1 6 1 9 1 12 1 7 1 2 8 1

75 1 8 1 2 9 1 6 1 9 1 12 1 7 1 2 8 1

85 8 2 7 1 3 6 3 1 7 2 7 4 6 4 8 10
85 8 1 2 9 1 6 1 9 1 3 9 1 6 1 11 1

73 2 1 6 4 6 1 2 8 2 7 4 6 1 2 1 18

75 7 1 2 1 6 4 7 9 1 3 6 3 1 7 2
74 1 7 1 2 1 7 1 22 6 1 2 1 6 1 2

83 9 2 9 1 7 4 6 11 2 1 6 3 1 6 1 10
83 9 1 11 1 16 3 8 2 1 6 1 3 6 2 1 8

84 1 8 1 2 9 1 6 1 9 1 12 1 7 1 2 8 1

75 7 1 3 7 2 1 6 3 7 4 9 1 6 1 10 1
74 1 7 1 2 1 7 1 21 1 6 1 3 6 2 1 8

84 1 7 3 1 6 1 10 2 1 9 1 6 1 10 1
74 11 1 6 1 9 3 1 9 1 6 1 9 2 1 8

83 2 10 1 6 1 9 1 2 1 9 1 6 1 9 2
74 10 1 7 1 12 1 9 1 6 1 9 2 1 8 1

92 1 8 3 1 6 1 12 1 9 1 6 1 9 2 1 8

72 1 8 3 1 6 1 12 1 9 1 6 1 9 2 1 8

73 1 8 2 1 7 1 12 1 9 1 6 1 9 2 1 8 1

73 1 8 2 1 7 1 12 1 9 1 6 1 9 2 1 8 1

73 2 7 4 6 1 2 1 7 2 11 6 1 2 1 6 12
73 2 8 3 6 3 1 6 1 2 8 3 6 3 1 6 12

74 8 2 1 7 1 12 1 9 1 6 1 9 2 1 8 1

74 10 1 7 1 12 1 7 2 1 6 1 9 3 8 1

74 10 1 7 1 12 1 7 2 1 6 1 9 3 8 1

83 10 1 7 1 12 1 7 2 1 6 1 9 3 8 1
83 10 1 7 10 3 1 7 2 1 6 1 9 3 8 10

72 1 8 3 1 6 1 12 1 9 7 1 9 2 1 8
72 1 8 1 2 1 9 7 4 6 12 1 7 1 2 8

72 1 8 3 1 6 1 2 11 16 2 1 7 1 2 8
72 1 8 3 1 6 1 12 1 9 7 1 9 2 1 8

73 1 8 2 1 7 1 12 1 9 7 1 9 2 1 8 1

74 8 2 1 7 1 12 1 9 7 1 9 2 1 8 1

100 1 2 9 1 2 1 12 20 1 10 1 2 1 10 1

90 10 2 10 1 2 1 11 21 1 2 8 3 1 9 2
90 10 2 10 1 2 1 9 2 20 4 8 2 1 10 2

75 1 8 1 2 9 1 7 9 1 12 1 7 1 2 8 1

85 8 3 7 2 1 9 7 1 3 6 1 3 18 1 9
85 10 8 3 9 1 6 1 2 7 1 3 10 7 1 10

75 1 8 1 2 9 1 6 1 9 1 12 1 7 1 2 8 1

73 1 2 9 1 6 1 9 3 1 9 1 6 1 10 2
74 1 8 1 2 9 1 6 1 2 7 1 12 8 1 10

72 1 8 4 6 1 2 1 9 17 1 2 7 1 2
72 1 12 6 1 2 1 6 1 2 17 1 2 9 1

73 1 8 1 2 9 1 7 10 12 1 7 1 2 8 1

83 1 8 1 2 1 8 1 17 1 9 2 1 8 1
74 8 2 8 1 2 1 9 8 9 1 2 7 3 8

90 10 2 10 1 2 1 11 21 1 10 1 2 1 10 1
101 1 10 1 2 1 10 1 21 1 10 1 2 1 10 1

101 1 10 1 2 1 10 1 21 1 10 1 2 1 10 1

101 12 10 3 1 8 2 1 21 1 2 8 1 3 10 12
101 12 10 1 2 1 10 1 21 1 2 8 1 3 10 1

88 1 10 3 1 8 2 1 21 1 10 1 2 1 10 12

88 1 10 1 2 1 10 1 21 11 1 2 1 10 2 10

74 1 8 1 2 9 1 7 10 12 1 7 1 2 8
74 1 8 2 1 7 1 12 10 7 1 9 2 1 8

75 1 8 2 1 7 1 12 10 7 1 9 2 1 8 1

76 8 10 3 9 1 7 2 7 1 3 6 4 8 1
76 8 2 1 7 1 2 26 1 2 1 6 4 8 1

76 8 2 1 7 1 2 19 1 6 4 6 1 2 8
76 8 2 1 7 1 2 8 12 8 2 8 1 8 2

85 10 1 17 2 1 7 2 1 6 11 1 2 7 11
95 8 2 1 7 1 2 16 2 1 7 1 2 1 7

75 8 2 1 7 1 2 16 2 1 7 1 2 1 7
75 1 7 3 7 2 10 7 1 3 6 1 2 1 18

74 1 8 2 1 17 2 1 6 1 2 1 6 11 1
74 1 8 1 2 9 1 7 2 7 1 12 8 1 10

84 1 8 1 2 1 17 2 1 6 1 2 1 6 12 1
84 1 9 1 2 16 3 1 7 2 1 6 1 9 2 1

73 1 8 2 1 7 1 12 1 9 1 6 1 9 2 1 8 1

92 1 8 3 1 6 1 12 1 9 7 1 9 2 1 8
92 1 11 1 6 1 2 7 4 16 2 1 7 1 2 8

73 1 8 2 1 7 1 12 1 9 7 1 9 2 1 8 1

84 1 11 6 1 2 1 6 1 2 17 1 2 8 1
74 10 8 1 2 1 8 1 17 1 2 7 3 8 1

84 1 8 1 2 9 1 6 1 2 7 1 12 8 1
74 10 8 1 3 9 1 7 2 7 1 9 3 8 1

83 9 12 1 6 3 1 6 1 12 7 2 1 7 11
83 9 2 9 1 7 4 6 11 2 7 1 2 7 11

73 1 7 1 3 9 1 6 1 2 7 1 12 8 1
72 2 7 3 1 7 3 6 10 3 8 1 8 3 8

88 2 9 1 2 1 8 4 20 2 9 1 2 1 10 2

88 1 10 1 2 1 11 20 2 1 9 1 3 9 2 1
88 11 1 2 1 8 2 1 21 11 1 2 1 10 2 10

73 8 2 8 1 2 1 9 8 9 1 2 7 3 8
72 1 8 1 2 9 1 7 10 12 1 7 1 2 8

101 1 10 1 2 1 10 1 21 1 10 1 2 1 10 1

88 1 10 3 1 8 2 1 21 1 10 1 2 1 10 12
88 1 10 1 2 1 10 1 21 1 10 1 2 1 10 1

76 8 2 1 7 1 12 10 7 1 9 2 1 8 1
76 8 3 7 2 1 9 8 9 1 2 1 8 2 8

76 11 7 1 2 7 12 1 6 1 2 1 6 1 12
85 1 8 2 1 17 2 1 6 1 2 1 6 11 1

72 2 7 4 6 1 2 1 7 2 17 1 2 7 2
73 1 11 6 1 2 1 6 1 2 17 1 2 8 1

