195 1 2 1 25 1 2 6 28 1 2 1 20 2 1 5 1 2 20 1 2 1 28 6 2 1 25 1 2 1
196 1 2 1 24 1 2 6 28 1 2 1 20 2 1 5 1 2 20 1 2 1 28 6 2 1 24 1 2 1
194 2 1 2 25 1 2 6 28 1 2 1 20 2 1 5 1 2 20 1 2 1 28 6 2 1 24 2 1 2

180 2 1 2 23 1 2 6 26 1 2 1 18 2 1 5 1 2 18 1 2 1 26 6 2 1 22 2 1 2
182 1 2 1 22 1 2 6 26 1 2 1 18 2 1 5 1 2 18 1 2 1 26 6 2 1 22 1 2 1

181 1 4 2 21 1 2 1 5 1 22 5 1 2 17 1 10 1 17 2 1 5 23 5 2 1 22 2 3 1
181 3 1 3 21 1 2 1 5 1 28 2 17 1 2 5 3 1 17 1 2 4 1 28 2 1 22 2 3 1
181 3 1 3 21 1 2 1 5 1 28 2 17 2 1 5 3 1 17 1 2 4 1 28 2 1 22 2 3 1

196 1 2 1 24 1 2 6 28 1 2 1 20 2 1 5 1 2 20 1 2 1 28 6 2 1 24 1 2 1
195 1 2 1 25 1 2 6 28 1 2 1 20 2 1 5 1 2 20 1 2 1 28 6 2 1 25 1 2 1
194 2 1 2 25 1 2 6 28 1 2 1 20 2 1 5 1 2 20 1 2 1 28 6 2 1 24 2 1 2

180 2 1 2 23 1 2 6 26 1 2 1 18 2 1 5 1 2 18 1 2 1 26 6 2 1 22 2 1 2
181 1 2 1 23 1 2 6 26 1 2 1 18 2 1 5 1 2 18 1 2 1 26 6 2 1 23 1 2 1
182 2 1 2 21 6 2 1 19 1 2 1 25 2 1 5 1 2 25 1 2 1 19 1 2 6 22 2 1 2
182 1 2 1 22 6 2 1 19 1 2 1 25 2 1 5 1 2 25 1 2 1 19 1 2 6 22 1 2 1

181 1 2 4 21 1 2 1 6 22 5 1 2 17 2 6 3 1 18 1 6 22 5 1 2 1 22 2 3 1
183 1 2 1 22 1 2 6 26 1 2 1 18 2 1 5 1 2 18 1 2 1 26 6 2 1 22 1 2 1
181 1 2 4 21 1 2 1 5 1 22 5 1 2 17 2 9 1 18 1 6 22 5 1 2 1 22 2 3 1
181 2 1 4 21 1 2 1 5 1 28 2 17 2 6 3 1 17 2 1 4 1 22 6 2 1 22 2 3 1
181 1 2 4 21 1 2 1 5 1 22 5 1 2 17 2 9 1 18 1 5 1 22 5 1 2 1 22 5 1

196 1 2 1 24 1 2 6 28 1 2 1 20 2 1 5 1 2 20 1 2 1 28 6 2 1 24 1 2 1
195 1 2 1 25 1 2 6 28 1 2 1 20 2 1 5 1 2 20 1 2 1 28 6 2 1 25 1 2 1
194 2 1 2 25 1 2 6 28 1 2 1 20 2 1 5 1 2 20 1 2 1 28 6 2 1 24 2 1 2

181 2 1 2 23 1 2 6 26 1 2 1 18 2 1 5 1 2 18 1 2 1 26 6 2 1 22 2 1 2
181 1 2 1 24 1 2 6 26 1 2 1 18 2 1 5 1 2 18 1 2 1 26 6 2 1 24 1 2 1

181 1 2 1 23 1 2 6 26 1 2 1 18 2 1 5 1 2 18 1 2 1 26 6 2 1 23 1 2 1
180 2 1 2 23 1 2 6 26 1 2 1 18 2 1 5 1 2 18 1 2 1 26 6 2 1 22 2 1 2

181 3 1 3 22 1 2 5 1 28 2 17 1 2 5 3 18 2 1 4 1 23 5 2 1 22 2 3 1
183 2 1 2 22 2 1 5 1 27 1 2 17 1 2 1 7 1 17 1 2 5 28 2 1 22 2 3 1
181 1 2 4 22 3 5 1 21 1 2 4 2 17 8 3 1 17 2 6 23 1 4 2 1 22 2 3 1
181 2 1 4 22 1 2 5 1 28 2 17 2 1 5 3 1 17 1 2 4 1 28 2 1 22 2 3 1
181 2 1 2 24 1 2 5 1 27 1 2 17 1 2 8 1 17 2 1 5 23 5 2 1 22 2 3 1
181 2 3 2 22 1 2 5 1 27 1 2 17 1 2 1 7 1 17 2 6 23 5 2 1 22 2 3 1
183 2 1 2 22 1 2 5 1 27 1 2 17 1 2 1 7 1 17 2 6 23 5 2 1 22 2 3 1

182 1 2 1 22 1 2 6 26 1 2 1 18 2 1 5 1 2 18 1 2 1 26 6 2 1 22 1 2 1
180 2 1 2 23 1 2 6 26 1 2 1 18 2 1 5 1 2 18 1 2 1 26 6 2 1 22 2 1 2
181 1 2 1 23 1 2 6 26 1 2 1 18 2 1 5 1 2 18 1 2 1 26 6 2 1 23 1 2 1

183 1 2 1 22 6 2 1 19 1 2 1 25 2 1 5 1 2 25 1 2 1 19 1 2 6 22 1 2 1
182 1 2 1 23 1 2 6 26 1 2 1 18 2 1 5 1 2 18 1 2 1 26 6 2 1 23 1 2 1
181 1 2 1 24 1 2 6 26 1 2 1 18 2 1 5 1 2 18 1 2 1 26 6 2 1 24 1 2 1
182 2 1 2 22 1 2 6 26 1 2 1 18 2 1 5 1 2 18 1 2 1 26 6 2 1 23 2 1 2
181 2 1 2 23 1 2 6 26 1 2 1 18 2 1 5 1 2 18 1 2 1 26 6 2 1 22 2 1 2

183 1 2 1 22 1 2 6 26 1 2 1 18 2 1 5 1 2 18 1 2 1 26 6 2 1 22 1 2 1
182 2 1 2 22 1 2 6 26 1 2 1 18 2 1 5 1 2 18 1 2 1 26 6 2 1 23 2 1 2
181 1 2 1 24 1 2 6 26 1 2 1 18 2 1 5 1 2 18 1 2 1 26 6 2 1 24 1 2 1
181 2 1 2 23 1 2 6 26 1 2 1 18 2 1 5 1 2 18 1 2 1 26 6 2 1 22 2 1 2

182 1 2 1 22 1 2 6 26 1 2 1 18 2 1 5 1 2 18 1 2 1 26 6 2 1 22 1 2 1
180 2 1 2 23 1 2 6 26 1 2 1 18 2 1 5 1 2 18 1 2 1 26 6 2 1 22 2 1 2

182 1 2 1 23 6 2 1 19 1 2 1 25 2 1 5 1 2 25 1 2 1 19 1 2 6 23 1 2 1
182 2 1 2 22 6 2 1 19 1 2 1 25 2 1 5 1 2 25 1 2 1 19 1 2 6 21 2 1 2
183 1 2 1 22 6 2 1 19 1 2 1 25 2 1 5 1 2 25 1 2 1 19 1 2 6 22 1 2 1
182 1 2 1 23 1 2 6 26 1 2 1 18 2 1 5 1 2 18 1 2 1 26 6 2 1 23 1 2 1

182 1 2 1 23 1 2 6 26 1 2 1 18 2 1 5 1 2 18 1 2 1 26 6 2 1 23 1 2 1
183 1 2 1 22 1 2 6 26 1 2 1 18 2 1 5 1 2 18 1 2 1 26 6 2 1 22 1 2 1
182 2 1 2 22 1 2 6 26 1 2 1 18 2 1 5 1 2 18 1 2 1 26 6 2 1 23 2 1 2
181 1 2 1 24 1 2 6 26 1 2 1 18 2 1 5 1 2 18 1 2 1 26 6 2 1 24 1 2 1
181 2 1 2 23 1 2 6 26 1 2 1 18 2 1 5 1 2 18 1 2 1 26 6 2 1 22 2 1 2

168 1 3 2 20 1 2 5 1 20 5 1 2 15 1 10 1 15 2 1 5 20 1 5 2 1 20 2 3 1

182 2 1 2 22 1 2 6 26 1 2 1 18 2 1 5 1 2 18 1 2 1 26 6 2 1 23 2 1 2
182 1 2 1 23 1 2 6 26 1 2 1 18 2 1 5 1 2 18 1 2 1 26 6 2 1 23 1 2 1

182 1 2 1 23 1 2 6 26 1 2 1 18 2 1 5 1 2 18 1 2 1 26 6 2 1 23 1 2 1
181 2 1 2 23 1 2 6 26 1 2 1 18 2 1 5 1 2 18 1 2 1 26 6 2 1 22 2 1 2
181 1 2 1 24 1 2 6 26 1 2 1 18 2 1 5 1 2 18 1 2 1 26 6 2 1 24 1 2 1
182 2 1 2 22 1 2 6 26 1 2 1 18 2 1 5 1 2 18 1 2 1 26 6 2 1 23 2 1 2

182 2 1 2 22 6 2 1 19 1 2 1 25 2 1 5 1 2 25 1 2 1 19 1 2 6 21 2 1 2
183 1 2 1 22 6 2 1 19 1 2 1 25 2 1 5 1 2 25 1 2 1 19 1 2 6 22 1 2 1
181 2 1 2 23 1 2 6 26 1 2 1 18 2 1 5 1 2 18 1 2 1 26 6 2 1 22 2 1 2
183 1 2 1 22 1 2 6 26 1 2 1 18 2 1 5 1 2 18 1 2 1 26 6 2 1 22 1 2 1

183 1 2 1 22 1 2 6 26 1 2 1 18 2 1 5 1 2 18 1 2 1 26 6 2 1 22 1 2 1
182 2 1 2 22 1 2 6 26 1 2 1 18 2 1 5 1 2 18 1 2 1 26 6 2 1 23 2 1 2
182 1 2 1 23 1 2 6 26 1 2 1 18 2 1 5 1 2 18 1 2 1 26 6 2 1 23 1 2 1

181 1 3 2 22 1 2 5 1 22 5 1 2 17 1 11 17 2 1 5 22 1 5 1 2 1 21 2 4 1
181 1 3 2 22 1 2 6 22 1 4 1 2 17 1 3 6 2 17 2 28 1 5 1 2 1 24 1 2 1
181 1 3 2 22 1 2 5 1 22 5 1 2 17 1 10 1 17 2 1 5 22 1 5 1 2 22 2 4 1
181 1 5 22 1 2 1 5 22 1 5 1 18 1 9 2 17 2 1 5 22 1 5 1 2 1 21 4 2 1

181 1 3 2 22 1 2 5 23 5 1 2 17 1 10 1 17 2 1 5 22 1 5 1 2 22 2 4 1
181 1 3 2 22 1 2 5 23 1 4 1 2 18 3 5 2 1 17 2 28 1 5 2 1 22 3 1 3
181 1 2 1 24 2 6 26 1 2 1 18 2 1 5 1 2 18 1 2 1 26 6 2 1 23 1 2 1
181 1 3 2 22 1 2 5 23 6 2 17 1 7 1 2 1 17 2 1 27 1 5 2 1 22 2 1 2
181 1 3 2 22 1 2 28 5 2 1 17 1 7 1 2 1 17 2 1 27 1 5 1 2 22 2 1 2
181 1 3 2 22 1 2 4 1 23 6 2 17 1 3 8 17 2 4 2 1 21 1 5 3 22 4 2 1

182 1 2 1 23 1 2 6 26 1 2 1 18 2 1 5 1 2 18 1 2 1 26 6 2 1 23 1 2 1
183 1 2 1 22 1 2 6 26 1 2 1 18 2 1 5 1 2 18 1 2 1 26 6 2 1 22 1 2 1
182 2 1 2 22 1 2 6 26 1 2 1 18 2 1 5 1 2 18 1 2 1 26 6 2 1 23 2 1 2

195 1 2 1 25 1 2 6 28 1 2 1 20 2 1 5 1 2 20 1 2 1 28 6 2 1 25 1 2 1
195 2 1 2 24 1 2 6 28 1 2 1 20 2 1 5 1 2 20 1 2 1 28 6 2 1 25 2 1 2
196 1 2 1 24 1 2 6 28 1 2 1 20 2 1 5 1 2 20 1 2 1 28 6 2 1 24 1 2 1

183 1 2 1 22 6 2 1 19 1 2 1 25 2 1 5 1 2 25 1 2 1 19 1 2 6 22 1 2 1
182 1 2 1 23 6 2 1 19 1 2 1 25 2 1 5 1 2 25 1 2 1 19 1 2 6 23 1 2 1
182 2 1 2 22 6 2 1 19 1 2 1 25 2 1 5 1 2 25 1 2 1 19 1 2 6 21 2 1 2
182 2 1 2 22 1 2 6 26 1 2 1 18 2 1 5 1 2 18 1 2 1 26 6 2 1 23 2 1 2
183 1 2 1 22 1 2 6 26 1 2 1 18 2 1 5 1 2 18 1 2 1 26 6 2 1 22 1 2 1

195 2 1 2 24 1 2 6 28 1 2 1 20 2 1 5 1 2 20 1 2 1 28 6 2 1 25 2 1 2
195 1 2 1 25 1 2 6 28 1 2 1 20 2 1 5 1 2 20 1 2 1 28 6 2 1 25 1 2 1

181 1 3 2 22 1 2 28 1 4 2 1 17 1 3 5 1 2 17 2 28 1 5 1 2 1 21 3 1 3
181 1 3 2 22 1 2 5 23 5 1 2 17 1 10 1 17 2 1 5 22 1 5 1 2 1 21 2 4 1
181 1 3 2 22 1 2 28 1 4 2 1 17 1 3 5 2 1 17 2 28 1 5 1 2 1 21 3 1 3
181 1 3 2 22 1 2 28 1 4 2 1 17 1 3 5 2 1 17 2 28 1 5 1 2 1 21 4 1 2

182 2 1 2 22 1 2 6 26 1 2 1 18 2 1 5 1 2 18 1 2 1 26 6 2 1 23 2 1 2
182 1 2 1 23 1 2 6 26 1 2 1 18 2 1 5 1 2 18 1 2 1 26 6 2 1 23 1 2 1
183 1 2 1 22 1 2 6 26 1 2 1 18 2 1 5 1 2 18 1 2 1 26 6 2 1 22 1 2 1

195 1 2 1 25 1 2 6 28 1 2 1 20 2 1 5 1 2 20 1 2 1 28 6 2 1 25 1 2 1
196 1 2 1 24 1 2 6 28 1 2 1 20 2 1 5 1 2 20 1 2 1 28 6 2 1 24 1 2 1
195 2 1 2 24 1 2 6 28 1 2 1 20 2 1 5 1 2 20 1 2 1 28 6 2 1 25 2 1 2

182 2 1 2 22 1 2 6 26 1 2 1 18 2 1 5 1 2 18 1 2 1 26 6 2 1 23 2 1 2
183 1 2 1 22 1 2 6 26 1 2 1 18 2 1 5 1 2 18 1 2 1 26 6 2 1 22 1 2 1

182 2 1 2 22 1 2 6 26 1 2 1 18 2 1 5 1 2 18 1 2 1 26 6 2 1 23 2 1 2
182 1 2 1 23 1 2 6 26 1 2 1 18 2 1 5 1 2 18 1 2 1 26 6 2 1 23 1 2 1

182 2 1 2 22 1 2 29 4 2 1 17 1 3 5 1 2 17 2 28 1 5 1 2 1 21 3 1 3
183 1 2 1 22 1 2 32 1 2 1 17 1 2 6 1 2 17 2 1 28 5 1 2 1 21 2 1 2
182 1 3 1 24 2 1 2 21 10 1 17 2 1 8 1 17 1 8 21 2 1 4 2 1 21 1 5 1
182 2 1 2 22 1 7 20 3 1 5 2 18 2 1 7 1 17 8 1 21 1 6 2 1 21 2 4 1
182 2 1 2 22 1 2 29 4 1 2 17 1 3 7 1 17 2 6 22 1 5 1 2 1 21 2 4 1
182 2 1 2 23 7 20 3 5 1 2 17 1 2 1 7 1 17 8 22 1 5 1 2 1 21 2 4 1
182 3 2 22 1 2 28 1 4 1 2 17 1 3 5 1 2 17 2 28 1 5 1 2 1 21 4 1 2

195 2 1 2 24 1 2 6 28 1 2 1 20 2 1 5 1 2 20 1 2 1 28 6 2 1 25 2 1 2
195 1 2 1 25 1 2 6 28 1 2 1 20 2 1 5 1 2 20 1 2 1 28 6 2 1 25 1 2 1
196 1 2 1 24 1 2 6 28 1 2 1 20 2 1 5 1 2 20 1 2 1 28 6 2 1 24 1 2 1

182 1 2 1 23 2 6 26 1 2 1 18 2 1 5 1 2 18 1 2 1 26 6 2 1 22 1 2 1

196 1 2 1 24 1 2 6 28 1 2 1 20 2 1 5 1 2 20 1 2 1 28 6 2 1 24 1 2 1

182 2 1 2 22 2 1 5 28 1 2 18 1 2 7 1 17 2 1 5 22 6 1 2 1 21 2 4 1
182 2 1 2 22 1 7 20 3 1 5 2 18 2 1 7 1 17 8 1 21 1 6 2 1 21 2 4 1
182 2 1 2 22 1 2 5 24 4 1 2 18 3 7 1 17 2 3 25 1 5 1 2 1 21 4 1 2
182 2 1 2 22 1 7 20 3 1 5 2 18 2 1 7 1 17 8 22 1 5 1 2 1 21 4 2 1
182 2 1 2 22 2 1 5 24 4 1 2 18 1 2 7 1 17 2 6 22 6 1 2 1 21 2 4 1
182 2 1 2 22 2 1 5 24 4 1 2 18 3 7 1 17 2 3 25 1 5 1 2 1 21 3 1 3

196 1 2 1 24 1 2 6 28 1 2 1 20 2 1 5 1 2 20 1 2 1 28 6 2 1 24 1 2 1

196 1 2 1 24 1 2 6 28 1 2 1 20 2 1 5 1 2 20 1 2 1 28 6 2 1 24 1 2 1

183 1 2 1 22 1 2 6 26 1 2 1 18 2 1 5 1 2 18 1 2 1 26 6 2 1 22 1 2 1

183 1 2 1 22 1 2 6 26 1 2 1 18 2 1 5 1 2 18 1 2 1 26 6 2 1 22 1 2 1
183 1 2 1 22 6 2 1 19 1 2 1 25 2 1 5 1 2 25 1 2 1 19 1 2 6 22 1 2 1

196 1 2 1 24 1 2 6 28 1 2 1 20 2 1 5 1 2 20 1 2 1 28 6 2 1 24 1 2 1

206 1 2 1 22 6 2 1 19 1 2 1 25 2 1 5 1 2 25 1 2 1 19 1 2 6 22 1 2 1 25
206 1 2 1 22 6 2 1 19 1 2 1 25 2 1 5 1 2 25 1 2 1 18 1 3 6 22 1 2 1 25

206 1 2 1 22 6 2 20 1 2 1 25 2 1 5 1 2 25 1 2 20 1 2 6 22 1 2 1 25
206 1 2 1 22 6 2 20 1 2 1 25 2 1 5 1 2 25 1 2 19 1 3 6 22 1 2 1 25
206 1 2 1 22 1 2 32 1 2 1 18 2 1 5 1 2 18 1 2 1 26 6 2 1 22 1 2 1

182 1 2 1 23 2 6 26 1 2 1 18 2 1 5 1 2 18 1 2 1 26 6 2 1 22 1 2 1

206 1 2 1 22 1 2 32 1 2 1 18 2 1 5 1 2 18 1 2 1 26 6 2 1 22 1 2 1
207 1 2 23 3 1 3 20 1 2 6 2 17 3 8 1 17 3 5 22 1 5 1 2 1 21 4 2 1
206 1 2 1 22 1 2 32 1 2 1 17 1 2 6 1 2 17 2 1 28 5 1 2 1 21 2 1 2
206 1 2 1 22 6 2 20 1 2 1 25 2 1 5 1 2 25 1 2 19 1 3 6 22 1 2 1 25
206 1 2 1 22 1 2 32 1 2 1 17 1 8 1 2 17 2 1 27 1 5 1 2 1 21 2 1 2

206 1 2 1 22 6 2 20 1 2 1 25 2 1 5 1 2 25 1 2 1 18 1 3 6 22 1 2 1 25
206 1 2 1 22 6 2 20 1 2 1 25 2 1 5 1 2 25 1 2 1 19 1 2 6 22 1 2 1 25

206 1 2 1 23 28 6 1 2 1 17 2 1 5 1 2 1 17 1 2 31 2 3 1 20 1 2 1 27
206 1 2 1 22 1 2 32 1 2 1 17 1 2 6 1 2 17 2 1 28 5 1 2 1 21 2 1 2
207 1 2 23 3 1 3 20 1 8 2 17 2 1 8 18 1 7 1 24 4 2 1 20 1 2 4 1 23
206 1 3 23 2 1 4 21 7 1 2 17 2 1 8 18 1 2 5 28 1 2 1 20 1 2 4 1 23
206 1 2 1 22 6 2 20 1 2 1 25 2 1 5 1 2 25 1 2 20 1 2 6 22 1 2 1 25

207 1 25 2 4 1 20 1 5 2 1 19 2 1 9 17 1 8 1 23 1 4 1 21 1 2 1 27
206 3 23 1 2 4 1 23 3 1 3 19 1 6 2 20 1 2 6 23 1 3 1 22 1 2 5 23
206 1 2 23 2 6 26 1 2 1 18 2 1 5 1 2 18 1 2 1 26 6 2 1 22 1 3 2
206 1 2 23 2 6 26 1 2 1 18 2 1 5 1 2 18 1 2 1 26 6 2 1 23 2 1 2

206 1 2 1 22 1 2 6 26 1 2 1 18 2 1 5 1 2 18 1 2 1 26 6 2 1 22 1 2 1
206 1 2 1 22 6 2 1 20 2 1 25 2 1 5 1 2 25 1 2 1 19 1 2 6 22 1 2 1 25

222 2 1 24 1 2 6 28 1 2 1 20 2 1 5 1 2 20 1 2 1 28 6 2 1 24 1 2 1
222 1 2 24 1 2 6 28 1 2 1 20 2 1 5 1 2 20 1 2 1 28 6 2 1 25 2 1 2
222 1 2 24 1 2 6 28 1 2 1 20 2 1 5 1 2 20 1 2 1 28 6 2 1 24 1 3 2

222 3 25 1 2 4 1 25 3 1 3 21 1 6 2 20 2 1 2 6 25 1 3 1 24 1 2 5 25
222 1 2 24 1 2 6 28 1 2 1 20 2 1 5 1 2 20 1 2 1 28 6 2 1 24 1 3 2
222 2 1 24 1 2 6 28 1 2 1 20 2 1 5 1 2 20 1 2 1 28 6 2 1 24 1 2 1

206 2 1 23 6 2 20 1 2 1 5 20 2 1 7 26 1 21 1 6 2 1 20 2 1 4 1 23
206 1 2 23 2 1 5 20 5 3 1 20 3 5 2 1 17 30 1 3 2 3 1 23 1 2 1 24
206 2 1 24 2 1 4 28 1 19 1 2 1 7 18 1 2 5 28 1 2 1 20 2 1 4 1 23
206 2 1 23 6 2 20 1 2 1 25 2 1 5 1 2 25 1 2 19 1 3 6 23 1 2 1 24
206 2 1 23 7 1 20 1 2 4 1 21 2 1 7 1 47 1 3 2 3 1 20 2 1 4 1 23

222 2 1 24 1 2 6 28 1 2 1 20 2 1 5 1 2 20 1 2 1 28 6 2 1 24 1 2 1
222 1 2 24 2 1 5 26 4 1 2 20 1 2 7 1 19 2 3 27 4 2 3 1 23 1 2 5 24
222 1 2 24 6 2 1 22 2 1 27 2 1 5 1 2 27 1 2 1 21 1 2 6 24 1 2 1 27
222 1 2 24 2 1 5 1 25 4 1 2 20 1 2 7 1 19 2 30 6 2 1 25 1 4 1 25 1
222 1 2 24 1 5 2 1 22 1 3 2 4 30 21 1 2 7 1 20 2 1 4 1 25 5 1 2 24
222 1 2 24 2 1 5 1 25 4 1 2 21 1 8 1 19 2 35 1 2 1 24 1 4 1 2 24 1
222 1 2 24 1 2 6 28 1 2 1 20 2 1 5 1 2 20 1 2 1 28 8 1 24 1 3 2 25

208 1 2 22 1 2 5 24 4 1 2 18 2 1 7 1 17 2 6 23 5 3 1 21 2 4 1 24
208 1 2 22 2 1 5 24 4 1 20 1 2 7 1 17 2 6 22 6 3 1 22 1 4 1 23 1
208 1 2 22 1 5 1 22 2 1 27 1 5 2 1 17 8 1 2 1 18 1 32 2 1 2 23 1
208 1 2 22 1 3 1 24 2 6 2 20 8 1 17 3 2 3 1 21 1 6 2 1 21 2 4 1
208 1 2 22 1 2 5 21 3 4 1 2 20 1 7 1 17 2 6 28 3 1 21 2 4 1 23 1
208 1 2 22 1 2 5 21 3 4 1 2 21 7 1 17 2 6 22 1 5 2 1 24 3 1 24 1
208 1 2 22 1 7 23 1 4 1 2 18 2 1 7 1 17 8 22 1 5 1 2 1 21 2 4 1

206 1 2 1 22 1 2 32 1 2 1 18 2 1 5 1 2 18 1 2 1 26 6 2 1 22 1 2 1
206 1 2 1 22 6 2 20 1 2 1 25 2 1 5 1 2 25 1 2 20 1 2 6 22 1 2 1 25
206 1 2 1 22 6 2 20 1 2 1 25 2 1 5 1 2 25 1 2 19 1 3 6 22 1 2 1 25

208 1 2 22 1 6 1 20 1 2 1 27 1 5 2 1 17 8 1 2 1 18 1 32 2 1 2 23 1
208 1 2 22 1 5 2 20 1 2 1 27 1 5 1 2 17 8 1 2 1 18 1 32 2 1 2 23 1
209 1 23 6 2 20 1 2 1 25 2 1 5 1 2 25 1 2 1 18 1 3 6 22 2 1 2 24 1
208 1 2 22 1 5 1 21 1 2 1 27 1 5 1 2 17 8 1 2 1 18 1 32 2 1 2 23 1
208 2 23 6 2 20 1 2 1 25 2 1 5 1 2 25 1 2 1 18 1 3 6 22 2 1 2 24 1

208 1 2 22 1 3 24 3 4 2 1 19 2 6 2 1 17 3 27 1 5 1 2 1 21 3 1 3
208 1 2 22 1 4 3 20 1 2 5 1 2 20 1 8 17 8 23 5 1 2 1 21 2 4 1 24
208 1 2 22 1 3 2 22 1 9 1 20 1 7 1 17 1 2 5 22 6 1 2 1 21 4 2 1
208 1 2 22 1 3 1 23 1 2 7 1 20 8 1 17 3 5 22 1 5 1 2 1 21 4 2 1
208 1 2 22 1 4 3 20 1 2 6 2 20 8 1 17 3 5 22 1 5 1 2 1 21 4 2 1
208 1 2 22 1 3 2 22 1 6 3 1 20 8 1 17 1 2 5 22 6 1 2 1 21 4 2 1

222 1 2 24 2 1 5 26 4 1 2 20 1 2 7 1 21 3 27 4 2 3 1 23 1 2 4 1 24
222 1 2 24 2 1 5 26 4 1 2 20 1 2 7 1 19 2 3 27 6 3 1 23 1 4 2 1 24
222 1 2 24 2 1 5 26 4 1 2 20 1 2 7 1 19 2 3 27 4 2 3 1 23 1 2 5 24
222 1 2 24 2 1 5 26 4 1 2 20 1 2 7 1 19 2 3 27 6 3 1 23 1 2 4 1 24

208 2 1 22 1 4 1 22 1 2 5 2 1 20 5 4 18 10 19 1 5 4 20 2 1 4 24 1
209 2 22 1 4 2 1 20 2 3 2 4 18 11 17 2 6 2 1 19 1 3 2 4 25 2 24 1
208 1 2 22 1 3 2 22 1 6 3 1 20 8 1 18 29 1 5 2 1 21 2 1 4 1 23 1
208 1 2 23 2 1 2 23 6 3 1 19 1 6 3 17 1 2 5 3 20 4 3 2 20 4 27 1
210 1 23 1 2 1 23 1 9 1 20 1 5 2 1 17 1 2 5 27 3 1 21 1 3 2 25 1
208 1 2 22 1 3 2 22 1 6 3 1 20 8 1 17 1 5 2 27 1 3 1 20 1 4 2 25
210 1 22 1 4 1 2 20 1 2 28 5 3 1 18 7 22 1 5 3 1 20 2 1 4 1 23 1

209 1 23 1 3 1 23 1 8 1 21 1 6 2 17 1 2 5 28 1 2 1 20 1 4 2 1 24
208 1 24 1 5 2 20 1 2 1 27 1 5 1 2 17 8 1 2 19 1 9 24 1 2 1 23 1
208 1 24 1 2 4 1 20 4 27 1 5 2 1 17 2 4 2 1 22 8 1 23 1 3 1 23 1
208 2 23 1 4 2 1 20 1 2 5 2 21 27 7 1 2 19 1 5 1 2 1 20 2 6 23 1
208 1 24 1 2 4 1 20 1 3 28 5 2 1 17 1 7 1 21 1 8 1 23 1 3 1 23 1

222 2 1 24 6 2 1 22 2 1 27 2 1 5 1 2 27 1 2 1 20 1 3 6 24 1 2 1 27
222 1 2 24 6 2 1 22 2 1 27 2 1 5 1 2 27 1 2 1 20 1 3 6 24 1 2 1 27
222 1 2 24 1 4 1 25 1 3 5 1 30 2 19 1 2 5 23 2 1 4 1 2 23 5 2 1 24
222 1 2 24 1 2 6 28 1 2 1 20 2 1 5 1 2 20 1 2 1 28 8 1 24 1 3 2 25
222 1 2 24 2 1 5 1 25 4 1 2 20 1 2 7 1 21 3 27 4 2 3 24 1 2 4 1 24
222 1 2 24 1 5 2 1 22 1 3 2 4 30 21 1 2 7 1 20 2 1 4 1 25 5 1 2 24
222 1 2 25 1 4 2 1 23 2 3 4 20 3 7 22 9 1 20 1 4 1 2 26 4 1 2 24 1

209 1 24 2 1 2 22 6 3 1 18 1 2 1 25 2 1 5 1 2 25 1 2 1 20 2 6 23 1

208 2 24 3 1 23 1 3 2 3 1 18 2 8 2 17 1 10 22 2 1 2 22 2 1 4 1 24
209 1 24 2 1 2 22 6 3 1 18 1 2 1 25 2 1 5 1 2 25 1 2 21 2 6 23 1
208 2 24 3 1 23 1 3 2 3 1 18 2 7 1 2 17 1 33 1 3 1 21 1 3 2 25 1
208 1 25 2 1 4 20 1 5 1 2 1 18 2 1 26 1 10 23 1 3 1 21 1 3 2 25 1
208 1 25 2 1 4 20 1 5 1 2 1 18 2 1 26 1 10 24 1 2 1 21 2 4 2 23 1

224 26 1 4 1 2 23 1 2 1 5 1 30 2 19 1 7 23 2 1 4 1 2 23 5 2 1 24 2
224 2 24 2 3 1 25 1 3 2 3 1 20 2 8 2 19 1 34 2 3 1 23 2 1 4 1 24 2
224 26 1 4 1 2 23 1 2 1 5 1 30 2 19 1 7 3 20 2 1 4 1 25 5 2 1 24 2
224 2 24 2 3 1 25 1 3 2 3 1 20 2 8 2 19 1 34 2 3 1 23 1 2 4 1 24 2

224 2 24 2 3 1 25 1 3 2 3 1 20 2 8 2 19 1 34 2 3 1 23 2 1 4 1 24 2
224 26 1 4 1 2 23 1 2 1 5 1 30 2 19 1 7 3 20 2 1 4 1 25 5 2 1 24 2
224 2 24 2 3 1 25 1 3 2 3 1 20 2 8 2 19 1 10 24 2 1 2 24 2 5 1 24 2
224 2 24 2 3 1 25 1 3 2 3 1 20 2 8 2 19 1 10 24 2 1 2 24 2 1 4 1 26

208 1 2 22 1 5 1 21 1 2 1 27 1 5 2 1 17 8 1 2 1 18 1 32 2 1 2 23 1
208 1 24 6 2 20 1 2 1 25 2 1 5 1 2 25 1 2 1 18 1 3 6 22 2 1 2 24 1
208 1 2 22 1 5 2 20 3 1 25 2 1 5 2 1 17 8 1 2 1 18 1 32 2 1 2 23 1
208 1 2 22 1 6 1 20 1 2 1 27 1 5 2 1 17 8 1 2 1 18 1 32 2 1 2 23 1
208 1 2 22 1 5 2 20 1 2 1 27 1 5 2 1 17 8 1 2 1 18 1 32 2 1 2 23 1
208 2 1 22 6 2 20 1 2 1 25 2 1 5 1 2 25 1 2 1 18 1 3 6 22 1 2 1 25

224 2 24 1 4 1 2 23 1 3 2 34 1 19 2 8 2 20 1 3 2 3 1 25 1 3 2 24 2
224 2 24 1 4 2 1 23 1 3 2 34 1 19 2 8 2 20 1 3 2 3 1 25 1 3 2 24 2
224 2 24 1 4 2 1 24 3 2 24 10 1 19 2 8 2 20 1 3 2 3 1 25 1 3 2 24 2

208 2 24 3 1 23 1 3 2 3 1 18 9 1 2 18 2 26 1 2 1 5 1 21 4 2 1 25
209 1 23 1 4 2 1 20 1 3 28 6 2 17 1 7 1 2 18 2 1 4 24 5 1 2 22 2
208 2 23 1 4 2 1 20 1 2 1 6 27 2 19 7 1 21 2 1 2 4 21 4 2 1 24 1
208 1 24 1 2 4 1 21 3 1 3 24 7 1 17 1 7 21 1 6 2 1 23 1 3 1 24 1
208 1 24 1 2 4 21 1 5 1 2 22 5 2 19 1 2 8 18 5 1 2 1 22 1 3 2 26
208 2 23 1 4 2 1 20 1 3 2 4 28 19 1 9 1 18 2 1 4 1 23 5 1 2 22 2
208 2 24 3 4 20 1 6 2 19 2 1 5 1 2 1 17 1 8 2 22 1 26 1 2 1 26 1

210 2 22 1 4 1 23 1 5 3 1 22 2 3 1 18 1 4 25 3 5 1 23 2 3 1 24 1
210 2 22 1 4 1 2 21 1 3 2 32 1 17 2 8 2 18 1 3 2 3 1 23 1 3 24 2
210 24 1 4 1 2 22 2 1 2 22 10 1 17 2 8 2 18 1 3 2 3 1 23 1 3 24 2
210 2 22 1 2 26 2 1 4 2 1 21 5 2 1 17 2 28 1 5 1 2 1 21 2 1 4 25
210 1 24 1 2 25 1 5 1 2 1 26 2 18 2 1 9 18 1 3 2 3 1 23 1 3 24 2
210 2 24 2 3 1 26 24 1 3 5 1 17 1 2 1 5 1 2 18 9 1 22 2 1 2 25 1
210 2 22 1 2 5 21 2 1 4 1 2 21 5 2 1 17 2 28 1 5 3 1 21 2 1 4 25

210 2 22 1 4 2 1 20 2 3 2 22 10 1 17 2 8 2 18 1 3 2 3 1 23 1 3 24 2
210 2 22 1 4 1 2 20 2 3 2 22 10 1 17 2 8 2 18 1 3 2 3 1 23 1 3 24 2
211 1 26 1 2 1 20 1 5 1 23 1 8 1 17 9 1 2 19 1 2 5 1 20 1 4 2 25 1

210 1 23 6 2 20 1 2 1 25 2 1 5 1 2 25 1 2 1 18 1 3 6 22 2 1 2 24 1

209 1 24 2 1 2 22 6 3 1 18 1 2 1 25 2 1 5 1 2 25 1 2 1 20 2 6 23 1
208 2 24 3 1 23 1 3 2 3 1 18 2 8 2 17 1 10 22 2 3 2 20 1 2 4 1 22 2
208 2 24 3 1 23 1 3 2 3 1 18 2 8 2 17 1 10 22 2 3 2 20 2 1 4 1 22 2

210 1 23 1 3 1 23 9 1 19 2 1 8 17 2 1 5 1 2 25 1 3 20 2 5 1 24 1
210 1 23 1 5 2 20 3 1 5 1 19 2 1 33 1 21 1 5 1 2 1 20 2 5 1 23 1
210 1 24 2 1 2 22 6 3 1 19 2 1 25 2 1 5 1 2 25 1 2 1 20 2 6 23 2
210 1 23 1 3 2 22 6 3 1 19 2 1 25 2 1 5 1 2 25 1 2 1 20 2 6 24 1
210 1 23 1 3 1 23 1 8 1 21 1 6 2 17 1 2 5 28 1 2 1 20 1 4 2 1 24
210 24 1 2 4 1 20 1 2 1 28 5 2 1 17 2 6 1 21 1 8 1 23 1 3 1 23 1

208 1 24 1 3 2 23 1 5 3 25 4 1 18 1 3 2 22 1 3 5 1 23 1 4 1 22 2
208 1 25 2 3 1 21 1 3 1 23 10 1 19 8 2 18 1 3 2 3 1 23 1 3 2 22 2
208 2 23 4 2 1 21 1 3 2 4 28 19 1 2 8 18 2 1 4 1 2 21 5 1 2 22 2
208 2 23 4 1 2 21 1 3 6 28 2 17 1 2 5 2 1 18 2 1 4 24 5 1 2 22 2
208 25 1 4 2 21 1 2 6 1 21 1 3 2 3 17 1 8 20 2 6 2 24 1 3 1 22 2
208 2 23 1 3 1 23 1 3 5 1 28 2 17 1 7 21 2 1 4 1 2 21 5 2 1 22 2
208 2 24 3 1 23 1 3 2 3 1 18 2 8 2 17 1 10 22 2 3 22 1 2 4 1 22 2

210 2 22 2 3 1 23 1 3 2 3 1 18 2 8 19 1 10 23 1 3 1 21 1 3 2 25 1
211 1 24 2 1 2 22 5 1 3 20 1 8 18 1 2 7 2 18 4 2 3 1 21 2 1 27 2
210 2 22 1 5 1 22 2 1 7 20 1 7 1 17 5 3 1 22 8 1 20 1 4 2 1 24 1
210 2 24 2 3 1 26 3 21 1 3 6 17 1 2 1 5 1 2 18 9 1 22 2 1 2 25 1
210 2 24 2 3 1 26 24 1 3 5 1 17 1 2 1 5 1 2 18 9 1 22 2 1 2 25 1
210 2 22 1 2 26 2 1 4 1 2 21 5 2 1 17 2 28 1 5 1 2 1 21 2 1 4 25
210 2 22 2 1 4 1 24 2 3 2 19 1 26 2 7 1 2 20 5 2 1 20 1 2 4 25 1

210 1 23 2 1 2 32 1 18 1 2 1 8 17 2 1 5 1 27 1 2 1 20 2 5 1 22 2 1
210 1 23 2 1 2 32 1 18 1 2 1 8 17 2 1 5 1 27 1 2 1 20 1 6 1 22 2 1
210 1 23 2 1 2 32 1 18 1 2 1 8 17 1 2 5 1 27 1 2 1 21 1 5 1 22 2 1
210 1 24 2 1 2 22 6 3 1 18 1 2 1 25 2 6 1 2 25 1 2 1 20 2 6 22 2 1
210 1 24 2 1 2 22 6 3 1 18 1 2 1 25 2 1 5 1 2 25 1 2 1 20 2 6 24 1

210 1 23 2 1 2 32 1 18 1 2 1 8 17 2 1 5 1 2 25 1 3 20 2 5 1 22 2 1
210 1 23 2 1 2 32 1 18 1 2 1 8 17 1 2 5 1 27 1 2 1 20 1 6 1 22 2 1
210 1 23 2 1 2 32 1 18 1 2 1 8 17 2 1 5 1 27 1 2 1 20 1 6 1 22 2 1
210 1 24 2 1 2 22 6 3 1 18 1 2 1 25 2 1 5 1 2 25 1 2 1 20 2 6 23 1
210 1 26 1 2 22 6 3 1 18 1 2 1 25 2 1 5 1 2 25 1 2 1 20 2 6 22 2 1

224 2 24 1 2 5 23 2 1 4 1 2 23 7 1 19 2 30 1 5 1 2 1 23 2 1 4 1 26
224 2 24 1 4 1 2 23 1 3 2 34 1 19 2 8 2 20 1 3 2 3 1 25 1 3 2 24 2
224 2 24 1 4 2 1 24 3 2 24 10 1 19 2 8 2 20 1 3 2 3 1 25 1 3 2 24 2

211 25 2 1 2 21 1 3 2 4 30 17 1 2 5 2 1 18 2 1 4 24 5 1 2 22 2 1
211 25 1 2 1 22 6 3 1 18 1 2 1 25 2 1 5 1 2 25 1 2 21 2 6 22 2 1
210 1 24 1 3 2 22 1 2 28 6 2 17 1 7 1 2 18 2 1 4 24 5 2 1 22 2 1
210 1 26 1 2 22 6 4 18 1 2 1 6 2 17 2 1 5 2 1 25 24 5 1 2 22 2 1
210 1 24 1 3 1 24 2 5 1 18 1 3 6 1 18 1 34 1 2 1 21 1 2 4 1 24 1
210 1 24 3 1 23 1 8 1 18 2 1 5 1 2 1 17 1 8 1 24 26 1 2 1 26 1 2

210 24 1 4 1 2 22 2 1 2 22 10 1 17 2 8 2 18 1 3 2 3 1 23 1 3 24 2
210 1 25 2 3 1 21 1 3 1 23 10 1 26 1 2 18 1 2 1 5 1 20 4 1 2 25 1
210 1 24 1 2 4 21 1 5 1 2 22 5 2 19 1 2 8 18 5 1 2 1 22 1 3 2 26
211 27 1 2 1 21 1 4 1 23 1 8 1 17 9 1 2 19 1 2 5 1 20 1 4 2 25 1
210 1 23 6 2 21 2 1 25 2 1 5 1 2 25 1 2 1 18 1 3 6 22 2 1 2 24 1

227 24 1 2 4 1 23 1 3 6 27 3 2 19 1 7 2 1 20 2 1 4 26 5 1 2 24 2 1
227 24 5 2 1 23 1 3 2 4 27 3 2 19 1 7 2 1 20 2 1 4 26 5 1 2 24 2 1

210 1 23 1 4 1 2 20 1 3 5 1 29 18 1 8 20 1 2 5 2 1 22 5 1 22 1 2
210 1 23 2 1 2 27 5 1 19 1 2 8 17 1 7 1 27 1 2 1 20 1 6 1 22 2 1
210 24 1 2 5 20 1 2 1 5 23 5 2 1 17 2 7 21 1 8 1 23 1 3 1 22 1 2
211 23 1 4 2 1 20 1 2 4 24 1 7 1 18 8 1 19 2 8 1 20 3 1 3 23 2 1
210 1 23 1 5 2 20 1 2 1 5 1 21 1 33 1 2 19 1 5 1 2 1 20 2 6 23 1
210 1 23 1 4 1 22 1 8 1 21 1 6 1 18 1 2 5 28 3 1 20 1 4 2 1 24 1
211 23 2 3 1 22 6 2 1 20 2 1 25 2 1 5 1 2 25 1 2 1 20 2 6 22 2 1

227 24 1 4 2 1 23 1 3 2 4 27 3 21 1 7 2 1 20 2 1 4 26 5 1 2 24 2 1
227 24 1 2 5 23 2 1 4 1 2 23 7 1 19 2 30 1 5 1 2 1 23 2 1 4 1 26 1
227 24 2 1 5 26 4 1 2 20 1 2 5 2 1 19 2 30 6 3 1 23 2 1 4 1 24 2 1
227 27 1 2 1 24 6 2 1 21 1 2 1 27 2 1 5 1 2 27 1 2 22 1 2 6 24 1 2
227 24 1 2 5 25 1 4 1 2 20 3 5 2 1 19 2 30 6 3 1 23 2 1 4 1 24 2 1
227 24 1 4 2 1 24 3 2 4 27 3 21 1 7 2 1 20 2 1 4 25 1 5 1 2 24 2 1

254 1 2 1 24 1 2 6 28 1 2 1 20 2 1 5 1 2 20 1 2 1 28 6 2 1 24 2 1
252 2 1 2 25 1 2 6 28 1 2 1 20 2 1 5 1 2 20 1 2 1 28 6 2 1 24 2 1
252 2 3 1 24 1 2 6 28 1 2 1 20 2 1 5 1 2 20 1 2 1 28 6 2 1 24 2 1
254 1 2 1 24 1 2 6 28 1 2 1 20 2 1 5 1 2 20 1 2 1 28 6 2 1 24 1 2

212 23 5 2 1 22 1 3 1 23 6 2 1 20 2 6 1 19 3 1 3 23 1 4 2 1 23 3
212 27 1 2 1 21 1 4 1 23 1 8 1 17 9 1 2 19 1 2 5 1 20 1 4 2 25 1
236 2 3 1 22 1 2 6 26 1 2 1 18 2 1 5 1 2 18 1 2 1 26 6 2 23 2 1

210 1 23 1 4 1 22 1 3 5 1 29 18 1 7 1 20 1 2 5 2 1 22 5 1 22 1 2
210 26 2 29 1 3 1 19 1 2 5 2 1 17 3 1 5 21 2 5 2 1 22 1 4 1 22 3
211 25 2 1 2 21 1 3 2 4 29 1 17 1 2 1 5 20 1 2 1 6 1 27 1 22 2 1
210 24 1 2 25 1 2 1 5 1 22 5 2 1 17 2 7 21 1 8 1 23 1 3 1 22 1 2
234 1 2 4 21 1 2 1 5 1 22 8 17 1 7 1 2 18 2 5 1 3 20 7 1 22 2 1
210 1 23 1 3 1 23 2 5 2 1 20 10 17 2 5 4 18 3 1 5 2 20 3 4 1 22 2
210 1 26 1 2 27 1 3 1 19 1 9 18 2 1 6 20 1 7 2 1 22 1 4 1 22 1 2

235 1 4 1 2 20 1 2 1 28 5 2 1 17 1 7 1 2 1 19 1 28 5 1 2 23 1 2
235 1 2 1 24 1 2 1 5 1 27 1 2 17 1 10 1 20 2 1 5 20 1 4 1 25 2 1
212 23 1 4 2 1 20 2 5 22 1 6 3 1 17 2 7 1 2 22 6 20 2 1 2 26 2 1
237 2 1 2 21 1 3 2 3 1 20 7 3 17 1 8 3 18 1 2 6 24 1 3 1 23 1 2
212 24 1 2 1 23 2 4 2 1 20 3 25 2 1 5 1 2 25 1 2 1 20 2 6 23 2 1
212 24 1 2 1 23 1 3 2 3 1 30 17 1 2 5 3 20 1 3 5 20 5 1 2 23 2 1

226 1 24 1 2 4 1 24 1 2 36 2 19 1 7 1 2 20 2 1 4 25 1 5 1 2 24 2 1
226 1 24 5 2 1 24 1 3 1 25 6 2 1 2 20 2 6 1 21 3 1 3 25 1 6 1 25 3
226 1 24 2 1 4 1 24 1 2 1 35 2 19 1 9 1 20 2 1 4 25 1 5 2 1 24 2 1
227 24 1 4 1 2 24 1 2 6 30 2 19 1 7 2 1 20 2 1 4 25 1 5 1 2 24 2 1
226 1 24 2 1 4 1 24 1 2 1 35 2 19 1 9 1 20 2 1 4 25 1 5 1 2 24 2 1
226 1 24 2 1 4 1 24 1 2 1 35 2 19 1 7 2 1 20 2 1 4 25 1 6 1 25 2 1
226 1 24 5 2 1 24 1 3 1 25 8 1 2 20 2 6 1 21 3 1 3 25 1 4 2 1 25 3

212 25 1 2 1 22 6 2 1 20 2 1 25 2 1 5 1 2 25 1 2 1 20 2 6 22 1 2 1
237 1 2 1 22 1 2 6 26 1 2 1 18 2 1 5 1 2 18 1 2 1 32 2 1 22 1 2 1
212 25 1 2 1 22 6 3 1 19 2 1 25 2 1 5 1 2 25 1 2 1 20 2 6 22 1 2 1

212 25 1 2 1 22 6 2 1 20 2 1 25 2 1 5 1 2 25 1 2 1 20 2 6 22 1 2 1
237 1 2 1 22 1 2 6 26 1 2 1 18 2 1 5 1 2 18 1 2 1 32 2 1 22 1 2 1

226 25 5 2 1 24 1 3 1 25 6 2 1 2 20 2 6 1 21 3 1 3 25 1 4 2 1 25 3
254 1 2 1 24 1 2 6 28 1 2 1 20 2 1 5 1 2 20 1 2 1 28 6 2 1 24 1 2
252 2 1 2 25 1 2 6 28 1 2 1 20 2 1 5 1 2 20 1 2 1 28 6 2 1 24 2 1

212 25 1 2 1 22 6 2 1 19 1 2 1 25 2 1 5 1 2 25 1 2 1 20 2 6 22 1 2 1
212 25 1 2 1 22 6 3 1 18 1 2 1 25 2 1 5 1 2 25 1 2 1 20 2 6 22 1 2 1

212 27 1 2 1 20 1 3 2 31 2 1 17 1 2 1 5 1 2 17 1 2 1 6 28 23 1 2 1
212 23 1 4 2 1 20 1 2 1 28 5 2 1 18 8 1 2 17 2 1 7 21 4 1 2 23 2 1
235 1 2 4 21 1 2 1 5 1 22 5 3 17 1 8 3 17 2 6 2 1 20 3 1 3 23 2 1
237 1 2 1 22 1 2 6 26 1 2 1 18 2 1 5 1 2 18 1 2 1 32 2 1 22 1 2 1
237 2 1 2 21 1 2 1 5 28 1 2 17 2 1 6 2 1 17 1 2 1 32 2 1 22 1 2 1
237 2 1 2 21 1 2 1 5 1 27 1 2 17 2 1 8 1 17 1 2 1 32 2 1 22 1 2 1
212 23 1 4 2 1 20 1 2 4 24 1 7 1 18 8 1 2 17 2 8 1 20 3 1 3 23 2 1

212 25 1 2 1 22 6 2 1 19 1 2 1 25 2 1 5 1 2 25 1 2 20 1 2 6 22 1 2 1
212 25 1 2 1 22 6 3 1 18 1 2 1 25 2 1 5 1 2 25 1 2 20 1 2 6 22 1 2 1
237 1 2 1 22 1 2 6 26 1 2 1 18 2 1 5 1 2 18 1 2 1 26 6 2 1 22 1 2 1

195 1 2 1 24 1 2 6 28 1 2 1 20 2 1 5 1 2 20 1 2 1 28 6 2 1 24 1 2 1

237 2 1 2 21 1 2 1 5 1 27 1 2 17 2 1 8 1 17 1 2 1 32 2 1 22 1 2 1
212 25 1 2 1 22 6 2 1 20 2 1 25 2 1 5 1 2 25 1 2 1 20 2 6 22 1 2 1
237 1 2 1 22 1 2 6 26 1 2 1 18 2 1 5 1 2 18 1 2 1 32 2 1 22 1 2 1
212 25 1 2 1 22 6 3 1 19 2 1 25 2 1 5 1 2 25 1 2 1 20 2 6 22 1 2 1
235 1 2 4 21 1 2 1 5 1 22 5 3 17 1 8 3 17 2 6 2 1 20 3 1 3 23 2 1

195 1 2 1 24 1 2 6 28 1 2 1 20 2 1 5 1 2 20 1 2 1 28 6 2 1 24 1 2 1

212 25 1 2 1 22 6 3 1 18 1 2 1 25 2 1 5 1 2 25 1 2 1 19 1 2 6 22 1 2 1
212 25 1 2 1 22 6 2 1 19 1 2 1 25 2 1 5 1 2 25 1 2 1 19 1 2 6 22 1 2 1

181 1 2 1 22 1 2 6 26 1 2 1 18 2 1 5 1 2 18 1 2 1 26 6 2 1 22 1 2 1

183 1 2 1 22 1 2 6 26 1 2 1 18 2 1 5 1 2 18 1 2 1 26 6 2 23 1 2 1

180 1 4 2 21 1 2 1 5 1 22 6 2 17 1 7 3 18 2 1 4 24 5 1 2 22 2 1 2
182 2 1 2 21 1 2 1 5 1 27 3 17 1 2 1 5 2 1 17 1 2 5 30 1 22 2 1 2
180 1 5 1 21 1 2 4 1 2 29 1 17 1 3 5 1 2 17 1 3 1 6 21 2 27 1 3 1
180 3 1 3 21 1 2 1 5 1 27 1 2 17 2 1 8 1 17 1 2 1 32 2 1 22 2 1 2
182 2 1 2 21 1 2 1 5 1 28 2 17 2 1 5 3 1 17 1 2 4 29 1 2 22 2 1 2
182 2 1 2 21 1 2 1 5 28 1 2 17 2 1 6 2 1 17 1 2 1 32 2 1 22 1 2 1
180 2 1 2 23 1 2 6 26 1 2 1 18 2 1 5 1 2 18 1 2 1 32 2 1 22 2 1 2

181 1 2 1 22 6 2 1 19 1 2 1 25 2 1 5 1 2 25 1 2 1 19 1 2 6 22 1 2 1
181 1 2 1 22 1 2 6 26 1 2 1 18 2 1 5 1 2 18 1 2 1 26 6 2 1 22 1 2 1

180 1 4 2 21 1 2 1 5 1 22 8 17 1 7 1 2 18 2 1 4 1 23 7 1 22 2 1 2
180 1 4 2 21 1 2 1 5 1 22 8 17 1 7 1 2 18 2 5 1 3 20 7 1 22 2 1 2
180 1 4 2 21 1 2 1 5 23 6 2 17 1 7 1 2 18 2 1 4 24 5 2 1 22 2 1 2
180 2 1 2 23 1 2 6 26 1 2 1 18 2 1 5 1 2 18 1 2 1 32 2 1 22 2 1 2
180 2 1 4 21 1 2 1 5 1 25 3 2 17 1 7 3 18 2 1 4 24 5 1 2 22 2 1 2
180 1 4 2 21 1 2 1 5 1 22 6 2 17 1 7 3 18 2 1 4 1 23 5 2 1 22 2 3

195 1 2 1 24 1 2 6 28 1 2 1 20 2 1 5 1 2 20 1 2 1 28 6 2 1 24 1 2 1

183 1 2 1 22 1 2 6 26 1 2 1 18 2 1 5 1 2 18 1 2 1 26 6 2 23 1 2 1

180 2 1 2 23 1 2 6 26 1 2 1 18 2 1 5 1 2 18 1 2 1 26 6 2 1 22 2 1 2
182 1 2 1 22 1 2 6 26 1 2 1 18 2 1 5 1 2 18 1 2 1 26 6 2 1 22 1 2 1
181 1 2 1 23 1 2 6 26 1 2 1 18 2 1 5 1 2 18 1 2 1 26 6 2 1 23 1 2 1

195 1 2 1 24 1 2 6 28 1 2 1 20 2 1 5 1 2 20 1 2 1 28 6 2 1 24 1 2 1

182 1 2 1 22 1 2 6 26 1 2 1 18 2 1 5 1 2 18 1 2 1 26 6 2 1 22 1 2 1
181 1 2 1 23 1 2 6 26 1 2 1 18 2 1 5 1 2 18 1 2 1 26 6 2 1 23 1 2 1
180 2 1 2 23 1 2 6 26 1 2 1 18 2 1 5 1 2 18 1 2 1 26 6 2 1 22 2 1 2

195 1 2 1 25 1 2 6 28 1 2 1 20 2 1 5 1 2 20 1 2 1 28 6 2 1 25 1 2 1
194 2 1 2 25 1 2 6 28 1 2 1 20 2 1 5 1 2 20 1 2 1 28 6 2 1 24 2 1 2

212 23 1 4 1 2 20 1 2 1 5 1 22 26 7 1 2 20 5 1 2 1 20 2 6 23 1 2
212 23 1 4 1 2 20 1 3 2 3 1 47 1 7 1 2 21 1 4 2 1 20 1 7 23 1 2
212 25 1 2 1 22 6 2 1 20 2 1 25 2 1 5 1 2 25 1 2 1 20 2 6 23 1 2
212 24 1 2 1 23 1 3 2 3 1 30 17 1 2 5 3 20 1 3 5 20 5 1 2 23 2 1
212 23 1 4 1 2 20 2 4 2 1 20 1 27 2 6 1 2 25 1 2 1 20 2 6 23 1 2

212 25 1 2 1 22 6 3 1 18 1 2 1 25 2 1 5 1 2 25 1 2 21 2 6 22 1 2 1
212 25 1 2 1 22 6 2 1 19 1 2 1 25 2 1 5 1 2 25 1 2 21 2 6 22 1 2 1
237 1 2 1 22 1 2 6 26 1 2 1 18 2 1 5 1 2 18 1 2 1 32 2 1 22 1 2 1

255 1 2 1 24 1 2 6 28 1 2 1 20 2 1 5 1 2 20 1 2 1 28 6 2 1 24 1 2 1
228 27 1 2 1 24 6 2 1 21 1 2 1 27 2 1 5 1 2 27 1 2 22 1 2 6 24 1 2 1
228 27 1 2 1 24 6 3 1 20 1 2 1 27 2 1 5 1 2 27 1 2 22 1 2 6 24 1 2 1

183 1 2 1 22 1 2 6 26 1 2 1 18 2 1 5 1 2 18 1 2 1 26 6 2 23 1 2 1

180 2 1 4 21 1 2 1 5 1 30 17 2 1 5 1 2 1 17 1 2 4 1 30 1 22 2 1 2
182 2 1 2 21 1 2 1 5 28 1 2 17 1 2 1 5 2 1 17 1 2 1 34 1 22 2 1 2
180 1 4 2 21 1 2 1 5 1 22 6 2 17 1 7 3 1 17 2 1 4 1 28 2 1 22 2 3
182 2 1 2 21 1 2 1 5 1 28 2 17 1 2 5 3 1 17 2 1 4 29 1 2 22 2 1 2
180 1 4 2 21 1 2 1 5 1 22 6 2 17 1 7 3 18 2 1 4 1 23 5 2 1 22 2 3
182 2 1 2 21 1 2 1 5 1 28 2 17 2 1 5 3 1 17 2 1 4 1 28 2 1 22 2 3

181 1 2 1 23 1 2 6 26 1 2 1 18 2 1 5 1 2 18 1 2 1 26 6 2 1 23 1 2 1
182 1 2 1 22 1 2 6 26 1 2 1 18 2 1 5 1 2 18 1 2 1 26 6 2 1 22 1 2 1
182 1 2 1 22 6 3 1 18 1 2 1 25 2 1 5 1 2 25 1 2 1 19 1 2 6 22 1 2 1
182 2 1 2 21 6 3 1 18 1 2 1 25 2 1 5 1 2 25 1 2 1 19 1 2 6 22 2 1 2
181 1 2 1 23 6 3 1 18 1 2 1 25 2 1 5 1 2 25 1 2 1 19 1 2 6 23 1 2 1

196 1 2 1 24 1 2 6 28 1 2 1 20 2 1 5 1 2 20 1 2 1 28 6 2 1 24 1 2 1
195 1 2 1 25 1 2 6 28 1 2 1 20 2 1 5 1 2 20 1 2 1 28 6 2 1 25 1 2 1

182 1 2 1 23 1 2 6 26 1 2 1 18 2 1 5 1 2 18 1 2 1 26 6 2 1 23 1 2 1
181 1 2 1 24 1 2 6 26 1 2 1 18 2 1 5 1 2 18 1 2 1 26 6 2 1 24 1 2 1
181 2 1 2 23 1 2 6 26 1 2 1 18 2 1 5 1 2 18 1 2 1 26 6 2 1 22 2 1 2
182 2 1 2 22 1 2 6 26 1 2 1 18 2 1 5 1 2 18 1 2 1 26 6 2 1 23 2 1 2

181 1 2 1 24 1 2 6 26 1 2 1 18 2 1 5 1 2 18 1 2 1 26 6 2 1 24 1 2 1
182 1 2 1 23 1 2 6 26 1 2 1 18 2 1 5 1 2 18 1 2 1 26 6 2 1 23 1 2 1
182 2 1 2 22 1 2 6 26 1 2 1 18 2 1 5 1 2 18 1 2 1 26 6 2 1 23 2 1 2
183 1 2 1 22 1 2 6 26 1 2 1 18 2 1 5 1 2 18 1 2 1 26 6 2 1 22 1 2 1

169 2 1 2 20 1 2 5 1 25 1 2 15 1 2 1 7 1 15 1 2 5 26 2 1 20 2 3 1
169 2 1 2 20 1 2 5 1 25 1 2 15 1 2 1 7 1 15 2 1 5 26 2 1 20 2 3 1
168 1 3 2 20 1 2 5 1 20 5 1 2 15 1 10 1 15 2 1 5 21 5 2 1 20 2 3 1
169 2 1 2 20 2 1 5 1 25 1 2 15 1 2 1 7 1 15 1 2 5 26 2 1 20 2 3 1
169 1 2 1 21 1 2 6 24 1 2 1 16 2 1 5 1 2 16 1 2 1 24 6 2 22 1 2 1
169 2 1 2 20 1 2 6 21 4 1 2 15 1 2 1 7 1 15 2 6 21 5 2 1 20 2 3 1

182 1 3 2 22 1 2 5 1 22 5 1 2 17 1 10 1 17 2 1 5 22 1 5 2 1 22 2 3 1
183 1 2 1 22 1 2 6 26 1 2 1 18 2 1 5 1 2 18 1 2 1 26 6 2 1 22 1 2 1
182 1 2 1 23 1 2 6 26 1 2 1 18 2 1 5 1 2 18 1 2 1 26 6 2 1 23 1 2 1

181 1 3 2 22 1 2 5 1 22 5 1 2 17 1 10 1 17 2 1 5 22 1 5 1 2 22 2 4 1
181 1 3 2 22 1 2 5 1 22 5 1 2 17 1 10 1 17 2 1 5 22 1 5 2 1 22 2 3 1

182 2 1 2 22 6 2 1 19 1 2 1 25 2 1 5 1 2 25 1 2 1 19 1 2 6 21 2 1 2
182 2 1 2 22 1 2 6 26 1 2 1 18 2 1 5 1 2 18 1 2 1 26 6 2 1 23 2 1 2
183 2 1 2 21 6 2 1 19 1 2 1 25 2 1 5 1 2 25 1 2 1 19 1 2 6 22 2 1 2

182 2 1 2 22 1 2 6 26 1 2 1 18 2 1 5 1 2 18 1 2 1 26 6 2 1 23 2 1 2
183 1 2 1 22 1 2 6 26 1 2 1 18 2 1 5 1 2 18 1 2 1 26 6 2 1 22 1 2 1
182 1 2 1 23 1 2 6 26 1 2 1 18 2 1 5 1 2 18 1 2 1 26 6 2 1 23 1 2 1

196 1 2 1 24 1 2 6 28 1 2 1 20 2 1 5 1 2 20 1 2 1 28 6 2 1 24 1 2 1

206 1 2 1 22 6 2 1 19 1 2 1 25 2 1 5 1 2 25 1 2 20 1 2 6 22 1 2 1 25
206 1 2 1 22 1 2 6 26 1 2 1 18 2 1 5 1 2 18 1 2 1 26 6 2 1 22 1 2 1
206 1 2 1 22 6 2 1 19 1 2 1 25 2 1 5 1 2 25 1 2 19 1 3 6 22 1 2 1 25

207 1 2 22 2 1 5 24 4 1 2 18 1 2 7 1 17 2 6 22 6 2 1 22 2 3 1 24
207 1 2 23 3 4 20 3 5 1 2 18 2 1 5 2 18 3 27 5 1 2 1 22 1 2 4 23
206 1 2 1 23 3 1 24 8 1 18 2 1 6 2 1 17 1 2 7 24 2 3 21 1 3 2 25
206 1 2 1 22 2 1 2 32 1 18 2 1 5 1 2 1 18 1 8 24 2 3 21 1 2 1 27
206 1 2 1 22 2 1 2 33 1 17 1 2 8 1 17 1 5 2 24 3 1 3 21 1 4 2 1
206 1 3 26 1 3 20 1 8 2 17 2 1 6 2 1 17 1 29 5 1 2 1 22 1 2 4 23
206 1 3 22 1 4 3 21 2 6 2 17 3 6 2 1 17 1 29 5 1 2 1 22 1 2 4 23

208 1 2 22 1 2 6 26 1 2 1 18 2 1 5 1 2 18 1 2 1 26 6 2 1 22 1 3 2
208 1 2 22 2 4 2 1 23 25 2 1 5 1 2 17 2 3 4 2 1 22 6 21 1 2 1 26 1
208 1 2 22 2 1 5 1 23 25 1 2 5 1 2 17 2 6 1 2 1 18 4 6 21 1 2 1 26
208 1 2 22 2 1 5 1 23 4 1 2 18 1 2 8 17 2 6 2 20 4 2 3 1 21 2 4 24
208 1 2 22 2 1 5 1 23 4 1 2 18 1 2 7 1 17 2 28 6 2 1 23 1 4 1 23 1

224 2 24 2 3 1 25 1 3 2 3 1 20 2 8 2 19 1 10 24 2 1 2 24 2 1 4 1 26

210 2 22 1 4 2 1 20 2 3 2 22 10 1 17 2 8 2 18 1 3 2 3 1 23 1 3 24 2
210 2 22 1 4 1 2 20 2 3 2 22 10 1 17 2 8 2 18 1 3 2 3 1 23 1 3 24 2

210 1 24 2 1 2 22 6 3 1 18 1 2 1 25 2 1 5 1 2 25 1 2 1 20 2 6 24 1
210 1 24 2 1 2 22 6 3 1 18 1 2 1 25 2 1 5 1 2 25 1 2 1 20 2 6 23 2

227 24 1 2 5 23 2 1 4 1 2 23 7 1 19 2 30 1 5 1 2 1 23 2 1 4 1 26 1
227 24 1 4 2 1 23 1 3 2 4 27 3 21 1 7 2 1 20 2 1 4 26 5 1 2 24 2 1
227 24 1 2 5 25 1 4 1 2 20 3 7 1 19 2 30 1 5 1 2 1 23 2 1 4 1 26 1
227 24 1 2 5 25 1 4 1 2 20 3 5 2 1 19 2 30 1 5 3 1 25 1 4 1 24 2 1
227 24 1 2 5 23 2 1 4 1 2 23 5 2 1 19 2 30 1 5 3 1 23 2 1 4 1 26 1
227 24 2 1 5 26 4 1 2 20 1 2 5 2 1 19 2 30 6 3 1 23 2 1 4 1 24 2 1

183 1 2 1 21 6 2 1 19 1 2 1 25 2 1 5 1 2 25 1 2 1 19 1 2 6 21 1 2 1
181 1 2 1 23 6 2 1 19 1 2 1 25 2 1 5 1 2 25 1 2 1 19 1 2 6 23 1 2 1
182 1 2 1 22 6 2 1 19 1 2 1 25 2 1 5 1 2 25 1 2 1 19 1 2 6 22 1 2 1
182 2 1 2 21 6 2 1 19 1 2 1 25 2 1 5 1 2 25 1 2 1 19 1 2 6 22 2 1 2
181 2 1 2 22 6 2 1 19 1 2 1 25 2 1 5 1 2 25 1 2 1 19 1 2 6 21 2 1 2
181 1 2 1 23 1 2 6 26 1 2 1 18 2 1 5 1 2 18 1 2 1 26 6 2 1 23 1 2 1

182 1 3 2 22 1 2 5 1 22 5 1 2 17 1 10 1 17 2 1 5 22 1 5 2 1 22 2 3 1
181 1 4 2 22 2 1 5 1 22 5 1 2 17 1 10 1 17 2 1 5 22 1 5 2 1 22 2 3 1

181 1 2 1 23 1 2 6 26 1 2 1 18 2 1 5 1 2 18 1 2 1 26 6 2 1 23 1 2 1
180 1 3 2 22 1 2 5 1 22 5 1 2 17 1 10 1 17 2 1 5 22 1 5 2 1 22 2 3 1

168 1 3 2 20 1 2 5 21 5 1 2 15 1 10 1 15 2 1 5 20 1 5 2 1 20 2 3 1
168 1 3 2 20 1 2 5 21 5 1 2 15 1 8 2 1 15 2 1 25 1 5 2 1 20 2 1 2
168 2 1 2 21 2 6 24 1 2 1 16 2 1 5 1 2 16 1 2 1 24 6 2 1 21 2 1 2
168 1 3 2 20 1 2 26 5 2 1 15 1 7 1 2 1 15 2 1 25 1 5 1 2 20 2 1 2
168 1 2 1 22 2 6 24 1 2 1 16 2 1 5 1 2 16 1 2 1 24 6 2 1 21 1 2 1
168 1 3 2 20 1 2 5 21 6 2 15 1 7 1 2 16 2 1 4 21 1 5 2 1 20 2 1 2

181 2 1 2 23 1 2 6 26 1 2 1 18 2 1 5 1 2 18 1 2 1 26 6 2 1 22 2 1 2
181 1 2 1 24 1 2 6 26 1 2 1 18 2 1 5 1 2 18 1 2 1 26 6 2 1 24 1 2 1
182 2 1 2 22 1 2 6 26 1 2 1 18 2 1 5 1 2 18 1 2 1 26 6 2 1 23 2 1 2
183 1 2 1 22 1 2 6 26 1 2 1 18 2 1 5 1 2 18 1 2 1 26 6 2 1 22 1 2 1

181 1 2 1 24 1 2 6 26 1 2 1 18 2 1 5 1 2 18 1 2 1 26 6 2 1 24 1 2 1
181 2 1 2 23 1 2 6 26 1 2 1 18 2 1 5 1 2 18 1 2 1 26 6 2 1 22 2 1 2
182 2 1 2 22 1 2 6 26 1 2 1 18 2 1 5 1 2 18 1 2 1 26 6 2 1 23 2 1 2
183 1 2 1 22 1 2 6 26 1 2 1 18 2 1 5 1 2 18 1 2 1 26 6 2 1 22 1 2 1

195 2 1 2 24 1 2 6 28 1 2 1 20 2 1 5 1 2 20 1 2 1 28 6 2 1 25 2 1 2
195 1 2 1 25 1 2 6 28 1 2 1 20 2 1 5 1 2 20 1 2 1 28 6 2 1 25 1 2 1

182 2 1 2 22 6 2 1 19 1 2 1 25 2 1 5 1 2 25 1 2 1 19 1 2 6 21 2 1 2
182 1 2 1 23 6 2 1 19 1 2 1 25 2 1 5 1 2 25 1 2 1 18 1 3 6 23 1 2 1
182 2 1 2 22 1 5 2 1 19 3 1 25 2 6 1 2 17 8 1 2 1 18 1 3 6 21 2 1 2
182 2 1 2 22 6 2 1 19 1 2 1 25 2 1 5 1 2 25 1 2 1 18 1 3 6 21 2 1 2
183 1 2 1 22 6 2 1 19 1 2 1 25 2 1 5 1 2 25 1 2 1 19 1 2 6 22 1 2 1
182 2 1 2 22 1 2 6 26 1 2 1 18 2 1 5 1 2 18 1 2 1 26 6 2 1 23 2 1 2

182 1 3 1 24 2 1 2 21 1 9 1 18 1 9 1 21 5 21 1 2 4 2 1 20 1 2 4 1
182 1 3 1 24 2 1 2 21 10 1 17 2 1 8 1 17 1 8 21 2 1 4 2 1 21 1 5 1
182 3 2 22 1 2 5 23 1 4 1 2 18 3 7 1 17 2 3 25 1 5 1 2 1 21 4 1 2
183 1 2 1 22 1 2 32 1 2 1 17 1 8 1 2 17 2 1 27 1 5 1 2 1 21 2 1 2
183 1 2 1 22 1 2 32 1 2 1 18 2 1 5 1 2 18 1 2 1 26 6 2 1 22 1 2 1

182 1 2 1 23 2 6 26 1 2 1 18 2 1 5 1 2 18 1 2 1 26 6 2 1 22 1 2 1

220 1 2 1 24 6 2 1 22 2 1 27 2 1 5 1 2 27 1 2 1 20 1 3 6 24 1 2 1 27
220 1 2 1 24 1 2 6 28 1 2 1 20 2 1 5 1 2 20 1 2 1 28 6 2 1 24 1 2 1

206 1 2 1 22 6 2 21 2 1 25 2 1 5 1 2 25 1 2 1 18 1 3 6 22 1 2 1 25
206 1 2 1 22 6 2 21 2 1 25 2 1 5 1 2 25 1 2 1 19 1 2 6 22 1 2 1 25
206 1 2 1 22 1 2 32 1 2 1 18 2 1 5 1 2 18 1 2 1 26 6 2 1 22 1 2 1

206 1 2 23 2 1 5 20 5 3 1 20 3 5 2 1 17 30 1 3 2 3 1 23 1 2 1 24
206 2 1 23 6 2 20 1 2 1 25 2 1 6 2 27 1 20 1 2 4 2 20 2 1 4 1 23
206 1 2 23 6 2 20 1 2 1 25 2 1 5 1 2 25 3 20 1 2 4 2 23 1 2 1 24
206 2 1 23 6 2 20 1 2 1 5 20 2 1 7 26 1 21 1 6 2 1 20 2 1 4 1 23
206 2 1 23 7 1 20 1 2 4 1 21 2 1 7 1 47 1 3 2 3 1 20 2 1 4 1 23
206 2 1 23 6 2 20 1 2 1 5 20 2 1 7 26 1 22 1 5 2 1 20 2 1 4 1 23

222 1 2 24 2 1 5 26 4 1 2 20 1 2 7 1 21 3 27 4 2 3 1 23 1 2 4 1 24
222 1 2 24 1 4 1 2 23 1 3 6 30 2 19 1 2 5 23 2 1 4 1 2 23 5 2 1 24
222 1 2 24 1 4 1 2 23 1 3 6 30 2 19 1 2 5 2 1 20 2 1 4 26 5 1 2 24
222 1 26 1 4 1 2 23 1 2 1 5 1 30 2 19 1 7 3 20 2 1 4 1 25 5 2 1 24
222 1 26 1 4 1 2 23 1 2 1 5 1 30 2 19 1 7 23 2 1 4 1 2 23 5 2 1 24

208 1 24 6 2 20 1 2 1 25 2 1 5 1 2 25 1 2 1 18 1 3 6 22 2 1 2 24 1
209 1 23 6 2 20 1 2 1 25 2 1 5 1 2 25 1 2 1 18 1 3 6 22 2 1 2 24 1
208 2 23 6 2 20 1 2 1 25 2 1 5 1 2 25 1 2 1 18 1 3 6 22 2 1 2 24 1

208 2 24 3 1 23 1 3 2 3 1 18 2 8 2 17 1 10 22 2 3 2 20 1 2 4 1 22 2
208 2 24 3 1 23 1 3 2 3 1 18 2 8 2 17 1 10 22 2 3 2 20 2 1 4 1 22 2
209 1 24 2 1 2 22 6 3 1 18 1 2 1 25 2 1 5 1 2 25 1 2 1 20 2 6 23 1

224 26 1 4 1 2 24 2 1 2 24 10 1 19 2 8 2 20 1 3 2 3 1 25 1 3 2 24 2

211 25 1 2 1 22 6 3 1 18 1 2 1 25 2 1 5 1 2 25 1 2 20 1 2 6 22 2 1
211 25 1 2 1 22 6 2 1 19 1 2 1 25 2 1 5 1 2 25 1 2 20 1 2 6 22 2 1
210 1 26 1 2 1 21 6 22 1 2 4 3 2 17 2 1 5 1 2 25 23 1 2 4 2 22 2 1
210 1 23 1 4 1 23 1 2 6 28 2 17 1 7 2 1 18 2 1 4 23 1 5 1 2 22 2 1
210 1 23 2 3 1 23 1 2 6 28 2 17 1 7 2 1 18 2 1 4 23 1 5 1 2 22 2 1
210 1 24 1 3 1 23 1 2 6 28 2 17 1 7 2 1 18 2 1 4 23 1 5 1 2 22 2 1

212 25 2 3 1 21 1 3 1 33 1 17 1 2 6 1 2 17 2 8 1 20 3 1 3 23 2 1
212 25 2 1 2 22 1 2 6 23 4 2 1 17 1 2 6 1 2 17 2 3 29 1 2 24 1 2
212 23 1 3 2 23 1 2 1 5 23 6 1 17 1 8 1 2 18 4 6 21 2 3 24 1 2 1
237 1 3 1 26 3 2 19 1 3 6 1 17 2 1 6 1 2 27 1 20 1 2 1 26 1 2 1
212 27 1 2 22 5 1 3 20 1 8 1 17 1 2 6 1 2 19 8 1 20 3 1 26 1 2 1
212 24 1 5 1 21 1 2 1 27 6 1 18 1 8 2 1 17 1 5 3 24 1 3 2 22 2 1
212 27 1 2 1 21 5 1 3 20 1 8 18 1 2 6 1 2 18 1 6 3 23 3 24 1 2 1

212 25 1 2 1 22 6 2 1 20 2 1 25 2 1 5 1 2 25 1 2 1 19 1 2 6 22 1 2 1
237 1 2 1 22 1 2 6 26 1 2 1 18 2 1 5 1 2 18 1 2 1 26 6 2 1 22 1 2 1
212 25 1 2 1 22 6 3 1 19 2 1 25 2 1 5 1 2 25 1 2 1 19 1 2 6 22 1 2 1

195 1 2 1 24 1 2 6 28 1 2 1 20 2 1 5 1 2 20 1 2 1 28 6 2 1 24 1 2 1

181 1 2 1 23 1 2 6 26 1 2 1 18 2 1 5 1 2 18 1 2 1 26 6 2 1 23 1 2 1
180 2 1 2 23 1 2 6 26 1 2 1 18 2 1 5 1 2 18 1 2 1 26 6 2 1 22 2 1 2

