244 1 2 1 36 5 1 2 5 1 27 1 2 1 12 1 2 26 1 17 1 30 1 2 1 5 1 2 31 1 2 1 5 1
244 1 2 1 36 5 1 5 2 1 27 1 2 1 11 1 3 26 1 17 1 30 1 2 1 5 1 2 30 1 2 1 6 1
244 1 2 1 36 5 1 5 2 1 27 1 2 1 11 1 3 26 1 17 1 29 1 2 1 5 1 2 1 30 2 1 5 1
244 1 2 1 39 2 1 5 2 1 26 1 3 9 3 1 3 27 4 13 1 26 1 3 2 3 4 3 31 2 1 4 1 2
245 2 1 36 2 3 1 5 2 1 28 2 1 8 3 1 3 27 2 16 26 4 2 1 2 4 2 1 30 2 1 2 4 2
244 1 3 36 5 1 5 2 1 27 1 2 1 8 3 1 3 27 2 15 1 26 4 3 2 3 1 3 30 2 1 5 1 2

179 1 2 1 5 1 2 1 24 1 4 1 7 1 3 1 23 1 15 28 1 5 2 1 4 1 24 1 2 1 5 1 2 1
179 1 2 1 6 1 2 1 23 3 2 3 4 2 1 2 24 18 22 3 2 3 1 3 2 3 24 1 2 1 6 1 2 1
179 1 2 1 6 1 2 1 23 1 3 1 7 2 1 2 23 19 23 2 1 2 7 1 3 1 23 1 2 1 6 1 2 1
179 1 2 1 5 1 2 1 24 1 4 1 2 5 1 3 25 15 24 1 3 1 7 1 4 1 24 1 2 1 5 1 2 1
180 3 1 5 1 2 1 23 3 2 3 4 2 1 2 24 3 15 22 3 2 3 4 2 3 1 23 1 2 1 6 1 2 1
179 1 2 1 6 1 2 1 23 2 3 1 5 2 1 4 24 15 24 2 3 2 4 2 3 2 23 1 2 1 6 1 2 1

241 1 5 1 2 30 1 2 1 6 2 1 2 27 1 6 12 26 2 1 12 1 2 1 27 1 5 2 1 5 36 1 2 1
241 4 2 1 2 30 1 2 4 2 1 2 4 26 1 15 2 1 26 3 1 3 8 1 2 28 1 2 5 1 5 36 1 2
239 2 1 5 2 1 30 3 1 3 2 3 1 3 26 1 17 1 26 2 1 12 1 2 28 1 5 2 1 5 36 1 2 1
239 2 1 5 2 1 30 3 4 2 1 2 4 26 1 17 27 3 1 3 8 1 2 1 27 1 2 5 1 5 36 1 2 1
239 2 1 5 2 1 30 3 1 3 2 3 1 3 26 1 15 2 1 26 3 1 8 6 28 2 1 5 1 2 1 39 3 1
239 2 1 5 2 1 30 3 1 3 2 3 1 3 26 1 17 1 26 3 1 11 3 28 1 2 5 1 3 2 36 1 2 1

244 1 2 37 5 1 5 2 1 27 1 2 1 8 3 1 3 26 1 2 15 1 30 3 1 5 3 29 1 2 1 5 1 2
246 1 37 1 2 6 1 2 1 28 1 3 1 7 1 5 27 15 1 2 28 1 3 2 3 1 5 29 1 2 5 1 2 1
243 1 2 1 41 2 1 5 1 27 1 2 1 12 1 2 1 38 6 27 1 2 1 7 2 1 2 29 2 1 2 4 2 1
243 1 2 1 41 2 1 5 1 27 1 2 1 12 1 2 1 26 18 29 2 1 2 4 2 1 2 29 2 1 2 4 2 1

229 1 6 1 2 1 28 4 1 4 2 1 4 27 2 13 1 24 1 3 1 8 2 1 2 25 1 3 2 3 1 5 34 3 1
229 1 6 1 2 1 28 4 1 4 2 1 4 27 2 13 25 1 3 1 8 2 3 1 24 1 3 2 3 1 3 2 34 3 1
229 1 6 1 2 1 28 4 1 4 2 1 31 2 13 1 24 1 3 1 8 2 3 1 24 1 3 2 3 1 3 2 34 3 1

243 2 1 38 4 6 1 2 1 26 2 1 2 6 1 3 1 29 2 16 2 30 1 2 1 5 2 1 30 1 2 1 5 2
243 2 1 38 4 6 1 2 1 26 2 1 2 6 1 3 1 29 2 16 2 30 1 2 1 5 2 1 29 1 2 1 6 2
243 1 2 41 1 2 5 1 2 26 2 1 2 10 1 2 1 26 18 30 1 2 1 5 1 2 1 30 1 2 1 5 1 2
245 1 38 2 4 5 2 1 26 1 3 1 7 1 2 1 29 2 16 2 26 1 5 1 2 1 5 1 31 2 1 4 1 2

216 1 2 1 5 1 2 1 24 2 3 1 5 2 1 4 24 15 24 2 3 2 4 2 3 2 23 1 2 1 6 1 2 1
216 1 2 1 5 1 2 1 24 1 4 1 2 5 1 28 15 1 23 1 3 1 7 1 4 1 24 1 2 1 5 1 2 1
216 1 2 1 5 1 2 1 24 1 4 1 2 6 3 1 24 15 24 1 3 1 7 1 4 1 24 1 2 1 5 1 2 1
216 1 2 1 5 1 2 1 24 1 4 1 7 1 3 1 24 15 24 1 3 6 2 1 4 1 24 1 2 1 5 1 2 1
216 1 2 1 5 1 2 1 24 2 3 1 5 2 1 4 24 15 24 4 1 2 5 1 3 2 23 1 2 1 6 1 2 1
216 1 2 1 5 1 2 1 24 2 3 1 5 2 1 4 24 15 24 4 1 2 5 1 3 2 24 1 2 1 5 1 2 1

229 1 2 4 2 1 29 2 1 2 6 1 3 1 25 14 2 26 1 2 1 13 1 25 2 1 5 2 1 4 35 1 2 1
229 1 5 1 2 1 29 4 5 2 1 4 27 2 13 1 24 1 3 1 8 2 1 2 25 1 3 2 3 1 5 34 3 1
229 1 5 1 2 1 29 2 1 5 1 2 1 28 1 17 1 24 3 1 9 2 3 1 25 1 2 5 1 3 2 34 3 1
229 1 5 1 2 1 29 2 1 5 1 2 1 28 1 17 1 24 3 1 11 1 2 1 25 1 2 5 1 5 34 1 2 1
229 1 5 1 32 2 1 2 7 1 2 1 24 1 5 7 2 28 2 1 13 1 2 25 1 5 2 1 4 1 33 2 1 2
229 1 5 1 2 1 29 2 1 7 1 3 2 24 1 5 37 2 1 11 2 1 2 25 1 5 2 1 4 1 33 2 1 2

243 1 2 41 1 2 5 1 2 26 2 1 2 10 1 2 1 26 18 30 1 2 1 5 1 2 1 30 1 2 1 5 1 2
243 2 1 38 3 1 6 1 2 1 26 2 1 8 1 3 1 29 2 16 2 30 1 2 1 5 2 1 29 1 2 1 6 2
243 2 1 38 4 6 1 2 1 26 2 1 2 6 1 3 1 29 2 16 2 30 1 2 1 5 2 1 30 1 2 1 5 2
245 1 38 4 6 1 2 1 26 1 3 1 7 1 2 1 29 2 16 2 26 1 5 1 2 1 5 1 31 2 1 4 1 2

233 1 2 37 1 2 1 6 1 2 25 6 8 1 2 1 24 2 1 9 6 25 1 6 3 2 3 1 28 2 1 5 1 3
233 1 2 39 1 2 5 1 2 24 2 1 2 10 1 2 1 24 18 28 1 2 1 5 1 2 1 28 1 2 1 5 1 2

228 1 2 1 5 1 2 1 26 1 4 1 2 5 1 3 27 15 26 1 3 1 7 1 4 1 26 1 2 1 5 1 2 1
228 1 2 1 5 1 2 1 26 1 4 1 2 5 1 3 27 15 27 3 1 5 2 1 4 1 26 1 2 1 5 1 2 1
228 1 2 1 5 1 2 1 26 1 4 1 2 5 1 30 15 1 25 1 3 1 7 1 4 1 26 1 2 1 5 1 2 1

229 1 5 1 32 2 1 2 7 1 2 1 24 1 5 7 2 28 2 1 13 1 2 25 1 5 2 1 4 1 33 2 1 2

233 1 39 3 1 5 1 2 1 24 1 3 2 9 1 27 1 17 1 28 1 2 1 5 1 2 1 27 1 2 1 6 1
233 1 41 2 1 4 2 1 25 1 3 10 1 3 1 26 2 1 11 28 1 3 6 1 3 1 28 2 1 5 1 2 1
233 39 1 2 1 6 1 2 1 24 2 3 1 5 2 1 4 1 67 2 3 1 3 2 3 1 29 1 2 1 5 1 2
272 1 2 1 6 1 2 1 25 3 2 3 4 2 1 2 26 18 24 5 1 2 1 5 1 2 27 2 1 2 4 2 1
233 40 1 2 1 5 1 2 1 24 1 3 6 2 1 4 1 28 40 1 2 1 5 3 1 3 28 1 2 4 2 1 2
233 1 39 3 1 3 2 3 1 24 1 3 10 1 3 1 24 1 2 43 1 5 2 1 4 1 27 1 2 5 1 2 1

233 1 39 3 1 5 1 2 1 24 1 3 8 2 1 4 24 1 6 10 29 1 5 2 1 4 1 26 2 1 6 1 2 1
233 1 39 3 1 5 1 2 1 24 1 3 2 9 1 2 1 28 39 1 4 1 7 1 2 1 26 1 2 1 5 1 2 1
272 2 1 2 4 2 1 2 24 1 4 1 2 5 1 3 2 25 42 3 1 5 2 1 4 1 26 1 2 1 5 1 2 1
233 1 39 3 1 5 1 2 1 24 1 3 2 8 1 2 1 29 39 1 4 1 7 1 2 1 26 1 2 1 5 1 2 1
233 1 39 3 1 3 2 3 1 24 1 3 2 8 1 3 1 28 39 1 4 1 7 1 2 1 26 1 2 1 5 1 2 1

228 1 2 1 5 1 2 1 26 1 4 1 2 5 1 3 27 15 25 2 3 1 5 2 1 4 1 26 1 2 1 5 1 2 1

242 4 2 1 33 2 6 2 1 4 27 1 3 1 12 2 26 1 13 1 3 1 29 2 1 2 4 2 1 33 1 3 1
243 1 4 1 33 1 2 7 2 1 2 27 1 3 2 7 6 26 1 14 1 2 1 31 1 2 1 5 1 34 1 2 1
242 1 2 1 36 1 4 1 2 5 1 29 2 12 1 2 1 26 5 7 6 27 1 2 1 6 2 1 2 34 1 4 2
243 1 3 2 33 1 2 5 1 3 30 1 3 1 11 2 1 26 1 13 1 3 1 29 1 2 1 6 2 33 1 5 1
243 1 4 1 33 1 2 7 2 1 2 27 1 3 2 7 6 27 14 1 2 1 26 5 1 2 1 5 1 34 1 2 1
242 3 1 3 33 4 2 3 1 5 27 1 3 1 12 2 26 12 1 5 1 27 2 1 2 4 2 1 2 33 1 5 1

233 1 39 3 1 3 2 3 1 24 1 3 2 8 1 3 1 28 39 1 4 1 7 1 2 1 26 1 2 1 5 1 2 1
272 1 2 1 5 1 2 1 25 1 3 2 7 1 4 1 25 15 27 3 1 5 2 1 4 1 26 1 2 1 5 1 2 1
233 1 39 1 2 1 5 1 2 1 24 1 5 1 8 1 2 1 67 1 5 1 2 1 5 1 27 1 2 1 5 1 2 1

228 1 2 1 5 1 2 1 26 1 4 1 2 5 1 3 27 15 25 2 3 1 5 2 1 4 1 26 1 2 1 5 1 2 1

242 2 1 2 35 4 1 2 5 1 2 26 1 2 12 1 3 26 3 1 14 2 26 1 2 5 1 2 1 35 4 2 1 2
242 2 1 2 35 4 1 2 6 2 26 1 2 12 1 2 1 26 3 1 14 2 26 1 2 5 1 2 1 35 4 2 1 2
242 2 1 2 35 4 2 1 2 4 2 26 1 2 13 2 1 26 3 1 14 2 26 1 2 5 1 2 1 35 4 2 1 2

272 2 1 5 1 2 1 26 1 4 1 2 5 1 3 2 25 15 27 3 1 5 2 1 4 1 26 1 2 1 5 1 2 1
272 2 1 5 1 2 1 26 2 3 1 5 2 1 4 1 24 1 15 30 1 5 2 1 4 1 26 1 2 1 5 1 2 1
272 1 2 5 1 2 1 26 1 4 1 2 5 1 3 2 25 15 27 3 1 5 2 1 4 1 26 1 2 1 5 1 2 1
272 2 1 6 1 2 1 25 2 3 1 5 2 1 4 1 24 1 15 30 1 5 2 1 4 1 26 1 2 1 5 1 2 1
272 1 2 1 5 1 2 1 25 1 3 2 7 1 4 1 25 15 27 3 1 5 2 1 4 1 26 1 2 1 5 1 2 1

228 1 2 1 5 1 2 1 26 1 4 1 2 5 1 3 27 15 25 2 3 1 5 2 1 4 1 26 1 2 1 5 1 2 1

232 2 1 2 33 1 4 1 2 5 1 25 2 1 2 11 1 2 37 5 25 2 1 2 6 2 1 2 29 1 2 1 5 1
231 1 2 1 35 4 1 2 5 1 2 25 1 13 1 2 1 26 2 14 25 1 3 1 6 2 1 2 29 1 2 4 2 1
232 1 2 1 34 5 1 2 5 1 25 1 2 1 12 1 2 24 1 17 1 28 1 2 1 5 1 2 29 1 2 1 5 1
232 2 1 2 33 1 4 1 2 5 1 25 2 1 2 11 1 2 37 5 1 24 2 1 2 6 2 1 2 29 3 1 5 1

189 1 2 5 1 2 1 27 3 1 3 2 3 1 3 24 3 15 27 3 1 3 2 3 1 3 27 1 2 1 5 2 1
188 1 2 1 5 1 2 1 26 1 4 1 2 5 1 30 15 1 25 1 3 1 7 1 3 1 27 1 2 1 5 2 1
188 2 1 6 1 2 1 25 2 3 1 5 2 1 4 25 1 15 30 1 5 2 1 4 1 26 1 2 1 5 1 2 1
188 1 2 1 5 1 2 1 25 2 4 2 1 2 4 2 44 26 2 1 2 6 1 3 1 26 1 2 1 5 1 2 1

228 2 1 5 1 2 1 28 1 2 1 6 1 2 1 27 42 1 2 1 10 2 1 2 24 2 1 5 2 1 4 35 2 1
228 1 2 1 5 1 2 28 3 1 3 5 3 1 25 15 1 2 24 2 1 2 6 1 6 26 1 2 6 2 1 2 38 1
228 1 2 1 5 2 1 27 2 3 1 3 2 3 1 26 3 15 25 3 2 7 2 3 1 26 1 2 1 6 1 2 1 37
228 1 2 1 5 1 2 28 3 1 3 5 3 1 25 15 1 2 24 3 1 8 6 25 1 2 1 6 2 1 2 35 3 1
228 2 1 5 2 1 29 1 2 1 7 1 3 1 25 14 2 26 1 2 1 13 1 25 2 1 5 2 1 4 35 1 2 1
228 2 1 2 4 2 1 27 3 2 3 1 3 2 3 24 18 26 2 1 8 4 2 1 24 1 2 1 5 1 2 1 39 2

229 1 6 1 2 1 28 4 1 4 2 1 31 2 13 1 24 1 3 1 8 2 3 1 24 1 3 2 3 1 3 2 34 3 1
229 1 6 1 2 1 28 4 1 4 2 1 4 27 2 13 1 24 1 3 1 8 2 3 25 1 3 2 3 1 3 2 34 3 1
229 1 6 1 2 1 28 4 1 4 2 1 4 27 2 13 25 1 3 1 8 2 3 1 24 1 3 2 3 1 3 2 34 3 1

232 1 3 34 2 3 1 3 2 3 1 24 1 3 2 8 1 3 1 25 13 2 27 4 1 2 4 1 4 28 1 2 1 6 1
232 1 3 34 2 3 1 3 2 3 1 24 1 3 2 8 1 3 1 24 1 13 2 31 1 2 4 1 4 28 1 2 1 6 1
232 1 3 34 5 1 3 2 3 1 25 2 1 2 8 1 3 1 24 1 13 2 27 4 1 2 4 1 4 28 1 2 1 6 1

180 1 2 4 2 1 2 24 1 3 2 4 3 4 1 22 2 15 24 1 3 6 2 1 4 1 24 3 1 5 1 2 1
180 1 2 1 5 2 1 24 1 3 2 7 1 3 1 24 15 25 3 1 5 2 1 4 1 24 1 2 1 5 1 2 1
180 1 2 1 5 1 2 1 24 1 4 1 2 5 1 28 15 1 22 1 4 1 2 6 3 1 24 1 2 1 6 1 2
180 1 2 1 5 1 2 1 23 1 3 2 7 1 2 1 25 39 1 3 1 7 1 3 1 25 1 2 1 5 1 2 1
181 1 2 5 1 2 1 25 3 1 3 2 3 1 3 22 3 15 24 3 2 3 1 3 2 3 24 2 1 6 1 2 1
181 1 2 5 1 2 1 23 2 3 1 5 3 1 3 22 3 15 24 3 2 3 1 3 2 3 24 2 1 6 1 2 1

241 1 6 1 2 1 30 4 1 4 2 1 33 2 13 1 26 1 3 1 8 2 3 1 26 1 3 2 3 1 3 2 36 3 1

242 1 5 1 2 30 1 2 6 1 2 1 29 1 3 1 13 1 27 2 12 1 2 1 29 4 1 2 5 1 35 1 2 1
240 2 5 1 2 1 30 1 2 5 1 2 1 30 2 16 2 29 1 3 1 6 2 1 2 26 1 2 1 6 4 38 1 2
240 2 1 4 1 2 31 1 5 1 2 1 5 1 26 2 16 2 29 1 2 1 7 1 3 1 26 1 2 5 4 2 38 1
242 1 5 2 1 30 1 2 6 1 2 1 29 1 3 1 13 1 27 2 12 1 2 1 29 4 1 2 5 1 35 1 2 1
240 1 2 1 6 36 1 2 5 2 1 26 2 1 13 1 3 26 3 1 12 2 1 26 2 1 5 2 1 4 35 2 1 2
240 1 3 2 3 1 32 1 3 1 6 3 1 30 2 9 1 2 28 1 3 11 3 1 27 1 5 1 2 1 40 2 1 2

231 1 3 37 1 2 1 6 1 2 25 6 8 1 2 1 24 1 2 15 25 3 1 3 2 3 1 3 28 1 2 5 1 2
232 1 2 35 5 2 1 4 1 2 24 1 2 1 12 2 1 24 1 17 28 1 2 1 5 1 2 1 27 1 2 1 5 1
232 2 1 35 5 2 1 4 1 2 24 1 2 1 10 2 1 2 29 38 2 1 2 6 1 2 1 28 2 1 5 1 2 1
231 1 2 1 39 2 1 5 1 2 24 1 2 12 1 2 1 24 1 17 28 1 2 1 5 1 2 1 27 1 2 1 5 1
231 2 1 40 2 1 5 1 2 24 2 1 4 8 1 2 1 24 18 26 1 3 2 3 1 3 2 27 1 2 5 1 2 1
231 1 2 1 40 1 5 1 2 1 24 1 3 9 2 1 27 1 2 15 1 27 1 3 2 3 1 3 28 1 2 5 1 2

180 3 1 5 1 2 1 23 3 2 3 4 2 1 2 24 3 15 22 3 2 3 4 2 3 1 23 1 2 1 6 1 2 1

242 1 5 2 1 30 1 2 1 6 2 1 29 1 5 1 11 1 26 2 1 12 1 2 1 27 6 2 1 5 1 35 1 2 1
242 1 5 1 2 30 1 2 1 6 2 1 2 27 1 5 1 12 26 2 1 12 1 2 1 27 6 2 1 5 1 35 1 2 1
242 1 5 1 2 30 1 2 1 6 2 1 29 1 5 1 11 1 26 2 1 12 1 2 1 27 6 2 1 5 1 35 1 2 1

234 1 35 1 2 6 1 2 1 26 1 3 1 7 1 5 25 15 1 2 26 1 3 2 3 1 5 27 1 2 5 1 2 1
232 1 37 2 3 1 3 2 3 25 1 3 2 8 1 3 1 38 2 27 1 3 1 6 1 3 1 27 2 1 2 4 2 1
232 2 1 35 5 1 2 5 1 25 1 2 1 12 1 2 24 1 17 1 27 1 2 1 5 1 2 1 27 1 2 1 5 1
232 1 2 35 5 1 5 2 1 25 1 2 1 8 3 1 3 24 1 2 15 1 28 3 1 5 3 27 1 2 1 5 1 2
232 3 35 3 2 4 2 1 2 25 1 2 1 8 3 1 3 24 18 26 1 3 2 3 1 3 2 27 1 2 5 1 2 1

217 3 1 5 1 2 1 23 3 2 3 4 2 1 2 24 3 15 22 3 2 3 4 2 3 1 23 1 2 1 6 1 2 1

241 1 5 1 2 31 3 1 3 5 1 2 1 27 1 5 7 31 2 1 13 1 2 1 26 6 2 1 5 1 34 1 2 1
240 1 5 1 2 1 31 2 1 2 6 1 2 1 28 5 39 2 1 2 10 2 1 2 26 1 8 1 4 1 35 2 1 2
242 1 4 1 2 31 1 2 1 6 2 1 2 28 5 1 7 31 2 14 1 2 1 26 5 1 2 1 5 1 34 1 2 1
240 1 5 1 2 1 31 2 1 5 1 2 1 30 1 17 1 26 3 1 12 2 1 27 2 1 5 2 1 4 36 2 1 2
240 1 5 1 2 1 31 2 1 2 7 3 1 27 5 1 8 3 27 1 2 11 2 3 1 27 1 5 1 2 1 40 4 1

232 1 37 2 3 1 3 2 3 25 1 3 2 8 1 3 1 38 2 27 1 3 1 6 1 3 1 27 1 2 1 5 2 1
232 1 37 2 3 1 3 2 3 25 1 3 2 8 1 3 1 38 2 27 1 3 1 6 1 3 1 27 2 1 2 4 2 1
232 1 37 2 3 1 3 2 3 25 1 3 2 8 1 3 1 24 14 2 28 3 1 6 1 3 1 27 1 2 1 5 2 1

230 1 3 2 3 1 29 3 1 3 2 3 1 3 26 16 25 2 3 2 8 1 2 1 24 1 2 1 5 2 5 32 4 1 2

231 1 2 40 2 5 1 2 25 1 2 1 10 1 2 1 24 18 28 1 2 1 5 1 2 1 28 1 2 1 5 1 2
231 3 37 2 1 6 1 2 1 25 1 3 5 2 4 1 26 20 26 1 2 1 6 1 2 1 27 1 2 1 5 1 2
234 36 1 2 6 1 2 1 26 1 3 1 7 1 5 25 15 1 2 26 1 3 2 3 1 5 27 1 2 5 1 2 1
232 2 36 4 2 5 2 1 25 1 2 1 8 1 2 1 26 2 18 24 3 4 2 1 2 4 27 2 1 5 1 2 1
232 1 37 3 1 6 1 2 1 25 1 2 7 4 1 28 1 17 1 27 1 2 1 5 1 2 1 27 1 2 1 5 1
231 1 41 2 1 4 1 2 26 1 2 1 9 4 1 25 15 3 26 1 3 2 3 1 3 2 27 1 2 5 1 2 1

217 1 2 1 5 2 1 26 3 1 3 2 3 1 3 23 18 22 1 2 1 6 3 2 3 23 2 1 6 1 3 1 36
217 1 2 1 5 1 2 26 6 1 2 4 2 1 23 6 12 22 1 2 4 3 2 4 2 23 2 1 6 2 1 2 36
217 2 1 5 1 2 1 24 2 3 1 5 2 1 4 24 15 24 4 1 2 5 1 3 2 24 1 2 1 5 1 2 1
217 2 1 5 1 2 1 24 2 1 2 6 1 2 4 41 22 2 1 2 7 1 4 1 23 1 2 1 5 1 2 1 38
217 1 2 1 5 2 1 24 2 4 2 3 4 3 24 14 3 24 2 1 4 3 5 1 23 1 2 1 5 1 2 1 38
217 3 2 3 1 3 26 1 3 2 3 6 1 23 13 2 1 2 22 1 2 1 13 1 23 2 1 5 1 2 1 38 1

230 1 2 1 5 30 5 2 6 2 1 25 1 5 7 1 2 1 25 2 1 2 14 24 1 9 1 4 1 31 1 4 1 2
230 1 5 1 2 32 1 3 5 1 2 1 25 1 5 3 4 6 26 13 1 2 1 24 1 5 1 2 6 1 31 1 3 1
230 1 5 1 2 32 1 3 5 1 2 1 25 1 5 3 4 6 26 13 1 2 1 24 1 5 1 2 6 1 31 1 2 1
230 2 1 4 1 31 4 2 1 2 4 2 1 25 1 14 3 24 3 14 1 25 1 2 4 2 1 2 4 31 1 4 1 2
230 2 4 1 32 3 2 3 6 1 25 1 5 8 2 1 2 24 2 1 2 8 5 1 25 1 6 3 2 3 32 1 4 2
230 2 1 5 1 30 1 2 1 5 1 2 1 27 6 12 26 1 2 11 1 2 1 24 1 5 1 2 1 5 1 33 1 2

231 1 38 3 1 6 1 2 1 26 1 2 5 4 2 3 24 18 28 1 2 1 5 1 2 1 28 1 2 1 5 1 2
232 1 37 4 1 2 4 2 26 1 2 1 10 1 2 1 26 15 2 25 3 1 3 5 1 3 27 1 2 1 5 2 1
231 1 38 4 5 1 2 1 27 1 2 1 6 2 1 28 2 15 1 2 27 3 1 5 3 1 27 1 2 1 5 1 2
232 1 37 3 1 6 1 2 1 25 1 2 7 1 3 1 28 1 16 2 27 1 3 1 7 1 27 1 2 1 5 1 2
233 37 3 1 5 1 2 1 26 2 1 2 7 2 1 2 27 18 27 1 2 1 5 1 2 1 27 1 2 1 5 1 2
232 1 37 3 1 6 1 2 1 25 1 2 7 2 3 1 28 18 24 3 1 3 2 3 1 3 27 1 2 1 5 1 2

222 1 39 1 5 1 2 1 23 2 1 2 6 1 2 1 25 1 17 1 22 3 1 5 3 5 25 1 2 5 1 2 1
222 1 35 4 1 2 4 2 24 1 2 1 10 1 2 1 24 15 2 23 3 1 3 5 1 3 25 1 2 1 5 2 1
258 1 2 1 6 1 2 1 23 3 2 3 4 2 1 2 24 18 25 2 1 2 4 2 1 2 25 2 1 2 4 2 1
258 1 2 1 6 1 2 1 24 3 2 3 1 3 2 3 22 18 23 3 1 3 5 1 2 1 26 1 2 1 5 1 2
258 1 2 1 6 1 2 1 24 3 2 3 1 3 2 3 22 18 23 3 1 3 2 3 1 3 26 1 2 5 1 2 1
222 1 38 1 2 1 5 1 24 1 2 5 6 3 1 26 1 9 2 25 2 1 2 6 1 3 1 28 1 3 2 3 1

231 2 1 4 1 2 26 2 1 5 1 2 1 5 24 2 16 2 27 1 3 1 6 1 2 1 25 1 2 1 6 4 37 1

233 2 1 2 31 1 6 2 1 5 1 24 1 2 1 11 2 1 25 6 7 6 25 1 3 2 3 4 2 30 2 1 5 1
232 2 1 2 32 5 1 2 1 5 1 25 1 2 13 1 2 26 2 1 8 5 1 24 2 4 7 1 2 30 1 2 5 1
234 1 2 1 31 1 5 1 2 1 5 1 24 2 14 1 2 26 2 1 12 1 25 1 2 6 2 1 4 30 5 1 2 1
233 1 3 1 31 1 6 2 1 6 25 2 1 4 9 1 25 1 15 2 1 24 3 1 3 2 3 1 3 30 1 5 2 1
232 1 3 2 31 1 2 4 2 1 2 4 24 1 3 2 12 26 12 2 3 1 24 4 2 1 2 4 2 1 31 2 3 1

221 38 1 2 1 5 1 2 1 23 1 4 1 8 1 2 1 22 41 4 2 1 2 4 2 1 26 1 2 1 5 1 2
258 1 2 1 6 1 2 1 23 3 2 3 4 2 1 2 24 18 22 2 1 5 1 2 1 5 25 1 2 5 1 2 1
258 1 2 1 6 1 2 1 23 1 3 2 4 3 2 3 22 18 23 3 1 3 2 3 1 3 26 1 2 1 5 2 1
221 1 39 2 1 4 2 1 24 1 2 1 9 2 3 23 15 3 24 1 3 2 3 1 3 2 25 1 2 5 1 2 1
221 1 38 1 2 1 5 1 2 23 1 13 1 2 1 22 2 1 2 13 23 1 6 3 2 3 1 26 3 1 3 2 3
221 38 1 2 1 5 1 2 1 23 1 4 1 7 1 3 1 22 41 4 2 1 2 4 2 1 26 1 2 1 5 1 2

258 1 2 1 5 1 2 1 24 1 3 1 7 1 4 1 38 25 1 2 1 7 1 3 2 24 1 2 1 5 1 2 1
222 37 3 1 5 1 2 1 23 2 1 2 7 2 1 2 24 18 22 3 2 3 4 2 1 2 25 2 1 2 4 2 1
221 1 39 2 1 5 1 2 23 2 1 4 6 2 1 2 23 40 3 1 5 2 1 4 1 24 1 2 1 5 1 2 1
222 37 1 2 1 5 1 2 24 2 3 1 8 1 2 1 23 18 22 5 1 2 1 5 1 2 24 1 2 1 6 2 1
221 38 1 2 1 5 1 2 1 23 1 4 1 8 1 2 1 22 41 4 2 1 2 4 2 1 26 1 2 1 5 1 2
221 37 3 1 5 1 2 1 25 1 2 1 6 2 1 2 24 18 27 1 2 1 5 1 2 1 24 3 1 3 2 3 1

229 2 1 5 1 2 1 26 1 4 1 2 5 1 3 27 15 25 2 3 1 5 2 1 4 1 26 1 2 1 5 1 2 1
229 1 2 5 1 2 1 27 1 3 1 6 1 3 28 2 14 24 1 3 1 8 2 3 1 25 3 2 3 1 3 2 37 1
229 1 2 5 1 2 1 27 1 3 1 6 1 3 1 27 2 38 1 3 1 8 2 3 1 25 3 2 3 1 3 2 37 1
229 1 2 4 2 1 2 27 1 3 1 6 1 3 1 27 2 38 1 3 1 8 2 3 1 25 3 2 3 1 3 2 37 1

243 2 1 2 35 1 4 1 8 1 26 2 1 2 10 2 1 2 39 5 28 1 2 1 6 2 1 2 31 1 2 1 5 1
245 1 2 1 34 6 2 1 5 1 27 2 14 1 2 28 1 2 1 7 5 1 26 1 2 8 2 1 2 31 3 1 5 1
244 1 2 1 35 1 5 1 2 6 27 1 2 1 12 1 2 26 12 1 5 1 27 2 1 2 6 1 2 1 32 1 5 1
243 1 2 1 36 5 1 2 5 1 27 1 2 1 13 2 1 38 1 5 27 1 2 1 7 2 1 2 31 1 2 1 5 1
243 1 2 1 36 5 1 2 5 1 27 1 2 1 12 1 2 1 38 6 27 1 2 1 7 2 1 2 31 1 2 1 5 1
242 3 1 3 34 5 2 1 5 2 27 1 2 1 10 2 1 2 27 18 26 4 2 1 2 4 2 1 31 1 2 4 1 2

258 1 2 1 6 1 2 1 23 3 2 3 4 2 1 2 24 18 22 2 1 5 3 1 3 2 25 1 2 5 1 2 1
258 1 2 1 5 1 2 1 24 1 4 1 7 1 3 1 23 1 15 28 1 3 2 3 1 3 25 1 2 1 5 2 1
258 1 2 1 5 1 2 1 24 2 1 2 7 1 4 1 38 25 2 1 2 6 1 3 1 25 1 2 1 5 1 2 1
258 1 2 1 6 1 2 1 23 2 1 2 4 3 2 3 39 3 22 3 1 3 2 3 1 3 25 1 2 1 5 2 1
221 37 1 2 1 6 1 2 1 24 3 1 5 2 1 4 1 63 2 3 1 3 2 3 1 26 1 2 1 5 1 2 1
221 38 1 2 1 5 1 2 1 23 1 4 1 7 2 1 2 22 1 44 3 1 3 2 3 1 24 1 2 1 5 2 1

229 1 2 5 1 2 1 26 1 2 1 6 3 1 34 11 1 24 1 2 1 11 1 2 1 24 2 1 5 2 40 1 2 1
229 1 2 4 2 3 27 2 1 2 6 1 2 1 26 12 6 24 1 2 1 12 1 2 24 2 1 5 1 2 39 1 2 1
229 2 1 5 1 2 1 26 1 3 1 6 2 1 2 25 1 45 1 4 6 1 3 1 24 1 2 1 5 1 2 38 1 3
229 1 4 2 4 1 27 1 3 1 6 1 2 1 28 2 14 24 1 3 1 10 1 2 1 24 1 3 2 3 1 5 37 1
229 2 1 2 4 2 1 27 1 5 1 2 1 5 1 27 40 1 3 1 8 2 3 1 24 1 3 2 3 1 3 2 37 1
229 1 5 1 2 1 29 1 3 5 2 1 4 27 2 13 1 24 1 3 1 8 2 1 2 25 1 3 2 3 1 5 37 1

243 2 1 2 35 4 1 2 5 1 28 1 2 13 1 2 26 3 1 9 6 1 26 1 2 8 2 1 2 31 3 1 5 1
245 1 37 1 2 1 7 1 2 1 26 1 5 1 8 1 29 1 17 1 30 1 2 1 5 1 2 1 30 1 2 1 5 1
243 2 1 2 35 1 4 1 2 5 1 27 2 1 2 11 1 2 39 6 28 1 2 1 6 2 1 2 31 1 2 4 2 1
243 2 1 2 35 4 1 2 5 1 2 26 1 2 12 1 3 26 3 1 14 2 26 1 2 6 1 2 1 34 4 2 3 1
244 1 2 1 35 1 5 2 1 4 1 28 1 2 1 12 2 27 1 12 5 31 1 2 4 2 1 2 31 1 2 1 5 1
243 2 1 2 35 4 1 2 5 1 2 26 1 2 12 1 3 26 3 1 13 1 2 26 1 2 5 2 1 36 6 1 2 1

178 1 2 1 5 1 2 1 24 2 1 2 7 1 4 1 38 25 1 3 1 6 1 3 1 25 1 2 1 5 1 2 1
178 1 2 1 5 1 2 1 24 2 3 1 5 2 1 4 24 15 26 2 3 1 3 2 3 1 24 1 2 1 6 1 2
178 1 2 1 5 1 2 1 24 1 3 1 7 1 4 1 22 16 25 1 2 1 7 1 3 2 25 2 1 5 1 2 1
178 1 2 1 5 1 2 1 24 2 3 1 5 2 1 4 39 24 1 2 1 7 1 4 1 24 1 2 1 5 1 2 1
178 1 2 5 1 2 1 25 3 1 3 2 3 1 3 25 15 3 22 3 1 3 2 3 1 3 25 1 2 1 5 2 1
178 1 2 1 5 1 2 1 24 1 3 1 7 1 4 1 22 16 26 2 1 7 1 4 1 24 1 2 1 5 1 2 1

229 1 6 1 2 1 28 4 1 4 2 1 31 2 13 1 24 1 3 1 8 2 3 1 24 1 3 2 3 1 3 2 34 3 1
229 1 6 1 2 1 28 4 1 4 2 1 4 27 2 13 25 1 3 1 8 2 3 1 24 1 3 2 3 1 3 2 34 3 1

233 1 3 34 5 1 3 2 3 1 25 2 1 2 8 1 3 1 24 1 13 2 27 4 1 2 4 1 4 28 1 2 1 6 1
233 1 3 34 2 3 1 3 2 3 1 25 3 2 8 1 3 1 24 1 13 2 27 4 1 2 4 1 4 28 1 2 1 6 1
233 1 3 34 2 3 1 3 2 3 1 24 1 3 2 8 1 3 1 25 13 2 27 4 1 2 4 1 4 28 1 2 1 6 1

188 1 2 1 5 1 2 1 26 1 4 1 2 5 1 3 27 15 27 3 1 3 2 3 1 3 27 1 2 1 5 2 1
188 2 1 5 1 2 1 27 1 3 1 7 1 3 1 25 1 15 30 1 5 2 1 4 1 26 1 2 1 5 1 2 1
189 1 2 5 1 2 1 27 3 1 3 2 3 1 3 24 3 15 27 3 1 3 2 3 1 3 27 1 2 1 5 2 1
188 1 2 1 5 2 1 27 2 3 1 3 2 3 1 26 3 15 28 2 3 1 3 2 3 1 26 1 2 1 6 1 2

229 1 5 1 2 1 28 1 2 1 6 2 1 2 26 1 5 13 26 1 12 1 2 1 25 1 5 2 1 5 34 1 2 1
229 2 1 4 2 1 29 3 4 2 1 2 4 24 1 17 25 3 1 3 8 1 2 1 25 1 2 5 1 5 34 1 2 1
229 1 5 1 2 1 29 1 3 5 2 1 4 27 2 13 25 1 3 9 2 3 1 24 1 3 2 3 1 3 2 34 3 1
229 1 5 1 2 1 29 2 1 5 1 2 1 29 17 1 24 3 1 3 8 1 2 1 24 1 3 2 3 1 5 34 1 3
229 1 5 1 2 1 28 1 2 1 6 2 1 28 1 5 12 1 26 1 12 1 2 1 25 1 5 2 1 5 34 1 2 1
229 1 5 1 2 1 29 3 5 1 2 1 28 1 17 1 24 3 1 3 8 1 2 1 25 1 2 5 1 5 34 1 2 1

271 1 2 1 5 1 2 1 26 1 4 1 2 5 1 3 2 25 15 27 3 1 5 2 1 4 1 26 1 2 1 5 1 2 1

180 1 2 1 5 1 2 1 24 1 4 1 2 5 1 28 15 1 22 1 4 1 2 6 3 1 25 1 2 1 5 1 2
180 1 2 5 1 2 1 25 3 1 3 2 3 1 3 25 15 24 1 3 6 2 1 4 1 24 1 2 1 5 1 2 1
180 1 2 1 5 1 2 1 24 1 4 1 2 5 1 3 25 15 23 1 4 1 7 2 1 2 24 1 2 1 5 1 2
180 1 2 1 5 1 2 1 24 1 4 1 2 5 1 3 25 15 25 3 1 3 2 3 1 3 25 1 2 1 5 2 1
180 1 2 1 5 1 2 1 24 1 4 1 2 5 1 28 15 1 23 1 3 1 7 1 3 1 25 1 2 1 5 2 1
180 1 2 1 5 1 2 1 24 1 4 1 2 5 1 3 25 38 1 4 1 7 2 1 2 24 1 2 1 5 1 2 1

242 1 5 2 1 30 1 2 1 6 2 1 29 1 5 1 11 1 28 1 12 1 2 1 27 6 2 1 5 1 35 1 2 1
241 1 5 1 2 1 31 2 1 5 1 2 1 30 1 17 1 26 3 1 9 2 3 1 27 1 2 5 1 3 2 36 3 1
242 1 5 2 1 30 1 2 6 1 2 1 29 1 3 1 13 1 27 2 12 1 2 1 29 4 1 2 5 1 35 1 2 1
241 1 5 1 2 1 30 1 2 1 5 1 2 1 30 1 17 1 29 1 11 1 2 1 26 1 2 1 5 1 42 1 2 1
241 2 1 2 4 35 1 2 1 5 2 1 26 2 14 1 3 26 3 1 12 2 1 26 2 1 5 2 1 4 35 2 1 2

217 1 2 1 5 1 2 1 24 2 3 1 7 1 2 1 25 38 1 2 7 1 4 1 2 24 1 2 1 5 1 2 1
217 2 1 5 1 2 1 26 1 2 4 2 1 2 4 23 18 22 2 1 2 8 1 3 1 24 1 2 4 2 1 2 38
217 1 2 1 5 1 2 1 24 1 4 1 2 5 1 28 15 1 22 1 4 1 7 1 3 1 25 1 2 1 5 2 1
217 1 2 1 5 1 2 1 25 1 3 1 6 1 2 1 26 38 1 4 1 8 1 2 1 24 1 2 1 5 1 2 1
218 1 2 5 1 2 1 25 3 1 3 2 3 1 3 22 3 15 24 3 2 3 1 3 2 3 24 2 1 6 1 2 1

241 1 5 1 2 31 1 2 1 6 2 1 2 28 1 5 7 6 28 13 1 2 1 27 1 4 1 2 5 1 34 1 2 1
243 2 1 2 33 1 5 1 2 1 5 1 27 3 11 2 1 2 26 1 4 2 5 6 28 2 1 2 6 1 2 34 5 1
241 1 5 1 2 31 1 2 1 8 1 2 1 27 1 5 7 6 28 13 1 2 1 27 1 4 1 2 5 1 34 1 2 1
241 1 5 2 1 31 1 8 1 2 1 32 1 2 13 1 26 5 8 2 3 1 26 1 3 2 3 1 3 2 34 2 3 1
241 2 1 5 1 31 1 3 6 3 1 29 1 3 2 7 5 1 27 6 8 1 2 1 26 4 2 1 2 6 34 2 3 1
243 2 1 2 33 1 5 1 2 1 5 1 26 1 3 13 1 2 27 11 6 1 26 1 3 2 3 1 3 2 34 1 4 1

271 1 2 1 5 1 2 1 26 1 4 1 2 5 1 3 2 25 15 27 3 1 5 2 1 4 1 26 1 2 1 5 1 2 1

218 1 2 4 3 2 24 1 3 2 3 1 3 2 24 18 1 22 1 2 1 8 1 4 1 24 2 1 5 1 2 1 38
217 1 2 1 5 2 1 26 3 1 3 2 3 1 3 23 18 22 3 2 3 4 2 3 1 23 1 2 1 6 1 2 1
218 1 2 1 5 2 1 25 2 3 1 3 2 3 1 24 18 25 1 2 1 6 2 1 2 23 1 2 1 5 1 2 39
217 1 2 1 5 1 2 1 24 1 3 2 3 4 3 42 22 1 2 1 8 1 4 1 23 1 2 1 5 1 2 1 38
218 1 2 1 5 2 1 25 2 3 1 3 2 3 1 24 18 22 3 2 3 4 2 3 1 23 1 2 1 6 1 2 1
217 1 2 1 5 1 2 25 1 4 1 7 3 1 25 13 1 2 22 1 4 2 4 1 6 24 1 2 5 1 2 1 38

242 1 4 1 2 31 1 2 1 6 2 1 2 28 5 1 7 31 2 14 1 2 1 26 5 1 2 1 5 1 34 1 2 1
244 1 3 1 32 1 3 2 3 4 2 1 26 1 3 1 10 30 2 14 1 2 1 26 1 5 1 2 1 5 36 1 2 1
242 1 6 1 31 1 2 1 6 2 1 29 1 5 1 11 1 26 2 1 12 1 2 1 27 6 2 1 5 1 35 1 2 1
242 1 4 1 2 31 1 2 4 3 2 3 1 26 1 6 11 27 2 1 13 3 1 26 1 5 1 2 1 5 34 2 1 2

271 1 2 1 5 1 2 1 26 1 4 1 2 5 1 3 2 25 15 27 3 1 5 2 1 4 1 26 1 2 1 5 1 2 1

218 2 1 2 4 2 1 25 1 3 2 3 4 2 1 25 38 1 3 1 7 1 3 2 23 1 2 1 5 1 2 1 37
217 1 2 1 5 1 2 1 25 1 5 1 2 1 5 1 63 1 3 1 7 1 3 2 23 1 2 1 5 1 2 38 1
217 1 2 1 5 1 2 1 24 3 1 5 2 1 4 1 63 1 2 1 8 1 3 2 23 1 2 1 5 1 2 1 37
217 1 2 1 5 1 2 1 24 1 5 1 2 1 6 42 22 1 2 1 8 1 3 1 24 1 2 1 5 1 2 38 1
218 2 1 2 4 2 1 24 1 4 1 2 5 4 25 13 1 24 1 4 2 4 1 4 2 23 1 2 1 5 1 2 39
217 1 2 1 5 1 2 1 24 1 4 1 2 5 1 28 15 1 22 1 4 1 2 5 1 3 26 1 2 1 5 1 2

242 1 3 2 33 1 2 5 1 3 30 1 3 1 11 2 1 26 1 2 11 1 3 1 30 3 1 5 2 1 33 2 3 1
244 1 3 1 32 1 3 2 3 4 2 1 26 1 3 1 10 30 2 14 1 2 1 26 1 5 1 2 1 5 36 1 2 1
242 1 5 1 32 1 2 1 6 2 1 29 1 5 1 11 1 26 2 1 12 1 2 1 27 6 2 1 5 1 35 1 2 1
242 1 5 1 32 1 2 6 1 2 1 29 1 3 1 13 1 26 1 2 11 1 3 1 30 3 1 5 2 1 33 2 3 1
244 1 3 1 32 1 3 2 3 1 5 27 1 3 1 12 1 29 11 2 4 1 26 1 3 2 3 1 3 2 33 2 4 1

271 1 2 1 5 1 2 1 26 1 4 1 2 5 1 3 2 25 15 27 3 1 5 2 1 4 1 26 1 2 1 5 1 2 1

231 2 1 5 30 4 1 2 6 2 1 25 1 5 7 1 2 1 25 2 1 2 14 24 1 9 1 4 1 31 1 4 1 2
231 1 2 4 1 30 3 1 3 2 3 1 3 24 2 5 11 25 3 2 8 2 3 1 25 1 5 4 3 2 32 1 2 4
232 2 1 2 33 1 4 1 2 5 1 25 2 1 13 1 2 28 2 7 5 1 24 1 2 1 7 2 1 2 32 1 5 1
232 1 5 1 30 1 2 1 6 2 1 2 25 1 5 1 11 1 24 2 1 12 1 3 25 6 2 1 5 1 33 1 2 1
232 1 3 2 31 1 2 5 1 3 28 1 3 1 11 2 1 24 1 2 11 1 3 1 28 3 1 5 2 1 31 2 3 1

233 1 37 4 6 1 2 1 25 1 2 1 8 2 1 2 25 6 13 25 2 1 2 7 1 3 1 26 3 1 5 1 2 1
271 1 2 1 5 1 2 1 26 1 4 1 2 6 3 1 26 15 27 3 1 5 2 1 4 1 26 1 2 1 5 1 2 1

217 1 2 1 5 1 2 25 1 4 1 7 1 2 1 24 17 22 3 1 3 2 7 1 25 1 3 2 3 1 3 35 1
217 1 2 5 1 2 1 25 2 1 5 1 2 1 5 40 23 1 2 1 8 1 3 2 23 1 2 1 5 1 2 1 37
217 2 1 2 4 2 1 25 1 4 1 2 6 3 38 2 1 22 1 2 1 8 6 23 1 2 1 5 1 2 1 37 1
218 1 2 1 6 1 25 5 1 2 1 5 1 2 22 1 17 1 25 1 3 5 4 2 23 1 2 1 5 1 2 38 1
217 2 1 2 4 2 1 25 3 2 3 4 3 2 22 15 3 24 2 1 2 4 5 3 23 1 2 1 6 1 3 35 1
217 2 1 2 4 2 1 25 1 4 1 2 6 3 38 2 1 22 1 3 1 7 6 23 1 2 1 5 1 2 1 37 1

232 1 3 2 31 1 6 3 2 3 1 25 2 1 2 8 4 1 24 1 5 8 2 27 4 1 2 5 4 30 2 1 5 1
233 2 1 2 31 1 6 2 1 5 1 24 1 2 1 11 2 1 25 1 5 7 6 28 1 2 6 1 2 30 2 1 5 1
232 1 3 2 31 1 2 5 1 3 28 1 3 1 11 2 1 24 1 13 1 3 1 27 1 2 1 6 2 1 30 1 5 1
232 1 4 1 31 1 6 3 2 3 1 25 2 1 10 4 1 24 1 5 8 2 27 4 1 2 5 3 1 30 2 1 5 1
232 1 3 2 31 1 2 4 2 1 2 4 24 1 3 2 12 26 12 2 3 1 24 4 2 1 2 4 2 1 31 2 3 1
234 1 2 1 31 1 5 1 2 1 5 1 24 2 14 1 2 26 2 1 12 1 25 1 2 6 2 1 4 30 5 1 2 1

271 1 2 1 5 1 2 1 26 1 4 1 7 1 3 1 25 1 15 30 1 5 2 1 4 1 26 1 2 1 5 1 2 1
271 1 2 1 5 1 2 1 26 1 4 1 7 1 3 1 26 15 27 3 1 5 2 1 4 1 26 1 2 1 5 1 2 1

222 1 40 1 5 1 2 1 23 2 1 2 9 1 2 1 22 1 3 37 8 2 1 4 2 1 24 1 2 1 5 1 2 1
222 38 1 2 1 5 1 2 1 24 2 3 1 7 1 2 1 25 38 1 2 7 1 4 1 2 24 1 2 1 5 1 2 1
222 1 37 1 2 1 5 1 2 1 23 5 1 8 1 2 1 22 1 40 8 2 1 4 2 1 24 1 2 1 5 1 2 1
259 1 2 1 5 1 2 1 24 1 4 1 2 5 1 28 15 1 23 1 3 1 7 1 4 1 24 1 2 1 5 1 2 1
259 1 2 1 6 1 2 1 23 2 3 2 4 2 3 2 24 15 24 4 1 2 5 1 3 2 24 1 2 1 5 1 2 1

229 2 1 5 1 2 1 27 1 3 6 1 2 1 26 2 1 17 27 1 3 2 7 1 26 2 1 7 1 3 36 2 1
229 1 2 4 2 1 2 27 2 1 2 4 2 1 2 27 18 26 1 2 1 7 2 4 25 1 2 6 2 1 2 36 2
229 2 4 2 1 2 29 3 4 2 1 2 27 2 1 15 2 24 3 1 3 2 7 1 26 2 1 7 1 3 36 2 1
229 2 1 5 1 2 1 27 1 2 4 2 1 2 4 24 18 26 3 5 4 5 1 25 2 1 2 4 2 1 2 37 1
229 1 2 5 1 2 1 27 3 1 3 2 3 1 27 18 1 25 2 1 2 9 1 2 1 25 2 1 5 1 41 2 1
229 2 1 5 1 2 1 27 1 7 1 3 1 27 2 16 1 27 1 3 1 7 1 2 1 25 1 5 2 1 5 36 1

231 4 1 33 2 1 2 7 1 2 1 25 4 2 8 1 27 1 2 15 1 24 3 1 3 2 3 1 3 29 2 5 1 2
232 1 2 1 34 5 1 5 2 1 25 1 2 1 8 3 1 3 24 1 17 1 28 1 2 1 5 3 29 1 2 1 5 1
234 1 2 32 1 5 1 2 1 5 1 24 2 3 11 1 2 26 2 1 12 1 25 1 8 2 1 4 29 1 5 1 2 1
234 1 2 32 1 5 1 2 1 5 1 24 2 1 2 11 1 2 28 1 12 1 25 1 8 2 1 4 29 1 5 1 2 1
234 1 2 32 1 5 1 2 1 5 1 25 1 3 11 1 2 26 2 13 1 25 1 3 5 2 1 4 29 1 5 1 2 1
231 2 1 2 33 6 1 2 4 2 1 24 1 2 1 11 2 1 25 1 12 6 28 1 2 6 1 2 29 1 2 1 5 1

259 1 2 1 5 1 2 1 24 1 4 1 7 1 3 1 24 15 24 1 3 6 2 1 4 1 24 1 2 1 5 1 2 1
259 1 2 1 6 1 2 1 23 2 3 1 5 2 1 4 24 15 24 4 1 2 5 1 3 2 24 1 2 1 5 1 2 1
259 1 2 1 5 1 2 1 24 1 4 1 7 1 3 1 23 1 15 28 1 5 2 1 4 1 24 1 2 1 5 1 2 1
259 1 2 1 5 1 2 1 24 1 4 1 2 5 1 3 25 15 24 1 3 1 7 1 4 1 24 1 2 1 5 1 2 1
259 1 2 1 5 1 2 1 24 2 3 1 5 2 1 4 24 15 24 4 1 2 5 1 3 2 24 1 2 1 5 1 2 1

222 38 1 2 1 5 1 2 1 23 1 4 1 8 1 2 1 22 42 3 2 3 4 2 1 2 23 1 2 1 6 1 2 1
259 1 2 1 6 1 2 1 23 1 3 1 7 2 1 2 23 19 23 2 1 2 7 1 3 1 23 1 2 1 6 1 2 1
222 38 1 2 1 5 1 2 1 23 1 4 1 8 1 2 1 22 1 42 4 2 1 2 4 2 1 23 1 4 1 2 5 1
222 38 1 2 1 5 1 2 1 23 1 4 1 7 2 1 2 22 1 42 4 2 1 2 4 2 1 23 1 4 1 2 5 1

229 1 2 1 5 2 1 27 2 3 1 3 2 3 1 26 18 24 3 1 3 8 1 2 1 25 2 1 2 4 2 3 35 3
231 1 5 1 2 1 27 1 2 1 5 1 2 1 27 1 17 1 24 2 1 12 1 2 1 25 1 5 2 1 5 35 1 2
229 2 1 5 2 1 28 3 1 3 2 3 1 3 24 1 15 2 1 24 3 1 8 6 26 2 1 5 1 2 1 37 3 1
229 2 1 5 1 2 1 27 3 5 1 3 28 1 15 2 1 24 3 1 3 8 1 2 1 25 1 2 5 1 5 35 2 1
231 1 5 1 2 1 27 1 2 1 5 1 2 1 27 1 17 1 24 3 1 11 1 2 1 25 1 2 5 1 5 35 2 1
229 1 2 4 2 1 2 27 2 1 2 4 2 1 2 27 18 24 3 1 3 8 1 2 1 25 2 1 2 4 2 3 35 3

244 1 2 1 35 1 5 1 2 6 27 1 2 1 12 1 2 26 1 11 1 5 1 29 1 2 6 1 2 1 30 2 1 5 1
244 1 2 1 35 1 5 1 2 6 27 1 2 1 12 1 2 26 1 11 1 5 1 29 1 2 6 1 2 1 30 1 2 5 1

243 1 3 36 2 3 1 3 2 3 1 26 1 3 2 8 1 3 1 26 1 13 2 33 1 2 4 1 4 30 1 2 1 6 1

179 1 2 1 5 1 2 1 24 2 3 1 5 2 1 4 24 15 24 4 1 2 5 1 3 2 24 1 2 1 5 1 2 1
179 1 2 1 5 1 2 1 24 1 4 1 2 6 3 1 24 15 24 1 3 1 7 1 4 1 24 1 2 1 5 1 2 1
179 1 2 1 5 1 2 1 24 2 3 1 5 2 1 4 24 15 24 2 3 2 4 2 3 2 23 1 2 1 6 1 2 1
179 1 2 1 5 1 2 1 24 1 4 1 7 1 3 1 23 1 15 28 1 5 2 1 4 1 24 1 2 1 5 1 2 1
179 1 2 1 5 1 2 1 24 1 4 1 2 5 1 3 25 15 25 3 1 5 2 1 4 1 24 1 2 1 5 1 2 1
179 1 2 1 5 1 2 1 24 1 4 1 7 1 3 1 24 15 24 1 3 6 2 1 4 1 24 1 2 1 5 1 2 1

233 2 1 35 1 3 1 7 1 2 24 2 1 7 2 3 1 3 41 27 1 3 2 3 4 2 1 27 1 2 1 5 2 1
234 1 36 4 1 6 1 2 1 24 1 2 1 9 2 1 2 26 18 24 3 2 3 1 3 2 3 27 1 2 4 2 1 2
233 2 1 35 1 3 1 6 1 2 1 24 2 1 7 1 4 1 46 24 1 2 1 8 2 1 2 27 2 1 2 4 2 1
233 1 37 5 1 3 2 3 1 25 2 1 2 8 1 3 1 24 1 13 2 27 4 1 6 1 3 1 28 1 2 1 6 1
233 2 1 35 1 3 1 6 1 2 1 24 2 1 7 1 4 1 46 25 2 1 2 6 2 1 2 27 2 1 2 4 2 1
233 1 2 35 2 1 2 7 1 2 25 6 8 1 2 1 24 2 1 9 6 25 1 6 3 2 3 1 28 2 1 5 1 3

189 1 2 1 5 1 2 1 26 1 4 1 2 5 1 3 27 15 26 1 3 1 7 1 4 1 26 1 2 1 5 1 2 1
189 1 2 1 5 1 2 1 26 1 4 1 2 5 1 3 27 15 26 1 3 6 2 1 4 1 26 1 2 1 5 1 2 1
189 1 2 1 5 1 2 1 26 1 4 1 2 5 1 30 15 1 25 1 3 1 7 1 4 1 26 1 2 1 5 1 2 1

227 1 2 1 5 1 2 1 26 1 4 1 2 5 1 3 27 15 26 1 3 1 7 1 4 1 26 1 2 1 5 1 2 1
227 1 2 1 5 1 2 1 26 1 4 1 2 5 1 3 27 15 26 1 3 6 2 1 4 1 26 1 2 1 5 1 2 1

271 1 2 1 5 1 2 1 26 1 4 1 2 5 1 3 2 25 15 27 3 1 5 2 1 4 1 26 1 2 1 5 1 2 1

227 1 2 1 5 1 2 1 26 1 4 1 2 5 1 3 27 15 25 2 3 1 5 2 1 4 1 26 1 2 1 5 1 2 1

241 2 1 2 4 35 1 2 1 5 2 1 26 2 14 1 3 26 1 2 13 2 1 26 2 4 2 1 2 4 35 2 1 2
241 2 1 2 4 35 1 2 1 5 2 1 26 2 14 1 3 26 3 1 12 2 1 26 2 1 5 2 1 4 35 2 1 2
241 2 1 2 4 35 1 2 1 5 2 1 26 2 14 1 3 26 1 2 1 12 2 1 26 2 6 2 1 4 35 2 1 2

227 1 2 1 5 1 2 1 26 1 4 1 2 5 1 3 27 15 25 2 3 1 5 2 1 4 1 26 1 2 1 5 1 2 1

271 1 2 1 5 1 2 1 26 1 4 1 2 5 1 3 2 25 15 27 3 1 5 2 1 4 1 26 1 2 1 5 1 2 1

227 1 2 1 5 1 2 1 26 1 4 1 2 5 1 3 27 15 25 2 3 1 5 2 1 4 1 26 1 2 1 5 1 2 1

242 1 39 2 3 1 3 2 3 1 26 1 3 2 8 1 3 1 26 14 2 30 3 1 6 1 3 1 33 1 2 4 1
242 1 5 1 33 2 3 4 2 1 2 27 1 4 2 11 1 26 3 9 4 3 28 1 4 1 2 5 1 34 2 3 2
242 1 2 1 36 5 1 2 5 1 27 3 1 12 1 2 26 1 5 7 5 1 27 3 1 6 2 1 2 34 1 5 1
244 1 3 1 33 1 2 4 3 2 3 26 1 3 1 9 5 26 2 13 1 2 28 1 4 1 2 5 1 35 1 2 1
241 1 2 1 41 2 1 5 1 2 26 2 1 12 1 2 1 26 5 1 12 28 1 2 1 6 2 1 2 35 1 4 1
241 1 4 2 1 35 3 1 3 2 3 1 26 1 15 3 26 3 1 3 8 1 2 28 1 2 5 1 5 36 1 2 1

271 1 2 1 5 1 2 1 26 1 4 1 2 5 1 3 2 25 15 27 3 1 5 2 1 4 1 26 1 2 1 5 1 2 1

227 1 2 1 5 1 2 1 26 1 4 1 2 5 1 3 27 15 25 2 3 1 5 2 1 4 1 26 1 2 1 5 1 2 1

271 1 2 1 5 1 2 1 26 1 4 1 2 5 1 3 2 25 15 27 3 1 5 2 1 4 1 26 1 2 1 5 1 2 1

232 2 1 2 33 1 4 1 2 5 1 25 2 1 13 1 2 28 2 7 5 1 24 1 2 1 7 2 1 2 32 1 5 1

271 1 2 1 5 1 2 1 26 1 4 1 2 6 3 1 26 15 27 3 1 5 2 1 4 1 26 1 2 1 5 1 2 1
271 1 2 1 5 1 2 1 26 1 4 1 7 1 3 1 26 15 27 3 1 5 2 1 4 1 26 1 2 1 5 1 2 1
271 1 2 1 5 1 2 1 26 1 4 1 7 1 3 1 25 1 15 30 1 5 2 1 4 1 26 1 2 1 5 1 2 1

227 1 2 4 2 1 2 27 2 1 5 1 2 1 5 42 25 1 3 1 8 2 3 1 24 1 3 2 3 1 3 2 37 1
227 2 1 2 4 2 1 27 5 1 2 1 5 1 2 24 18 26 2 1 2 4 3 2 3 25 1 2 1 6 1 3 1 36
227 2 1 5 1 2 1 28 1 2 1 5 1 2 1 28 18 24 1 2 1 12 2 1 24 2 1 5 1 2 1 38 2 1
227 2 1 4 1 2 29 1 5 1 2 1 5 1 42 2 24 1 2 4 1 4 6 1 24 1 2 1 6 2 1 2 37 1
227 1 2 4 2 1 2 27 2 1 2 7 2 1 2 24 6 37 2 1 11 2 1 2 25 1 5 2 1 4 1 35 1 2
227 1 2 1 5 2 1 27 2 3 1 3 2 3 1 26 3 15 25 3 2 7 2 3 1 26 1 2 1 6 1 2 1 37

187 1 2 1 5 1 2 1 26 1 4 1 7 1 3 1 26 15 27 3 1 5 2 1 4 1 26 1 2 1 5 1 2 1
187 1 2 1 5 1 2 1 26 1 4 1 7 1 3 1 25 1 15 30 1 5 2 1 4 1 26 1 2 1 5 1 2 1
187 1 2 1 5 1 2 1 26 1 4 1 2 5 1 3 27 15 27 3 1 5 2 1 4 1 26 1 2 1 5 1 2 1

179 1 2 1 6 1 2 1 23 2 3 1 5 2 1 4 24 15 24 4 1 2 5 1 3 2 24 1 2 1 5 1 2 1
179 1 2 1 5 1 2 1 24 1 4 1 2 5 1 28 15 1 23 1 3 1 7 1 4 1 24 1 2 1 5 1 2 1
179 1 2 1 5 1 2 1 24 1 4 1 7 1 3 1 24 15 25 3 1 5 2 1 4 1 24 1 2 1 5 1 2 1
179 1 2 1 5 1 2 1 24 2 3 1 5 2 1 4 24 15 24 4 1 2 5 1 3 2 24 1 2 1 5 1 2 1
179 1 2 1 5 1 2 1 24 1 4 1 7 1 3 1 24 15 24 1 3 6 2 1 4 1 24 1 2 1 5 1 2 1

240 1 6 1 2 1 30 4 1 4 2 1 33 2 13 1 26 1 3 1 8 2 3 1 26 1 3 2 3 1 3 2 36 3 1

241 1 5 2 1 30 1 2 1 6 2 1 29 1 5 1 11 1 26 2 1 12 1 2 1 27 6 2 1 5 1 35 1 2 1
241 1 5 1 2 30 1 2 1 6 2 1 29 1 5 1 11 1 26 2 1 12 1 2 1 27 6 2 1 5 1 35 1 2 1
241 1 5 1 2 30 1 2 1 6 2 1 2 27 1 5 1 12 26 2 1 12 1 2 1 27 6 2 1 5 1 35 1 2 1

216 1 5 2 1 4 1 23 1 2 4 2 1 2 4 42 1 22 1 2 1 8 1 4 1 23 1 2 1 5 1 2 1 38
216 1 2 1 6 1 2 1 23 1 3 1 7 2 1 2 23 19 23 2 1 2 7 1 3 1 23 1 2 1 6 1 2 1
216 1 2 1 6 1 2 1 23 3 2 3 1 3 2 3 42 22 2 1 2 7 1 4 1 23 1 2 1 5 1 2 1 38
216 1 5 2 1 4 1 23 1 2 4 2 1 2 4 24 18 1 22 1 2 1 8 1 4 1 24 2 1 5 1 2 1 38
216 1 2 1 5 1 2 1 24 1 4 1 2 5 1 28 15 1 23 1 3 1 7 1 4 1 24 1 2 1 5 1 2 1
216 1 2 1 5 1 2 1 24 2 1 4 1 7 2 1 38 25 1 2 1 7 1 3 2 24 1 2 1 5 1 2 1 38

229 1 5 1 3 29 2 1 2 6 2 3 24 1 5 7 3 1 26 2 1 11 3 2 25 1 5 1 2 6 32 2 1 2
231 1 5 1 30 1 2 1 6 2 1 2 25 1 5 1 12 24 2 1 12 1 2 1 25 6 2 1 5 1 33 1 2 1
229 1 5 1 2 1 29 4 5 2 1 4 27 2 13 25 1 3 1 8 2 3 1 24 1 3 2 3 4 2 1 33 3 1
231 1 5 2 29 1 2 1 6 2 1 27 1 5 1 11 1 24 2 1 12 1 2 1 25 6 2 1 5 1 33 1 2 1
229 1 2 1 5 1 29 4 1 2 8 1 25 1 12 1 2 26 2 1 11 3 2 24 1 5 1 2 1 5 1 32 2 1
229 1 5 1 2 1 29 2 1 2 6 2 1 2 25 5 37 2 1 11 2 1 2 25 1 5 2 1 4 1 33 2 1 2

216 1 2 1 5 1 2 1 24 1 4 1 7 1 3 1 24 15 24 1 3 1 7 1 4 1 24 1 2 1 5 1 2 1
216 1 2 1 5 1 2 1 24 1 2 4 1 2 8 37 3 1 22 1 2 1 9 2 1 2 23 1 2 1 5 1 40 1
216 1 2 1 5 1 2 1 24 1 2 4 1 2 8 40 1 22 1 2 1 8 1 5 23 1 2 1 5 1 2 1 37 1

229 1 2 1 5 30 4 1 2 6 2 1 25 1 12 1 2 1 25 2 1 16 24 1 5 1 2 1 5 1 31 1 2 1
229 1 5 1 2 30 2 1 8 1 2 1 25 6 7 6 25 1 2 11 1 2 1 24 1 5 1 2 6 1 31 2 1 2
231 1 3 2 31 1 2 5 1 3 28 1 3 1 11 2 1 24 1 2 11 1 3 1 28 3 1 5 2 1 31 2 3 1
231 1 3 2 31 1 2 4 2 1 2 4 24 1 3 2 12 26 12 2 3 1 24 4 2 1 2 4 2 1 31 2 3 1
229 1 5 1 2 32 1 3 5 1 2 1 25 1 5 3 4 6 26 13 1 2 1 24 1 5 1 2 6 1 31 1 3 1
229 1 5 1 2 30 1 3 5 2 1 4 27 2 8 5 1 24 1 12 2 1 2 25 1 3 2 3 6 1 31 2 3 1

228 1 2 1 5 1 3 26 1 3 1 7 2 1 2 25 13 6 25 2 1 2 8 1 2 1 25 1 2 1 6 4 37 1
228 1 2 1 5 1 2 1 26 1 3 1 7 1 3 1 25 15 29 2 1 2 4 5 3 25 1 2 1 6 1 3 37 1
231 2 1 4 1 2 26 2 1 5 1 2 1 5 24 2 16 2 27 1 3 1 6 1 2 1 25 1 2 1 6 4 37 1
228 1 2 1 5 1 2 1 26 1 4 1 2 5 1 30 15 1 25 1 3 1 7 1 4 1 26 1 2 1 5 1 2 1

229 1 5 1 32 2 1 2 7 1 2 1 24 1 5 7 2 28 2 1 13 1 2 25 1 5 2 1 4 1 33 2 1 2
229 2 1 4 1 31 1 4 1 9 1 24 14 2 1 2 25 1 2 1 7 5 1 25 1 2 6 2 1 4 30 5 1 2
231 1 3 2 31 1 2 5 1 3 28 1 3 1 11 2 1 24 1 2 11 1 3 1 28 3 1 5 2 1 31 2 3 1
229 1 5 1 32 2 1 2 8 2 1 24 1 5 7 1 2 1 26 2 1 14 2 25 1 5 1 2 1 5 33 1 2 1

242 1 2 1 36 5 1 2 1 5 1 26 1 2 1 14 2 30 10 1 3 1 26 1 2 4 3 2 3 1 32 1 3 1
243 1 3 2 33 1 2 5 1 3 30 1 3 1 11 2 1 26 1 13 1 3 1 29 1 2 1 6 2 1 32 1 5 1
243 1 3 2 33 1 2 5 1 3 30 1 3 1 11 2 1 26 1 2 11 1 3 1 30 3 1 5 2 1 33 2 3 1
241 4 2 1 34 2 3 4 5 1 27 1 3 2 8 2 3 27 11 5 2 26 3 1 3 2 3 1 3 32 1 4 2 1
243 1 2 1 35 1 5 1 2 6 27 1 2 1 12 1 2 26 1 11 1 5 1 29 1 2 6 1 2 1 32 1 5 1
243 1 2 1 35 1 5 1 2 6 27 1 2 1 12 1 2 26 12 1 5 1 27 2 1 2 6 1 2 1 32 1 5 1

228 1 2 1 5 1 2 1 26 1 4 1 2 5 1 3 27 15 25 2 3 1 5 2 1 4 1 26 1 2 1 5 1 2 1

242 1 2 1 36 5 1 2 1 5 1 26 1 2 1 14 2 30 10 1 3 1 26 1 2 4 3 2 3 1 32 1 3 1
244 1 2 1 34 1 5 1 2 1 5 26 1 2 1 14 2 37 2 1 4 1 26 1 3 2 7 1 2 31 1 2 1 5
244 1 3 34 3 2 3 6 1 26 1 3 1 10 2 1 2 27 11 6 1 26 1 3 2 3 4 2 1 31 1 2 4 1
243 1 3 1 34 2 4 1 2 6 26 3 1 9 4 1 2 26 2 15 1 27 3 1 3 2 3 1 3 31 1 2 5 1
243 1 2 1 35 6 2 1 5 1 26 1 3 1 12 1 2 27 11 6 1 26 1 3 2 3 4 2 1 31 1 2 4 1

244 1 2 1 34 1 5 1 2 6 26 1 2 1 13 1 27 6 7 1 4 1 27 1 3 2 7 2 1 31 2 1 5 1
242 1 4 1 34 2 3 1 3 2 3 1 26 1 6 11 27 2 1 12 1 3 1 26 1 5 1 2 6 1 31 4 2 1
242 1 3 2 34 6 2 1 2 4 26 1 2 1 8 6 27 1 5 7 2 3 1 29 1 3 6 3 1 31 1 5 1 2
242 1 4 1 34 2 3 1 3 2 3 1 26 1 6 11 27 2 1 12 1 3 1 26 1 5 1 2 6 1 31 4 1 2
242 1 4 1 34 2 3 1 3 2 3 1 26 1 6 11 27 2 1 13 3 1 26 1 5 1 2 1 5 1 33 2 1 2
245 1 2 34 1 5 1 2 1 5 26 1 2 1 13 1 27 6 7 1 4 1 28 2 1 2 6 1 2 1 31 2 1 5

221 38 2 1 2 4 2 1 24 1 2 1 9 1 3 1 38 25 2 1 2 6 1 3 1 25 1 2 1 5 1 2 1
258 1 2 1 5 1 2 1 24 1 3 1 7 1 4 1 38 26 1 2 1 6 1 3 1 25 1 2 1 5 1 2 1
221 37 3 1 5 1 2 1 25 1 2 1 6 2 1 2 24 18 25 2 1 2 4 2 1 2 25 2 1 2 4 2 1
221 38 2 1 2 4 2 1 24 1 3 1 8 2 1 2 22 18 23 4 2 1 2 4 2 1 26 1 2 1 5 1 2
221 38 1 2 4 2 1 2 24 1 4 1 7 1 3 1 22 2 14 25 1 3 5 2 4 1 26 2 1 5 1 2 1
258 1 2 5 1 2 1 25 1 3 1 7 1 4 1 22 1 15 28 1 5 2 1 4 1 24 1 2 1 5 1 2 1

242 1 2 1 36 5 1 3 2 3 1 26 1 2 1 8 33 1 15 1 2 30 1 2 1 5 3 1 30 1 2 1 5 1
241 1 2 1 42 1 5 1 2 1 26 1 2 1 11 1 29 1 17 1 30 1 2 1 5 1 2 1 30 1 2 1 5 1
242 1 39 2 3 1 3 2 3 1 26 1 3 2 8 1 3 1 26 1 13 2 33 1 2 5 3 1 31 1 2 1 5 1
242 2 1 2 35 4 1 2 5 1 2 26 1 2 12 1 3 26 3 1 14 2 26 1 2 5 1 2 1 35 4 2 1 2
243 1 2 1 35 1 5 2 1 4 1 28 1 2 1 12 29 1 11 6 1 29 1 2 1 5 1 2 1 30 2 1 5 1
243 1 2 1 35 1 5 2 1 4 29 1 2 1 12 2 27 1 13 1 3 1 29 1 2 1 6 2 1 30 1 2 5 1

232 1 2 1 34 5 1 3 2 3 1 24 1 2 1 8 31 1 15 1 2 28 1 2 1 5 3 1 28 1 2 1 5 1
232 1 2 1 34 5 1 2 5 1 25 1 2 1 12 1 26 1 12 5 1 28 1 2 6 1 2 1 28 1 2 1 5 1
232 1 3 34 2 3 1 3 2 3 1 25 3 2 8 1 3 1 24 1 13 2 27 4 1 2 4 1 4 29 2 1 6 1
232 1 3 34 5 1 3 2 3 1 25 2 1 2 8 1 3 1 24 1 13 2 27 4 1 2 4 1 4 29 2 1 6 1
232 1 3 34 5 1 3 2 3 1 25 2 1 2 9 3 1 24 1 13 2 27 4 1 2 5 3 1 29 1 2 1 5 1

232 1 3 34 2 3 1 3 2 3 1 24 1 3 2 8 1 3 1 24 1 13 2 31 1 2 4 1 4 28 1 2 1 6 1
232 1 3 34 2 3 1 3 2 3 1 24 1 3 2 8 1 3 1 25 13 2 27 4 1 2 4 1 4 28 1 2 1 6 1
232 1 3 34 5 1 3 2 3 1 25 2 1 2 8 1 3 1 24 1 13 2 27 4 1 2 4 1 4 28 1 2 1 6 1

231 3 1 36 4 1 6 1 2 24 1 2 1 9 2 1 2 25 18 26 1 5 1 2 1 5 1 26 1 2 4 2 1 2
231 1 2 1 35 4 1 2 5 1 2 25 1 13 3 1 26 2 12 2 25 1 3 1 6 1 3 1 28 1 3 2 3 1
232 2 1 35 1 3 1 6 1 2 1 24 2 1 7 5 1 45 1 24 2 1 2 7 1 3 1 26 1 2 1 5 1 2
232 2 1 35 5 2 5 1 2 24 1 2 1 8 3 1 3 24 1 2 14 30 3 1 6 2 1 26 1 2 1 5 1 2
232 1 2 35 3 1 3 2 3 1 26 1 2 12 3 1 24 1 11 3 31 1 3 6 1 2 1 26 1 2 1 5 1 2
232 2 1 35 1 3 1 6 1 2 1 24 2 1 7 5 1 45 1 25 1 2 1 7 1 3 1 26 1 2 1 5 1 2

232 1 37 2 3 1 3 2 3 25 1 3 2 8 1 3 1 38 2 27 1 3 1 6 1 3 1 27 1 2 1 5 2 1
232 1 37 2 3 1 3 2 3 25 1 3 2 8 1 3 1 24 14 2 28 3 1 6 1 3 1 27 1 2 1 5 2 1

232 1 37 4 6 1 2 1 25 1 2 1 6 1 3 1 27 2 16 2 24 5 1 2 1 5 1 2 26 2 1 4 1 2

218 1 2 5 1 2 25 1 3 1 7 1 3 1 22 1 2 14 2 23 1 3 1 7 1 3 1 23 5 1 2 5 1
217 2 1 2 6 1 25 5 1 2 1 5 1 2 22 1 17 1 25 1 3 5 4 2 23 1 2 1 5 1 2 38 1
217 1 2 1 5 2 1 25 1 4 1 2 6 3 38 2 1 22 1 4 2 5 6 23 1 2 1 5 1 2 1 37 1
217 2 1 2 4 2 1 25 1 4 1 2 6 3 38 2 1 22 2 1 2 7 6 23 1 2 1 5 1 2 1 37 1
217 1 2 1 5 1 2 25 1 4 1 2 5 4 25 13 1 2 22 1 4 2 4 1 4 2 24 1 2 5 1 2 39
217 1 2 1 5 1 2 26 4 2 1 2 4 2 1 23 18 22 1 2 1 6 2 1 5 23 2 1 6 1 2 1 37

221 38 1 3 2 3 1 3 23 1 4 2 1 4 6 37 2 1 24 1 2 1 7 1 3 2 24 1 2 1 5 2 1
222 36 1 2 1 6 1 2 1 23 3 5 4 2 1 2 24 18 22 2 3 1 8 1 2 1 24 1 2 1 5 2 1
222 36 2 1 7 2 1 25 1 4 1 2 5 1 3 22 16 2 1 22 1 2 4 1 4 6 24 2 1 5 1 2 1
222 37 3 1 5 1 2 1 23 2 1 5 3 1 3 2 24 18 22 2 1 2 7 1 4 1 24 1 2 4 2 1 2
221 38 1 2 1 5 1 2 1 23 6 1 4 2 4 1 24 1 38 1 3 6 2 1 4 1 24 1 2 5 1 2 1
221 38 1 2 1 5 1 2 1 24 2 3 1 7 1 2 1 25 38 1 2 7 1 4 1 2 24 1 2 4 2 1 2

229 1 2 5 1 2 1 27 3 1 3 2 3 1 27 3 15 1 25 4 2 7 1 3 1 25 2 1 2 7 2 37 1
229 2 1 5 1 2 1 27 1 2 1 6 1 2 1 26 20 26 1 2 4 3 5 1 25 1 2 1 5 1 2 1 40
229 2 1 5 1 2 1 27 1 7 1 3 1 27 2 16 1 28 1 3 1 7 2 1 25 1 2 1 6 1 3 37 1
229 2 1 5 1 2 1 27 1 2 4 2 1 2 4 42 26 1 2 1 8 2 3 1 25 1 2 5 1 3 2 37 1
229 2 1 5 1 2 1 27 1 2 4 2 1 6 24 18 26 2 1 5 3 1 5 1 25 2 1 6 2 1 2 37 1

230 2 1 4 32 5 2 5 1 2 1 24 1 2 1 8 2 3 2 25 16 26 3 1 3 2 3 1 3 29 1 3 2 3 1

258 1 2 1 6 1 2 1 23 1 3 2 4 3 2 3 22 15 3 24 2 1 2 4 3 2 3 23 1 2 1 5 1 3

229 1 2 5 1 2 1 27 1 3 1 6 1 3 28 2 14 24 1 3 1 8 2 3 1 25 3 2 3 1 3 2 37 1
229 1 2 4 2 1 2 27 1 3 1 6 1 3 1 27 2 38 1 3 1 8 2 3 1 25 3 2 3 1 3 2 37 1
229 1 2 5 1 2 1 27 1 3 1 6 1 3 1 27 2 38 1 3 1 8 2 3 1 25 3 2 3 1 3 2 37 1

244 1 2 1 35 1 5 1 2 6 27 1 2 1 12 1 2 26 1 11 1 5 1 29 1 2 6 1 2 1 30 2 1 5 1
244 1 2 1 35 1 5 1 2 6 27 1 2 1 12 1 2 26 1 11 1 5 1 29 1 2 6 1 2 1 30 1 2 5 1
244 1 2 1 35 1 5 1 2 6 27 1 2 1 12 1 2 26 12 1 5 1 27 2 1 2 6 1 2 1 30 2 1 5 1

178 1 2 1 6 1 2 1 23 1 3 2 4 3 2 3 22 15 3 24 2 1 2 4 3 2 3 23 1 2 1 5 1 3

229 1 2 6 2 28 2 1 2 7 4 25 6 8 1 2 1 24 1 2 1 12 2 25 2 1 5 2 1 4 35 1 2 1
229 1 2 5 1 2 1 27 2 1 6 3 1 28 6 11 1 24 1 2 1 8 4 2 1 24 2 1 5 1 2 1 38 4
231 1 5 1 2 1 27 1 2 1 5 3 1 3 25 6 11 25 1 2 12 1 2 1 24 2 1 4 1 2 5 35 1 2
229 1 2 4 2 1 2 27 2 1 2 4 2 1 2 27 18 24 1 2 1 12 1 2 24 2 1 5 1 2 39 1 2 1
229 2 4 2 1 2 28 3 1 3 2 3 28 10 6 2 1 25 2 1 2 9 1 2 1 24 1 2 6 1 40 1 2 1
229 1 2 4 2 1 2 27 2 1 2 4 2 1 2 27 18 24 1 2 1 11 1 2 1 24 2 1 6 1 40 1 2 1

178 1 2 1 5 1 2 1 24 1 3 1 8 1 3 1 22 17 27 1 3 1 6 3 1 23 1 2 1 5 1 2 1
178 2 1 6 1 2 1 24 1 3 2 4 3 2 3 23 15 3 24 1 3 2 3 1 3 2 25 1 2 5 1 2 1
178 2 1 6 1 2 1 24 1 3 6 2 1 4 1 22 1 15 28 1 5 2 1 4 1 24 1 2 1 5 1 2 1
178 1 2 1 5 1 2 1 24 1 4 1 2 6 3 1 24 15 24 1 3 1 7 2 3 1 24 2 1 5 1 2 1
178 1 2 1 5 1 2 1 26 1 2 1 5 2 1 4 39 25 1 2 1 7 2 3 1 23 1 2 1 5 1 2 1
178 2 1 5 1 2 1 25 1 3 1 7 1 3 2 22 1 15 28 1 5 2 1 4 1 24 1 2 1 5 1 2 1

243 1 3 36 2 3 1 3 2 3 1 26 1 3 2 8 1 3 1 26 1 13 2 33 1 2 4 1 4 30 1 2 1 6 1

188 1 2 1 5 1 2 1 26 1 3 1 6 2 1 2 26 44 2 1 5 3 1 3 2 25 1 2 1 5 1 2 1
188 1 2 1 5 1 2 1 26 1 3 1 7 2 1 2 25 44 2 1 5 3 1 3 2 25 1 2 1 5 1 2 1
189 1 2 5 1 2 1 27 3 1 3 2 3 1 3 24 3 15 27 3 1 5 2 1 4 1 26 1 2 1 5 2 1
188 1 2 1 5 1 2 1 26 1 4 1 2 5 1 3 42 26 1 2 1 8 2 3 1 25 1 2 1 5 1 2 1
188 1 2 1 5 1 2 1 26 1 4 1 2 5 1 3 42 26 1 4 3 4 2 3 1 25 1 2 1 5 1 2 1
188 1 2 1 5 1 2 1 26 1 4 1 2 5 1 3 27 15 26 1 6 1 2 1 6 1 26 1 2 4 2 1 2

232 1 2 1 35 4 1 2 5 1 2 25 2 12 1 2 1 24 3 1 8 6 25 1 3 7 2 1 2 28 2 6 2 1
232 1 3 37 1 2 1 5 1 2 1 25 6 7 2 1 2 24 2 1 40 1 3 6 1 3 1 29 2 1 5 1 2 1
232 1 3 37 1 2 1 5 1 2 1 25 6 8 1 3 24 1 2 15 25 3 1 5 3 1 3 28 1 2 5 1 2 1
234 37 1 2 1 6 1 2 1 26 1 3 2 7 2 3 25 15 3 26 1 3 2 3 1 3 2 27 1 2 5 1 2 1
232 2 1 40 2 5 1 2 1 24 1 2 4 8 1 2 26 1 3 14 24 5 3 4 2 1 2 27 2 1 2 4 2 1
233 1 2 39 1 2 5 1 2 24 2 1 2 10 1 2 1 24 18 28 1 2 1 5 1 2 1 28 1 2 1 5 1 2

227 1 2 1 5 1 2 1 26 1 4 1 2 5 1 30 15 1 24 1 4 1 2 5 1 3 2 25 1 2 1 6 1 2
227 1 2 1 5 1 2 1 26 1 4 1 2 5 1 3 27 15 25 2 3 1 5 2 1 4 1 26 1 2 1 5 2 1
227 1 2 1 5 1 2 1 26 1 4 1 2 5 1 30 15 1 24 1 4 1 2 5 1 3 2 26 1 2 1 5 1 2
227 1 2 1 5 1 2 1 26 1 4 1 2 5 1 3 27 15 25 1 4 1 7 2 3 1 25 1 2 1 5 1 2 1

227 1 2 1 6 1 2 26 1 4 1 2 5 1 29 10 6 1 24 4 1 2 8 3 1 24 1 2 1 5 1 3 39 1
227 1 2 1 5 1 2 1 26 1 2 4 2 1 6 44 24 1 2 1 8 1 5 1 24 1 2 1 5 1 2 1 39 1
227 1 2 1 5 1 2 1 26 1 2 1 7 1 4 1 39 28 1 2 1 9 2 3 1 24 1 2 1 5 1 3 39 1

227 1 2 1 5 1 2 1 26 1 5 1 2 1 6 44 24 1 2 1 8 1 5 1 24 1 2 1 5 1 2 1 39 1
227 1 2 1 5 1 2 1 26 1 4 1 2 5 1 30 15 1 24 1 4 1 2 5 1 3 2 26 1 2 1 5 1 2
227 1 2 1 5 1 2 1 26 1 2 4 2 1 6 44 24 1 2 1 8 1 5 1 24 1 2 1 5 1 2 1 39 1
227 1 2 1 5 1 2 1 26 2 1 5 1 2 6 42 25 1 2 1 8 1 5 1 24 1 2 1 5 1 2 1 39 1

227 1 2 4 2 1 2 27 2 1 5 1 2 1 5 42 25 1 3 1 8 2 3 1 24 1 2 1 5 1 3 39 1
227 2 1 2 4 3 28 1 3 2 3 6 1 25 13 3 2 24 1 2 1 8 5 1 25 2 1 5 1 2 1 39 1
227 1 2 4 2 1 2 27 2 1 2 4 3 2 3 24 18 26 2 1 2 7 2 1 2 25 1 2 1 5 1 3 39
227 2 1 5 1 2 1 28 1 2 1 5 2 1 4 25 42 1 2 1 9 2 3 1 24 2 1 5 1 2 1 39 2
227 3 2 3 1 3 28 1 3 2 3 6 1 38 2 1 2 25 1 2 1 7 5 1 25 1 2 1 5 2 1 39 1
227 1 2 4 2 1 2 27 2 1 5 1 2 1 5 24 18 26 2 1 9 5 1 24 1 2 1 5 1 2 1 39 1

227 3 1 5 1 2 28 1 3 2 3 6 1 25 6 9 1 2 24 1 2 1 8 6 25 2 1 6 1 2 1 37 2 1
227 1 2 1 5 1 2 28 6 1 2 4 2 1 25 6 12 24 1 2 4 3 2 4 2 25 2 1 6 2 1 2 36 2
227 2 1 5 1 2 1 28 1 2 1 5 1 2 1 28 18 24 1 2 1 10 2 1 2 24 2 1 5 2 1 39 2 1

239 2 1 5 1 2 1 30 1 2 1 5 1 2 1 30 18 26 1 2 1 12 2 1 26 2 1 5 1 2 1 40 2 1
239 2 5 1 2 1 30 1 2 5 1 2 1 30 2 16 2 29 1 3 1 6 2 1 2 26 1 2 1 6 4 38 1 2
239 2 6 1 2 1 29 1 2 5 1 2 1 30 2 16 2 29 1 3 1 6 2 1 2 26 1 2 1 6 4 38 1 2
239 2 5 1 2 1 30 1 2 5 1 2 1 30 2 16 2 29 1 3 1 8 1 2 26 1 2 1 6 1 3 38 1 2
239 2 4 2 1 2 30 1 2 5 1 2 1 30 2 16 2 29 1 3 1 6 2 1 2 26 1 2 1 6 4 38 1 2

239 2 4 2 1 2 30 1 2 5 1 2 1 30 2 16 2 29 1 3 1 8 1 2 26 1 2 1 6 1 3 38 1 2
239 2 1 5 1 2 1 30 1 2 1 5 1 2 1 30 18 26 1 2 1 10 2 1 2 26 2 1 5 2 1 41 2 1
239 2 6 1 2 1 29 1 2 5 1 2 1 30 2 16 2 29 1 3 1 6 2 1 2 26 1 2 1 6 4 38 1 2
239 2 4 2 1 2 30 1 2 5 1 2 1 30 2 16 2 29 1 3 1 6 2 1 2 26 1 2 1 6 4 38 1 2
240 1 6 1 2 1 30 4 1 4 2 1 33 2 13 1 26 1 3 1 8 2 3 1 26 1 3 2 3 1 3 38 3 1
239 1 2 1 5 2 1 29 5 1 3 2 3 1 28 2 1 15 27 5 1 7 1 3 1 28 1 2 1 6 2 1 37 1

239 1 2 4 2 1 2 29 2 1 2 4 2 1 2 29 18 26 3 1 3 8 1 2 1 27 2 1 2 4 2 3 37 3
239 1 2 1 5 2 1 29 5 1 3 2 3 1 28 2 16 26 4 2 1 8 1 2 1 27 2 1 2 4 2 3 37 3
241 1 5 1 2 1 29 1 2 1 5 1 2 1 29 1 17 1 26 2 1 12 1 2 1 27 1 5 2 1 5 37 1 2
239 1 2 5 1 2 1 29 1 3 1 6 1 3 1 29 2 40 1 3 1 8 2 3 1 27 3 2 3 1 3 2 39 1
241 1 5 1 2 1 29 1 2 1 5 1 2 1 29 1 17 1 26 2 1 12 1 2 1 27 1 5 2 1 5 37 2 1
239 1 2 4 2 1 2 29 2 1 2 4 2 1 2 29 18 26 1 2 1 12 1 2 1 27 1 5 2 1 41 1 2 1

244 1 3 35 1 2 7 2 1 2 27 1 3 1 9 1 3 27 1 15 3 29 1 3 2 3 1 3 29 1 2 1 5 2 1
244 1 3 35 1 2 7 2 1 2 27 1 3 1 7 2 4 27 1 15 3 29 1 3 2 3 1 3 29 1 2 1 5 2 1
245 2 1 35 1 5 1 2 1 5 26 1 2 1 12 2 1 26 14 6 28 1 2 1 6 1 2 1 29 1 2 1 5 1 2

229 1 6 1 2 1 28 4 1 4 2 1 4 27 2 13 25 1 3 1 8 2 3 1 24 1 3 2 3 1 3 2 34 3 1
229 1 6 1 2 1 28 4 1 4 2 1 31 2 13 1 24 1 3 1 8 2 3 1 24 1 3 2 3 1 3 2 34 3 1
229 1 6 1 2 1 28 4 1 4 2 1 4 27 2 13 1 24 1 3 1 8 2 1 2 25 1 3 2 3 1 5 34 3 1

241 1 5 1 2 1 31 2 1 5 1 2 1 48 1 26 1 3 1 8 2 3 1 26 1 3 2 3 1 3 2 36 3 1
241 1 5 1 2 1 31 2 1 2 4 2 1 2 29 5 13 28 1 12 1 2 1 27 1 4 1 2 5 1 34 1 2 1
241 1 5 1 2 1 31 1 3 5 2 1 33 2 13 1 26 1 12 2 3 1 26 1 3 2 3 1 3 2 34 2 3 1
241 1 5 1 2 1 31 2 1 5 1 2 1 30 1 17 1 26 3 1 9 2 3 1 27 1 2 5 1 3 2 36 3 1
241 1 6 2 1 31 4 1 4 2 1 33 2 13 1 26 1 4 8 2 3 1 26 1 3 2 3 1 3 2 34 2 3 1
241 1 5 1 2 1 31 3 5 1 2 1 30 1 17 1 26 3 1 3 8 1 2 1 27 1 2 5 1 5 36 1 2 1

245 1 3 1 33 1 2 4 2 1 2 29 1 3 1 13 27 2 12 1 2 1 28 1 4 1 2 5 1 35 1 2 1
245 1 3 1 32 1 3 2 3 1 5 27 1 3 1 12 28 12 1 5 1 27 2 1 2 4 2 1 2 33 1 5 1
242 2 1 4 1 32 5 2 1 4 1 2 26 4 15 27 2 3 9 2 1 2 26 2 4 2 1 4 2 33 2 1 2
242 1 5 1 33 2 1 2 4 2 1 2 27 1 5 1 11 1 26 2 7 6 4 27 5 1 2 1 5 1 33 3 1
242 1 4 2 1 32 2 4 3 2 3 1 26 1 4 2 11 29 1 12 1 3 1 27 5 1 5 2 1 33 1 3 1
243 1 5 1 33 2 1 2 4 2 1 2 28 6 11 27 2 1 11 2 1 2 26 2 4 1 2 4 2 33 2 1 2

234 1 3 1 31 1 2 4 2 1 2 27 1 3 1 13 1 24 2 11 1 4 1 25 1 3 1 7 1 2 30 2 1 5
232 2 1 2 33 1 4 1 2 5 1 25 2 1 13 1 2 28 2 7 5 1 24 1 2 1 7 2 1 2 32 1 5 1
232 1 5 1 31 2 1 2 4 2 1 2 25 1 5 1 12 24 2 12 1 3 1 25 5 1 3 2 3 1 30 1 3 1
232 1 2 4 31 2 1 2 4 2 1 2 26 6 8 4 24 2 1 13 2 1 24 1 5 1 2 1 5 1 30 2 1 2

232 3 1 34 5 1 3 2 3 1 24 1 2 1 8 3 1 3 24 1 17 29 1 2 1 5 1 2 29 1 2 1 5 1
232 1 4 1 32 3 2 6 1 2 1 25 1 4 6 2 5 26 2 12 2 25 1 3 1 6 1 4 29 1 2 4 2 1
232 1 4 1 32 3 2 4 2 3 26 1 4 8 4 1 26 2 10 2 27 1 3 1 6 1 3 1 29 1 2 4 2 1
232 1 3 2 32 2 3 1 3 2 3 1 24 1 3 2 8 4 1 25 13 2 27 4 1 2 4 1 4 29 2 1 6 1
234 1 2 1 32 1 5 2 1 4 1 25 1 2 1 12 1 26 13 5 27 2 1 2 4 2 1 2 29 1 2 1 5 1

232 1 3 34 2 3 1 3 2 3 1 24 1 3 2 8 1 3 1 24 1 13 2 31 1 2 4 1 4 28 1 2 1 6 1
232 1 3 34 2 3 1 3 2 3 1 24 1 3 2 8 1 3 1 25 13 2 27 4 1 2 4 1 4 28 1 2 1 6 1
232 1 3 34 2 3 1 3 2 3 1 25 3 2 8 1 3 1 24 1 13 2 27 4 1 2 4 1 4 28 1 2 1 6 1
232 1 3 34 5 1 3 2 3 1 25 2 1 2 8 1 3 1 24 1 13 2 27 4 1 2 4 1 4 28 1 2 1 6 1

241 1 5 1 2 1 29 1 2 1 5 1 2 1 29 1 17 1 26 3 1 11 1 2 1 27 1 2 5 1 5 36 1 2 1
239 2 1 5 1 2 1 29 3 5 1 3 30 1 15 2 1 26 3 1 3 8 1 2 1 27 1 2 5 1 5 36 1 2 1

244 1 2 1 36 5 1 5 2 1 27 1 2 1 8 3 1 3 26 1 2 15 1 30 3 1 5 3 29 1 2 1 5 1 2
244 1 2 1 36 5 1 2 5 1 27 1 2 1 12 1 2 26 1 17 1 29 1 2 1 5 1 2 1 29 1 2 1 5 1

229 1 5 1 2 1 29 4 5 2 1 30 1 2 13 1 24 5 8 2 3 1 24 1 3 2 3 1 3 2 32 2 3 1
229 1 5 1 2 1 29 2 1 7 1 3 2 24 1 5 37 2 1 11 2 1 2 25 1 5 2 1 4 1 33 2 1 2
229 1 5 1 2 1 29 2 1 2 4 2 1 46 1 24 1 3 1 8 2 3 1 24 1 3 2 3 1 3 2 34 3 1
229 2 1 4 2 1 29 3 4 3 2 3 1 24 1 14 3 25 3 1 3 2 7 3 25 1 2 6 2 3 34 1 2 1
229 1 5 1 2 1 29 2 1 5 1 2 1 29 17 1 24 3 1 3 8 1 2 1 24 1 3 2 3 1 5 34 1 3
229 1 5 1 2 1 29 2 1 5 1 2 1 28 1 17 1 24 3 1 9 2 3 1 25 1 2 5 1 3 2 34 3 1

241 2 1 2 4 35 1 2 1 5 2 1 26 2 14 1 3 26 1 2 1 12 2 1 26 2 6 2 1 4 35 2 1 2
241 2 1 2 4 35 1 2 1 5 2 1 26 2 14 1 3 26 1 2 13 2 1 26 2 4 2 1 2 4 35 2 1 2
245 1 3 1 32 1 3 2 3 1 5 27 1 3 1 12 2 26 12 1 5 1 27 2 1 2 4 2 1 2 33 1 5 1
242 5 1 2 32 2 1 7 1 3 1 27 1 4 1 11 2 26 1 13 1 3 1 29 2 1 2 4 2 1 33 1 3 1

244 1 3 1 33 1 2 4 2 1 2 29 1 3 1 13 1 26 2 11 1 4 1 27 1 3 1 7 1 2 32 2 1 5
242 2 1 2 35 4 2 1 2 4 2 26 1 2 13 2 1 26 3 1 14 2 26 1 2 5 1 2 1 35 4 2 1 2
242 1 5 1 33 2 1 2 4 2 1 2 27 1 5 1 12 26 2 12 1 3 1 27 5 1 3 2 3 1 32 1 3 1

272 1 2 1 5 1 2 1 25 1 3 2 7 1 4 1 25 15 27 3 1 5 2 1 4 1 26 1 2 1 5 1 2 1
272 1 2 5 1 2 1 26 1 4 1 2 5 1 3 2 25 15 27 3 1 5 2 1 4 1 26 1 2 1 5 1 2 1

272 1 2 1 5 1 2 1 25 1 3 2 7 2 1 2 26 42 3 1 5 2 1 4 1 26 1 2 1 5 1 2 1
233 41 2 1 4 2 1 26 1 2 5 4 2 3 1 26 2 13 27 4 5 2 1 4 1 26 1 2 1 5 1 2 1
272 1 2 1 5 1 2 1 25 1 2 1 6 1 3 1 46 25 2 1 2 7 1 3 1 26 1 2 1 5 1 2 1
233 41 2 1 4 2 1 26 1 2 5 4 2 3 1 26 15 27 3 1 5 2 1 4 1 26 1 2 1 5 1 2 1
233 39 3 1 5 1 2 1 25 3 2 3 4 2 1 2 44 27 1 2 1 6 1 3 1 26 1 2 1 5 1 2 1
272 1 2 1 6 1 2 25 1 3 2 4 3 2 3 26 15 3 24 3 1 3 2 3 1 3 27 1 2 1 5 2 1

240 1 2 5 1 2 1 29 3 1 3 2 3 1 29 3 15 1 27 3 1 9 1 3 1 27 2 1 2 7 2 1 35 3 1
240 2 1 5 1 2 1 29 1 2 1 6 1 2 1 28 6 14 26 1 2 12 1 2 1 26 5 1 2 1 5 1 35 1 2

232 1 2 1 34 5 1 5 2 1 25 1 2 1 8 3 1 3 24 1 2 15 1 28 3 1 5 3 27 1 2 1 5 1 2
232 1 2 1 34 5 1 2 5 1 25 1 2 1 12 1 2 24 1 17 1 27 1 2 1 5 1 2 1 27 1 2 1 5 1
232 1 2 1 34 5 1 5 2 1 25 1 2 1 11 1 3 24 1 17 1 27 1 2 1 5 1 2 1 27 1 2 1 5 1

240 2 1 5 2 1 30 3 1 3 2 3 1 3 26 1 15 2 27 2 1 2 10 3 1 27 1 6 3 2 3 34 4 1 2
242 1 5 1 2 30 1 2 1 6 2 1 29 1 5 1 11 1 26 2 1 12 1 2 1 27 6 2 1 5 1 35 1 2 1
242 1 5 2 1 30 1 2 1 6 2 1 29 1 5 1 11 1 26 2 1 12 1 2 1 27 6 2 1 5 1 35 1 2 1

230 1 3 2 3 1 29 3 1 3 2 3 1 3 26 16 25 2 3 2 8 1 2 1 24 1 2 1 5 2 5 32 4 1 2

230 1 5 1 2 30 2 1 5 1 2 1 28 1 17 1 24 2 3 6 2 1 4 1 25 1 3 1 6 1 2 1 30 6
234 1 3 1 30 1 3 2 3 1 3 2 25 1 3 1 14 24 2 11 1 4 1 25 1 3 1 7 1 2 30 2 1 5
230 1 5 2 1 30 2 6 1 2 1 28 1 3 1 13 1 24 1 13 1 3 1 28 1 2 1 6 2 30 1 2 5 1
230 1 2 5 1 30 3 1 3 5 1 2 1 24 1 2 6 35 13 2 1 2 24 4 2 1 2 4 2 1 30 2 1 2
230 1 5 1 2 30 2 6 1 2 1 28 1 3 1 13 1 24 1 13 1 3 1 28 1 2 1 6 2 30 2 1 5 1
230 1 3 2 3 32 1 2 1 6 1 2 1 37 2 3 25 2 1 2 11 3 24 1 2 1 5 2 1 4 34 2 1 2

244 1 3 2 33 1 2 4 2 1 2 30 1 3 2 12 1 27 13 1 3 1 26 4 2 1 6 2 1 31 1 2 4 1
244 2 1 2 34 2 4 2 1 4 2 27 2 1 2 11 1 2 28 4 7 6 26 3 2 6 2 1 2 31 3 1 5 1
242 2 1 4 34 5 2 5 1 2 27 1 2 1 8 2 5 27 16 2 26 3 1 3 2 3 1 3 31 1 3 2 3 1
242 2 1 4 34 5 2 6 2 27 1 2 1 10 2 1 2 27 16 2 26 3 1 3 2 3 1 3 31 1 3 2 3 1
242 2 1 2 36 1 4 1 2 5 1 28 2 1 13 2 1 38 1 5 27 1 2 1 7 2 1 2 31 1 2 1 5 1
246 1 2 1 33 1 6 2 1 5 26 1 3 1 12 1 2 27 12 5 27 1 3 1 6 2 1 2 31 1 2 1 5 1

244 2 1 2 34 1 5 1 2 6 27 2 1 2 11 1 27 13 1 5 1 28 1 2 1 6 1 2 1 30 1 2 5 1
245 1 2 1 34 1 5 1 2 1 5 26 1 2 1 14 27 14 4 2 28 1 2 1 6 1 2 1 30 2 1 2 4 2
244 1 2 1 35 1 5 1 2 6 27 1 2 1 12 1 28 1 11 1 5 1 29 1 2 6 1 2 1 30 2 1 5 1
243 1 3 2 34 2 3 1 3 2 3 1 26 1 3 2 8 4 1 26 1 15 33 3 1 3 5 1 30 1 2 4 2 1
243 1 39 2 1 2 6 1 2 1 26 1 6 4 1 4 2 1 26 2 44 1 5 1 2 1 5 1 31 2 1 4 1 2
243 1 3 2 34 2 3 1 3 2 3 27 1 3 2 12 1 26 1 18 30 1 2 1 5 1 2 1 30 1 2 1 5 1

229 1 6 1 2 1 28 4 1 4 2 1 4 27 2 13 1 24 1 3 1 8 2 1 2 25 1 3 2 3 1 5 34 3 1
229 2 1 5 1 2 1 27 3 5 1 3 28 1 15 2 1 24 3 1 3 8 1 2 1 25 1 2 5 1 5 34 1 2 1
231 1 5 1 2 1 27 1 2 1 5 1 2 1 27 1 17 1 24 2 1 12 1 2 1 25 1 5 2 1 5 34 1 2 1
231 1 5 1 2 1 27 1 2 1 5 1 2 1 27 1 17 1 24 3 1 11 1 2 1 25 1 2 5 1 5 34 1 2 1

233 1 3 34 2 3 1 3 2 3 1 24 1 3 2 8 1 3 1 25 13 2 27 4 1 2 4 1 4 28 1 2 1 6 1
233 2 1 2 33 1 4 1 2 5 1 25 2 1 2 11 1 2 37 6 24 2 1 2 7 2 1 2 27 2 1 2 4 2 1

229 1 6 1 2 1 28 4 1 4 2 1 4 27 2 13 25 1 3 1 8 2 3 1 24 1 3 2 3 1 3 2 34 3 1
229 1 6 1 2 1 28 4 1 4 2 1 4 27 2 13 1 24 1 3 1 8 2 1 2 25 1 3 2 3 1 5 34 3 1

233 1 3 34 2 3 1 3 2 3 1 24 1 3 2 8 1 3 1 67 1 3 1 6 2 1 2 27 1 2 1 5 1 2 1
271 1 2 1 5 1 2 1 26 1 4 1 2 5 1 3 2 25 15 27 3 1 5 2 1 4 1 26 1 2 1 5 1 2 1
233 1 2 1 34 5 1 5 2 1 25 1 2 1 8 3 1 3 24 1 2 15 1 28 3 1 5 3 27 1 2 1 5 1 2
233 1 2 1 34 5 1 2 5 1 25 1 2 1 12 1 2 24 1 17 1 27 1 2 1 5 1 2 1 27 1 2 1 5 1
233 1 3 34 2 3 1 3 2 3 1 24 1 3 2 8 1 3 1 25 13 2 27 4 1 2 4 1 4 28 1 2 1 6 1

242 5 1 2 1 30 1 2 1 6 2 1 2 28 1 4 1 13 27 14 1 2 1 26 5 1 2 1 5 1 34 1 2 1
241 1 5 1 2 31 1 8 1 2 1 32 1 2 13 1 26 5 8 2 3 1 26 1 3 2 3 1 3 2 34 2 3 1
241 1 5 1 2 1 30 1 2 1 5 1 2 1 30 1 17 1 28 1 11 1 3 1 26 2 5 1 5 2 35 1 3 1
241 1 5 1 2 31 3 1 3 5 1 2 1 27 1 5 7 6 27 1 13 1 2 1 26 6 2 1 5 1 34 1 2 1
241 2 1 2 4 35 1 2 1 5 2 1 26 2 14 1 3 26 1 2 13 2 1 26 2 4 2 1 2 4 35 2 1 2
241 1 5 1 2 1 30 1 2 7 2 1 2 28 1 4 1 13 27 1 13 1 2 1 26 6 2 1 5 1 34 1 2 1

242 1 4 2 1 31 1 2 6 1 3 1 28 1 3 1 6 8 26 1 2 9 3 2 3 28 4 2 1 4 2 33 5 1
241 5 1 2 1 31 2 1 7 2 3 1 26 1 4 1 2 37 2 13 2 1 2 26 5 1 2 1 5 1 33 2 1 2
242 1 4 1 2 31 1 2 4 2 1 2 4 26 1 3 14 1 26 6 8 1 3 2 28 1 2 1 6 1 2 33 1 2
242 1 4 2 1 31 1 2 6 1 2 4 26 1 3 1 13 27 1 2 10 2 3 1 30 3 2 4 2 1 33 2 3 1
241 1 5 1 2 31 3 1 3 5 1 2 1 27 1 5 7 31 2 1 13 1 2 1 26 6 2 1 5 1 34 1 2 1
242 1 4 1 2 31 1 2 4 2 1 2 4 26 1 3 14 27 1 2 10 5 1 29 1 3 2 3 1 3 33 5 1 2

232 1 5 1 31 2 1 2 4 2 1 2 25 1 5 1 12 24 2 12 1 3 1 25 5 1 3 2 3 1 30 1 3 1
233 2 1 33 1 5 1 2 1 5 1 24 1 2 1 11 2 1 26 12 6 27 1 2 1 5 1 2 1 30 1 2 4 2
231 3 2 3 30 2 7 1 4 1 25 1 2 1 10 3 2 24 6 7 5 1 25 1 2 1 8 1 2 30 2 1 5 1
231 2 1 5 30 4 1 2 6 2 1 25 1 5 7 1 2 1 25 2 1 2 14 24 1 9 1 4 1 31 1 4 1 2
233 2 3 1 30 1 3 2 3 1 5 25 1 4 2 10 2 24 14 1 3 1 25 2 3 1 3 2 3 1 30 1 3 1
234 1 3 1 31 1 2 4 2 1 2 27 1 3 1 13 1 24 2 11 1 4 1 25 1 3 1 7 1 2 30 2 1 5

232 1 3 2 31 1 6 3 5 1 25 2 1 2 8 1 3 1 24 1 5 8 2 27 4 1 2 5 4 30 2 1 5 1
232 1 2 1 33 5 1 2 1 5 1 25 2 14 1 2 26 1 3 7 5 1 24 1 2 8 2 1 2 29 3 1 5 1
232 2 1 2 32 2 4 2 1 4 2 25 2 1 2 11 3 30 7 5 1 24 2 1 2 6 2 1 2 29 3 1 5 1
232 1 2 1 33 5 1 2 1 5 1 25 2 14 1 2 26 1 3 7 5 1 24 1 4 6 2 1 2 29 3 1 5 1
233 2 1 33 1 5 1 2 1 5 1 24 1 2 1 11 2 1 26 12 6 24 4 2 1 6 2 1 29 2 1 4 1 2
234 2 33 1 5 1 2 1 5 1 24 1 3 2 8 2 1 2 25 16 26 3 1 3 2 3 1 3 29 1 3 2 3 1

244 1 3 1 34 3 2 3 6 1 27 1 4 9 2 1 2 26 1 2 15 1 29 1 3 2 3 1 3 30 1 2 5 1 2
244 1 3 1 34 3 2 3 6 1 27 1 3 1 9 2 1 2 27 2 15 1 29 1 3 2 3 1 3 30 1 2 5 1 2
244 1 2 1 35 1 5 1 2 6 27 1 2 1 12 1 2 26 1 11 1 5 1 29 1 2 6 1 2 1 30 1 2 5 1

231 1 5 1 2 1 27 1 2 1 5 1 2 1 27 1 17 1 24 2 1 12 1 2 1 25 1 5 2 1 5 34 1 2 1
231 1 5 1 2 1 27 1 2 1 5 1 2 1 27 1 17 1 24 3 1 11 1 2 1 25 1 2 5 1 5 34 1 2 1
229 2 1 5 1 2 1 27 3 5 1 3 28 1 15 2 1 24 3 1 3 8 1 2 1 25 1 2 5 1 5 34 1 2 1
229 1 6 1 2 1 28 4 1 4 2 1 4 27 2 13 1 24 1 3 1 8 2 1 2 25 1 3 2 3 1 5 34 3 1

245 2 1 35 1 5 1 2 1 5 26 1 2 1 12 2 1 26 14 6 28 1 2 1 6 1 2 1 29 1 2 1 5 1 2
244 1 3 35 1 2 7 2 1 2 27 1 3 1 7 2 4 27 1 15 3 29 1 3 2 3 1 3 29 1 2 1 5 2 1
243 2 1 2 35 1 4 1 2 5 1 27 2 1 2 11 1 2 39 6 28 1 2 1 6 2 1 2 29 2 1 2 4 2 1

233 1 3 34 2 3 1 3 2 3 1 24 1 3 2 8 1 3 1 25 13 2 27 4 1 2 4 1 4 28 1 2 1 6 1

271 1 2 1 5 1 2 1 26 1 4 1 2 5 1 3 2 25 15 27 3 1 5 2 1 4 1 26 1 2 1 5 1 2 1

241 1 5 1 2 1 29 1 2 1 5 1 2 1 29 1 17 1 26 3 1 11 1 2 1 27 1 2 5 1 5 36 1 2 1
239 1 2 5 1 2 1 29 3 1 3 2 3 1 29 3 15 1 27 3 1 9 1 3 1 27 2 1 2 7 2 1 35 3 1
241 1 5 1 2 1 29 1 2 1 5 1 2 1 29 1 17 1 26 2 1 12 1 2 1 27 1 5 1 2 6 35 1 2 1
241 1 5 1 2 1 29 1 2 1 8 1 3 26 1 5 1 11 27 2 1 12 1 2 1 27 6 2 1 5 1 35 1 2 1
239 1 2 4 2 1 2 29 2 1 2 4 2 1 2 29 18 26 1 2 1 12 1 2 1 27 1 5 2 1 5 36 1 2 1

232 1 2 1 34 5 1 5 2 1 25 1 2 1 8 3 1 3 24 1 2 15 1 28 3 1 5 3 27 1 2 1 5 1 2
232 1 2 1 34 5 1 2 5 1 25 1 2 1 12 1 2 24 1 17 1 27 1 2 1 5 1 2 1 27 1 2 1 5 1

229 2 1 5 2 1 28 3 1 3 2 3 1 27 1 15 2 1 24 2 1 2 9 1 3 1 25 1 6 5 3 32 1 3 1
231 1 5 1 2 28 1 2 1 6 2 1 27 1 5 1 11 1 24 2 1 12 1 2 1 25 6 2 1 5 1 33 1 2 1
231 1 5 1 2 28 1 2 1 6 2 1 2 25 1 5 1 12 24 2 1 12 1 2 1 25 6 2 1 5 1 33 1 2 1

234 1 35 1 2 6 1 2 1 26 1 3 1 7 1 5 25 15 1 2 26 1 3 2 3 1 5 27 1 2 5 1 2 1

229 2 1 6 1 29 3 1 7 1 3 1 24 1 5 9 2 26 2 1 4 6 4 1 26 6 3 2 3 1 31 1 4 1
229 1 2 1 5 1 33 1 2 1 5 1 2 25 1 17 24 2 1 2 6 3 1 3 25 1 6 3 2 3 1 31 3 1
229 1 5 1 2 1 29 2 1 2 4 2 1 2 27 5 13 25 2 12 1 2 1 26 1 4 1 2 5 1 33 1 2 1
229 1 2 1 5 1 29 4 1 2 5 1 2 1 25 1 41 2 1 11 2 1 2 24 1 5 1 2 1 5 1 32 2 1
229 1 5 1 2 1 29 2 1 2 4 2 1 29 5 12 1 25 2 12 1 2 1 26 1 4 1 2 5 1 33 1 2 1
229 2 1 4 1 2 29 1 2 6 1 2 4 24 4 2 12 26 12 2 3 1 24 4 2 1 2 4 2 1 31 2 3 1

221 1 2 35 1 2 1 6 1 2 23 6 8 1 2 1 22 2 1 9 6 23 1 6 3 2 3 1 26 2 1 5 1 3
222 2 34 2 1 2 6 1 2 23 2 4 2 3 4 2 1 22 12 6 23 1 2 4 2 1 6 26 2 1 5 1 2 1

233 1 3 1 30 1 3 2 3 1 3 2 25 1 3 1 14 24 12 4 2 1 25 2 3 1 3 2 3 1 30 4 2 1
233 1 3 1 30 1 3 2 3 1 3 2 25 1 3 1 14 24 2 11 1 4 1 25 1 3 1 7 1 2 30 2 1 5
234 1 2 1 30 2 1 5 2 1 4 26 1 2 1 12 2 24 14 1 3 1 24 1 2 4 3 2 3 1 30 1 3 1
231 1 3 2 31 1 2 5 1 3 28 1 3 1 11 2 1 24 1 2 11 1 3 1 28 3 1 5 2 1 31 2 3 1
229 1 2 1 5 30 4 1 2 6 2 1 25 1 12 1 2 1 25 2 1 16 24 1 5 1 2 1 5 1 31 1 2 1
229 2 1 4 32 5 2 5 1 2 1 24 1 2 1 8 2 3 2 25 16 26 3 1 3 2 3 1 3 30 1 4 2 1

222 36 2 1 2 6 1 2 23 2 4 2 3 4 2 1 22 18 24 2 3 1 3 2 3 1 25 1 2 1 6 1 2
222 1 35 2 3 1 5 2 1 23 1 3 2 8 1 2 1 64 1 3 1 6 1 3 1 24 1 2 1 5 1 2 1
222 37 1 2 1 5 1 2 1 23 2 3 1 7 1 3 1 23 15 25 3 4 2 1 2 4 25 1 2 4 2 1 2
222 36 1 3 1 6 1 2 23 2 1 2 9 1 2 1 34 29 1 2 1 9 1 2 1 24 1 2 1 5 1 2 1
222 36 1 2 1 6 1 2 1 23 2 1 8 2 1 4 39 24 1 2 1 7 1 4 1 24 1 2 1 5 1 2 1
258 1 2 1 6 1 2 1 24 3 2 3 1 3 2 3 22 18 23 3 1 3 2 3 1 3 26 1 2 5 1 2 1

242 1 4 2 33 2 3 1 3 2 3 1 26 1 4 2 11 29 1 12 1 3 1 27 5 1 3 2 3 1 32 1 3 1
246 2 1 33 1 2 6 1 2 1 28 2 3 1 8 6 26 1 14 3 1 26 4 2 1 2 4 2 1 31 2 1 4 1
243 1 2 1 35 1 5 1 2 6 27 1 2 1 12 1 2 26 12 1 5 1 27 2 1 2 6 1 2 1 32 1 5 1
243 1 2 1 35 1 5 1 2 6 27 1 2 1 12 1 2 26 1 11 1 5 1 29 1 2 6 1 2 1 31 2 5 1
244 1 3 1 33 1 2 5 1 5 27 1 3 1 12 1 29 11 2 4 1 26 1 3 2 3 4 2 1 31 1 2 4 1
243 1 2 1 35 1 5 1 2 6 27 3 1 12 1 2 26 1 11 1 5 1 27 2 1 2 6 1 2 1 32 1 5 1

242 1 3 2 34 2 3 1 3 2 3 1 26 1 3 2 12 27 1 12 2 4 1 29 2 1 6 3 1 30 2 1 4 1
244 1 2 1 34 1 5 2 1 4 1 27 1 2 1 13 28 6 7 5 1 27 1 3 2 3 4 2 1 31 2 1 5 1
242 2 1 2 35 4 1 2 5 1 2 26 1 2 12 1 3 26 3 1 14 2 26 1 2 5 1 2 1 35 4 2 1 2
241 3 1 3 34 3 2 3 6 1 27 3 1 10 2 1 27 8 5 6 1 28 1 2 1 6 1 2 1 30 1 2 5 1
244 1 2 1 34 1 5 2 1 4 1 27 1 2 1 13 28 13 5 1 28 2 1 2 6 1 2 1 30 1 2 1 5 1
242 1 3 2 34 6 2 1 2 4 26 1 2 1 8 6 27 1 5 7 2 3 1 29 1 2 1 6 3 1 31 1 5 1

232 1 3 34 2 3 1 3 2 3 1 24 1 3 2 8 1 3 1 24 1 13 2 31 1 2 4 1 4 28 1 2 1 6 1
232 1 3 34 5 1 3 2 3 1 25 2 1 2 8 1 3 1 24 1 13 2 27 4 1 2 4 1 4 28 1 2 1 6 1

232 1 2 1 34 5 1 5 2 1 25 1 2 1 11 1 3 24 1 17 1 27 1 2 1 5 1 2 1 27 1 2 1 5 1
232 1 2 1 34 5 1 2 5 1 25 1 2 1 12 1 2 24 1 17 1 27 1 2 1 5 1 2 1 27 1 2 1 5 1
232 1 2 1 34 5 1 5 2 1 25 1 2 1 8 3 1 3 24 1 2 15 1 28 3 1 5 3 27 1 2 1 5 1 2
232 1 3 34 2 3 1 3 2 3 1 24 1 3 2 8 1 3 1 25 13 2 27 4 1 2 4 1 4 28 1 2 1 6 1

232 1 2 35 5 1 5 2 1 25 1 2 1 8 3 1 3 24 1 2 16 28 3 1 3 2 3 1 26 1 3 5 1 2
231 1 3 38 2 5 1 2 1 25 1 2 1 8 2 1 2 26 3 15 26 3 4 2 3 1 3 26 1 2 1 5 2 1
234 1 35 1 2 6 1 2 1 26 1 3 1 7 1 5 25 15 1 2 26 1 3 2 3 1 5 27 1 2 5 1 2 1
232 1 2 35 5 1 5 2 1 25 1 2 1 8 3 1 3 24 1 2 15 1 28 3 1 5 3 27 1 2 1 5 1 2

234 36 1 2 1 6 1 2 1 25 1 3 2 3 1 5 27 19 1 26 1 2 1 6 1 3 1 26 1 2 1 5 1 2
232 1 37 4 6 1 2 1 25 1 2 1 6 1 3 1 27 2 16 2 24 5 1 2 1 5 1 2 26 2 1 4 1 2

222 1 35 3 1 6 1 2 1 23 3 5 4 2 1 2 24 3 15 22 2 3 1 7 1 3 1 24 1 2 1 5 2 1
222 1 35 3 1 6 1 2 1 23 3 5 4 2 1 2 24 3 15 22 2 3 1 5 2 1 4 24 1 2 1 5 2 1
222 1 35 3 1 6 1 2 1 23 3 5 4 2 1 2 24 3 2 13 22 2 3 1 7 1 3 1 24 1 3 5 2 1

230 2 1 4 32 5 2 5 1 2 1 24 1 2 1 8 2 3 2 25 16 26 3 1 3 2 3 1 3 29 1 3 2 3 1

258 1 2 1 6 1 2 1 23 1 3 2 4 3 2 3 22 15 3 24 2 1 2 4 3 2 3 23 1 2 1 5 1 3

244 4 1 34 5 3 1 5 1 27 1 3 1 9 2 1 2 27 2 15 1 26 3 1 3 2 3 1 3 30 1 2 5 1 2
244 1 2 1 35 1 5 1 2 6 27 1 2 1 12 1 2 26 12 1 5 1 27 2 1 2 6 1 2 1 30 2 1 5 1
244 1 3 1 34 3 5 6 1 27 1 3 1 9 2 1 2 26 1 2 15 1 29 1 3 2 3 1 3 30 1 2 5 1 2
244 1 2 1 35 1 5 1 2 6 27 1 2 1 12 1 2 26 1 11 1 5 1 29 1 2 6 1 2 1 30 2 1 5 1
244 1 3 1 34 3 2 3 6 1 27 1 3 1 9 2 1 2 27 2 15 1 29 1 3 2 3 1 3 30 1 2 5 1 2

218 1 2 4 2 1 2 25 2 1 2 4 2 1 2 25 18 22 2 1 2 8 1 3 1 24 1 2 4 2 1 2 38
220 1 5 1 2 1 25 1 2 1 5 1 2 1 25 1 17 1 22 2 1 5 3 4 2 1 24 1 5 2 1 4 35
217 1 2 6 1 2 1 24 2 1 2 4 2 1 2 25 18 24 2 1 2 4 3 2 3 23 1 2 1 6 1 2 1
217 2 1 6 1 2 1 25 1 2 1 6 2 1 2 24 18 22 1 2 1 6 3 2 3 23 2 1 6 1 3 1 36
217 1 2 5 1 2 1 27 1 3 2 3 1 3 2 22 15 3 24 2 1 2 4 5 3 23 1 2 1 6 1 3 36
217 1 2 1 5 1 2 1 25 1 2 1 5 2 1 4 63 1 2 1 8 1 4 1 23 2 1 2 4 2 1 2 35

217 3 1 5 1 2 26 1 3 2 3 6 1 23 6 9 1 2 22 1 2 1 8 6 23 2 1 6 1 2 1 35 2 1
217 1 2 1 5 1 2 26 6 1 2 4 2 1 23 6 12 22 1 2 4 3 2 4 2 23 2 1 6 2 1 2 34 2

229 1 2 1 5 2 1 27 5 1 3 2 3 1 26 2 1 15 25 5 1 7 1 3 1 26 1 2 1 6 2 1 35 1

231 1 5 1 2 1 27 1 2 1 5 1 2 1 27 1 17 1 24 3 1 11 1 2 1 25 1 2 5 1 5 34 1 2 1
229 2 1 5 1 2 1 27 3 5 1 3 28 1 15 2 1 24 3 1 3 8 1 2 1 25 1 2 5 1 5 34 1 2 1

227 1 2 1 5 1 2 1 26 1 4 1 2 5 1 3 27 15 25 2 3 1 5 2 1 4 1 26 1 2 1 5 1 2 1

228 1 6 1 2 1 28 4 1 4 2 1 4 27 2 13 25 1 3 1 8 2 3 1 24 1 3 2 3 1 3 2 34 3 1
228 1 6 1 2 1 28 4 1 4 2 1 4 27 2 13 1 24 1 3 1 8 2 3 25 1 3 2 3 1 3 2 34 3 1
228 1 6 1 2 1 28 4 1 4 2 1 31 2 13 1 24 1 3 1 8 2 3 1 24 1 3 2 3 1 3 2 34 3 1

239 2 1 5 1 2 1 29 1 2 1 6 1 2 1 28 6 14 26 1 2 12 1 2 1 26 5 1 2 1 5 1 35 1 2
239 1 2 5 1 2 1 29 3 1 3 2 3 1 29 3 15 1 27 3 1 9 1 3 1 27 2 1 2 7 2 1 35 3 1
239 1 2 4 2 1 2 29 2 1 2 6 1 2 1 28 6 39 2 1 11 2 1 2 27 1 5 2 1 4 1 35 2 1 2

239 2 1 5 2 1 30 3 1 3 2 3 1 3 26 1 15 2 27 2 1 2 10 3 1 27 1 6 3 2 3 34 1 3 1
239 2 1 5 2 1 30 3 1 3 2 3 1 29 1 15 2 1 26 2 1 2 9 1 3 1 27 1 6 5 3 34 1 3 1
241 1 5 1 2 30 1 2 1 6 2 1 2 27 1 5 1 12 26 2 1 12 1 2 1 27 6 2 1 5 1 35 1 2 1
241 1 5 1 2 30 1 2 1 6 2 1 29 1 5 1 11 1 26 2 1 12 1 2 1 27 6 2 1 5 1 35 1 2 1
241 1 5 2 1 30 1 2 1 6 2 1 29 1 5 1 11 1 26 2 1 12 1 2 1 27 6 2 1 5 1 35 1 2 1

228 1 2 4 2 1 2 26 1 3 2 3 1 3 2 45 25 1 2 1 8 1 3 2 25 1 2 1 5 1 2 1 39
227 1 2 5 1 2 1 27 3 1 3 2 3 1 3 27 15 3 24 3 1 3 2 3 1 3 27 1 2 1 5 2 1
228 2 1 5 1 2 1 27 1 2 4 2 1 2 4 24 18 26 2 1 5 3 1 5 1 25 2 1 5 1 2 1 40
227 1 2 1 5 1 3 29 2 1 2 4 3 2 26 14 1 3 24 1 3 2 4 3 2 3 25 2 4 2 1 4 39
227 1 2 1 5 1 2 1 26 1 4 1 2 5 1 3 42 26 2 1 5 3 1 5 1 25 1 2 1 5 1 2 1
227 1 2 1 5 1 2 1 26 1 2 1 5 1 3 47 25 1 2 1 8 1 3 2 25 1 2 1 5 1 2 1 39

227 1 2 1 5 1 2 1 26 1 4 1 2 5 1 3 27 15 25 2 3 1 5 2 1 4 1 26 1 2 1 5 1 2
227 1 2 1 5 1 2 1 26 1 4 1 2 5 1 3 27 15 25 1 4 1 7 2 3 1 25 1 2 1 5 1 2 1
227 1 2 1 5 1 2 1 26 1 4 1 2 5 1 30 15 1 24 1 4 1 2 5 1 3 2 26 1 2 1 5 1 2
227 1 2 1 5 1 2 1 26 1 4 1 2 5 1 30 15 1 24 1 4 1 2 5 1 3 2 25 1 2 1 6 1 2

230 5 1 2 30 2 1 7 1 3 1 25 1 4 1 11 2 24 1 13 1 3 1 27 2 1 2 4 2 1 31 1 3 1
229 1 5 1 32 2 1 2 7 1 2 1 24 1 5 7 2 28 2 1 13 1 2 25 1 5 2 1 4 1 33 2 1 2
233 1 3 1 30 1 3 2 3 1 5 25 1 3 1 12 2 24 12 1 5 1 25 2 1 2 4 2 1 2 31 1 5 1
233 2 1 2 30 1 5 1 2 1 5 1 24 1 2 13 1 2 24 4 8 6 26 2 1 2 4 2 1 2 31 4 2 1

243 1 2 1 35 6 2 1 5 1 26 1 3 1 12 1 2 27 11 6 1 26 1 3 2 3 1 3 2 33 1 5 1
242 4 36 1 3 1 6 1 2 1 26 4 2 5 4 5 26 1 14 3 1 26 4 2 1 2 4 2 32 2 1 4 1
244 2 1 2 33 1 5 1 2 1 5 26 2 1 2 13 2 38 1 5 1 26 1 2 1 6 2 1 2 33 1 5 1
243 1 4 1 33 1 2 1 6 2 1 2 28 5 7 6 26 2 12 1 2 1 27 1 4 1 2 5 1 34 1 2 1
246 2 1 33 2 1 5 3 1 3 26 2 1 9 6 2 26 5 1 8 1 3 29 1 2 1 6 2 1 32 1 5 3
244 2 1 2 33 2 4 1 2 4 2 26 2 1 2 11 1 2 27 11 6 28 2 1 2 4 2 1 2 33 1 5 1

242 2 1 2 35 1 4 1 2 5 1 27 2 1 2 11 1 2 39 5 1 28 1 2 1 7 1 2 31 1 2 1 5 1
242 1 3 36 2 3 1 3 2 3 1 26 1 3 2 8 1 3 1 26 1 48 1 2 4 2 1 2 31 1 2 1 5 1
242 1 5 34 2 3 1 3 2 3 1 26 1 3 2 8 4 1 26 1 13 2 33 1 2 5 3 1 31 1 2 1 5 1
242 1 3 36 2 3 1 3 2 3 1 26 1 3 2 8 1 3 1 26 1 48 1 2 1 5 1 2 31 1 2 1 5 1
242 1 3 36 2 3 1 5 2 1 27 1 3 2 9 1 3 26 1 17 1 30 1 2 1 5 1 2 31 1 2 1 5 1

217 3 1 5 1 2 1 23 3 2 3 4 2 1 2 24 3 15 22 3 2 3 4 2 3 1 23 1 2 1 6 1 2 1

217 1 2 5 1 2 1 24 1 3 1 7 1 3 2 22 15 3 24 2 1 2 4 5 3 23 1 2 1 6 1 3 35 1
217 1 2 5 3 1 24 1 3 1 7 1 3 2 22 13 2 3 24 2 1 2 4 5 3 23 1 2 1 6 1 3 35 1

229 2 1 5 1 2 1 26 1 3 1 6 1 2 1 26 1 19 27 5 1 3 2 3 1 25 1 2 1 6 1 2 1 36

231 1 5 1 2 1 27 1 2 1 5 1 2 1 27 1 17 1 24 2 1 12 1 2 1 25 1 5 2 1 5 35 1 2
229 2 1 5 1 2 1 26 1 2 1 6 3 1 31 3 11 1 24 1 3 12 2 1 26 1 3 2 3 1 3 35 2 1
229 2 1 2 4 2 1 26 4 2 1 2 4 2 1 26 18 26 2 1 2 9 2 1 25 1 2 1 6 1 3 35 2 1
229 2 1 5 2 1 28 3 1 3 2 3 1 3 24 1 15 2 1 24 3 1 8 6 26 1 2 5 1 2 1 37 3 1
229 2 1 5 1 2 1 26 1 2 1 6 3 32 3 9 2 1 24 1 3 12 2 1 26 1 3 2 3 1 3 35 2 1
229 2 1 5 1 2 1 26 1 3 6 1 2 4 24 1 3 14 29 3 2 7 2 1 26 1 2 1 5 1 3 35 2 1

232 1 3 33 1 6 3 2 3 1 25 2 1 2 8 1 3 1 24 1 13 2 27 4 1 2 4 1 4 28 1 2 1 6 1
232 1 3 1 32 3 5 6 1 25 1 3 1 9 2 1 2 24 1 2 15 1 27 1 3 2 3 1 3 28 1 2 5 1 2
232 1 3 33 1 2 4 3 2 3 1 25 3 2 8 1 3 1 24 1 13 2 27 4 1 2 4 1 4 28 1 2 1 6 1
232 1 2 1 33 1 5 1 2 6 25 1 2 1 12 1 2 24 1 11 1 5 1 27 1 2 6 1 2 1 28 2 1 5 1
232 1 3 1 32 3 2 3 6 1 25 1 3 1 9 2 1 2 25 2 15 1 27 1 3 2 3 1 3 28 1 2 5 1 2

243 1 2 1 36 5 1 2 5 1 27 1 2 1 12 1 2 1 38 6 27 1 2 1 7 2 1 2 29 2 1 2 4 2 1
244 1 2 1 35 1 5 1 2 6 27 1 2 1 12 1 2 26 1 17 1 29 1 2 1 5 1 2 1 29 1 2 1 5 1
244 1 2 1 35 1 5 1 2 6 27 1 2 1 12 1 2 26 13 5 1 27 2 1 2 6 1 2 1 29 1 2 1 5 1
244 1 2 1 35 1 5 1 2 6 27 1 2 1 12 1 2 27 11 1 5 1 26 3 1 8 1 2 1 29 1 2 1 5 1
244 1 3 35 1 2 7 2 1 2 27 1 3 1 7 2 1 30 1 15 3 29 1 3 2 3 1 3 29 1 2 1 5 2 1

228 1 2 1 5 1 2 1 26 1 4 1 2 5 1 3 27 15 25 1 4 1 7 2 3 1 25 1 2 1 5 1 2 1 35
228 1 2 1 5 1 2 1 27 2 1 2 6 1 3 1 67 1 3 1 8 2 3 1 24 1 3 2 3 1 3 2 34 3 1
228 1 2 1 5 1 2 1 26 1 4 1 2 5 1 3 27 15 25 2 3 1 5 2 1 4 1 26 1 2 1 5 1 2 1

229 1 6 1 2 1 28 4 1 4 2 1 4 27 2 13 25 1 3 1 8 2 3 1 24 1 3 2 3 1 3 2 34 3 1
228 1 2 4 2 1 2 27 2 1 2 6 1 2 1 26 6 37 2 1 11 2 1 2 25 1 5 2 1 4 1 33 2 1 2
228 1 2 4 2 1 2 27 2 1 2 7 2 1 2 24 6 37 2 1 11 2 1 2 25 1 5 2 1 4 1 33 2 1 2

242 1 5 2 1 30 1 2 6 1 2 1 29 1 3 1 13 1 27 2 12 1 2 1 29 4 1 2 5 1 35 1 2 1
240 1 6 1 2 1 30 2 1 7 2 1 2 27 1 5 1 13 27 1 13 1 2 1 26 1 6 2 1 5 36 1 2 1
240 2 1 5 2 1 30 1 2 1 6 1 3 1 27 6 14 26 1 14 1 2 1 26 5 1 2 1 5 1 34 1 2 1
241 1 5 1 2 1 30 1 2 1 6 2 1 2 28 1 5 41 1 11 2 1 2 27 1 5 2 1 4 1 35 2 1 2
241 1 5 1 2 31 1 2 4 3 2 3 1 27 1 5 7 6 28 13 1 2 1 27 1 4 1 2 5 1 34 1 2 1

240 1 2 4 1 2 31 3 7 2 3 1 26 1 5 8 3 28 3 4 10 1 28 2 4 2 1 2 4 33 1 4 1 2
242 1 4 2 1 31 1 2 4 3 2 3 1 26 1 6 11 27 2 1 2 10 1 3 1 26 1 6 3 2 3 34 3 1
242 1 4 1 2 31 1 2 1 8 1 2 1 27 5 1 7 31 2 14 1 2 1 26 5 1 2 1 5 1 34 1 2 1
240 1 5 1 2 1 31 2 1 2 7 1 2 1 27 5 1 38 2 1 2 10 2 1 2 27 6 2 1 4 1 35 2 1
240 1 2 1 5 1 31 4 1 2 5 4 27 1 15 1 27 3 2 6 2 5 28 2 3 1 3 2 3 1 33 1 3 2
242 1 4 1 2 31 1 2 4 2 1 2 4 26 1 3 14 1 26 6 8 4 2 26 2 1 2 7 2 1 33 1 2 4

229 1 6 1 2 1 28 4 1 4 2 1 4 27 2 13 1 24 1 3 1 8 2 3 26 3 2 3 1 3 2 34 3 1
229 2 1 4 2 1 29 3 4 3 2 3 1 24 1 14 3 25 3 1 3 2 7 3 25 1 2 6 2 3 34 1 2 1
229 1 5 1 2 1 29 2 1 5 1 2 1 28 1 17 1 24 3 1 11 1 2 1 25 1 2 5 1 5 34 1 2 1
229 1 2 5 1 2 28 3 4 2 3 1 27 1 17 1 24 3 1 3 8 1 2 1 25 1 2 5 1 5 34 1 2 1
229 1 6 1 2 1 28 2 1 5 1 2 1 28 1 17 1 24 3 1 9 2 3 1 25 1 2 5 1 3 2 34 3 1
229 1 2 5 2 1 28 3 1 3 2 3 1 3 24 1 17 25 2 1 4 8 1 2 1 25 1 5 2 1 5 34 3 1

246 1 37 1 2 6 1 2 1 28 1 3 1 7 1 5 27 15 1 2 28 1 3 2 3 1 5 29 1 2 5 1 2 1

233 1 2 39 1 2 5 1 2 24 2 1 2 10 1 2 1 24 18 28 1 2 1 5 1 2 1 28 1 2 1 5 1 2
233 1 2 38 1 2 1 5 1 2 24 1 2 12 1 2 1 24 18 28 1 2 1 5 1 2 1 28 1 2 1 5 1 2

216 1 2 1 5 1 2 1 24 1 4 1 2 5 1 3 25 15 24 1 3 6 2 1 4 1 24 1 2 1 5 1 2 1
216 1 2 1 5 1 2 1 24 1 4 1 2 5 1 3 25 15 25 3 1 5 2 1 4 1 24 1 2 1 5 1 2 1
216 1 2 1 5 1 2 1 24 1 4 1 2 5 1 28 15 1 23 1 3 1 7 1 4 1 24 1 2 1 5 1 2 1
216 1 2 1 5 1 2 1 24 1 4 1 2 5 1 3 25 15 24 1 3 1 7 1 4 1 24 1 2 1 5 1 2 1

228 1 2 1 5 1 2 1 26 1 3 1 7 1 3 1 25 15 29 2 1 2 4 5 3 25 1 2 1 6 1 3 37 1

230 5 1 2 30 2 1 7 1 3 1 25 1 4 1 11 2 24 1 13 1 3 1 27 2 1 2 4 2 1 31 1 3 1

241 5 1 2 33 2 7 1 3 1 29 1 2 1 11 2 27 13 1 3 1 27 2 3 1 3 2 3 1 32 1 3 1
242 1 2 1 36 4 2 1 2 4 2 26 2 13 3 1 27 1 2 1 11 2 28 2 6 2 1 4 32 4 2 1 2
244 1 2 1 34 5 1 2 1 5 1 26 2 14 1 2 27 1 2 1 12 1 28 2 6 2 1 4 32 5 1 2 1
243 1 5 33 1 2 6 1 2 1 29 1 3 2 4 3 5 28 14 3 1 26 4 2 1 2 4 2 32 2 1 4 1
242 2 1 2 35 1 4 1 2 5 1 27 2 1 13 1 2 29 1 2 7 5 1 27 1 9 2 1 2 34 1 5 1
244 2 1 2 33 2 4 1 2 4 2 26 2 1 2 9 3 2 27 15 4 26 2 1 4 1 2 5 32 1 4 2 1

232 1 2 1 34 5 1 2 5 1 25 1 2 1 12 1 2 24 1 17 1 28 1 2 1 5 1 2 29 1 2 1 5 1
232 1 3 34 2 3 1 5 2 1 25 1 3 2 9 1 3 24 1 17 1 28 1 2 1 5 1 2 29 1 2 1 5 1
232 1 3 34 2 3 1 3 2 3 1 24 1 3 2 8 1 3 1 24 1 13 2 31 1 2 4 1 4 29 2 1 6 1
232 1 3 2 32 2 3 1 3 5 1 24 1 3 2 8 1 3 1 24 1 13 2 31 1 2 4 1 4 29 1 2 6 1
234 1 2 1 32 1 5 2 1 4 1 25 1 2 1 12 1 26 13 5 27 2 1 2 4 2 1 2 29 1 2 1 5 1

272 1 2 1 5 1 2 1 25 1 2 1 6 1 3 1 46 26 2 1 2 6 1 3 1 26 1 2 1 5 1 2 1
233 39 3 1 5 1 2 1 25 2 1 2 7 2 1 2 26 18 29 1 2 1 5 1 2 1 26 1 2 1 5 2 1
233 40 1 2 1 5 1 2 25 1 5 1 3 5 1 2 26 18 24 4 2 1 2 4 2 1 27 1 2 1 5 1 2
272 1 2 5 1 2 1 26 1 4 1 7 1 3 1 25 1 15 30 1 5 2 1 4 1 26 1 2 1 5 1 2 1
272 2 1 5 1 2 1 26 2 3 1 7 1 3 1 25 1 15 30 1 5 2 1 4 1 26 1 2 1 5 1 2 1
233 39 1 2 1 5 1 2 1 25 2 3 1 8 1 2 1 68 4 1 2 5 1 2 1 27 1 2 1 5 1 2 1

180 1 2 1 5 1 2 24 1 3 2 4 3 4 1 24 15 25 3 1 5 2 1 4 1 24 1 2 1 5 1 2 1
181 1 2 5 1 2 1 23 2 3 1 3 2 3 1 25 3 15 24 3 2 3 1 3 2 3 24 2 1 6 1 2 1
181 1 2 5 1 2 1 25 3 1 3 2 3 1 3 22 3 15 25 3 1 3 2 3 1 3 25 1 2 1 5 2 1
180 1 2 4 2 1 2 24 1 3 2 4 3 4 1 24 15 25 3 1 5 2 1 4 1 24 1 2 1 5 1 2 1
180 1 2 5 1 2 1 24 1 4 1 7 1 3 1 23 1 15 28 1 5 2 1 4 1 24 1 2 1 5 1 2 1
180 1 2 5 1 2 1 25 3 1 3 2 3 1 3 25 15 25 3 1 5 2 1 4 1 24 1 2 1 5 1 2 1

229 1 6 1 2 1 28 4 1 4 2 1 31 2 13 1 24 1 3 1 8 2 3 1 24 1 3 2 3 1 3 2 34 3 1

240 1 2 5 1 2 30 3 1 3 2 3 1 29 3 15 1 27 4 2 7 1 3 1 27 2 1 2 7 2 1 35 3 1
240 3 2 4 2 30 1 3 1 6 2 1 2 29 2 3 7 4 27 3 13 1 2 26 1 5 1 2 1 5 35 2 1 2
240 1 2 5 1 2 30 3 1 3 2 3 1 3 26 1 2 15 1 30 1 2 6 2 1 2 28 2 1 2 9 1 35 3
240 1 3 2 3 33 1 3 1 6 3 1 30 2 7 2 1 2 28 1 3 11 3 1 27 1 5 1 2 1 40 2 1 2
240 1 5 1 2 1 31 2 1 2 4 2 1 31 5 12 1 27 2 12 1 2 1 28 1 4 1 2 5 1 35 1 2 1

230 1 5 1 3 29 2 1 2 8 2 1 24 1 5 7 1 2 1 26 2 1 14 2 25 1 5 1 2 6 32 1 2 1
230 1 3 2 3 1 29 3 1 3 2 3 1 3 24 2 16 25 2 1 12 1 2 1 25 6 2 1 5 1 33 1 2 1
230 1 3 2 3 1 29 3 1 3 2 3 1 3 24 2 16 25 5 2 8 1 2 1 25 2 1 5 2 5 32 4 1 2
230 1 5 1 2 1 29 2 1 5 1 2 1 28 1 17 1 24 2 1 11 1 3 1 26 5 1 5 2 1 32 1 3 1
230 1 5 1 2 1 29 2 1 2 7 1 2 1 25 5 1 36 1 2 13 1 2 26 1 5 2 1 4 1 34 2 1 2
230 1 5 1 3 29 2 1 2 6 2 1 2 24 1 5 7 30 2 1 11 2 1 2 25 6 1 2 4 2 32 2 1 2

234 36 1 2 6 1 2 1 26 1 3 1 7 1 5 25 15 1 2 26 1 3 2 3 1 5 27 1 2 5 1 2 1
233 1 36 1 2 1 6 1 2 1 26 1 5 2 1 4 1 45 1 26 1 3 1 6 1 2 1 28 1 2 1 5 1
233 1 36 5 1 2 5 1 25 1 2 1 7 1 3 1 27 1 16 2 27 1 3 1 7 1 27 1 2 1 5 1 2
234 36 1 3 1 6 1 2 25 1 3 2 7 2 1 2 26 18 24 3 1 3 2 3 1 3 27 1 2 1 5 2 1
232 2 36 4 1 2 4 2 26 1 2 1 10 1 2 1 26 15 2 25 3 1 3 2 3 1 3 28 2 1 5 2 1
231 1 2 41 1 5 1 2 25 1 2 1 9 2 1 2 25 1 18 27 1 3 2 3 1 3 27 1 2 1 5 2 1

258 1 2 1 6 1 2 1 23 1 3 2 4 3 2 3 22 18 26 1 2 1 5 1 2 1 26 1 2 1 5 1 2
222 1 35 4 1 6 1 2 23 2 1 2 9 1 2 1 22 18 26 1 2 1 5 1 2 1 26 1 2 1 5 1 2
258 1 2 1 5 1 2 1 24 1 4 1 7 1 3 1 24 15 25 3 1 3 2 3 1 3 25 1 2 1 5 2 1
222 1 35 2 3 2 4 2 24 1 3 1 9 1 2 1 23 16 2 25 2 1 2 4 2 3 25 2 1 2 4 2 1
222 1 35 4 1 2 4 2 24 1 2 1 10 1 2 1 24 15 2 23 3 1 3 2 3 1 3 26 2 1 5 2 1

217 1 2 5 1 2 1 24 2 3 1 7 1 2 1 24 1 2 37 6 4 1 4 2 1 23 3 1 3 2 3 1 38
217 1 2 5 1 2 1 25 3 1 3 2 3 1 3 25 15 24 1 2 1 10 1 2 1 24 1 5 2 1 4 35 1
217 2 5 1 2 1 25 1 3 1 6 2 1 2 24 1 2 16 28 2 1 5 1 2 1 24 1 2 1 5 4 35 1
217 1 2 4 2 1 2 25 2 1 2 4 2 1 2 25 18 25 1 2 1 8 1 2 1 23 2 1 2 4 2 3 36
217 1 6 1 2 1 25 1 2 1 5 1 2 1 44 1 23 1 2 1 8 2 3 1 23 1 2 5 1 3 2 35 1
217 2 1 5 1 2 1 24 1 3 1 6 1 2 1 25 19 23 2 1 2 7 1 2 1 24 1 2 1 6 4 35 1

229 2 1 5 1 2 1 27 1 3 5 1 2 1 27 2 1 15 30 1 2 6 1 2 1 27 1 2 1 5 4 38 1
229 2 1 5 1 2 1 26 1 3 1 7 1 3 1 24 1 15 29 2 1 2 4 5 3 25 1 3 6 1 3 37 1
229 1 2 4 2 1 2 27 1 2 1 6 1 2 1 29 5 36 3 1 10 1 2 26 2 1 6 1 3 1 36 1 2
229 1 2 5 1 2 1 27 3 1 3 2 3 1 3 24 3 15 27 3 1 5 2 1 4 1 26 1 2 1 5 2 1
229 2 1 5 1 2 1 26 1 3 1 6 1 2 1 26 46 1 2 4 3 2 3 1 25 1 2 1 5 1 3 37 3
229 1 5 1 2 1 28 1 2 1 5 1 2 1 28 1 17 1 28 1 4 7 2 1 26 1 2 1 5 1 3 37 1

230 2 1 4 1 31 6 2 1 4 2 25 2 14 3 26 1 2 1 7 5 1 24 1 2 8 2 1 2 29 3 1 5 1
232 2 3 1 31 1 5 3 1 3 2 25 2 3 1 8 2 3 26 2 1 12 1 25 9 2 1 4 29 1 5 1 2 1
232 1 3 2 31 1 2 5 1 3 28 1 3 1 11 2 1 24 14 1 3 1 26 1 3 1 6 2 1 29 1 2 4 1
234 1 2 32 1 5 1 2 1 5 25 2 1 2 11 1 2 29 7 1 5 26 2 1 2 6 1 2 1 29 2 1 4 1
232 1 4 1 31 1 2 1 6 2 3 26 5 2 6 4 1 24 2 12 2 27 4 1 6 1 3 1 29 1 2 4 2 1
230 3 1 35 5 1 3 2 3 1 25 1 2 1 11 1 3 25 16 2 24 3 1 3 2 3 1 3 29 1 3 2 3 1

243 2 1 2 35 1 4 1 2 5 1 27 2 1 2 11 1 2 39 6 28 1 2 1 6 2 1 2 31 1 2 4 2 1
245 1 2 1 34 1 9 2 1 2 28 2 1 2 8 31 1 15 2 1 26 3 1 3 2 3 1 3 30 2 1 5 2 1
244 1 3 1 34 1 2 7 2 1 2 27 1 3 1 9 31 1 15 2 1 29 1 3 2 3 1 3 30 2 1 5 2 1
243 2 1 2 35 1 4 1 2 5 1 27 2 1 2 12 2 39 1 5 28 1 2 1 6 2 1 2 31 1 2 1 5 1
245 3 35 1 9 2 1 2 28 2 1 2 6 2 1 30 1 15 2 1 26 3 1 3 2 3 1 3 30 2 1 5 2 1
244 1 2 1 35 1 5 2 1 4 29 1 2 1 12 2 27 1 13 1 3 1 29 1 2 1 6 2 1 30 2 1 5 1

233 1 3 34 2 3 1 3 2 3 1 24 1 3 2 8 1 3 1 24 1 13 2 31 1 2 4 1 4 28 1 2 1 6 1
233 2 1 2 33 1 4 1 2 5 1 25 2 1 2 11 1 2 37 6 26 1 2 1 6 2 1 2 27 2 1 2 4 2 1

178 1 2 1 6 1 2 24 3 2 3 1 3 2 3 24 15 3 22 3 1 3 2 3 1 3 25 1 2 1 5 2 1
178 2 1 5 1 2 1 25 1 3 1 7 1 3 1 23 1 15 28 1 5 2 1 4 1 24 1 2 1 5 1 2 1
178 1 2 1 5 1 2 1 24 1 4 1 2 5 1 28 15 1 23 1 3 1 7 1 3 1 25 1 2 1 5 1 2
178 1 2 1 5 1 2 1 24 1 4 1 2 5 1 3 25 15 25 3 1 3 2 3 1 3 25 1 2 1 5 2 1

180 1 2 1 5 1 2 1 24 1 4 1 2 5 1 28 15 1 23 1 3 1 7 1 3 1 25 1 2 1 5 2 1
180 1 2 1 5 1 2 1 24 1 4 1 2 5 1 3 25 15 25 3 1 3 2 3 1 3 25 1 2 1 5 2 1
180 1 2 1 5 2 1 25 2 3 1 3 2 3 1 24 3 15 26 2 3 1 3 2 3 1 24 1 2 1 6 1 2

229 1 5 1 2 1 28 1 2 1 6 2 1 2 26 1 5 13 26 1 12 1 2 1 25 1 5 2 1 5 34 1 2 1
229 1 5 1 2 1 28 1 2 1 5 1 2 1 28 1 17 1 26 1 12 1 2 1 24 1 6 2 1 5 34 1 2 1
229 1 5 1 2 1 28 1 3 5 1 2 1 28 2 1 15 1 31 1 7 1 2 1 24 1 3 2 3 1 5 34 1 2
229 1 5 1 2 1 29 2 1 5 1 2 1 46 1 24 1 3 1 8 2 3 1 24 1 3 2 3 1 3 2 34 3 1

241 2 1 5 1 31 1 3 6 1 2 1 29 1 3 2 7 5 28 6 8 1 2 1 26 4 2 1 2 6 34 2 3 1

232 1 3 2 31 1 2 5 1 3 28 1 3 1 11 2 1 24 1 2 11 1 3 1 28 3 1 5 2 1 31 2 3 1
232 1 5 1 30 1 2 6 1 2 1 27 1 3 1 13 1 24 1 2 11 1 3 1 28 3 1 5 2 1 31 2 3 1
232 1 5 1 30 1 2 1 6 2 1 27 1 5 1 11 1 24 2 1 12 1 2 1 25 6 2 1 5 1 33 1 2 1
232 1 5 1 30 1 2 1 6 2 1 2 25 1 5 1 11 1 24 2 1 12 1 3 25 6 2 1 5 1 33 1 2 1
232 1 5 1 30 1 2 1 6 2 1 2 25 1 5 1 12 24 2 1 12 1 2 1 25 6 2 1 5 1 33 1 2 1

233 1 37 3 1 6 1 2 1 25 3 5 4 2 1 2 29 15 25 1 3 1 7 1 3 1 26 1 2 1 5 1 2 1
233 1 37 3 1 6 1 2 1 25 3 5 4 2 1 2 29 2 13 25 1 3 1 7 1 3 1 26 1 3 5 1 2 1

259 1 2 1 5 1 2 1 24 1 4 1 7 1 3 1 24 15 25 3 1 5 2 1 4 1 24 1 2 1 5 1 2 1
259 1 2 1 5 1 2 1 24 1 4 1 7 1 3 1 23 1 15 28 1 5 2 1 4 1 24 1 2 1 5 1 2 1
259 1 2 1 5 1 2 1 24 1 4 1 2 6 3 1 24 15 25 3 1 5 2 1 4 1 24 1 2 1 5 1 2 1

217 3 1 5 1 2 26 1 3 2 3 6 24 6 9 1 2 22 1 2 1 8 6 23 2 1 6 1 2 1 35 2 1
217 1 2 1 5 2 1 25 2 3 1 3 2 3 1 24 18 25 1 2 7 2 3 1 23 2 1 2 4 2 1 2 36
217 1 2 1 5 2 1 25 2 3 1 3 2 3 1 24 3 15 23 5 1 7 1 3 1 24 1 2 1 6 2 1 34
217 1 2 1 5 2 1 25 2 3 1 3 2 3 1 24 18 24 2 1 2 4 3 2 3 23 1 2 1 6 1 2 1
218 1 5 1 2 1 26 1 2 6 1 2 1 26 1 3 14 1 23 3 4 2 3 1 3 27 2 1 5 2 1 34 3

229 1 2 1 5 2 1 27 5 1 3 2 3 1 26 2 1 15 25 5 1 7 1 3 1 26 1 2 1 6 2 1 35 1

232 1 3 1 32 3 2 3 6 1 25 1 3 10 2 1 2 25 2 15 1 24 3 1 3 2 3 1 3 28 1 2 5 1 2
232 1 3 1 32 3 2 3 6 1 25 1 3 1 9 2 1 2 25 2 15 1 27 1 3 2 3 1 3 28 1 2 5 1 2
232 1 2 1 33 1 5 1 2 6 25 1 2 1 12 1 2 24 12 1 5 1 25 2 1 2 6 1 2 1 28 2 1 5 1
232 1 2 1 33 1 5 1 2 6 25 1 2 1 12 1 2 24 1 11 1 5 1 27 1 2 6 1 2 1 28 2 1 5 1
232 4 1 32 5 3 1 5 1 25 1 3 1 9 2 1 2 25 2 15 1 24 3 1 3 2 3 1 3 28 1 2 5 1 2

244 1 3 35 1 2 7 2 1 2 27 1 3 1 9 1 3 27 1 15 3 29 1 3 2 3 1 3 29 1 2 1 5 2 1
244 1 3 35 1 2 7 2 1 2 27 1 3 1 7 2 1 30 1 15 3 29 1 3 2 3 1 3 29 1 2 1 5 2 1
244 1 3 35 1 2 7 2 1 2 27 1 3 1 7 2 4 27 1 15 3 29 1 3 2 3 1 3 29 1 2 1 5 2 1
243 2 1 2 35 1 4 1 2 5 1 27 2 1 2 11 1 2 39 6 28 1 2 1 6 2 1 2 29 2 1 2 4 2 1

233 1 3 34 2 3 1 3 2 3 1 24 1 3 2 8 1 3 1 24 1 13 2 31 1 2 4 1 4 28 1 2 1 6 1

179 1 2 1 5 1 2 1 24 1 4 1 2 5 1 3 25 15 24 1 3 1 7 1 4 1 24 1 2 1 5 1 2 1
179 1 2 1 5 1 2 1 24 1 4 1 2 5 1 3 25 15 24 1 3 6 2 1 4 1 24 1 2 1 5 1 2 1

227 1 2 1 5 1 2 1 26 1 4 1 2 5 1 3 27 15 27 3 1 5 2 1 4 1 26 1 2 1 5 1 2 1
227 1 2 1 5 1 2 1 26 1 4 1 2 5 1 3 27 15 26 1 3 1 7 1 4 1 26 1 2 1 5 1 2 1
227 1 2 1 5 1 2 1 26 1 4 1 2 5 1 3 27 15 26 1 3 6 2 1 4 1 26 1 2 1 5 1 2 1
227 1 2 1 5 1 2 1 26 1 4 1 2 5 1 30 15 1 25 1 3 1 7 1 4 1 26 1 2 1 5 1 2 1

229 1 2 5 1 30 3 1 3 2 3 1 27 1 2 15 1 25 1 2 9 2 3 1 24 6 3 1 3 2 32 2 3
233 1 3 1 30 1 3 2 3 1 3 2 25 1 3 1 14 24 2 11 2 1 2 26 1 3 1 8 1 33 1 3 2
229 2 1 2 4 33 1 2 1 5 2 1 26 14 1 3 24 2 1 2 11 2 1 24 2 5 1 2 1 37 2 1 2
230 2 1 4 1 30 1 3 2 3 1 5 26 4 12 2 24 5 7 1 5 26 2 1 2 4 2 1 2 32 1 4 1
233 1 3 1 30 2 4 2 1 6 25 1 3 1 9 3 2 24 2 9 4 3 26 1 4 1 2 5 1 33 1 2 1
229 1 5 2 1 30 2 1 5 3 1 3 25 1 15 2 1 24 3 1 11 1 3 25 1 2 5 1 5 34 1 2 1

241 1 4 36 1 3 1 6 1 2 1 30 2 7 2 1 2 28 1 4 13 27 1 3 2 3 1 3 2 34 1 4 1
242 2 1 2 35 1 4 1 2 5 1 27 2 1 13 1 2 32 7 5 1 27 1 2 1 6 2 1 2 34 1 5 1
246 2 1 33 1 2 1 6 1 3 1 28 4 1 2 9 28 1 13 1 3 1 29 2 1 2 4 2 1 33 1 3 1
242 1 4 2 33 2 3 1 3 2 3 1 26 1 4 2 8 3 1 29 11 2 31 1 5 3 1 3 34 1 2 4 1
241 1 5 1 34 2 1 2 7 2 1 27 1 5 7 2 30 2 1 13 1 2 27 1 5 2 1 4 1 35 2 1 2
241 1 4 2 1 33 1 3 6 4 1 30 2 8 3 1 28 1 4 7 6 27 1 3 2 3 1 3 2 34 1 4 1

231 3 1 3 33 5 1 2 5 26 2 1 2 7 4 2 24 5 1 8 4 1 26 1 2 5 2 4 30 5 1 2 1
231 3 2 36 1 2 1 6 1 2 24 2 11 2 1 2 25 3 1 14 26 1 3 2 3 1 3 2 30 2 3 1 3
231 2 3 2 35 4 2 1 4 25 2 1 2 12 2 24 1 13 1 3 1 25 2 3 1 3 2 3 1 30 1 3 1
231 1 2 1 39 2 1 5 1 2 24 2 1 12 1 2 1 24 1 3 1 13 26 2 6 2 3 2 30 5 1 2 1
231 2 1 2 38 1 2 1 5 1 25 1 3 11 3 1 26 2 1 6 3 2 28 1 3 6 1 3 1 30 4 2 3
232 2 1 2 33 1 4 1 2 5 1 25 3 13 1 2 24 4 2 7 5 1 25 1 2 7 2 1 2 32 1 5 1

271 1 2 1 5 1 2 1 26 1 4 1 2 6 3 1 26 15 27 3 1 5 2 1 4 1 26 1 2 1 5 1 2 1
271 1 2 1 5 1 2 1 26 1 4 1 7 1 3 1 26 15 27 3 1 5 2 1 4 1 26 1 2 1 5 1 2 1
271 1 2 1 5 1 2 1 26 1 4 1 2 5 1 3 27 15 27 3 1 5 2 1 4 1 26 1 2 1 5 1 2 1

179 1 2 1 5 1 2 1 24 1 4 1 2 6 3 1 24 15 25 3 1 5 2 1 4 1 24 1 2 1 5 1 2 1
179 1 2 1 5 1 2 1 24 1 4 1 7 1 3 1 24 15 25 3 1 5 2 1 4 1 24 1 2 1 5 1 2 1
179 1 2 1 5 1 2 1 24 1 4 1 7 1 3 1 23 1 15 28 1 5 2 1 4 1 24 1 2 1 5 1 2 1
179 1 2 1 5 1 2 1 24 1 4 1 2 5 1 3 25 15 25 3 1 5 2 1 4 1 24 1 2 1 5 1 2 1

228 1 6 1 2 1 28 4 1 4 2 1 31 2 13 1 24 1 3 1 8 2 3 1 24 1 3 2 3 1 3 2 34 3 1

239 1 2 5 1 2 1 29 3 1 3 2 3 1 29 3 15 1 30 1 2 7 1 3 1 27 2 1 2 7 2 1 35 3 1
239 1 2 5 1 2 1 29 3 1 3 2 3 1 29 3 15 1 27 3 1 9 1 3 1 27 2 1 2 7 2 1 35 3 1
239 1 2 4 2 1 2 29 2 1 2 6 1 2 1 28 6 39 2 1 11 2 1 2 27 1 5 2 1 4 1 35 2 1 2

231 1 5 2 1 28 1 2 1 6 2 1 27 1 5 1 11 1 24 2 1 12 1 2 1 25 6 2 1 5 1 33 1 2 1
231 1 5 1 2 28 1 2 1 6 2 1 2 25 1 5 1 12 24 2 1 12 1 2 1 25 6 2 1 5 1 33 1 2 1
229 2 1 5 2 1 28 3 1 3 2 3 1 3 24 1 15 2 25 2 1 2 9 1 3 1 25 1 5 1 3 5 32 1 4
229 2 1 5 2 1 28 3 1 3 2 3 1 27 1 15 2 1 24 2 1 2 9 1 3 1 25 1 6 5 3 32 1 3 1
229 2 1 5 2 1 28 3 1 3 2 3 1 27 1 15 2 25 2 1 2 9 1 3 1 25 1 6 3 2 3 32 1 3 1

234 1 35 1 2 6 1 2 1 26 1 3 1 7 1 5 25 15 1 2 26 1 3 2 3 1 5 27 1 2 5 1 2 1

221 2 1 34 1 3 1 6 1 2 24 2 11 1 2 1 22 1 4 2 11 25 2 1 2 4 2 1 2 27 4 5 1
221 2 1 38 2 5 1 2 23 1 2 1 10 1 2 1 22 18 26 1 2 1 5 1 2 1 26 1 2 1 5 1 2
222 2 34 3 2 6 2 1 23 1 3 2 7 1 2 1 24 18 25 2 1 2 4 2 1 2 25 2 1 2 4 2 1
221 1 2 36 1 2 1 5 1 2 23 2 12 1 2 1 22 18 26 1 2 1 5 1 2 1 26 1 2 1 5 1 2
221 3 34 1 3 1 6 1 2 24 2 3 6 2 1 2 23 6 12 24 2 1 2 6 1 2 1 26 3 1 5 1 2
221 1 2 34 1 3 1 6 1 2 26 3 8 1 2 1 22 6 12 24 2 3 1 3 2 3 1 26 3 1 5 1 2

231 1 2 1 33 1 5 1 2 6 25 1 2 1 12 1 2 24 1 11 1 5 1 27 1 2 6 1 2 1 30 1 5 1
231 1 3 2 31 1 2 5 1 3 28 1 3 1 11 2 1 24 1 2 11 1 3 1 28 3 1 5 2 1 31 2 3 1
231 1 2 1 33 1 5 1 2 6 25 1 2 1 12 1 2 24 12 1 5 1 25 2 1 2 6 1 2 1 30 1 5 1
231 1 3 2 31 1 2 5 1 3 28 1 3 1 11 2 1 24 1 13 1 3 1 27 1 2 1 6 2 1 30 1 5 1

242 1 3 2 34 6 2 1 2 4 26 1 2 1 8 6 28 5 7 2 3 1 29 1 2 1 6 3 1 31 1 5 1 2

233 2 1 34 5 1 3 2 3 1 24 1 2 1 7 1 31 1 15 1 2 28 1 2 1 5 3 1 28 1 2 1 5 1
232 1 3 34 2 3 1 3 2 3 1 24 1 3 2 8 1 3 1 24 1 13 2 31 1 2 5 4 29 1 2 1 5 1
234 1 35 1 2 1 7 1 2 1 24 1 5 1 8 1 27 1 17 1 28 1 2 1 5 1 2 1 28 1 2 1 5 1
232 1 3 1 33 2 9 1 2 1 24 1 3 1 7 2 29 1 15 1 2 28 1 2 1 5 3 1 28 1 2 1 5 1
232 1 3 34 2 3 1 3 2 3 1 24 1 3 2 8 1 3 1 24 1 13 2 31 1 2 4 1 4 29 2 1 6 1

228 1 2 4 2 1 2 27 2 1 2 6 1 2 1 26 6 37 2 1 11 2 1 2 25 1 5 2 1 4 1 33 2 1 2
229 1 6 1 2 1 28 4 1 4 2 1 31 2 13 1 24 1 3 1 8 2 3 1 24 1 3 2 3 1 3 2 34 3 1

242 1 5 2 1 30 1 2 1 6 2 1 29 1 5 1 11 1 28 1 12 1 2 1 27 6 2 1 5 1 35 1 2 1
242 1 5 1 2 30 1 2 1 5 1 2 1 29 1 6 11 1 29 12 1 2 1 28 1 4 1 2 5 1 35 1 2 1
240 2 1 5 2 1 30 3 1 3 2 3 1 3 26 1 15 2 29 1 4 7 1 3 1 27 1 5 1 3 5 34 1 4
240 1 2 5 1 2 33 1 3 2 3 1 29 1 2 15 1 30 1 9 1 3 1 27 2 1 2 7 2 1 34 1 3 1
240 1 5 1 2 1 31 2 1 2 6 1 2 1 28 6 39 2 1 11 2 1 2 27 1 5 2 1 4 1 35 2 1 2
240 1 5 1 2 1 31 2 1 2 4 2 1 2 29 5 13 27 2 12 1 2 1 28 1 4 1 2 5 1 35 1 2 1

230 1 5 1 2 1 29 2 1 5 1 2 1 28 1 17 1 24 3 1 3 8 1 2 1 25 1 2 5 1 5 34 1 3
230 2 1 4 1 2 29 1 2 4 2 1 2 4 24 18 25 2 1 2 10 1 2 1 25 2 5 1 2 5 32 3 1 3
230 1 3 2 3 1 29 3 1 3 2 3 1 3 24 2 41 2 1 11 2 1 2 25 2 4 1 2 4 2 32 2 1 2
230 2 1 4 2 1 29 1 2 4 2 1 2 4 24 18 25 2 1 2 10 1 2 1 25 2 5 1 2 5 32 4 1 2
230 1 5 1 3 29 2 1 2 6 2 3 24 6 7 4 26 2 1 11 2 1 2 25 2 4 1 2 4 2 32 2 1 2
230 1 5 1 3 29 2 1 2 6 2 1 2 24 1 5 7 30 2 1 11 2 1 2 25 1 5 1 2 6 32 2 1 2

232 1 37 2 7 2 1 2 25 1 3 1 9 1 3 25 1 15 3 27 1 3 2 3 1 3 27 1 2 1 5 2 1
233 1 36 4 1 6 1 2 25 1 2 1 8 2 1 2 33 4 6 27 2 1 2 6 3 1 27 2 1 5 1 2 1
271 1 2 5 1 2 1 27 3 1 3 2 3 1 3 27 15 3 24 3 1 3 2 3 1 3 27 1 2 1 5 2 1
232 1 37 3 1 5 1 2 1 26 1 2 5 1 5 45 2 1 25 1 2 1 7 1 3 1 26 1 2 1 5 2 1
231 1 2 38 1 2 1 5 1 27 2 13 1 2 25 1 3 8 6 1 25 4 2 3 4 2 1 26 4 1 2 4 1
231 3 37 3 1 3 2 3 1 25 1 2 1 5 2 48 2 1 25 2 1 2 6 1 3 1 26 1 2 1 5 2 1

222 1 35 4 6 1 2 1 23 1 2 1 8 2 1 2 23 6 13 23 2 1 2 7 1 3 1 24 3 1 5 1 2
221 38 1 2 1 5 1 2 1 23 1 4 1 7 1 3 1 23 42 4 2 1 2 4 2 1 24 1 2 5 1 2 1
222 1 35 2 3 1 5 2 1 23 1 3 2 8 1 2 1 24 40 4 2 1 2 4 2 1 25 1 2 1 5 1 2
221 2 35 1 2 1 6 1 2 1 24 2 9 2 1 2 24 18 24 1 2 4 2 1 2 4 24 1 2 4 2 1 2
221 38 1 3 2 3 1 3 23 1 2 4 1 4 6 37 2 1 24 1 2 1 7 1 3 2 24 1 2 1 5 2 1
222 1 35 4 1 2 5 1 24 1 2 7 1 4 1 2 22 2 16 24 5 1 2 1 5 1 2 24 2 1 4 1 2

217 1 2 1 5 2 1 25 2 3 1 3 2 3 1 42 23 2 1 2 7 2 3 1 23 2 1 2 4 2 1 2 36
217 1 2 4 2 1 2 25 2 1 2 4 2 1 2 25 18 25 1 2 1 8 1 2 1 23 2 1 2 4 2 3 36
217 1 2 4 2 1 2 25 1 3 1 6 1 3 1 25 2 37 3 1 8 2 3 1 23 3 2 3 1 3 2 35 1
217 1 2 1 5 2 1 25 2 3 1 3 2 3 1 24 18 25 1 2 1 8 1 2 1 23 2 1 2 4 2 3 36
217 1 2 5 1 2 1 25 1 3 1 6 1 3 1 25 2 37 3 1 8 2 3 1 23 3 2 3 1 3 2 35 1

229 2 1 5 1 2 1 27 1 3 5 1 2 1 27 2 1 15 30 1 2 6 1 2 1 26 1 2 1 6 4 38 1
229 1 2 1 5 1 2 27 3 1 3 2 3 1 3 24 18 28 1 3 2 7 2 1 25 1 2 1 6 1 3 37 1
229 1 2 5 1 2 1 27 3 1 3 2 3 1 3 24 3 15 26 1 3 6 2 1 4 1 27 2 1 5 1 2 1
229 2 1 5 1 2 1 28 1 2 1 5 1 2 1 28 42 1 2 1 8 2 1 2 26 2 1 6 1 3 1 36 3
229 2 4 2 1 2 28 1 2 1 6 1 3 1 25 2 45 1 4 1 2 5 1 26 1 2 1 6 1 2 1 36 1

232 1 3 1 32 3 2 3 6 1 25 1 4 9 2 1 2 24 1 2 15 1 27 1 3 2 3 1 3 29 2 5 1 2
232 2 1 2 32 2 4 2 1 4 2 25 2 3 11 1 2 26 1 3 7 6 24 3 2 6 2 1 2 29 3 1 5 1
230 2 1 4 32 5 2 6 2 25 1 2 1 8 4 1 2 25 16 2 24 3 1 3 2 3 1 3 29 1 3 2 3 1
232 1 2 1 33 1 5 1 2 6 25 1 2 1 12 1 2 24 1 11 1 5 1 27 1 2 6 1 2 1 29 2 5 1
232 1 2 1 33 6 2 1 5 1 25 2 14 1 2 26 1 2 1 7 5 1 24 1 2 8 2 1 2 29 3 1 5 1

244 1 2 1 35 1 5 2 1 4 29 1 2 1 12 2 27 1 13 1 3 1 29 1 2 1 6 2 1 30 2 1 5 1
244 1 2 1 35 1 5 1 2 6 27 1 2 1 12 1 28 1 11 1 5 1 29 1 2 6 1 2 1 30 2 1 5 1
244 1 2 1 35 1 5 1 2 6 27 1 2 1 12 1 28 12 1 5 1 27 2 1 2 6 1 2 1 30 2 1 5 1
244 1 3 35 1 9 2 1 2 27 1 2 1 8 2 1 31 15 2 1 26 3 1 3 2 3 1 3 30 2 1 5 2 1
243 2 1 2 35 1 4 1 2 5 1 27 2 1 2 11 1 41 5 1 28 2 1 2 6 1 2 1 30 1 2 1 5 1
244 1 2 1 35 1 5 2 1 4 1 28 1 2 1 12 2 27 13 5 29 2 1 2 4 2 1 2 31 1 2 1 5 1

233 1 3 34 2 3 1 3 2 3 1 24 1 3 2 8 1 3 1 24 1 13 2 31 1 2 4 1 4 28 1 2 1 6 1

178 1 2 5 1 2 1 25 3 1 3 2 3 1 3 25 15 25 3 1 5 2 1 4 1 24 1 2 1 5 1 2 1
178 1 2 1 5 1 2 1 24 1 3 1 8 1 2 1 23 44 1 3 2 3 1 3 2 23 1 2 1 5 1 2 1
178 1 2 1 6 1 2 24 3 2 3 1 3 2 3 24 15 3 22 3 1 3 5 1 3 2 23 1 2 1 5 2 1
178 1 2 1 5 1 2 1 24 1 4 1 2 5 1 3 25 15 24 1 4 3 4 2 3 1 24 2 1 2 4 2 1
178 1 2 1 5 1 2 1 24 1 4 1 2 5 1 3 25 15 24 5 3 4 2 3 1 23 1 2 1 5 1 2 1
178 1 2 1 5 1 2 1 24 1 4 1 2 5 1 3 25 15 25 3 1 3 2 3 1 3 25 1 2 1 5 2 1

227 1 2 1 5 1 2 1 26 1 4 1 2 5 1 3 27 15 26 1 3 1 8 1 3 1 26 1 2 1 5 2 1
227 1 2 1 5 1 2 1 26 1 4 1 2 5 1 3 27 15 26 1 3 1 7 1 4 1 26 1 2 1 5 2 1
228 1 2 5 1 2 1 26 1 2 1 5 1 2 1 47 25 1 2 1 8 1 3 2 25 1 2 1 5 1 2 1 39
227 1 2 1 5 1 2 1 26 1 4 1 2 5 1 3 42 27 1 2 1 7 2 3 1 25 1 2 1 5 1 2 1

229 1 5 1 2 1 29 2 1 5 1 2 1 28 1 17 1 24 2 1 12 1 2 1 25 1 5 2 1 5 34 1 2 1
229 1 5 1 2 1 29 2 1 2 4 2 1 2 27 5 13 26 1 12 1 2 1 25 1 4 1 2 5 1 32 1 2 1

243 1 5 1 32 1 2 7 2 1 2 27 1 3 1 7 1 5 27 1 13 2 1 2 30 1 2 5 1 35 1 2 5
242 1 4 2 1 32 2 3 1 3 2 3 1 26 5 2 11 29 1 12 1 3 1 27 1 4 1 2 6 35 1 2 1
243 1 5 1 33 2 1 2 4 2 1 2 28 6 11 27 2 1 11 2 1 2 26 2 4 2 1 4 2 33 2 1 2
241 2 1 5 1 37 2 1 4 1 2 26 4 15 27 2 1 2 9 2 1 2 26 2 4 2 1 4 2 33 2 1 2
241 3 1 3 2 33 2 3 1 3 2 3 26 1 3 14 1 28 2 10 4 28 1 3 1 6 1 2 1 33 1 2 4
241 2 4 2 1 32 1 2 1 5 1 2 1 29 2 4 12 34 3 5 1 2 1 26 1 3 2 3 1 3 2 36 3

232 1 5 1 31 2 1 2 4 2 1 2 25 1 5 1 12 24 2 12 1 3 1 25 5 1 3 2 3 1 30 1 3 1
234 1 3 1 31 1 2 4 2 1 2 27 1 3 1 13 1 24 2 11 1 4 1 25 1 3 1 7 1 2 30 2 1 5

227 2 1 5 1 2 1 28 1 2 1 5 1 2 1 28 18 24 1 2 1 12 2 1 24 2 1 5 1 2 1 38 2 1
227 2 1 5 1 2 1 28 1 2 1 5 1 2 1 28 18 24 1 2 1 10 2 1 2 24 2 1 5 2 1 39 2 1

239 1 2 1 5 2 1 29 5 1 3 2 3 1 28 2 1 15 27 5 1 7 1 3 1 28 1 2 1 6 2 1 37 1

232 1 2 1 34 3 2 6 2 1 25 3 7 2 3 1 3 25 3 14 1 24 1 3 2 3 4 3 29 1 2 4 1 2
232 1 2 1 34 5 1 5 2 1 25 1 2 1 8 3 1 3 24 3 15 1 25 3 4 1 4 3 28 2 1 5 2 1
232 1 2 1 34 5 1 5 2 1 25 1 2 1 8 3 1 3 24 1 2 15 1 28 3 2 4 3 28 2 1 5 1 2
232 1 2 1 34 2 3 1 5 2 1 26 3 11 1 3 24 1 17 1 24 3 1 3 2 3 1 3 28 2 1 5 2 1
231 1 3 37 1 2 1 5 1 2 26 6 8 1 3 24 1 2 15 1 24 3 1 3 2 3 1 3 28 1 2 5 1 2
232 1 2 1 34 5 1 5 2 1 25 1 2 1 8 3 1 3 25 17 1 24 3 1 3 2 4 3 28 2 1 2 4 2

229 1 5 1 2 1 29 3 5 1 2 1 28 1 2 15 1 28 3 8 1 2 1 24 1 3 2 3 1 5 34 1 2 1
229 1 6 1 2 29 4 1 4 2 1 31 2 13 1 24 1 3 1 8 2 3 1 24 1 3 2 3 1 3 2 34 3 1
229 1 5 1 2 1 29 3 5 1 2 1 28 1 17 1 24 3 1 3 8 1 2 1 25 1 2 5 1 5 34 1 2 1
229 1 5 1 2 1 29 2 1 5 1 2 1 28 1 17 1 24 2 1 12 1 2 1 25 1 5 2 1 5 34 1 2 1

242 2 1 2 35 1 4 1 2 5 1 27 2 1 13 1 2 30 2 7 5 1 27 2 1 7 2 1 2 34 1 5 1
242 2 1 2 35 1 4 1 2 5 1 27 2 1 13 1 2 29 3 7 5 1 27 1 3 6 2 1 2 34 1 5 1
242 1 4 2 1 32 2 3 1 3 2 3 1 26 5 2 11 29 1 12 1 3 1 27 1 4 1 2 5 1 35 1 2
242 1 4 2 1 32 2 3 1 3 2 3 1 26 5 2 40 1 12 1 2 1 28 1 4 1 2 5 1 35 1 2 1
242 1 4 1 2 32 1 2 8 1 2 1 28 4 1 7 32 1 14 1 2 1 26 5 1 2 1 5 1 34 1 2 1
241 1 5 2 1 32 2 1 7 1 2 1 28 1 5 39 2 1 11 2 1 2 27 1 5 2 1 4 1 35 2 1 2

232 2 1 4 31 3 2 3 1 3 2 25 1 3 7 8 24 3 2 9 2 1 2 25 2 4 1 6 2 31 1 2 1
232 1 5 1 31 2 1 2 4 2 1 2 25 1 6 11 1 24 2 1 13 3 25 1 5 1 2 1 5 32 2 1 2
232 1 3 2 32 6 2 3 28 1 2 1 8 4 2 1 24 5 1 7 2 3 1 25 2 1 9 3 31 1 4 1 2
232 1 5 1 31 2 1 2 4 2 1 2 25 1 6 11 1 24 3 9 4 3 26 1 4 1 2 5 1 32 2 3 2
233 2 1 34 5 1 2 1 5 1 24 1 2 1 11 2 1 25 5 1 7 6 25 2 1 9 2 1 31 1 4 1 2
232 2 1 36 1 3 1 6 1 2 26 2 11 1 2 1 24 1 3 1 13 26 1 3 2 3 1 3 2 34 1 3 1

239 1 6 1 2 1 30 2 1 2 6 1 2 1 27 6 1 40 1 12 2 1 2 27 1 5 2 1 4 1 35 2 1 2
239 1 2 5 1 2 30 3 1 3 2 3 1 29 3 15 1 27 4 2 7 1 3 1 27 2 1 2 7 2 1 35 3 1
239 1 2 5 1 2 30 3 1 3 2 3 1 3 26 1 2 15 1 30 1 2 6 2 1 2 28 2 1 2 9 1 35 3
241 1 5 1 2 30 1 2 1 6 2 1 2 27 1 5 1 12 28 1 12 1 2 1 27 6 2 1 5 1 35 1 2 1
240 1 5 1 2 1 30 1 2 1 7 1 2 1 28 6 39 2 1 11 2 1 2 27 1 5 2 1 4 1 35 2 1 2

229 1 5 1 32 2 1 2 7 1 2 1 24 1 5 7 2 28 2 1 13 1 2 25 1 5 2 1 4 1 33 2 1 2
229 1 5 1 2 1 29 2 1 5 1 2 1 28 1 17 1 24 2 3 6 2 1 5 25 1 3 1 6 1 2 1 33 3
229 1 5 1 3 29 2 1 2 8 1 2 24 1 5 7 1 2 27 2 1 11 3 2 25 1 5 1 2 6 32 2 1 2
231 1 4 1 2 29 1 2 1 6 2 1 2 26 5 1 7 29 2 1 11 2 1 2 25 5 1 2 1 5 1 32 2 1
229 1 5 1 3 29 2 1 2 8 2 1 24 1 5 7 1 2 1 26 2 1 14 2 25 1 5 1 2 6 33 1 2 1
229 1 5 1 2 1 29 2 1 5 1 2 1 28 1 17 1 24 2 1 12 1 2 1 25 1 5 2 1 5 34 1 2 1

217 1 2 5 1 2 1 24 2 3 1 7 2 1 2 23 1 2 37 6 4 1 4 2 1 23 3 1 3 2 3 1 38
217 1 2 1 5 1 2 24 1 4 1 2 6 3 1 39 2 22 1 2 1 8 1 4 1 23 1 2 1 6 2 1 38
217 2 1 5 1 2 1 24 2 3 1 5 3 4 23 1 15 2 22 4 1 2 6 3 1 24 1 2 1 6 1 3 37
217 1 2 4 2 1 2 24 2 1 4 1 9 1 38 1 2 23 1 2 1 7 5 1 23 1 2 1 5 1 2 1 38
218 1 2 5 1 2 25 1 3 1 7 1 3 1 22 1 2 14 2 23 1 3 1 7 1 3 1 23 5 1 2 5 1
217 2 1 2 4 2 1 24 1 4 1 2 6 3 1 38 1 24 2 1 2 6 1 6 23 1 2 1 5 1 2 1 38

217 1 2 1 5 1 2 24 2 4 2 1 2 6 24 15 3 22 3 1 3 5 1 3 2 23 1 2 1 5 3 38 1
217 1 2 5 1 2 1 24 2 3 1 3 2 3 1 26 18 22 3 1 3 2 7 1 24 1 2 1 7 1 2 36 1
217 1 2 1 5 2 1 24 1 2 4 2 1 2 4 24 18 23 1 2 1 8 1 4 1 24 2 1 5 1 2 1 38
217 2 1 2 4 2 1 24 1 3 2 3 1 3 2 43 23 1 2 1 8 1 3 2 23 1 2 1 5 1 2 1 37
217 1 2 1 5 2 1 24 1 2 4 3 2 3 1 24 3 15 23 3 5 4 2 3 1 24 1 2 1 6 1 2 36
217 2 1 5 1 2 1 24 1 3 1 6 1 2 1 25 19 23 2 1 2 7 1 3 1 23 1 2 1 6 1 2 1

229 1 2 5 1 2 1 26 1 2 4 2 1 2 4 26 18 26 2 1 2 4 3 2 3 25 1 2 1 6 1 2 1
229 2 1 5 1 2 1 26 1 3 1 6 1 2 1 26 1 46 1 4 1 2 5 1 26 1 2 1 6 1 2 1 37
229 1 6 1 2 1 27 1 2 1 5 1 2 1 28 1 17 1 28 1 4 7 2 1 25 1 2 1 6 1 3 37 1
229 1 2 1 5 2 1 27 2 3 1 3 2 3 1 26 3 15 25 1 4 9 1 2 1 26 2 1 4 1 2 41 1
229 1 2 5 1 2 1 27 3 1 3 2 3 1 3 27 15 27 3 1 5 2 1 4 1 26 1 2 1 5 1 2 1
229 1 2 5 1 2 1 26 1 3 1 7 1 3 1 24 1 2 45 5 1 2 5 1 26 1 2 1 6 1 2 37 1

232 1 37 2 3 1 5 2 1 25 1 3 2 8 1 2 1 25 44 3 1 3 5 1 2 1 26 1 2 1 5 2 1
232 1 37 5 1 5 2 1 25 1 2 1 10 1 2 1 25 1 2 44 3 1 3 2 3 1 26 1 2 1 5 1 2
233 37 2 1 2 4 2 1 2 25 1 4 1 8 1 2 1 25 44 3 1 3 5 1 2 1 26 1 2 1 5 2 1
231 40 1 2 1 5 1 2 1 25 1 4 1 7 1 3 1 25 44 4 2 1 2 4 2 1 26 1 2 5 1 2 1
232 1 37 3 1 5 1 2 1 26 1 2 7 4 1 28 1 17 1 28 1 2 1 5 1 2 1 26 2 1 2 6 1
233 37 3 6 1 3 1 28 2 1 2 4 2 1 2 26 1 3 14 1 28 3 1 3 2 3 1 26 2 3 1 3 2

221 38 1 3 2 3 1 3 23 1 4 2 1 4 6 37 2 1 24 1 2 1 7 1 3 2 24 1 2 1 5 2 1
221 1 36 3 1 6 1 2 1 24 1 2 6 4 1 2 23 19 25 1 3 1 6 1 2 1 24 1 2 1 5 2 1
222 36 1 2 1 6 1 2 1 23 3 5 4 2 1 2 24 3 15 24 1 2 4 2 1 2 4 24 3 4 2 1 2
221 1 36 3 1 6 1 2 1 24 1 7 2 3 1 3 22 18 26 1 3 2 3 1 3 2 24 1 2 1 5 1 2
222 37 1 2 1 5 1 2 1 23 2 3 1 8 1 2 24 18 27 1 2 1 5 1 2 1 24 1 2 1 5 2 1
258 1 2 1 5 1 2 1 24 1 4 1 7 1 3 1 23 1 15 28 1 5 2 1 4 1 24 1 2 1 5 1 2

221 39 2 1 5 1 2 1 23 2 3 1 3 2 3 1 25 18 1 22 1 3 8 1 4 1 24 2 1 5 1 2 1
258 1 5 2 1 4 1 23 1 2 1 5 3 1 3 24 18 1 22 1 2 1 8 1 4 1 24 2 1 5 1 2 1
221 38 1 3 2 3 1 3 24 2 5 1 3 6 22 15 2 1 23 3 1 3 5 1 3 2 24 1 2 1 5 2 1
258 1 2 1 6 1 2 1 23 1 4 1 7 2 1 2 22 2 39 1 3 6 2 1 4 1 24 2 1 5 1 2 1
258 1 2 1 5 1 2 1 24 1 4 1 2 6 3 1 24 15 24 1 3 1 7 2 3 1 24 2 1 5 1 2 1
221 38 1 2 1 5 1 2 1 24 2 3 1 7 1 2 1 25 38 1 2 7 1 4 1 2 24 1 2 1 5 2 1

232 2 1 2 32 5 1 2 1 5 1 25 1 2 13 1 2 26 2 1 8 5 1 24 2 4 7 1 2 30 1 2 5 1
232 1 2 1 33 1 5 3 5 1 25 1 2 1 12 1 2 24 1 17 1 28 1 2 1 5 1 2 29 1 2 1 5 1
233 3 33 1 2 1 6 1 3 1 25 5 1 2 6 3 2 24 1 17 1 28 1 2 1 5 1 2 29 1 2 1 5 1
233 1 2 1 32 6 2 1 5 1 25 2 14 1 2 26 1 2 1 7 5 1 24 1 2 8 2 1 2 29 3 1 5 1
232 1 3 33 1 2 4 3 2 3 25 1 3 2 8 1 3 1 24 1 18 28 1 2 1 5 1 2 29 1 2 1 5 1
232 1 3 1 32 1 2 5 1 5 26 1 3 1 11 1 2 24 1 17 1 28 1 2 1 5 1 2 29 1 2 1 5 1

244 1 2 1 35 1 5 1 2 6 27 1 2 1 12 1 28 12 1 5 1 27 2 1 2 6 1 2 1 30 2 1 5 1
245 3 35 1 9 2 1 2 28 2 1 2 6 2 1 30 1 15 2 1 26 3 1 3 2 3 1 3 30 2 1 5 2 1
244 1 2 1 35 1 5 2 1 4 1 28 1 2 1 12 2 27 1 12 5 31 1 2 4 2 1 2 31 1 2 1 5 1
243 2 1 2 35 1 4 1 2 5 1 27 2 1 2 11 1 2 39 6 28 1 2 1 6 2 1 2 31 1 2 4 2 1
244 1 2 1 35 1 5 2 1 4 1 28 1 2 1 12 29 1 11 2 4 1 29 1 2 1 6 2 1 30 2 1 5 1

231 2 1 34 1 5 1 2 1 5 25 3 1 6 9 24 1 11 1 5 1 25 2 1 2 4 2 1 2 31 1 5 1
229 3 2 3 31 2 4 1 2 4 2 26 1 5 8 1 2 1 24 3 14 2 24 1 2 6 1 2 1 34 4 2 1
229 1 4 1 33 2 1 2 6 1 2 1 26 12 1 5 24 1 2 1 12 1 2 24 2 1 5 1 2 39 1 2 1
229 1 5 2 31 2 1 5 3 1 3 25 1 5 10 2 1 24 2 1 12 1 3 25 1 5 2 1 5 34 1 2 1
231 1 2 1 34 5 1 5 2 1 26 2 1 8 3 1 3 24 3 15 1 24 1 3 2 3 1 3 33 1 2 4 1
232 2 1 2 31 1 6 1 2 1 29 1 2 1 13 2 24 1 13 1 3 1 27 2 1 2 4 2 1 31 1 3 1

242 1 2 1 36 4 2 1 2 4 2 26 2 13 3 1 27 1 2 1 11 2 28 2 6 2 1 4 32 4 2 1 2
241 1 5 1 34 2 1 2 6 1 2 1 27 1 5 7 5 27 2 1 12 2 29 1 5 2 1 4 1 36 1 2 1
242 2 1 2 35 1 4 1 2 5 1 27 2 1 2 11 1 2 39 5 1 28 1 2 1 7 1 2 32 1 2 5 1
242 1 4 1 34 2 3 1 3 2 3 1 26 1 13 4 1 28 2 1 2 7 2 30 1 3 6 1 3 1 36 4 1
241 1 4 36 1 3 1 6 1 2 1 30 2 7 2 1 2 28 1 4 13 27 1 3 2 3 1 3 2 34 1 4 1
242 2 1 2 35 4 1 2 5 1 2 26 1 2 12 1 3 29 1 13 1 2 26 1 2 5 2 1 36 5 1 2 1

232 1 2 1 34 5 1 5 2 1 25 1 2 1 11 1 3 24 1 17 1 28 1 2 1 5 1 2 29 1 2 1 5 1
232 1 2 1 34 5 1 2 5 1 25 1 2 1 12 1 2 24 1 17 1 28 1 2 1 5 1 2 29 1 2 1 5 1
232 1 3 34 2 3 1 3 2 3 1 24 1 3 2 8 1 3 1 24 1 46 1 2 1 5 1 2 29 1 2 1 5 1
232 1 3 34 2 3 1 5 2 1 25 1 3 2 9 1 3 24 1 17 1 28 1 2 1 5 1 2 29 1 2 1 5 1
232 1 2 1 34 5 1 5 2 1 25 1 2 1 8 3 1 3 24 1 17 1 28 1 2 1 5 3 29 1 2 1 5 1

