66 1 8 1 11 7 3 6 2 9 1 2 7 2
66 1 8 1 11 7 3 6 2 1 8 3 7 2

65 8 2 8 1 2 6 4 6 2 1 8 2 8
65 8 12 1 7 2 1 6 1 9 2 1 8 1

66 8 2 1 7 1 2 16 2 1 8 2 8
66 8 2 1 7 1 12 6 4 8 1 8 2

66 10 1 7 1 2 16 2 1 8 2 1 7
75 2 7 2 1 7 2 7 4 7 2 8 2

66 8 2 1 17 2 1 6 1 2 1 6 11 1
66 8 2 1 7 1 12 6 4 6 2 1 8 2

56 1 7 2 1 7 9 4 7 1 2 7 2
55 2 7 2 1 7 2 7 4 7 2 8 2

66 8 12 1 7 2 1 6 1 9 2 1 8 1

65 8 10 2 1 6 3 1 7 9 1 2 7 2
65 8 2 8 1 2 6 4 6 2 1 8 2 8

54 1 9 2 1 9 7 4 6 1 2 8 2

65 8 2 8 1 8 4 9 7 1 2 7 2
65 8 2 8 9 4 7 2 7 1 2 7 2

63 2 7 1 2 16 1 3 7 2 1 9 8
64 1 7 2 1 7 9 4 9 1 7 2 8

53 2 8 2 7 4 7 2 7 1 2 7 2

63 1 8 1 2 9 1 6 1 2 7 1 12 8
64 8 2 8 1 2 6 4 6 2 1 8 2 8

64 1 7 2 1 7 9 4 6 2 1 8 2 8
63 1 8 1 2 9 1 6 1 2 7 1 12 8

62 2 8 2 7 4 7 2 7 1 2 7 2

64 8 1 2 9 1 6 1 2 7 1 3 9 8
63 1 8 2 1 16 1 3 6 1 2 1 9 8

64 8 2 1 7 1 2 16 2 1 7 1 2 8
64 8 2 8 1 2 6 4 6 2 1 8 2 8

64 1 8 1 2 9 1 6 1 2 7 1 12 8 1

64 8 2 8 1 2 6 4 6 2 1 8 2 8
63 1 8 12 1 7 2 1 6 1 9 2 1 8

64 10 7 1 3 6 1 2 10 7 1 9 1
64 8 2 7 1 3 6 3 8 2 7 1 9

64 1 8 12 1 7 2 1 6 1 9 2 1 8 1

51 1 8 5 1 7 1 2 8 5 1 8
52 7 1 5 2 6 3 7 6 2 6 1

65 8 2 1 16 1 2 1 6 1 2 1 17 1
65 8 1 2 9 1 6 1 2 7 1 12 8 1

66 1 9 1 7 10 1 2 6 4 8 10 1
66 1 10 7 1 9 1 2 10 7 1 10 1

75 2 7 2 1 7 2 7 4 7 2 8 2

66 8 2 1 7 1 2 16 2 1 7 1 2 8
66 8 2 1 7 1 2 16 4 6 2 1 8 2

66 8 12 1 7 2 1 6 1 9 2 1 8 1
66 8 2 8 1 2 6 4 6 2 1 8 2 8

55 2 7 2 1 7 2 7 4 7 2 8 2

54 2 8 1 2 6 4 6 2 1 8 2 8
54 1 9 2 1 9 7 1 3 6 1 2 10

63 1 8 1 2 9 1 6 1 2 8 12 8

64 8 2 8 1 2 6 4 6 2 1 8 2 8
63 1 8 1 2 9 1 6 1 2 7 1 12 8

63 2 7 2 1 9 7 1 3 6 1 2 10 8
63 1 8 1 2 9 1 6 1 2 7 1 12 8

64 8 2 8 1 2 6 4 6 2 1 8 2 8
63 1 8 1 2 9 1 6 1 2 7 1 12 8

62 2 10 1 6 1 3 6 12 1 7 1 2 8
62 2 8 1 2 6 4 6 12 1 7 1 2 8

64 8 2 8 1 2 6 4 6 2 1 8 2 8

64 1 8 1 2 9 1 6 1 2 7 1 12 8 1

62 1 18 1 2 1 6 2 1 17 2 8 1
62 2 9 1 7 2 8 3 9 8 2 8 1

64 1 17 1 2 1 6 1 2 1 16 2 1 8 1
64 1 17 1 2 1 6 1 2 1 16 1 2 8 1

65 1 9 1 7 10 3 6 3 1 7 2 8
65 1 8 1 11 7 3 6 1 11 1 8 1

65 8 1 2 9 1 6 1 2 7 1 12 8 1
65 8 2 8 1 2 6 4 6 2 1 8 2 8

65 8 2 1 7 1 2 16 2 1 7 1 2 8
65 8 1 2 9 1 6 1 2 7 1 12 8 1

65 8 2 8 1 2 6 4 6 2 1 8 2 8
65 8 9 1 2 1 6 3 1 16 1 2 8 1

66 8 12 1 7 2 1 6 1 9 2 1 8 1
66 8 2 8 1 2 6 4 6 2 1 8 2 8

65 8 9 3 1 6 1 2 1 7 9 3 7 1
65 10 7 1 3 6 1 3 9 7 1 2 7 1

65 8 2 8 9 3 1 7 2 7 1 9 2
65 8 2 8 1 8 4 6 2 1 10 7 1

54 2 10 1 7 3 6 1 9 2 1 8 1
55 1 8 1 2 9 1 6 1 2 7 1 12

53 2 7 3 7 1 3 7 2 7 3 7 1

63 1 8 1 2 9 1 6 1 2 7 1 12 8

63 1 8 1 2 9 1 6 1 2 7 1 12 8
62 2 8 1 2 6 4 6 12 1 7 1 2 8

64 7 1 2 8 1 2 6 10 2 9 1 9
64 7 1 2 7 1 3 9 7 1 2 8 1

62 2 8 1 8 4 9 7 1 9 2 1 8
62 2 8 1 8 4 6 12 1 7 1 2 8

62 2 7 2 1 9 2 6 3 7 11 1 8 1

63 1 8 1 11 1 6 1 2 7 1 12 8
63 1 9 8 3 1 7 2 7 1 11 1 8

50 2 5 1 2 5 11 6 1 6 2 6 1
50 2 7 1 5 2 6 3 7 6 2 6 1

65 1 7 2 1 7 12 1 6 3 1 7 10
65 1 7 1 2 17 3 6 1 2 10 8 1

64 1 17 1 2 1 6 1 2 17 1 2 8 1
64 1 8 1 11 1 9 7 1 9 2 1 8 1

65 8 2 1 17 2 1 6 1 2 1 17 1
65 8 2 1 7 1 12 6 3 1 7 2 8

65 8 2 7 1 3 6 3 10 7 1 9 1
65 8 9 3 1 7 2 7 1 9 2 1 8

53 6 2 5 1 7 10 1 5 1 2 6 1

54 1 2 7 2 1 9 7 1 3 7 2 10

43 2 5 2 1 5 11 5 1 2 6 1
44 1 5 2 1 5 10 1 5 2 1 5

62 2 1 7 1 2 16 4 6 2 1 8 2 8
63 2 7 2 1 9 7 1 3 6 1 2 10 8

64 1 8 1 2 17 2 1 6 1 2 1 17 1
64 1 8 1 2 9 1 7 9 1 11 1 8 1

64 1 8 12 1 7 2 1 6 1 9 2 1 8 1
64 1 8 1 2 9 1 6 1 2 7 1 12 8 1

64 1 17 1 2 1 6 1 2 17 1 2 8 1
64 1 8 1 11 1 6 1 2 7 1 12 8 1

54 1 2 7 2 1 9 7 4 6 1 2 8 2
54 1 2 7 2 1 9 7 1 3 6 1 2 10

54 10 2 1 6 3 1 7 9 1 2 7 2 1

49 1 6 2 1 5 1 10 7 1 5 2 6

64 1 8 1 2 17 2 1 6 1 2 1 17 1
64 1 8 1 11 1 7 2 7 1 11 1 8 1

52 1 6 2 6 7 10 1 5 1 2 6 1
52 1 6 1 9 5 3 6 7 1 2 5 2

54 2 8 9 3 1 7 2 7 1 9 2 1

66 8 2 8 1 2 6 4 6 2 1 8 2 8
66 8 12 1 7 2 1 6 1 9 2 1 8 1

64 1 7 2 8 3 10 6 2 1 8 2 8
64 1 7 2 1 7 13 6 2 1 8 2 8

64 10 7 1 3 6 1 2 10 7 1 9 1
64 8 1 8 3 1 9 8 9 2 1 7 1

63 1 8 1 2 10 7 9 1 2 1 9 8
63 1 8 2 1 17 2 1 6 1 2 1 17

64 8 2 7 4 7 2 7 1 2 7 2
64 8 2 7 4 6 1 2 8 2 7 11

74 2 7 2 1 7 2 7 4 7 2 8
65 11 7 2 8 2 1 6 4 7 2 8

65 8 9 3 1 7 2 7 1 9 2 1 8
65 8 2 7 1 3 16 2 1 7 1 2 8

51 1 5 2 1 5 11 6 1 6 2 6 1

51 1 6 2 6 1 6 11 5 1 2 5 1

52 7 2 6 2 5 9 2 5 1 2 5 2
52 9 5 1 2 5 1 10 5 1 2 6 1

52 1 6 2 6 7 3 6 2 5 1 7 2

50 1 8 1 5 8 2 1 7 1 5 8 1

50 1 6 2 1 5 10 1 5 2 1 5 9
50 2 5 2 1 5 2 9 5 2 6 2 7

