152 1 3 15 1 2 1 18 15 2 3 12 1 5 1 11 7 12 3 1 17 2 1 16 1
152 2 1 16 1 2 1 16 21 1 12 1 5 1 11 2 3 14 1 3 2 14 3 1 17

153 1 16 1 2 1 16 1 33 1 5 1 13 1 3 1 13 19 1 2 1 16 2 1
152 1 2 15 1 2 1 18 14 6 12 6 13 1 3 2 14 18 3 1 15 1 2 1

167 2 1 15 1 3 1 14 2 1 33 6 12 5 1 13 1 3 2 14 3 1 14 3 16
167 1 2 1 14 2 1 2 33 3 2 12 1 4 1 14 17 6 13 2 1 2 16 1 16

153 2 1 15 1 2 1 33 2 1 2 12 1 5 1 11 19 6 14 1 2 1 14 1 2
152 3 1 15 1 2 1 16 21 1 12 6 1 11 2 1 2 14 1 19 3 1 14 3 1

167 1 2 1 15 1 3 18 15 4 1 12 7 11 3 4 12 3 17 3 1 14 1 2 1 15
167 1 2 1 15 1 2 1 33 4 1 12 6 1 11 3 16 3 17 3 1 14 1 2 1 15

135 3 13 1 2 1 13 3 12 6 10 1 5 1 10 6 12 3 13 1 2 1 13 3

167 3 16 3 1 13 1 3 2 12 2 3 1 13 6 12 20 2 1 15 1 3 1 14 2 1

168 1 2 14 1 3 1 15 1 2 20 12 6 13 1 3 2 12 2 3 1 13 1 3 16 3
168 1 2 14 1 3 1 15 1 2 20 12 6 12 1 4 2 12 5 1 14 3 15 1 3 15

135 3 13 1 2 1 13 3 15 3 10 1 5 1 9 1 6 28 1 2 1 13 1 2

167 1 2 16 1 2 20 12 2 1 4 12 5 1 12 5 14 20 2 1 15 1 2 1 15

135 3 13 1 2 1 16 13 2 3 10 1 5 1 9 7 10 3 1 15 2 1 14 1
135 3 14 2 1 12 1 3 12 6 11 6 9 1 5 1 12 3 13 1 3 13 2 1

167 2 1 15 1 3 15 2 1 14 3 16 6 12 6 13 3 17 3 1 14 1 2 1 15

135 1 2 13 3 1 13 1 2 18 10 6 11 1 3 2 10 2 3 1 11 1 3 14 3

167 1 2 15 1 2 1 34 3 1 12 1 5 1 13 3 15 3 16 3 1 16 1 2
168 1 16 1 2 1 16 1 33 1 5 1 13 1 3 1 13 19 1 2 1 16 2 1

135 1 2 13 1 2 1 33 1 10 1 5 1 9 2 1 2 12 18 3 1 12 1 2 1
135 3 13 1 2 1 13 3 18 10 1 5 1 9 1 2 4 28 1 2 1 12 1 2 1

148 2 1 13 1 2 1 29 4 1 10 1 5 1 9 3 2 12 18 3 1 12 1 2 1 13
148 1 2 13 3 1 13 1 17 3 10 6 1 9 1 4 2 10 18 2 1 13 1 2 1 13

168 2 15 1 2 1 14 2 4 14 4 1 18 13 4 14 2 17 1 3 1 15 2 1 15
167 2 1 15 1 3 1 14 2 1 33 6 12 2 3 1 13 1 3 2 14 3 1 14 3

149 3 13 1 2 1 13 3 18 10 1 5 1 9 1 2 4 28 1 2 1 13 2 1
149 2 1 13 1 2 1 13 15 5 1 11 5 1 10 17 1 3 14 2 1 13 3 14

168 1 2 14 1 3 1 15 1 2 20 12 6 13 1 3 2 12 2 3 1 13 1 3 16 3
168 1 2 14 1 3 1 15 1 2 20 12 6 12 3 4 12 1 2 17 3 1 14 3 1 15

150 1 14 1 2 1 14 19 1 10 1 5 1 9 2 3 12 1 3 2 12 3 1 15
149 1 2 13 3 1 13 3 12 6 10 6 11 1 3 2 10 2 3 1 12 3 14 3

149 1 2 13 3 1 13 1 2 18 10 6 11 1 3 2 10 2 3 1 11 1 3 14 3
149 1 2 13 3 1 13 1 2 18 10 6 11 1 3 2 10 2 3 1 11 18 1 2 14

167 2 1 15 1 3 15 2 1 14 3 16 6 12 6 13 3 17 3 1 14 1 2 1 15

149 1 2 13 3 1 13 1 2 18 10 6 11 1 3 2 10 2 3 1 11 1 3 14 3
149 2 1 13 1 2 1 29 3 2 10 1 5 1 9 3 14 6 12 1 2 1 12 1 2

170 1 14 1 2 1 15 5 18 1 12 2 4 12 1 4 14 20 3 1 14 1 2 1 15
168 2 15 1 2 1 14 2 4 14 4 1 18 13 4 14 2 17 1 3 1 15 2 1 15

149 2 1 13 1 2 1 29 4 1 10 1 5 1 9 3 2 12 18 3 1 12 1 2 1 13
149 1 2 13 3 1 13 1 17 3 10 6 1 9 1 4 2 10 18 2 1 13 1 2 1 13

168 2 15 1 2 1 14 2 4 14 4 1 18 13 4 14 2 17 1 3 1 15 2 1 15

168 2 15 1 2 1 14 2 4 14 4 1 18 13 4 14 2 17 1 3 1 15 2 1 15

168 1 16 1 2 1 17 19 3 12 5 1 12 1 4 14 20 2 1 15 1 2 1 15
168 1 18 2 14 4 1 13 2 3 2 12 1 17 2 4 17 1 14 5 14 1 2 1

169 1 2 14 1 3 1 15 1 2 20 12 6 12 1 2 4 15 3 14 1 2 15 3 1 15
169 1 2 14 1 3 1 15 1 2 20 12 6 12 3 4 12 1 2 17 3 1 14 3 1 15

169 1 15 1 3 15 2 1 14 3 16 6 12 6 13 3 17 3 1 14 1 2 1 15
169 1 15 1 2 1 15 17 5 1 13 1 4 1 12 4 15 22 1 15 1 2 1 15

168 1 16 1 2 1 17 15 1 3 14 1 5 1 17 14 19 1 2 1 16 2 1 15

169 2 15 1 2 1 14 2 4 14 4 1 18 13 4 14 2 17 1 3 1 15 2 1 15
169 2 15 3 1 14 1 3 2 13 2 3 1 14 16 6 18 1 14 1 17 2 1 16 1

169 2 15 3 1 14 1 3 2 13 2 3 1 14 16 6 18 1 14 1 17 2 1 16 1

168 1 16 1 2 1 16 1 33 1 5 1 13 1 3 1 13 19 1 2 1 16 2 1
168 2 15 3 1 15 17 5 1 12 2 4 1 12 1 3 14 23 1 15 1 2 1 15

169 1 17 2 1 16 1 19 2 1 12 6 12 1 4 14 6 14 3 15 1 2 1 15
169 1 16 1 2 1 16 1 22 12 5 1 12 1 4 14 6 14 3 15 1 2 1 15

152 13 1 2 1 12 1 3 18 10 2 4 1 10 1 3 2 10 4 13 5 14 2 14
152 13 1 2 1 13 1 19 1 10 2 4 1 10 1 3 12 17 4 1 13 1 2 14

170 1 15 1 3 15 2 1 14 3 16 6 12 6 13 3 17 3 1 14 1 2 1 15
170 1 15 1 2 1 15 1 21 1 18 1 12 1 18 1 21 1 15 1 2 1 15 1

150 1 14 1 2 1 14 1 29 1 5 1 9 2 3 1 11 6 12 1 2 1 12 1 2

151 1 13 3 1 12 1 16 4 1 16 1 9 1 2 14 1 4 16 1 12 1 3 13 1
150 2 13 1 2 1 12 2 20 10 6 1 9 1 4 2 10 18 2 1 13 1 2 1 13

169 17 1 3 16 3 1 14 3 2 12 5 1 12 1 6 12 20 2 1 15 1 2 1 15
169 1 16 1 2 1 16 1 22 12 5 1 12 1 4 2 12 6 14 3 15 1 2 1 15

169 2 15 1 2 1 14 2 18 3 1 12 6 1 13 18 19 1 2 1 16 2 1 15
169 1 16 3 1 14 3 16 3 14 6 1 12 2 3 1 32 1 2 1 15 1 2 1

169 2 15 1 2 1 14 2 21 1 12 2 4 1 12 1 17 2 21 1 16 2 1 15 1

169 2 15 1 2 1 14 2 21 1 12 2 4 1 12 1 17 2 17 4 1 16 2 1 15 1

169 2 15 1 2 1 14 2 18 3 1 18 1 13 18 2 4 13 1 3 16 2 1 15
169 1 19 1 14 2 1 19 2 19 13 1 3 1 13 2 4 13 4 16 2 1 15 1

151 1 14 1 2 1 14 1 29 1 5 1 9 2 3 1 11 6 12 1 2 1 12 1 2
151 2 13 1 2 1 12 2 19 1 10 2 4 1 10 1 15 2 15 4 1 14 2 14 1

170 2 15 1 2 1 14 4 15 5 12 1 17 6 1 15 2 1 14 1 17 2 1 16 1
170 2 14 1 3 1 15 1 2 20 12 6 12 3 4 12 1 2 17 3 1 14 3 1 15

151 1 14 1 2 1 14 1 29 1 5 1 9 2 3 1 11 6 12 1 2 1 12 1 2
153 13 1 2 1 12 1 3 18 12 4 1 9 1 6 10 1 19 2 12 1 2 1 13 2

170 1 15 1 2 16 1 4 17 2 17 1 12 1 4 2 12 1 21 2 14 1 2 1 15

170 1 15 1 2 16 1 4 17 2 17 1 12 1 4 2 12 1 21 2 14 1 2 1 15

170 1 15 2 16 4 1 15 2 1 2 12 1 17 2 4 32 2 1 2 14 1 2 1
171 15 1 2 1 14 2 18 3 2 17 1 13 18 1 5 13 3 1 16 2 1 15 1

170 1 15 1 2 1 15 1 22 15 4 12 1 4 1 13 1 5 17 16 2 1 15 1
171 15 1 2 1 14 1 3 17 3 13 6 12 6 16 3 14 1 2 15 3 1 15 1

169 2 15 1 2 1 14 2 21 1 12 2 4 1 12 1 17 2 17 4 1 16 2 1 15 1

170 1 15 1 2 16 17 5 1 13 1 4 1 12 4 15 22 1 15 1 2 1 15 1
170 1 15 1 2 1 15 1 21 1 18 1 12 1 18 1 21 1 15 1 2 1 15 1

171 1 15 1 2 16 1 4 17 2 17 1 12 1 4 2 12 1 21 2 14 1 2 1 15 2

171 1 15 1 2 16 1 4 17 2 17 1 12 1 4 2 12 1 21 2 14 1 2 1 15 2

186 1 2 1 14 2 1 2 32 4 2 17 1 12 2 1 2 15 1 4 16 2 15 1
170 1 15 1 2 16 1 3 13 5 1 18 13 1 17 1 4 18 2 14 1 2 1 15

171 1 15 1 2 16 1 21 2 17 1 12 1 4 2 12 1 21 2 14 1 2 1 15 2

171 15 1 2 1 14 2 21 1 12 2 4 1 12 1 17 2 17 4 1 16 2 1 15 1

172 15 1 2 1 14 1 3 17 3 13 6 12 6 16 3 14 1 2 15 3 1 15 1
171 1 15 1 2 1 15 1 22 15 4 12 1 4 1 13 1 5 17 16 2 1 15 1

171 15 1 2 1 14 2 21 1 12 2 4 1 12 1 17 2 17 4 1 16 2 1 15 1

171 15 3 16 3 1 13 1 5 12 2 4 13 4 2 12 20 2 1 15 1 3 1 14 2
171 15 1 2 1 14 1 3 20 12 2 4 1 12 4 2 12 19 5 15 1 2 1 14 1

151 1 14 1 2 1 14 1 29 1 5 1 9 2 3 1 11 6 12 1 2 1 12 1 2
151 1 14 2 14 1 4 15 2 15 1 10 1 4 2 10 1 19 2 12 1 2 1 13 2

152 1 13 3 1 12 1 16 4 1 14 2 1 9 1 16 1 4 16 1 12 1 3 13 1
152 1 14 1 2 15 1 12 1 2 13 1 6 15 1 10 5 13 4 12 1 2 1 13 2

171 1 15 1 2 16 1 3 13 5 1 18 13 1 18 1 21 2 14 1 2 1 15 2

172 15 1 2 15 1 3 1 17 2 14 4 13 18 1 4 18 2 14 1 2 1 15 2
171 1 15 1 3 17 1 14 1 18 6 16 14 1 3 2 15 3 1 14 1 3 15 2

172 15 1 2 15 1 3 1 17 2 14 4 13 18 1 4 14 4 2 14 1 2 1 15 2
171 1 16 1 2 17 1 14 1 18 6 16 14 1 3 2 13 2 3 1 14 1 3 15 2

171 1 15 1 2 16 1 3 18 1 18 13 1 6 12 1 3 18 2 14 1 2 1 15
172 15 1 2 16 1 2 1 19 14 17 1 5 1 14 3 1 15 17 1 2 1 16 1

171 1 15 2 1 20 13 1 3 2 12 2 4 13 6 12 20 2 1 15 1 3 1 16 1
172 15 1 2 16 1 2 1 13 6 12 2 4 13 1 5 12 22 1 16 1 2 1 16 1

187 3 16 3 1 13 1 3 2 12 2 3 1 13 6 12 20 2 1 15 1 3 1 14 2 1
172 15 3 16 3 1 13 1 3 2 12 2 4 13 6 12 20 2 1 15 1 3 1 14 2 1

167 2 1 12 1 2 1 12 6 11 1 3 2 9 1 5 1 29 1 14 1 2 1 14 1

166 1 2 14 1 2 1 11 6 10 1 4 1 11 4 2 28 2 1 13 1 3 13 2
152 14 2 1 13 5 13 4 10 2 3 1 10 5 2 10 18 2 1 13 1 2 1 13

154 13 1 2 1 13 1 2 18 10 2 4 1 9 1 6 10 3 17 1 13 1 3 13 2 1
154 13 1 2 1 12 1 3 18 12 2 3 9 1 5 1 10 1 4 29 1 2 1 13 1 2

172 15 1 2 1 15 24 12 2 3 1 12 1 4 2 12 6 14 3 15 1 2 1 15
172 15 1 2 16 1 2 1 19 18 13 1 6 12 1 3 18 2 14 1 2 1 15 2

187 1 2 1 15 1 2 1 32 1 3 14 1 5 1 14 3 16 3 14 1 3 16 1
187 1 2 1 15 1 2 1 32 1 4 1 12 1 5 1 33 1 16 1 2 1 16 1

172 15 1 2 15 1 3 1 17 2 14 4 13 18 1 4 14 4 2 14 1 2 1 15 2

172 15 1 2 1 14 2 18 3 1 18 1 13 18 1 5 13 3 1 16 2 1 15 1
172 15 1 2 1 14 1 3 17 3 13 6 12 6 16 3 14 1 2 15 3 1 15 1

167 1 2 1 12 1 2 1 28 6 1 9 1 5 1 10 3 15 3 13 1 2 1 13 3
167 1 2 1 13 3 1 11 3 13 6 1 10 6 10 3 2 13 3 13 1 3 13 2 1

153 14 2 1 18 11 1 3 2 10 2 3 1 11 6 10 18 2 1 13 1 3 13 2 1

187 1 2 1 14 4 1 14 1 17 4 2 17 1 12 2 5 13 1 4 14 2 18 1
172 15 1 2 1 14 1 3 17 3 13 6 12 6 16 3 14 1 2 15 3 1 15 1

153 14 2 1 29 1 3 2 10 2 3 1 11 6 10 6 12 3 13 1 2 1 13 3
153 14 1 17 2 12 5 1 10 4 1 2 10 6 10 18 2 1 13 1 3 13 2 1

172 15 1 2 15 1 3 1 17 2 14 4 13 18 1 4 14 4 2 14 1 2 1 15 2

188 1 2 1 15 1 3 18 14 2 3 1 13 6 12 6 14 18 1 2 1 15 2 1
173 15 1 2 1 15 1 2 20 14 1 3 1 12 1 5 36 15 1 2 1 15 1 2

172 15 1 2 15 1 3 1 17 2 14 4 13 18 1 4 14 4 2 14 1 2 1 15 2

172 15 3 1 15 3 14 1 5 14 4 1 12 6 12 20 2 1 15 1 3 1 14 2 1
172 17 1 15 2 3 13 4 2 14 3 14 1 5 12 2 3 1 32 2 1 2 14 1 2

172 15 3 16 3 1 13 1 3 2 12 2 4 13 6 12 20 2 1 15 1 3 1 14 2 1
172 15 1 3 15 2 1 14 3 15 4 2 1 12 6 12 20 2 1 15 1 3 1 14 2 1

173 15 1 2 1 14 1 3 17 3 13 6 12 6 16 3 14 1 2 15 3 1 15 1 2

173 15 1 2 1 14 1 3 17 3 13 6 12 6 16 3 14 1 2 15 3 1 15 1 2

173 15 1 2 1 15 1 2 20 18 1 12 1 5 12 2 1 2 14 20 3 1 15 2 1
173 15 1 2 1 14 1 3 17 3 13 6 12 6 16 3 14 1 2 15 3 1 15 1 2

167 1 2 13 3 1 13 3 12 1 5 1 9 6 11 6 12 1 2 13 3 14 1 2
167 1 2 13 3 1 13 3 12 1 5 1 9 6 11 6 12 1 2 1 12 3 14 3

154 13 1 2 1 12 1 3 18 12 2 3 9 1 5 1 10 1 4 29 1 2 1 13 1 2
154 13 1 2 1 13 1 2 18 10 2 4 1 9 1 6 10 3 17 1 13 1 3 13 2 1

173 15 1 2 1 15 1 2 20 18 1 12 1 5 12 2 1 2 14 20 3 1 15 2 1
173 16 2 1 14 1 3 14 2 4 18 1 18 13 1 3 14 2 17 1 3 1 15 2 1

173 15 3 1 14 1 3 15 5 18 1 12 2 4 12 1 4 14 20 3 1 14 1 2 1
173 15 1 2 1 15 1 2 20 14 4 1 12 6 12 3 19 16 1 3 1 14 1 2 1

136 2 1 12 1 2 1 12 6 11 1 3 2 9 1 5 1 29 1 14 1 2 1 14 1
135 1 2 1 13 3 1 11 3 13 6 1 10 6 10 3 15 2 1 13 1 3 13 2 1

135 3 14 3 1 11 1 3 2 10 2 3 1 11 6 10 18 2 1 13 1 3 13 2 1

173 15 1 3 14 1 3 17 2 1 12 4 3 12 6 12 20 2 1 15 1 3 1 14 2 1
188 3 16 3 1 13 1 3 2 12 2 3 1 13 6 12 20 2 1 15 1 3 1 14 2 1

136 2 13 1 2 1 12 6 17 9 1 5 1 10 2 1 2 29 1 2 1 13 1 2
135 1 2 13 3 1 13 3 12 1 5 1 9 6 11 6 12 1 2 1 12 3 14 3

135 1 2 13 1 2 1 28 6 1 9 1 5 1 10 3 15 3 13 1 2 1 13 3
135 2 1 13 1 2 1 28 6 1 9 1 5 1 10 3 15 3 13 1 2 1 13 3

189 1 2 14 1 3 1 15 1 2 20 12 6 13 1 3 2 12 2 3 1 13 1 3 16 3

173 15 1 2 1 15 1 2 20 12 2 4 1 11 1 6 12 3 19 16 1 3 15 1 2 1
173 15 1 2 1 15 1 2 20 12 2 4 1 11 1 6 12 3 2 33 1 3 15 1 2 1

152 2 1 16 1 3 16 3 15 3 13 1 5 1 12 1 3 34 1 2 1 15 2 1
152 1 2 1 15 1 2 1 32 1 3 2 12 1 5 1 14 19 3 14 1 3 16 1

152 1 2 1 15 1 2 20 12 2 4 1 11 1 6 12 3 2 33 1 3 15 1 2 1
152 1 2 1 15 3 1 13 3 15 6 1 12 6 12 3 2 15 3 15 1 3 15 2 1

153 2 15 1 2 1 14 6 16 3 11 1 5 1 12 2 3 33 1 2 1 15 1 2 1
152 1 17 1 3 19 1 14 2 1 2 11 1 5 1 12 1 21 16 1 2 1 16 1 2

153 2 1 19 14 1 2 1 14 1 5 19 11 1 5 1 14 3 15 1 3 15 2 1
152 1 2 1 15 1 2 1 35 2 1 12 1 5 1 11 1 38 1 2 1 15 2 1

153 1 2 14 1 3 1 15 1 2 20 12 6 12 2 1 4 12 1 5 14 2 1 18 1
153 1 2 14 1 3 1 15 1 2 20 12 6 13 1 3 2 12 2 3 1 14 3 16 3

153 1 2 14 1 3 1 15 1 2 20 12 6 13 1 3 2 12 2 3 1 13 1 3 16 3

153 1 2 14 1 3 1 15 1 2 20 12 6 13 1 3 2 12 2 3 1 13 1 3 16 3

153 1 2 14 1 3 1 15 1 2 20 12 6 13 1 3 14 2 3 1 13 1 3 16 3
153 3 14 1 3 14 2 3 1 13 1 3 2 12 6 33 1 2 14 1 3 1 15 1 2

152 1 17 1 3 19 1 14 2 1 2 11 1 5 1 12 1 21 16 1 2 1 16 1 2
152 1 17 1 3 19 1 14 2 1 2 11 1 5 1 12 1 37 1 2 1 15 1 2 1

152 1 2 1 15 1 2 1 36 2 12 1 5 1 11 2 1 16 6 14 1 2 1 15 2
152 1 2 1 15 1 2 1 33 3 2 12 1 5 1 11 3 16 6 14 1 2 1 15 2

152 3 16 3 1 13 1 3 2 12 2 3 1 13 6 12 20 2 1 15 1 3 1 14 2 1

152 1 2 15 3 1 15 1 2 20 1 11 6 13 1 5 17 15 1 2 16 1 2 1
152 2 1 15 1 2 1 32 1 5 1 11 1 5 16 3 17 15 1 2 16 1 2 1

152 3 16 3 1 13 1 3 2 12 2 3 1 13 6 12 20 2 1 15 1 3 1 14 2 1

152 3 16 3 14 1 3 2 12 2 3 1 13 6 12 20 2 1 15 1 3 1 14 2 1
152 1 18 1 2 14 5 1 12 4 1 2 12 6 12 20 2 1 15 1 3 1 14 2 1

170 1 15 1 2 1 15 22 2 12 5 1 12 1 6 12 20 2 1 15 1 2 1 15
170 1 15 1 2 1 15 1 22 1 18 12 1 4 14 1 4 1 17 15 1 3 15 1

170 1 15 1 3 17 1 14 1 2 15 1 6 30 1 3 2 14 1 2 1 19 15 1
170 1 15 1 2 16 1 16 5 1 18 1 12 1 17 1 22 1 15 1 2 1 15 1

167 15 1 3 12 5 1 12 2 1 2 9 1 5 1 10 1 19 14 1 2 1 14 1

172 15 1 2 16 1 2 1 13 6 14 4 13 1 5 12 22 1 16 1 2 1 16 1
172 15 1 2 1 15 3 14 6 14 4 1 12 1 5 12 3 19 17 1 2 1 16 1

152 1 3 14 4 16 3 1 14 3 2 12 6 12 1 6 17 15 1 2 1 15 1 2
152 1 2 1 14 2 1 2 32 4 2 17 1 12 2 1 2 15 1 4 16 2 15 1

152 1 18 2 1 14 3 15 4 2 1 12 6 12 20 2 1 15 1 3 1 14 2 1
152 2 1 15 1 2 1 15 17 6 1 30 1 4 1 14 1 2 1 14 19 1 2 1

168 2 15 1 2 1 14 2 18 4 1 17 1 13 18 2 1 16 1 3 16 2 1 15
168 2 15 1 2 1 14 2 18 4 1 18 13 4 14 2 17 1 3 1 15 2 1 15

150 1 14 1 2 1 14 19 1 10 1 5 1 9 2 1 2 12 1 5 12 3 1 15
150 2 13 1 2 1 12 2 19 1 10 2 4 1 9 1 4 12 21 1 13 1 2 14

168 2 15 1 2 1 14 2 4 14 4 1 18 13 4 14 2 17 1 3 1 15 2 1 15
167 1 17 1 3 19 1 14 2 1 2 12 5 1 12 1 18 20 2 1 15 1 2 1 15

167 1 2 1 15 1 2 20 14 4 1 12 6 12 3 2 14 20 3 1 14 1 2 1 15
167 1 2 1 15 1 2 1 33 5 12 1 5 12 5 2 12 6 14 2 1 16 2 1 15

167 2 1 15 1 2 1 15 17 3 2 14 5 1 12 19 20 2 1 15 1 2 1 15
167 2 1 15 1 2 1 15 17 5 1 18 13 1 3 15 1 3 18 16 1 2 1 15

168 1 2 14 1 3 1 15 1 2 20 12 6 12 1 4 14 5 1 14 3 15 1 3 15
167 2 1 15 1 3 1 14 2 1 33 6 12 5 1 13 1 3 2 14 3 1 14 3 16

149 3 13 1 2 1 13 3 12 6 10 1 5 1 10 6 12 3 13 1 2 1 13 3
149 2 1 13 1 2 1 13 15 5 1 11 5 1 10 17 1 3 14 2 1 13 3 14

167 1 2 15 1 3 20 14 2 1 2 12 5 1 12 1 18 20 2 1 15 1 2 1 15
167 1 2 15 1 3 20 14 2 3 12 5 1 12 1 4 14 20 2 1 15 1 2 1 15

148 1 2 13 3 1 13 1 17 3 10 6 10 1 4 2 10 18 2 1 13 1 2 1 13
148 1 2 13 3 1 13 3 13 5 10 6 10 1 2 4 13 3 11 1 3 13 1 2 1

168 1 2 14 1 3 1 15 1 2 20 12 6 13 4 14 2 3 1 13 1 3 16 3 15
168 1 2 14 1 3 1 15 1 2 20 12 6 12 3 16 1 2 17 3 1 14 3 1 15

168 2 15 1 2 1 14 2 18 4 1 18 13 4 14 2 17 1 3 1 15 2 1 15

149 1 2 13 3 1 13 3 13 5 10 6 10 1 2 4 13 3 11 1 3 13 1 2 1
149 1 2 13 3 1 13 1 2 15 3 10 6 10 7 10 1 2 15 3 1 12 3 1 13

169 1 15 1 2 1 15 17 5 1 13 1 4 1 12 4 15 22 1 15 1 2 1 15

170 1 15 1 2 1 15 1 22 1 17 1 13 18 1 5 13 3 1 16 2 1 15 1
169 2 16 1 2 1 17 2 13 1 3 14 1 23 13 4 2 14 3 1 14 1 2 16

150 1 14 1 17 2 1 11 5 1 10 17 1 3 2 10 2 3 1 12 3 14 3
150 1 14 1 2 1 28 5 1 10 2 4 1 10 1 3 12 21 1 13 1 2 14

170 1 15 1 2 1 15 1 21 1 18 1 12 1 18 1 21 1 15 1 2 1 15 1

170 1 15 1 2 1 15 17 5 1 13 1 4 1 12 19 22 1 15 1 2 1 15 1
170 1 15 1 2 1 15 1 21 1 18 1 12 1 18 1 21 1 15 1 2 1 15 1

170 1 15 1 2 1 15 1 22 1 17 1 13 18 1 5 13 3 1 16 2 1 15 1
169 2 19 15 2 1 2 13 5 1 13 17 1 4 1 15 1 2 1 32 1 2 16 1

151 2 13 1 2 1 12 2 19 1 10 2 4 1 10 1 15 2 15 4 1 14 2 14 1

150 2 13 3 1 13 1 2 15 3 10 6 10 1 4 2 10 5 1 12 3 13 1 3 13

170 1 15 1 2 1 15 1 22 1 30 1 4 1 13 2 1 2 33 1 2 1 15 1
171 15 1 2 1 15 1 22 1 14 16 1 4 1 13 1 4 1 32 1 2 1 15 1

151 2 13 1 2 1 12 2 19 1 10 2 4 1 10 1 15 2 15 4 1 14 2 14 1

170 1 15 1 2 1 15 1 21 1 18 1 12 1 18 1 21 1 15 1 2 1 15 1

151 1 14 2 14 1 4 15 2 15 1 10 1 4 2 10 1 19 2 12 1 2 1 13 2

170 1 15 1 2 1 32 1 3 2 13 1 4 1 30 1 22 1 15 1 2 1 15 1
170 1 15 1 2 16 1 3 13 5 1 18 13 1 17 1 22 1 15 1 2 1 15 1

171 1 15 1 2 1 15 1 22 19 12 1 4 1 13 1 5 17 15 1 2 1 15 1
171 1 15 1 2 1 15 1 21 1 18 1 12 1 18 1 21 1 15 1 2 1 15 1

152 1 14 1 2 15 1 12 1 2 13 1 6 15 1 10 5 13 4 12 1 2 1 13 2

171 1 15 1 2 1 15 1 21 1 18 1 12 1 18 1 21 1 15 1 2 1 15 1

151 1 14 2 14 1 4 15 2 15 1 10 1 4 2 10 1 19 2 12 1 2 1 13 2

171 1 15 1 2 16 1 3 13 6 18 14 5 12 2 1 2 14 20 1 2 1 15 2
171 1 15 1 3 15 3 14 5 1 14 5 13 3 2 12 3 16 20 1 2 1 15 2

153 1 13 2 1 29 1 3 2 10 2 4 1 10 6 10 18 2 1 13 1 3 13 2 1
154 13 1 2 1 12 1 3 18 12 2 3 10 5 1 10 1 4 29 1 2 1 13 1 2

152 14 2 1 13 1 16 3 2 13 2 1 11 6 10 1 5 11 3 17 1 13 1
152 14 1 2 30 2 1 2 10 1 4 1 10 17 1 5 12 2 1 16 1 13 1

172 15 1 2 1 14 1 3 20 14 4 1 12 1 5 12 19 3 1 17 2 1 16 1
187 1 2 16 1 2 1 13 6 14 3 1 13 1 5 12 3 19 17 1 2 1 16 1

172 15 1 2 1 15 1 22 15 4 12 1 4 1 13 1 5 17 15 1 2 1 15 1

172 15 1 2 15 1 3 1 17 2 14 4 13 18 1 4 18 2 14 1 2 1 15 2
172 15 1 2 1 15 1 2 20 14 4 1 12 1 5 12 3 19 17 1 2 1 16 1

167 3 13 1 2 1 13 3 12 6 10 1 5 1 10 6 12 3 13 1 2 1 13 3
153 14 3 13 1 2 14 3 1 17 10 1 5 11 1 5 15 13 1 2 1 13 1 2

172 15 1 2 1 14 1 3 20 14 2 3 12 5 1 12 1 4 33 1 2 1 15 1 2
172 15 1 2 1 14 1 3 20 14 4 1 12 4 2 12 1 18 5 15 1 2 1 14 1

173 15 1 2 1 15 1 21 1 15 3 1 13 18 1 5 17 15 1 2 1 15 1 2
173 15 1 2 1 15 3 17 3 13 6 12 6 16 3 14 1 2 15 3 1 15 1 2

154 13 1 2 1 13 1 2 18 10 6 1 10 6 10 2 1 2 12 1 3 14 3 13 3
154 13 1 2 14 1 2 1 11 6 10 6 11 6 10 3 15 2 1 13 1 3 13 2 1

173 15 1 2 1 15 1 2 20 18 1 12 1 5 12 2 1 2 14 1 19 3 1 17 1
173 15 1 2 15 1 3 1 17 2 14 4 13 18 1 4 14 4 2 14 1 2 1 15 2

173 15 1 2 1 14 1 3 20 14 4 1 12 2 4 12 1 4 14 4 16 3 1 14 3
173 15 1 2 1 15 3 14 6 14 1 3 1 12 4 2 12 24 15 1 2 1 14 1 3

173 15 1 2 1 14 1 3 20 12 6 1 12 6 12 2 1 2 14 1 3 16 18 3 1
173 15 1 2 1 14 1 3 17 3 12 7 12 6 12 3 17 2 1 15 1 3 15 2 1

173 15 1 2 1 15 1 2 20 14 4 1 12 1 5 12 3 2 14 20 3 1 15 2 1
173 15 1 2 15 1 3 1 17 2 14 4 13 18 1 4 14 4 2 14 1 2 1 15 2

152 1 2 1 19 14 1 2 1 14 1 4 1 30 1 6 17 15 1 2 1 15 1 2

152 1 2 1 15 3 1 13 3 15 6 1 12 6 12 3 2 15 3 15 1 3 15 2 1
152 1 2 1 15 3 1 13 3 15 4 2 1 12 6 12 5 15 3 15 1 3 15 2 1

152 2 1 15 1 3 1 14 2 1 33 6 12 2 3 1 13 1 3 2 14 3 1 14 3
153 1 2 14 1 3 1 15 1 2 20 12 6 13 1 3 14 2 3 1 13 1 3 16 3

152 3 16 3 1 13 1 3 2 14 3 1 13 6 12 20 2 1 15 1 3 1 14 2 1
153 3 14 1 3 14 2 3 1 13 1 3 2 12 6 33 1 2 14 1 3 1 15 1 2

152 1 2 1 15 1 2 20 14 4 1 12 1 5 12 3 2 14 20 3 1 15 2 1
152 2 1 16 1 2 1 16 18 4 12 1 5 14 3 2 12 6 14 2 1 16 2 1

152 3 16 3 1 13 1 3 2 12 2 3 1 13 6 12 20 2 1 15 1 3 15 2 1

153 1 2 15 3 1 15 1 2 20 12 6 13 1 3 2 12 2 3 1 13 1 3 16 3

152 1 18 1 2 14 5 1 16 1 2 12 5 1 12 2 36 1 2 1 15 1 2 1
152 2 1 15 1 2 1 15 17 6 1 12 18 2 3 1 13 1 3 1 15 18 3 1

153 1 2 15 3 1 15 3 15 2 3 12 6 12 1 6 15 3 13 1 3 15 1 2 1
153 1 2 15 3 1 15 3 15 5 12 6 12 1 2 4 15 3 13 1 3 15 1 2 1

152 2 1 15 1 2 1 15 17 6 1 12 18 2 3 1 13 1 3 1 15 18 3 1
152 2 1 15 1 2 1 15 17 6 1 30 1 4 1 14 1 2 1 14 19 1 2 1

170 1 15 1 3 15 3 14 5 1 14 5 13 3 2 12 3 16 5 15 1 2 1 15
170 1 15 3 1 14 1 18 4 1 18 1 12 4 14 1 18 4 1 15 1 2 1 15

152 14 2 1 18 11 1 5 10 2 3 1 11 4 2 10 18 2 1 13 1 2 1 13
166 3 14 1 2 1 11 6 10 2 3 1 11 4 2 10 18 2 1 13 1 3 13 2

172 15 1 2 15 1 3 1 17 2 14 4 13 18 1 4 14 4 2 14 1 2 1 15 2

168 2 15 1 2 1 14 2 4 14 4 1 18 13 4 14 2 17 1 3 1 15 2 1 15

150 2 13 1 2 1 12 2 19 1 10 2 4 11 1 3 12 2 15 4 1 14 2 14
152 13 1 2 1 13 1 2 18 10 2 4 1 10 1 3 12 17 4 1 13 1 2 14

171 15 1 2 1 15 1 4 18 1 14 4 12 1 4 14 1 22 1 14 1 3 15 1
170 1 15 1 2 1 15 1 22 1 17 1 13 18 1 5 13 3 1 16 2 1 15 1

152 1 2 1 15 1 3 18 14 1 4 1 12 1 24 17 15 1 2 1 15 1 2
152 1 2 16 1 2 1 19 13 1 3 1 13 1 5 34 1 16 1 2 1 16 1

153 1 2 14 1 3 1 15 1 2 20 12 6 13 1 3 14 2 3 1 13 1 3 16 3

150 2 13 1 2 1 12 17 1 2 1 11 6 1 27 2 15 1 2 1 14 2 14
150 1 14 1 2 1 14 1 29 1 5 1 10 1 3 1 17 12 1 2 1 13 2

170 1 15 1 2 1 15 17 5 1 13 1 4 1 12 19 22 1 15 1 2 1 15 1
170 1 15 1 2 1 15 1 21 1 18 1 12 1 18 1 21 1 15 1 2 1 15 1

153 13 1 2 1 12 1 3 18 10 2 4 1 10 1 3 2 10 4 13 5 14 2 14
153 13 1 2 13 1 3 18 10 2 4 1 10 1 3 2 10 4 13 5 14 2 14 1

172 15 1 3 14 4 15 1 3 1 13 2 4 32 2 16 1 3 1 14 4 16 1
172 15 1 2 1 14 1 3 17 3 13 6 12 22 2 15 1 2 1 14 4 15 1

172 15 3 16 3 1 13 1 3 2 14 4 13 6 12 20 2 1 15 1 3 1 16 1
187 1 2 1 14 2 1 2 35 2 1 12 1 4 1 12 1 2 35 2 1 2 15 1

150 1 14 1 17 2 1 16 1 10 1 15 6 1 13 2 1 12 1 15 2 1 14 1
150 1 14 1 17 2 1 11 2 3 1 11 16 5 1 13 2 1 12 1 15 2 1 14

170 1 15 1 2 1 15 1 22 15 4 12 1 4 1 13 1 5 17 16 2 1 15 1
170 1 15 1 2 1 15 1 22 19 12 1 4 1 13 1 5 17 15 1 2 1 15 1

166 1 2 13 1 2 1 28 2 3 1 10 6 1 11 3 13 3 14 3 1 14 1
166 2 1 13 1 3 13 3 12 5 1 11 6 10 6 11 1 2 1 14 2 1 13

152 3 16 3 1 13 1 3 2 14 3 1 13 6 12 20 2 1 15 1 3 1 14 2 1

152 1 2 16 1 2 14 18 1 3 1 14 5 1 14 2 34 1 3 15 1 2 1
152 3 15 1 2 1 15 3 20 13 5 1 12 2 4 13 1 19 2 1 15 3 1

168 2 16 1 2 1 33 4 1 12 1 5 12 3 2 14 20 3 1 14 1 2 1 15
170 15 1 2 1 15 5 18 1 12 2 4 12 1 4 14 20 3 1 14 1 2 1 15

169 16 1 2 1 15 1 3 18 14 5 1 12 1 18 20 2 1 15 1 2 1 15
168 1 16 3 1 14 1 2 16 3 20 13 2 3 1 13 1 19 2 1 15 3 1

