80 1 3 1 12 2 3 2 11 1 5 1 12 2 1 2 15 1

73 1 13 2 1 2 10 1 5 1 9 2 3 2 10 1 3 1

88 12 3 1 11 1 3 2 10 2 3 1 11 1 3 12
88 12 3 1 12 3 2 9 1 2 4 11 1 2 1 12

81 1 2 1 12 1 2 1 21 11 2 1 2 14 1 2 1
80 3 2 13 1 3 1 11 3 5 11 1 3 1 15 2 1

73 1 13 2 1 2 10 1 5 1 9 2 3 2 10 1 3 1

69 1 3 13 1 2 1 10 6 10 2 1 2 12 1
69 3 1 11 1 3 2 10 2 3 1 11 1 3 12

80 1 2 1 13 2 1 2 20 11 2 1 2 14 1 2 1

73 1 13 2 1 2 10 1 5 1 9 2 3 2 10 1 3 1

70 3 1 12 3 2 9 1 5 1 10 2 1 2 13 1
70 3 1 12 2 1 2 9 1 6 10 2 1 2 13 1

72 2 1 11 1 2 1 11 6 12 1 2 1 12 1 2
74 1 12 2 1 2 9 1 5 1 10 2 1 2 13 1

73 1 13 2 1 2 10 1 5 1 9 2 3 2 10 1 3 1

74 13 2 1 2 10 1 5 1 9 2 3 2 10 1 3 1

87 1 3 1 10 2 3 2 9 1 5 1 10 2 1 2
87 2 1 2 10 1 5 1 9 2 3 2 10 1 3 1

67 1 3 1 10 2 3 2 9 1 5 1 10 2 1 2

68 1 3 1 10 2 3 2 9 1 5 1 10 2 1 2 13

72 1 2 13 1 2 1 10 6 10 1 2 1 13 2 1
72 1 2 11 2 3 1 10 6 11 1 2 1 11 1 2

80 1 2 1 16 2 1 11 1 19 2 1 2 12 1 3 1
80 1 2 15 1 3 1 11 5 3 11 1 3 1 13 2 3

69 1 3 1 10 2 3 2 9 1 5 1 10 2 1 2 13 1

71 1 2 1 11 1 3 1 26 1 3 2 11 1 2 1
72 2 1 11 1 2 1 11 6 10 1 3 2 11 2 1

81 1 15 2 1 2 12 1 5 1 11 2 3 2 12 1 3 1

73 1 13 2 1 2 10 1 5 1 9 2 3 2 10 1 3 1

72 1 2 11 2 1 2 11 15 2 3 1 11 1 2 1
72 1 2 11 2 1 2 11 6 9 2 3 12 1 2 1

74 13 2 1 2 10 1 5 1 9 2 3 2 10 1 3 1

71 1 2 13 1 2 1 10 6 10 2 1 2 12 1 3

68 1 3 1 10 2 3 2 9 1 5 1 10 2 1 2 13

69 1 3 1 10 2 3 2 9 1 5 1 10 2 1 2 13 1

70 1 3 1 10 2 3 2 9 1 5 1 10 2 1 2 13 1

72 1 13 2 1 2 10 1 5 1 9 2 3 12 1 3
72 1 13 2 1 2 10 6 1 9 2 1 2 12 1 3

73 1 12 1 3 1 12 14 1 3 1 12 1 2 1
73 1 12 2 1 2 10 5 1 10 2 1 2 13 1

70 1 3 1 10 2 3 2 9 1 5 1 10 2 1 2 13 1

86 12 1 2 1 11 4 2 1 9 2 3 12 1 3 12
86 12 3 1 11 1 3 2 10 2 3 1 11 1 3 12

70 1 3 1 10 2 3 2 9 1 5 1 10 2 1 2 13 1

77 2 1 2 15 1 2 1 10 2 17 1 3 1 15
79 1 2 12 2 1 4 10 6 14 1 2 1 14 1

70 3 1 12 3 2 9 1 5 1 10 2 1 2 13 1

70 1 2 1 11 2 1 2 18 9 2 1 2 12 1 2 1
70 1 3 1 10 2 3 11 1 5 1 10 2 1 2 13 1

70 1 2 1 11 2 1 2 18 9 2 1 2 12 1 2 1

72 1 2 1 11 1 2 1 28 1 2 1 13 1 2 1
72 3 1 12 3 2 9 1 5 1 10 2 1 2 13 1

72 2 1 12 1 3 2 10 6 11 1 2 1 11 1 4
72 2 1 12 1 3 2 10 6 11 1 2 1 11 3 2

71 2 1 11 1 3 1 18 9 2 1 2 11 1 3 1

72 1 2 1 12 2 1 2 9 16 1 3 1 12 2 1 2
72 1 2 13 1 3 1 9 5 11 1 4 1 11 2 1 2

82 2 13 1 3 1 14 5 11 1 5 1 12 2 1 2
82 15 2 1 2 13 5 1 11 2 3 2 12 1 3 1

75 1 11 1 3 2 11 14 1 3 2 11 1 2 1
76 12 3 1 11 1 3 2 10 2 3 1 11 1 3

73 1 13 2 1 2 10 1 5 1 9 2 3 12 1 3 1

88 11 1 3 1 15 2 9 1 2 4 11 1 2 1 12
88 11 1 3 1 12 3 2 9 1 6 11 1 2 1 12

73 1 13 2 1 2 10 1 5 1 9 2 3 12 1 3 1

68 1 3 1 12 3 2 9 1 5 1 10 2 1 2 13

69 1 3 1 12 3 2 9 1 5 1 10 2 1 2 13 1

70 1 3 1 12 3 2 9 1 5 1 10 2 1 2 13 1

73 1 13 2 1 2 10 1 5 1 9 2 3 12 1 3 1

74 13 2 1 2 10 1 5 1 9 2 3 12 1 3 1

75 12 1 3 1 10 2 14 1 4 1 11 2 1 2

68 1 2 1 10 2 1 2 17 11 1 3 1 11 1
68 1 2 1 10 4 2 1 9 1 3 15 2 1 11

70 1 3 1 12 3 2 9 1 5 1 10 2 1 2 13 1

68 2 1 2 10 1 5 1 9 5 12 1 3 1 11 2
69 1 2 1 10 2 3 2 9 6 11 2 1 2 11 2

70 4 1 11 1 3 2 9 2 4 10 1 3 2 11 3 1
70 1 2 1 12 1 3 2 16 9 2 1 2 12 1 2 1

80 1 2 1 12 2 3 2 11 6 13 2 1 2 13 2 1
79 1 3 1 12 2 3 2 11 6 13 2 1 2 13 2 1

72 1 2 1 12 2 1 2 9 18 2 1 2 11 1 2 1
72 2 1 2 12 1 2 1 9 18 2 1 2 11 1 2 1

70 3 1 12 2 1 2 10 6 10 1 2 1 13 2 1
71 1 3 11 2 1 2 11 6 9 2 3 1 11 1 2

73 1 13 2 1 2 10 1 5 1 9 2 3 2 10 1 3 1

72 1 2 1 12 2 1 2 9 18 2 1 2 11 1 2 1

70 2 1 13 2 1 2 10 6 10 1 2 1 13 3 1
70 1 2 1 13 1 2 1 28 1 2 1 11 1 2 1

73 1 13 2 1 2 10 1 5 1 11 3 2 10 1 3 1
72 1 2 1 14 2 1 9 1 17 2 1 2 10 1 3 1

73 1 12 1 2 1 12 6 11 1 2 1 11 1 2
73 1 12 1 2 1 12 6 11 1 2 1 10 1 3

98 14 3 1 13 1 3 2 12 2 3 1 13 1 3 14
98 14 1 2 1 13 4 2 1 11 2 3 14 1 3 14

71 2 1 11 3 1 11 1 5 10 2 1 2 12 1
69 1 2 1 12 1 3 1 14 12 1 3 1 12 1

69 1 3 1 10 2 3 2 9 1 5 1 10 2 1 2 13 1

70 1 2 1 11 2 1 2 18 9 2 1 2 12 1 2 1
70 1 2 1 11 2 1 2 18 9 2 1 2 11 1 3 1

81 1 2 13 2 1 2 13 6 11 2 3 2 12 1 3 1
81 1 2 13 2 1 2 13 6 11 2 3 2 12 1 2 1

74 13 2 1 2 11 5 1 9 2 3 2 10 1 3 1
74 2 11 1 3 1 12 5 9 1 4 2 10 1 3 1

75 1 11 1 2 1 12 6 11 2 1 2 11 3 1
75 1 11 1 2 1 12 6 12 3 1 10 2 1 2

67 2 1 2 11 1 4 1 14 2 10 1 3 1 12
67 2 1 2 11 1 4 1 11 3 2 10 4 1 12

86 12 3 1 11 1 5 1 9 2 3 12 1 3 1 11

67 1 2 1 11 1 4 2 11 2 12 2 3 1 11
67 2 1 2 10 1 2 1 18 10 2 1 2 12 1

78 1 2 1 16 1 2 1 10 1 18 2 3 1 14 1
78 1 3 1 12 2 4 1 11 5 14 1 3 1 13 2

71 1 3 1 11 2 1 2 9 18 1 2 1 12 1 2
71 3 1 12 3 2 9 1 5 1 10 2 1 2 13 1

72 1 13 2 1 2 10 1 5 1 9 2 1 2 12 1
72 1 13 2 1 2 10 1 5 1 9 2 3 12 1 3

83 1 14 1 2 20 1 10 2 1 4 12 1 2 1
83 1 14 1 3 1 14 16 1 3 1 14 1 2 1

99 1 3 1 10 2 3 2 9 1 5 1 10 2 1 2
87 12 3 2 10 2 3 1 11 1 3 2 10 2 3 12

98 14 3 1 14 3 2 11 1 2 4 13 1 2 1 14
98 14 1 2 1 17 2 1 10 1 2 17 1 2 1 14

89 12 3 1 11 1 3 2 10 2 3 1 11 1 3 12

80 1 2 1 13 2 1 2 20 10 1 3 2 14 1 2 1
80 1 3 13 2 3 1 12 4 2 11 2 3 1 13 1 4

73 1 2 11 2 1 2 11 6 9 2 3 2 10 1 2 1
73 1 2 11 2 1 2 11 6 9 2 3 2 10 1 3 1

74 2 11 1 3 1 12 5 9 1 5 1 10 2 1 2
74 13 2 1 2 11 5 1 9 2 3 2 10 1 3 1

87 12 2 1 2 16 10 1 4 2 11 1 2 1 12
87 12 1 3 1 12 14 1 4 2 11 1 2 1 12

85 13 3 2 10 1 5 1 9 2 3 12 1 3 1 11
85 1 12 4 1 10 1 3 12 4 2 11 1 3 1 11

87 12 3 1 12 1 4 1 11 3 11 1 4 1 11 1
87 12 1 2 1 11 2 4 1 14 11 2 3 1 11 1

71 2 1 12 1 2 1 18 9 2 1 2 11 1 3 1
71 2 1 12 1 2 1 18 9 1 2 1 12 2 1 2

82 1 15 2 1 2 18 1 10 1 2 1 16 1 2 1
82 1 15 2 1 2 12 1 5 1 11 2 3 14 1 3

88 12 3 1 11 1 3 2 10 2 3 1 11 1 3 12
88 12 3 1 12 3 2 9 1 2 4 11 1 2 1 12

89 12 3 1 11 1 3 2 10 2 3 1 11 1 3 12
89 12 3 1 12 3 2 9 1 2 4 11 1 2 1 12

86 12 1 2 1 11 4 2 1 9 2 3 12 1 3 12
86 12 3 1 11 1 3 2 10 2 3 1 11 1 3 12

99 14 3 1 13 1 3 2 12 2 3 1 13 1 3 14

88 11 1 3 1 15 2 9 1 2 4 11 1 2 1 12
87 1 11 1 3 1 12 14 1 4 1 12 1 2 1 12

87 12 1 2 1 11 4 2 1 9 2 15 1 3 1 11
87 12 1 2 1 11 2 4 1 14 12 1 3 1 11 1

87 12 1 2 1 11 6 1 9 1 3 1 16 1 12
99 2 1 2 10 1 5 1 9 2 3 12 1 3 1

68 1 3 1 10 2 3 2 9 6 11 2 1 2 11 2

70 1 2 1 10 2 3 2 9 6 11 2 1 2 11 2 1

81 1 2 1 12 2 3 2 11 6 13 2 1 2 13 3 1
80 2 1 2 15 1 2 1 10 2 17 1 3 1 15 2 1

86 12 1 2 1 11 4 2 1 9 2 3 12 1 3 12
86 12 3 1 11 1 3 2 10 2 3 1 11 1 3 12

87 12 1 2 1 11 4 2 1 9 2 3 12 1 3 12

78 1 2 1 16 1 2 1 10 1 18 2 1 2 15 1

71 2 3 11 1 2 1 11 6 10 1 2 1 13 2 1
71 3 1 12 3 2 9 1 5 1 10 2 1 2 13 1

88 12 3 1 11 1 3 2 10 2 3 1 11 1 3 12
87 1 11 1 4 1 11 3 11 1 4 1 12 1 3 12

89 11 1 3 1 11 1 3 2 15 1 11 1 3 12 1
89 11 1 3 1 12 5 9 1 5 1 10 2 1 2 13

67 2 1 2 10 1 5 1 9 2 3 12 1 3 1

87 1 3 1 12 3 2 9 1 5 1 10 2 1 2

86 12 1 2 1 11 4 2 1 9 2 3 12 1 3 12
86 12 3 1 11 1 3 2 10 2 3 1 11 1 3 12

67 1 2 1 11 4 2 1 9 2 3 12 1 3 12
67 1 2 1 11 1 4 1 14 12 1 3 1 12 1

75 1 12 1 3 1 12 14 1 3 2 11 1 2 1
75 1 12 1 3 1 12 2 12 1 3 1 12 1 3

88 12 3 1 12 3 2 9 1 2 4 11 1 2 1 12
88 12 3 1 11 1 3 2 10 2 3 1 11 1 3 12

