62 1 2 10 1 2 1 23 1 2 1 9 2 1
62 2 1 10 1 2 15 9 1 2 1 9 1 2

65 1 11 2 8 3 1 7 1 3 8 2 11 1
65 1 10 1 2 11 1 7 1 3 8 2 11 1

76 2 10 1 2 1 9 4 10 2 11 2 1 13

76 2 1 8 1 2 1 19 1 2 1 9 1
66 10 2 1 8 1 14 1 8 1 2 9 1

66 10 2 1 8 2 14 7 1 2 1 8 2
76 2 1 8 2 1 13 7 1 2 1 8 2

75 2 11 1 3 10 3 12 2 9 2 1 13
76 12 1 2 1 9 4 10 2 11 2 1 13

76 1 11 1 2 1 23 1 2 1 9 1 2 1

52 1 2 8 1 2 1 19 1 2 1 8 2
52 1 2 8 1 2 1 19 1 2 1 9 1

76 1 11 2 11 1 3 10 3 1 11 2 11 1
76 1 11 2 1 10 1 13 3 1 11 2 11 1

65 1 10 1 2 1 23 1 2 1 9 1 2 1
64 2 10 1 2 1 23 1 2 1 9 1 2 1

76 12 1 2 1 9 3 1 10 13 2 1 12 1
88 1 2 1 9 1 2 1 23 1 2 1 11 1

76 2 10 1 2 1 9 16 2 9 1 2 1 12

54 1 9 1 2 1 19 1 2 1 8 1 2
54 2 8 1 2 1 19 1 2 1 8 2 1

76 12 1 2 1 9 3 1 10 13 2 1 12 1
76 13 1 2 11 2 10 4 9 1 2 1 10 2

76 1 12 1 2 13 1 9 1 3 9 1 2 13
76 1 12 1 2 13 1 9 1 12 1 2 1 12

62 2 1 9 1 2 1 23 1 2 1 10 1 2
62 1 2 9 1 2 1 23 1 2 1 10 2 1

76 1 11 1 3 11 2 1 9 13 3 1 11 1
76 1 11 2 1 10 1 16 1 10 1 2 11 1

77 13 1 2 9 2 3 9 3 10 3 1 11 2
77 13 1 2 11 2 1 9 4 9 1 2 13 1

64 1 10 1 2 11 1 7 1 11 2 1 10
64 2 8 1 2 1 7 14 2 8 1 2 10

77 13 1 2 9 2 3 9 3 10 3 1 10 1 2
77 13 1 2 11 2 1 9 4 9 1 2 11 2 1

65 1 11 2 8 3 1 7 1 3 8 2 11 1

62 1 2 9 1 2 1 23 2 1 2 9 2 1
62 2 1 9 1 2 1 23 1 3 1 9 2 1

62 2 1 10 1 2 1 10 12 3 1 10 2 1

65 1 10 1 2 11 1 7 1 11 2 1 10 1

65 1 11 2 8 3 1 7 1 3 8 2 12
65 1 10 1 2 12 7 1 2 9 2 1 11

62 2 1 9 2 3 13 9 2 1 2 9 2 1
62 1 2 9 2 3 9 3 10 3 1 10 1 2

65 11 1 2 7 2 3 10 9 2 1 9 2

65 1 11 2 8 3 1 7 1 3 8 2 11 1
65 1 10 1 2 11 1 7 1 3 8 2 11 1

62 1 2 10 1 2 1 13 9 1 2 11 2 1
62 2 1 10 1 3 10 3 9 3 2 9 2 1

62 2 1 9 2 1 2 23 1 2 1 9 1 2
62 1 2 9 1 2 1 24 1 2 1 9 2 1

75 2 1 10 1 3 10 3 9 3 2 9 2 1 13

62 1 2 10 1 2 1 23 1 2 1 9 2 1
62 2 1 10 1 2 1 23 1 2 1 9 2 1

75 2 11 1 3 10 3 9 3 2 9 2 1 13

76 12 1 2 1 12 1 9 1 13 2 1 12 1
76 1 11 1 2 1 22 1 3 1 9 1 2 1

76 13 2 1 9 3 1 9 1 13 2 1 12 1

76 2 10 1 2 1 9 4 10 2 11 2 1 13
77 1 10 1 2 1 23 1 2 1 9 1 2 1

76 12 1 2 1 9 2 16 9 1 2 1 10 2
76 13 1 2 11 2 10 4 9 1 2 1 10 2

60 1 2 1 9 1 2 1 23 1 2 1 10 2
60 1 2 1 9 1 2 1 23 1 2 1 10 1

62 1 2 9 1 2 1 23 1 2 1 10 2 1
62 1 2 9 1 2 1 23 1 2 1 10 1 2

77 13 1 2 9 2 12 3 10 3 1 11 2
77 13 1 2 9 2 15 10 1 2 1 11 2

90 2 1 9 1 2 1 23 1 2 1 10 2 1
77 13 1 2 9 2 15 10 1 2 1 10 1 2

64 1 9 2 9 1 3 1 7 4 9 1 11
64 1 9 4 7 1 3 1 7 2 11 1 11

54 2 8 1 2 1 7 13 1 2 1 7 1 2

65 2 9 2 1 7 13 1 2 1 7 1 2
65 2 9 1 9 2 3 10 2 7 2 1 11

65 1 11 2 8 3 1 7 1 3 8 2 11 1
65 1 10 1 2 11 1 7 1 3 8 2 11 1

62 1 2 10 1 2 23 1 3 1 9 1 2
62 1 2 10 1 2 23 2 1 2 9 1 2

77 14 2 10 1 2 1 9 14 2 1 10 2 1
77 14 2 10 1 2 1 9 4 10 2 11 2 1

65 1 11 2 8 3 1 7 1 3 8 2 11 1

75 1 2 10 1 2 14 9 1 2 1 10 2 14
75 1 2 10 1 2 14 9 1 2 11 2 1 13

65 1 11 2 8 3 1 7 1 11 2 1 10 1

76 2 1 7 1 2 1 13 7 1 2 1 8 2
66 11 1 8 3 2 8 3 1 7 1 3 8 2

66 1 9 2 9 1 3 8 3 1 9 2 9 1
66 1 9 2 1 8 1 14 1 8 1 2 9 1

52 2 1 7 1 2 1 13 7 1 2 1 8 2

64 1 9 2 9 1 3 11 1 8 1 2 9 1
64 1 9 2 1 8 1 11 3 1 9 2 9 1

64 2 8 3 1 7 1 3 8 2 3 8 1 11
64 2 8 1 2 1 7 13 1 2 1 7 1 2

62 1 2 9 1 2 1 24 2 1 10 1 2
62 2 1 10 1 2 1 10 15 1 10 2 1

76 2 1 7 1 2 1 13 7 1 2 9 2
76 2 1 7 1 2 1 13 7 2 1 9 2

54 1 8 2 1 8 5 8 1 2 8 1
53 2 8 1 2 1 7 12 1 2 1 9

76 13 1 2 11 2 10 4 9 1 2 1 10 2

64 1 11 2 8 3 1 8 11 2 1 9 1
64 1 11 2 7 1 3 1 7 1 14 9 1

64 2 9 2 1 7 4 8 2 3 8 1 11
64 1 10 1 2 11 8 1 3 8 2 1 10

52 2 1 7 1 2 1 13 7 2 1 9 2

66 11 1 9 4 7 1 3 1 7 2 11 1
66 10 1 2 8 3 1 8 3 8 2 11 1

76 1 11 1 2 1 23 1 2 1 9 2 1
76 12 1 2 1 9 4 10 2 11 2 1 13

64 1 11 2 8 3 8 1 3 8 2 1 10
64 1 11 2 7 1 3 1 7 4 9 1 11

53 1 8 1 3 1 7 1 2 12 9 1
52 1 2 7 2 1 2 19 1 2 9 1

63 1 11 1 2 1 23 1 2 1 9 1 2
63 2 10 1 2 1 9 4 10 2 11 2 1

62 2 9 1 2 1 14 9 1 2 1 10 2
61 1 2 9 1 2 1 23 1 2 1 10 2

76 13 1 2 13 10 1 3 9 1 2 1 12
76 13 1 2 11 2 10 4 9 1 2 1 12

64 1 11 2 7 1 3 1 7 4 9 1 11
64 1 10 1 2 11 1 7 1 11 2 1 10

55 1 9 1 2 19 1 2 1 8 1 2
55 1 9 1 2 20 1 2 1 7 1 2

66 11 1 9 4 7 1 3 1 7 2 11 1
66 10 1 2 8 3 1 8 3 8 2 11 1

66 1 9 2 9 4 8 1 2 1 7 2 11
66 1 9 2 1 8 1 11 3 1 9 11 1

76 2 10 1 2 1 9 4 10 2 11 2 1 13

54 2 9 2 1 7 13 1 2 1 7 1 2
54 2 9 1 2 7 13 1 2 1 7 1 2

66 11 2 7 1 2 1 8 4 9 2 9 1
66 10 1 2 8 3 1 8 3 8 2 11 1

63 1 11 1 3 11 2 1 9 1 3 9 3
64 1 10 1 2 1 23 1 2 1 9 2 1

89 1 2 10 1 2 1 22 1 2 1 11 1
89 2 1 9 1 2 1 23 1 2 1 11 1

76 1 11 1 2 1 22 3 2 9 2 1 13
76 1 11 1 2 1 22 1 2 1 10 1 2

61 2 1 9 1 2 1 9 14 1 2 1 11
61 2 1 9 1 2 1 9 15 1 2 10 1

52 2 1 7 1 3 1 19 1 2 1 8 1
52 1 2 7 1 3 1 8 11 3 1 9 1

65 1 10 1 2 1 23 1 2 1 9 1 2 1
64 2 10 1 2 1 23 1 2 1 9 1 2 1

60 1 2 1 9 1 2 1 23 1 2 1 10 2
60 1 2 1 9 1 2 1 23 1 2 1 10 1

54 1 9 1 3 11 8 1 3 1 7 1 2
55 1 8 1 12 2 1 7 1 3 1 8 1

54 1 9 1 2 1 19 1 2 1 8 1 2
54 2 8 1 2 1 19 1 2 1 8 2 1

75 1 2 7 2 1 2 7 13 1 10 1
64 12 2 7 1 3 1 8 3 8 12 1

52 1 2 8 1 2 1 19 1 2 1 8 2
52 1 2 8 1 2 1 19 1 2 1 9 1

66 1 9 2 1 20 1 2 1 7 1 2
66 1 9 2 1 8 1 14 1 8 1 12

