389 2 1 2 4 44 1 2 1 5 2 1 52 43 1 4 6 2 1 2 36 2 1 2 6 4 1 2 41 52 1 2 5 1 2 1 44 4 2 1 2

424 43 2 1 5 1 2 42 1 2 1 5 40 5 10 1 35 1 2 9 4 2 36 11 1 3 41 1 6 2 41 1 2 1 6 1 42 1
424 43 2 1 5 3 40 3 2 6 41 4 7 3 1 35 1 2 5 4 5 1 36 11 41 3 1 6 1 2 1 40 2 1 5 2 1 42
424 45 2 1 4 2 41 2 1 7 45 2 5 2 1 37 1 2 8 3 1 37 2 10 45 1 5 1 2 1 40 1 2 1 6 1 42 1
424 43 2 1 2 4 2 40 1 2 8 45 7 2 1 36 1 2 9 3 1 37 1 11 45 1 5 1 2 1 40 1 2 1 6 1 42 1
424 43 1 4 2 4 40 1 2 1 5 1 2 1 42 10 2 36 1 15 36 2 10 1 44 1 5 1 2 1 40 1 2 1 6 1 42 1
424 43 1 2 5 2 1 41 2 3 1 3 41 15 1 35 2 1 4 8 1 2 35 1 2 6 2 5 42 3 4 1 42 1 3 5 1 43

374 2 1 2 4 42 1 2 1 5 2 1 50 41 1 4 6 2 1 2 34 2 1 2 6 4 1 41 50 1 2 5 1 2 1 42 4 2 1 2

449 1 2 1 5 2 38 12 38 1 3 2 3 1 3 2 33 1 2 8 1 3 2 85 1 2 1 5 1 2 1 39 2 1 4 2 1
449 1 2 4 1 2 39 1 2 1 5 1 2 1 40 45 1 2 11 2 1 35 1 8 1 2 1 37 7 6 40 3 1 3 2 41 1
408 41 3 1 5 1 40 2 3 43 4 1 2 6 2 1 33 1 2 9 2 1 2 35 54 1 5 2 1 39 1 2 1 5 1 41 1
451 2 1 4 2 38 1 2 1 9 41 2 4 2 1 2 33 2 1 2 7 4 1 34 2 57 2 1 2 39 2 1 4 2 1 41 1
408 41 1 2 5 3 39 1 3 1 43 5 1 7 2 1 33 1 2 10 3 1 35 11 43 1 5 2 1 39 1 2 1 5 1 41 1
449 1 2 1 5 2 38 1 3 2 3 1 3 85 1 2 8 1 4 1 35 1 2 1 5 1 2 1 37 13 39 1 2 4 2 1 41

389 2 1 2 4 44 1 2 1 5 2 1 52 43 1 4 6 2 1 2 36 2 1 2 6 4 1 2 41 52 1 2 5 1 2 1 44 4 2 1 2

408 41 2 1 4 1 2 39 2 1 2 56 1 2 1 33 1 2 1 9 1 2 1 33 1 2 1 56 2 1 2 39 2 1 4 1 2 41
408 41 1 2 5 1 2 38 1 2 1 5 4 40 8 4 34 1 14 1 33 1 2 6 2 5 42 1 3 1 40 1 2 5 1 2 41 1
450 2 1 4 1 2 38 1 2 6 3 1 40 7 1 37 1 2 1 12 1 33 2 9 5 36 7 1 2 1 40 2 1 5 1 2 41 1
408 41 1 2 4 1 2 39 1 2 1 5 1 3 50 36 2 3 7 1 2 1 33 1 2 4 5 3 1 36 10 43 2 3 1 3 41 1

390 2 1 2 4 44 1 2 1 5 2 1 52 41 2 1 4 6 2 1 2 36 2 1 2 6 4 1 43 52 1 2 5 1 2 1 44 4 2 1 2

389 2 1 2 4 44 1 2 1 5 2 1 52 43 1 4 6 2 1 2 36 2 1 2 6 4 1 2 41 52 1 2 5 1 2 1 44 4 2 1 2

374 2 1 2 4 42 1 2 1 5 2 1 50 41 1 4 6 2 1 2 34 2 1 2 6 4 1 41 50 1 2 5 1 2 1 42 4 2 1 2

408 41 1 2 4 1 2 39 1 2 1 5 1 3 50 36 2 3 7 1 2 1 33 1 2 4 5 3 1 36 10 43 2 3 1 3 41 1
449 1 2 4 1 2 39 1 2 1 5 1 2 1 85 1 4 1 8 2 1 33 2 1 2 6 1 2 1 37 13 38 2 5 1 2 1 42

390 2 1 2 4 44 1 2 1 5 2 1 52 41 2 1 4 6 2 1 2 36 2 1 2 6 4 1 43 52 1 2 5 1 2 1 44 4 2 1 2

374 2 4 1 2 42 1 3 2 3 1 92 2 1 2 7 1 2 1 35 2 1 2 7 2 1 2 90 2 4 2 1 2 42 1 3 2 3 1
374 1 5 1 45 1 2 4 1 2 40 5 1 7 1 37 13 1 2 37 14 1 36 1 3 1 6 1 43 2 5 1 2 1 41 1 3 5 1
374 2 3 1 3 42 2 1 4 1 2 92 1 2 1 8 1 2 1 35 1 2 1 9 1 2 1 90 2 3 1 3 2 42 2 1 4 1 2
374 2 4 1 2 42 2 4 2 1 2 91 1 3 1 7 1 2 1 35 1 3 2 7 1 2 1 39 51 2 4 2 1 2 42 4 2 1 2
374 1 2 4 1 43 1 3 2 3 1 92 2 3 6 2 1 2 35 2 1 2 7 2 1 2 41 49 1 2 5 3 1 41 1 3 2 3 1
376 1 2 1 45 1 4 2 4 41 2 3 7 1 37 13 1 2 37 3 11 1 36 1 3 1 6 1 43 2 5 1 2 1 41 1 3 5 1

468 2 1 4 2 1 41 2 1 2 7 2 42 7 1 38 1 2 1 12 2 35 2 1 7 1 5 45 1 3 1 41 2 1 5 2 1 42 2
426 42 2 4 2 1 2 40 1 3 6 1 3 38 3 11 36 5 1 8 1 2 1 36 1 3 7 3 1 37 1 10 45 2 3 1 3 42 2
426 42 2 4 2 1 2 40 1 3 6 1 3 38 3 47 5 1 8 1 2 1 36 1 3 6 1 3 1 37 1 10 45 2 3 1 3 42 2
426 42 2 5 1 2 1 40 1 2 5 2 4 48 4 36 1 3 1 10 2 1 35 2 3 1 5 3 1 40 12 40 2 3 1 3 2 42 1

374 1 3 2 3 1 42 2 3 1 3 2 90 2 1 2 7 2 1 2 35 1 2 1 8 1 2 1 92 1 3 2 3 1 42 2 1 2 4
374 1 2 4 1 46 2 1 4 2 39 51 2 3 1 7 1 2 1 35 1 3 1 7 1 2 1 37 54 2 5 1 2 1 42 3 1 3 2
374 2 1 4 1 2 42 2 1 2 4 2 90 1 2 1 9 1 2 1 35 1 2 1 8 1 2 1 92 2 1 4 1 2 42 3 1 3 2
374 1 5 3 1 41 1 2 1 5 2 43 1 6 1 3 1 36 1 14 37 2 1 13 37 1 7 1 5 40 2 1 4 2 1 45 1 5 1
374 1 3 2 3 1 41 1 2 6 2 1 42 1 6 1 40 1 3 11 1 36 2 12 2 37 1 7 1 5 40 6 1 2 1 45 1 5 1
374 1 5 3 1 41 1 2 1 5 2 43 1 6 1 3 1 36 1 11 3 37 2 1 13 37 1 7 3 2 41 4 2 4 1 45 1 2 1

374 1 2 4 1 43 1 2 1 5 2 53 38 1 3 1 6 2 1 2 35 2 1 8 1 4 1 89 2 6 1 3 1 41 2 1 4 2 1
374 1 2 4 1 43 2 1 4 1 2 92 1 2 8 2 1 2 35 1 2 1 9 1 2 1 89 3 1 3 2 3 1 41 2 1 4 1 2
374 2 4 1 2 42 1 3 2 3 1 92 2 1 2 7 1 2 1 35 2 1 2 7 2 1 2 90 2 4 2 1 2 42 1 3 2 3 1
374 1 2 4 1 43 1 3 2 3 1 92 1 3 1 7 1 2 1 35 2 1 2 7 2 1 2 89 2 5 1 2 1 43 1 3 2 3 1
374 2 4 1 2 42 2 1 4 1 2 92 1 3 8 1 2 1 35 1 2 1 9 1 2 1 89 1 2 4 2 1 2 42 2 1 4 1 2
374 2 1 2 4 42 1 2 1 6 1 49 3 2 37 1 3 5 2 1 4 35 1 2 8 6 37 13 39 3 4 1 2 44 2 1 4 1 2

368 2 1 4 2 1 41 2 1 2 4 3 51 1 38 1 2 1 12 2 35 1 2 7 1 5 45 1 3 1 41 2 1 5 2 1 42 2
368 2 3 1 3 2 42 1 2 1 6 1 47 2 3 2 35 1 2 1 10 4 35 1 2 54 4 2 3 1 40 2 1 5 1 2 42 2
368 2 3 1 3 2 40 12 40 1 3 5 1 3 2 35 1 2 10 1 3 1 36 4 48 4 2 5 2 1 40 1 2 1 5 2 42 2
368 1 2 4 2 1 41 1 2 1 5 1 2 1 42 47 1 2 9 1 3 1 37 1 10 1 2 1 37 5 1 49 1 2 1 6 43 1
368 1 2 4 2 1 41 1 2 1 5 3 1 42 8 1 38 1 2 13 2 36 1 8 1 5 37 8 1 3 1 41 2 1 5 2 1 42

375 1 4 1 44 1 2 1 5 2 53 37 2 1 2 7 2 1 2 34 1 2 1 8 1 4 1 89 1 3 2 3 1 3 41 2 1 4 2 1
374 2 5 1 42 3 2 4 3 39 6 2 44 1 3 1 8 1 2 34 1 4 9 3 1 39 9 41 1 2 6 1 2 1 41 1 3 2 3 1
374 4 2 1 2 41 1 2 1 5 3 45 9 37 1 2 1 8 1 3 34 1 2 5 4 2 3 1 51 39 2 3 1 3 2 42 1 5 3 1
374 1 2 4 44 1 2 1 5 2 44 9 38 1 10 2 1 2 34 1 2 1 8 1 4 1 89 1 2 1 5 1 2 1 41 1 2 4 2 1
377 1 2 1 43 3 1 3 2 3 54 36 1 2 1 10 1 2 34 2 1 2 9 3 1 48 41 1 2 1 5 1 2 1 41 1 2 1 5 1
374 3 1 3 2 41 2 1 2 4 2 1 46 8 36 1 3 11 2 34 2 1 2 9 3 1 48 41 1 2 1 5 1 2 1 42 2 1 2 4

374 2 1 4 1 42 2 1 2 4 2 1 51 39 1 2 1 10 2 1 34 1 2 1 9 1 3 1 90 2 1 2 4 2 1 42 1 2 1 5
375 1 2 4 42 1 2 1 5 1 2 46 1 4 2 37 1 2 14 34 1 2 1 13 1 47 1 41 1 2 1 5 1 2 1 42 1 2 5 1
374 1 6 1 43 2 4 2 1 2 42 4 7 37 1 5 8 1 2 34 1 2 4 10 1 48 41 1 2 1 5 1 2 1 41 1 3 2 3 1
374 2 5 1 42 3 2 3 1 3 39 6 8 38 1 3 1 8 1 2 34 1 4 12 1 39 9 41 1 2 6 1 2 1 41 1 3 2 3 1
377 1 3 1 43 2 1 5 3 46 1 4 39 1 2 11 2 1 34 1 2 1 10 3 1 48 41 1 2 1 5 1 2 1 41 1 2 1 5 1
374 2 5 1 42 3 2 3 1 3 39 6 8 38 1 3 1 9 2 34 1 4 9 3 1 39 8 1 41 1 2 7 2 1 41 1 3 2 3 1

354 1 2 4 1 2 39 1 2 1 5 1 2 1 85 1 4 1 8 2 1 33 2 1 2 6 1 2 1 37 13 38 2 5 1 2 1 42
354 1 2 1 5 2 38 2 1 2 4 2 1 49 4 33 1 2 1 7 5 1 33 1 2 1 7 5 44 3 1 42 1 4 2 1 41 2
354 1 2 1 5 2 38 1 2 1 5 3 1 47 1 4 33 1 3 12 1 33 1 2 8 5 38 5 1 2 1 40 3 5 1 2 41 1
354 1 2 5 1 2 38 1 2 1 5 3 1 40 7 1 37 1 15 1 33 2 1 8 5 36 7 1 2 1 40 2 1 5 1 2 41 1

374 2 1 2 4 42 1 2 1 5 2 1 50 41 1 4 6 2 1 2 34 2 1 2 6 4 1 41 50 1 2 5 1 2 1 42 4 2 1 2

376 1 3 2 42 1 2 4 2 1 2 39 1 3 2 58 1 2 1 34 2 12 1 2 1 35 2 1 2 49 8 2 1 2 40 2 1 4 1 2
374 2 1 4 1 42 1 2 1 5 2 1 51 39 1 3 1 9 2 1 34 1 2 9 1 4 1 36 56 2 1 4 2 1 40 1 2 1 5 2
374 2 1 4 1 42 2 1 2 4 2 1 51 39 1 2 1 10 2 1 34 1 2 1 8 5 1 47 1 42 2 1 5 1 2 41 2 1 7 1
374 1 4 1 2 42 2 1 4 1 2 47 45 1 5 7 1 2 1 34 1 3 10 1 2 1 36 3 52 2 4 2 1 2 40 2 1 4 2 1
374 1 3 2 44 1 2 5 1 2 42 1 3 45 2 11 1 2 1 34 6 8 1 2 1 35 3 1 50 2 1 5 1 2 1 41 6 2 1 2
375 1 5 1 42 3 4 2 1 2 39 8 6 40 2 3 4 2 1 2 34 1 2 1 11 2 1 35 54 4 1 2 5 1 40 2 1 4 1 2

354 1 2 4 1 2 39 1 2 1 5 1 2 1 85 1 4 1 8 2 1 33 2 1 2 6 1 2 1 37 13 38 2 5 1 2 1 42
354 2 1 4 1 2 39 1 2 1 5 1 3 50 35 1 2 1 9 1 2 1 33 1 2 4 3 2 3 1 88 2 1 4 1 2 42 1
354 1 2 4 2 1 39 1 2 1 5 1 2 1 85 1 4 1 8 2 1 33 2 1 2 6 1 2 1 37 13 38 2 5 1 2 1 42

361 1 3 2 40 1 2 4 1 2 39 1 3 10 39 2 7 1 2 1 32 2 1 10 3 1 35 3 50 4 2 1 2 40 2 1 4 1 2
359 2 1 2 45 1 2 1 5 1 50 36 1 2 1 7 1 4 1 32 1 2 1 8 1 3 1 87 2 1 5 1 2 39 1 2 1 5 1
359 1 4 2 1 40 1 2 5 1 2 1 39 49 4 8 1 2 32 1 5 1 9 1 34 3 8 1 40 2 1 5 1 2 1 39 3 6 1
360 2 3 1 41 1 2 1 5 2 1 40 46 1 3 9 1 2 1 32 1 2 8 1 4 1 35 10 43 1 3 2 3 1 39 1 6 2 1
359 1 4 1 2 40 2 1 2 4 2 1 86 2 1 2 8 1 2 1 32 1 2 1 8 3 2 87 1 3 2 3 1 40 2 1 4 2 1
362 1 2 1 41 2 1 4 1 2 53 35 1 2 1 9 1 2 1 32 1 2 1 9 3 1 86 2 1 2 4 2 1 39 2 1 4 1 2

359 2 1 4 1 40 2 1 4 1 2 53 35 1 2 1 7 2 1 2 33 1 2 1 9 3 1 49 38 2 1 2 4 41 2 1 4 1 2
361 1 3 2 40 1 2 4 1 2 39 1 3 49 2 6 1 2 1 33 2 1 10 1 2 1 35 3 50 4 2 1 2 40 2 1 4 1 2
360 1 2 1 43 1 4 2 4 39 2 3 7 1 35 13 1 2 35 3 11 1 34 1 3 1 6 1 41 2 5 1 2 1 39 1 3 5 1

354 1 5 3 1 39 1 2 1 5 1 2 1 39 1 45 1 11 2 1 2 33 2 10 1 2 1 35 1 3 1 47 4 2 4 1 42 1
354 1 5 2 1 40 1 2 1 5 1 2 1 39 1 45 1 12 1 2 1 33 2 1 9 1 2 1 35 1 51 2 1 4 2 1 43 1
354 1 2 4 2 1 40 3 4 2 1 2 36 3 46 4 2 8 1 2 33 1 2 9 1 2 1 35 2 5 6 43 3 1 3 40 1 2
354 1 2 4 1 2 39 1 2 1 5 1 2 1 85 1 4 1 8 2 1 33 2 1 2 6 1 2 1 37 13 38 2 5 1 2 1 42
354 2 1 4 1 2 39 1 2 1 5 1 3 50 35 1 2 1 9 1 2 1 33 1 2 4 3 2 3 1 88 2 1 4 1 2 42 1
354 1 5 1 2 1 39 1 2 1 5 1 2 1 39 1 45 1 13 2 1 35 1 8 1 2 1 36 1 7 6 40 4 2 1 2 41 1

369 3 1 5 1 41 2 1 2 6 2 1 42 6 3 1 36 1 2 1 8 6 35 2 1 9 3 48 3 1 40 2 1 2 4 2 42 2 1
369 2 4 2 1 2 40 1 3 5 1 2 1 39 3 47 5 1 8 1 2 1 36 1 3 6 2 1 2 37 1 55 2 4 1 2 42 2 1
369 2 3 1 3 2 40 2 1 2 4 2 3 52 36 2 1 2 8 1 3 1 35 1 2 7 2 1 2 43 9 40 4 1 2 4 42 2 1
369 2 1 4 2 1 41 2 1 2 4 3 2 49 1 38 1 2 1 12 2 35 1 2 7 1 5 45 1 3 1 41 2 1 5 2 1 42 2
369 2 4 2 1 2 40 1 3 5 1 2 1 39 3 47 5 1 8 1 2 1 36 1 3 7 1 2 1 37 1 55 2 3 1 3 42 2 1

389 2 1 4 1 2 44 2 1 2 4 2 52 4 38 1 2 1 11 2 37 1 2 1 8 3 2 47 48 2 3 1 3 2 43 2 1 4 2 1
389 1 3 2 3 1 44 1 3 2 3 1 95 2 1 2 7 2 1 2 37 2 1 2 7 2 1 2 95 1 3 2 3 1 44 1 3 2 3 1
389 1 3 2 3 1 44 2 1 4 1 2 95 2 1 2 7 2 1 2 37 1 2 1 9 1 2 1 95 1 3 2 3 1 44 2 1 4 1 2
389 1 3 2 3 1 43 2 1 2 4 2 57 38 2 1 2 7 2 1 2 37 1 2 1 7 5 1 53 42 1 3 2 3 1 45 2 1 5 1

360 1 3 43 2 1 2 4 2 43 1 7 1 35 2 4 7 1 2 33 2 1 13 1 45 1 39 1 2 1 5 1 2 1 40 1 2 5 1
359 1 4 1 42 2 1 4 1 2 45 43 1 5 7 1 2 33 1 2 1 9 1 2 1 35 50 3 1 5 1 2 1 39 2 1 4 1 2
359 1 5 2 40 1 3 2 3 1 43 45 1 4 7 1 2 1 33 2 1 2 7 2 1 2 85 1 2 4 2 1 2 40 1 3 2 3 1

369 2 4 2 1 2 40 1 3 5 1 2 1 39 3 47 5 1 8 1 2 1 36 1 3 6 2 1 2 37 1 55 2 3 1 3 42 2 1
369 1 2 4 2 1 41 1 2 1 5 3 1 42 8 1 38 1 2 13 2 36 1 9 5 37 8 1 3 1 41 2 1 5 2 1 42 2 1
369 1 6 2 1 42 2 1 5 3 1 38 3 1 8 1 38 1 5 10 2 36 1 9 5 37 8 1 3 1 41 2 1 5 2 1 42 2 1
369 2 4 2 1 2 40 1 3 5 1 2 1 42 47 1 4 1 8 1 2 1 36 1 3 6 2 1 2 37 54 2 4 2 1 2 42 2 1
369 2 1 4 2 1 41 2 1 2 7 1 43 7 1 38 1 2 1 12 2 35 2 1 8 5 45 1 3 1 41 2 1 5 2 1 42 2 1
369 1 2 4 2 1 41 1 2 1 5 1 2 1 42 8 39 1 2 13 2 36 1 9 5 37 8 1 3 1 41 2 1 5 2 1 42 2 1

376 1 3 2 42 1 2 4 2 1 2 39 1 3 2 58 1 2 1 34 2 4 8 1 2 1 36 1 2 1 49 8 2 1 2 41 2 4 1 2
375 1 2 4 42 1 2 1 5 1 2 46 1 4 2 37 1 2 14 34 1 2 1 13 1 47 1 41 1 2 1 5 1 2 1 42 1 2 5 1
376 3 1 44 1 2 5 1 2 41 1 3 1 45 5 8 1 2 1 34 2 12 1 2 1 39 50 1 2 1 5 1 2 1 41 1 2 4 1 2
377 1 3 1 43 2 1 5 3 46 1 4 39 1 2 11 2 1 34 1 2 1 10 3 1 48 41 1 2 1 5 1 2 1 41 1 2 1 5 1
375 1 4 1 44 1 2 1 5 2 53 37 2 1 2 7 2 1 2 34 1 2 1 8 1 4 1 89 1 3 2 3 1 3 41 2 1 4 2 1

369 2 1 2 4 2 40 2 1 2 4 2 1 90 1 2 1 8 1 4 1 34 1 2 1 8 1 2 1 52 40 2 1 2 4 2 42 2 1
369 1 6 2 1 42 2 1 5 3 1 38 3 1 8 1 38 1 5 10 2 36 1 9 5 37 8 1 3 1 41 2 1 5 2 1 42 2 1
370 1 2 4 1 2 40 1 2 1 5 1 2 1 89 1 2 11 1 2 1 34 2 1 9 2 1 2 37 6 47 3 1 3 2 3 42 2 1
369 1 5 1 2 1 41 2 1 2 4 3 52 3 35 2 1 2 10 3 34 1 2 1 8 2 3 42 5 2 1 41 1 3 1 6 42 2 1
370 2 1 4 1 2 40 1 2 6 1 2 1 42 47 1 2 1 10 1 2 1 34 2 10 2 1 2 37 6 47 3 4 2 1 2 42 1 2
369 1 2 5 1 2 40 1 2 1 5 1 2 1 42 47 1 2 9 2 1 2 35 2 1 10 1 2 1 37 5 1 49 1 2 1 6 43 1

355 2 3 1 3 2 38 1 2 1 6 2 1 46 2 4 33 1 2 1 11 35 1 2 6 7 42 1 3 1 41 2 5 1 2 41 2 1
355 4 2 3 2 38 1 2 1 9 39 8 2 1 2 33 1 3 7 5 1 33 2 1 8 48 1 3 2 38 1 2 5 1 2 41 1 2
356 2 3 1 3 39 1 2 1 6 2 48 1 3 1 33 1 2 1 9 3 1 33 1 2 55 2 3 2 38 2 1 5 1 2 41 1 2
356 1 2 1 5 1 38 1 2 1 5 1 2 1 48 37 1 2 13 1 33 2 1 8 5 36 7 1 3 1 39 2 1 5 2 1 41 1
356 2 1 4 1 2 38 1 2 1 5 1 2 1 85 1 2 1 9 1 2 1 33 1 2 9 1 2 1 87 2 1 4 1 2 42 1 2
355 2 1 2 4 2 38 1 2 1 6 1 2 48 4 33 1 2 1 11 2 33 1 2 8 5 42 1 3 1 41 2 5 1 2 41 1 2

375 1 5 1 45 4 2 1 42 6 1 6 37 2 1 11 1 2 35 1 2 11 2 1 40 7 42 1 2 1 5 1 2 1 40 1 2 5 2 1
376 1 3 2 45 4 1 2 41 1 5 2 6 37 3 11 1 2 35 1 2 11 2 1 39 1 7 42 1 3 5 1 2 1 40 1 2 5 2 1
376 1 3 2 42 1 2 4 2 1 2 39 1 3 2 58 1 2 1 34 2 4 8 1 2 1 35 3 1 50 2 6 2 1 2 40 3 4 1 2
377 1 3 1 43 1 2 1 5 2 53 37 1 2 1 10 1 2 34 1 2 1 8 1 4 1 89 1 2 1 5 1 2 1 41 1 2 4 2 1
375 2 1 2 46 2 1 4 1 2 46 44 1 2 10 1 2 1 34 2 1 2 9 1 2 1 89 1 2 1 5 1 2 1 40 2 1 4 1 2
376 1 4 1 43 2 4 2 1 41 1 6 1 43 2 1 11 2 1 35 1 12 1 2 1 39 1 49 1 2 1 5 1 2 1 40 1 5 2 1

355 1 2 4 1 2 39 1 2 1 5 1 2 1 40 45 1 2 10 1 2 1 35 1 9 1 2 1 36 52 2 1 4 1 2 41 2 1
355 1 5 1 2 1 39 1 2 1 5 1 2 1 39 1 45 1 12 1 2 1 35 10 1 2 1 36 3 1 47 1 5 2 1 43 2 1
355 2 1 4 1 2 39 1 2 1 5 1 2 1 85 1 2 1 9 1 2 1 33 1 2 9 1 2 1 88 2 1 4 1 2 41 2 1
355 1 3 2 3 1 39 1 2 1 5 1 2 1 85 2 1 2 7 2 1 2 33 1 2 9 1 2 1 88 1 3 2 3 1 41 1 2
355 1 3 2 3 1 39 2 1 2 4 2 1 86 2 1 2 7 2 1 2 33 1 2 1 8 1 2 1 88 1 3 2 3 1 41 2 1

360 1 2 1 43 1 4 2 4 39 2 3 7 1 35 13 1 2 35 3 11 1 34 1 3 1 6 1 41 2 5 1 2 1 39 1 3 5 1
361 1 3 2 40 1 2 4 1 2 39 1 3 49 2 6 1 2 1 33 2 1 10 1 2 1 35 3 50 4 2 1 2 40 2 1 4 1 2

355 1 2 1 5 1 40 2 1 2 4 2 1 36 49 1 3 8 2 1 2 33 2 1 9 1 2 1 35 55 1 2 4 1 40 1 2 1
355 1 5 1 2 1 39 1 3 5 1 2 1 39 46 1 2 10 1 2 1 33 1 5 7 1 2 41 1 46 1 4 2 1 42 1 2 1
355 1 5 1 2 1 39 1 2 1 5 1 2 1 39 1 45 1 13 1 2 35 10 1 2 1 35 1 3 1 47 2 4 2 1 2 42 1
355 2 1 4 1 2 40 1 2 5 1 2 1 85 1 2 1 9 1 2 1 33 2 1 9 1 2 1 88 2 1 4 1 2 40 1 2 1
355 2 1 4 1 2 39 1 3 5 1 2 1 39 1 45 1 2 10 1 2 1 39 7 2 1 35 6 1 47 4 2 1 2 40 1 2 1
355 1 5 2 1 40 1 2 1 6 2 1 39 1 5 1 3 36 1 10 39 2 1 12 36 1 9 1 2 1 38 2 1 2 4 2 42 1

360 1 4 1 41 2 1 4 1 2 39 50 1 2 7 2 1 2 33 1 2 10 1 2 1 35 50 3 1 3 2 3 1 39 1 2 4 1 2
360 1 3 43 2 1 2 4 2 43 1 7 1 35 2 4 7 1 2 33 1 2 13 1 45 1 39 1 2 1 5 1 2 1 40 1 2 5 1
360 1 3 43 2 1 2 4 2 43 1 7 1 35 2 4 7 1 2 33 1 2 13 1 46 39 1 2 1 5 1 2 1 39 1 2 1 5 1
360 1 4 1 41 2 1 4 1 2 88 1 3 7 2 1 2 33 1 2 1 9 1 2 1 35 50 3 1 3 2 3 1 39 2 1 4 1 2
360 1 3 1 42 5 1 3 2 39 12 1 35 1 3 2 7 1 2 35 1 2 1 10 1 45 1 39 3 1 5 1 2 1 40 1 2 5 1

370 2 3 1 3 2 40 2 1 2 4 2 3 52 36 2 1 2 8 1 3 1 35 1 2 7 2 1 2 43 9 40 4 1 2 4 42 2 1
370 1 2 5 1 2 41 1 3 5 1 2 1 42 47 1 4 1 7 1 2 1 36 1 4 6 1 2 1 91 1 2 5 1 2 42 1 2 1
370 2 1 4 2 1 41 2 1 2 4 3 2 49 1 38 1 2 1 12 2 35 1 2 7 1 5 45 1 3 1 41 2 1 5 2 1 42 2
370 1 2 4 2 1 42 2 1 5 1 2 1 38 4 8 39 1 2 13 2 36 1 9 5 37 8 1 3 1 41 2 1 5 2 1 42 2 1
370 2 3 1 3 2 42 2 1 2 4 2 1 37 51 2 1 2 8 1 3 1 35 1 2 9 1 2 52 40 2 3 1 3 2 42 1 2 1
370 1 2 4 2 1 42 2 1 5 3 1 38 4 8 1 38 1 2 13 2 36 1 9 5 37 8 1 3 1 41 2 1 5 2 1 42 2 1

370 2 4 2 1 2 40 1 3 5 1 2 1 42 47 1 4 1 8 1 2 1 36 1 3 6 1 2 1 38 54 2 4 2 1 2 42 2 1
370 2 4 2 1 2 40 1 3 5 1 2 1 42 47 1 4 1 8 1 2 1 36 1 3 7 1 2 1 37 54 2 4 2 1 2 42 2 1
370 2 4 2 1 2 40 1 3 5 1 2 1 42 47 1 4 1 8 1 2 1 36 1 3 6 2 1 2 37 54 2 4 2 1 2 42 2 1
370 2 4 2 1 2 40 1 3 5 1 2 1 39 3 47 5 1 8 1 2 1 36 1 3 6 1 2 1 38 1 55 2 3 1 3 42 2 1
370 2 4 2 1 2 40 1 3 5 1 2 1 39 3 47 5 1 8 1 2 1 36 1 3 6 2 1 2 37 1 55 2 4 1 2 42 2 1

360 1 3 1 42 2 1 4 1 2 45 43 1 5 7 1 2 33 1 2 1 9 1 2 1 35 50 3 1 5 1 2 1 39 2 1 4 1 2
360 1 2 1 43 2 1 4 1 2 88 1 3 8 1 2 1 33 1 2 1 9 1 2 1 35 50 3 1 5 1 2 1 39 2 1 4 1 2
361 2 1 2 41 2 1 4 1 2 46 42 2 1 10 2 1 33 1 2 1 9 1 2 1 85 1 2 1 5 1 2 1 39 2 1 4 1 2
361 2 1 2 41 2 1 4 1 2 46 42 1 2 10 2 1 33 1 2 1 9 1 2 1 85 1 2 1 5 1 2 1 39 2 1 4 1 2
360 1 3 1 42 2 1 4 3 45 43 1 3 2 7 1 2 33 1 2 1 9 1 2 1 35 50 3 1 5 1 2 1 39 2 1 4 1 2

371 2 1 4 1 2 40 1 2 6 1 2 1 42 47 1 2 1 10 1 2 1 34 2 12 2 1 37 6 1 46 3 4 2 1 2 42 1 2 1

376 1 4 1 43 2 1 5 3 46 1 4 39 1 2 11 2 1 34 1 2 1 10 3 1 48 41 1 2 1 5 1 2 1 41 1 2 1 5 1
376 1 3 2 42 1 2 4 2 1 2 39 1 3 2 58 1 2 1 34 2 4 8 1 2 1 36 1 2 1 49 8 2 1 2 41 2 3 1 3
376 1 3 2 42 1 2 4 2 1 2 39 1 3 2 58 1 2 1 34 2 4 8 1 2 1 36 1 2 1 49 8 2 1 2 41 2 4 1 2
377 1 3 1 43 1 2 1 5 2 53 37 1 2 1 10 1 2 34 1 2 1 8 1 4 1 89 1 2 1 5 1 2 1 41 1 2 4 2 1

376 1 3 2 42 1 2 5 1 2 40 1 3 1 49 10 1 2 1 34 14 1 2 1 35 2 3 2 47 1 6 1 2 1 42 2 3 1 3 2
376 1 4 1 42 1 2 4 1 4 39 1 3 10 41 2 6 2 1 2 35 1 4 9 2 1 35 1 54 1 6 1 3 1 40 1 5 1 2 1
376 2 3 1 42 3 1 5 1 2 46 1 6 37 1 2 12 2 34 1 2 1 10 1 2 1 47 42 1 2 1 6 2 1 40 2 1 4 1 2
376 2 3 1 42 3 1 3 2 3 46 1 6 37 1 2 12 2 34 1 2 1 10 1 2 1 47 42 1 2 1 6 2 1 40 2 1 4 1 2
376 1 3 2 42 1 2 5 1 2 40 52 3 1 3 5 1 2 1 35 2 3 1 7 1 2 1 36 56 2 1 4 1 2 40 1 2 5 1 2
376 1 2 1 44 2 4 2 1 2 42 49 1 2 10 1 2 1 36 1 3 1 7 1 2 1 89 1 2 1 5 1 2 1 40 2 4 2 1 2

356 4 2 3 2 38 1 2 1 5 3 1 39 7 1 5 33 1 3 8 3 35 2 1 11 2 41 4 3 39 1 3 2 4 42 1 2 1
356 1 3 2 3 1 39 1 2 5 1 2 1 40 1 46 3 9 1 2 1 33 2 10 1 2 1 36 2 49 4 2 1 2 43 1 2 1
356 4 2 3 2 38 1 2 1 5 3 1 39 7 1 5 34 3 8 3 35 2 1 11 2 38 3 4 3 39 1 3 2 4 42 1 2 1
356 2 1 4 1 2 40 1 2 1 5 2 1 45 2 4 34 2 1 8 4 35 1 2 1 12 45 2 1 40 1 2 1 5 1 42 2 1
356 2 3 1 3 2 38 1 2 1 6 2 1 46 2 4 33 1 2 1 11 35 1 2 6 7 42 1 3 1 41 2 5 1 2 41 2 1
356 3 1 5 2 39 2 1 2 6 1 36 10 1 3 2 33 1 2 1 7 1 38 2 1 58 1 3 39 2 1 4 2 1 41 1 2 1

356 1 2 4 1 2 39 1 3 5 1 2 1 85 1 4 1 7 1 2 1 33 2 1 2 6 2 1 2 36 51 2 6 1 2 41 1 3
356 1 2 4 1 2 39 1 2 1 5 1 2 1 85 1 4 1 8 2 1 33 2 1 2 6 1 2 1 37 13 38 2 5 1 2 1 42
356 1 3 2 3 1 39 1 2 5 1 2 1 40 1 46 3 8 2 1 2 33 2 10 1 2 1 36 2 49 6 1 3 1 41 1 2 1
356 1 2 4 1 2 39 1 2 1 5 1 2 1 85 1 4 8 1 2 1 33 2 1 8 2 1 2 36 51 2 4 2 1 2 41 1 3
356 1 2 4 2 1 39 1 3 5 1 2 1 85 1 4 1 8 2 1 33 2 1 2 6 2 1 2 36 51 2 5 1 2 1 41 1 3
356 1 2 4 1 2 39 1 2 1 5 1 2 86 1 4 1 8 2 1 33 2 1 2 6 1 2 1 37 13 38 2 5 1 2 1 42 3

376 1 3 2 42 1 2 4 1 2 41 1 3 2 8 50 2 1 35 2 4 7 1 3 36 1 3 1 7 3 43 4 3 2 40 1 2 4 3
378 2 1 44 1 2 1 5 1 51 40 1 2 1 9 2 1 35 1 2 1 8 1 3 2 51 38 1 2 1 5 2 1 42 1 2 1 5 1
379 1 2 42 1 2 5 1 2 41 1 3 1 8 37 5 9 1 36 2 13 2 1 39 8 4 38 1 2 1 5 1 2 42 1 2 4 2 1
376 1 3 44 2 4 2 1 2 46 1 44 2 5 6 2 1 35 1 2 1 10 1 2 1 89 1 2 1 5 1 2 1 40 2 3 1 3 2
377 1 2 1 43 2 3 1 3 2 49 42 1 2 1 10 1 36 1 2 1 11 1 2 47 42 1 2 1 5 1 2 1 40 2 1 5 2 1
377 2 1 2 43 1 2 1 5 1 91 2 1 2 7 1 2 1 35 1 2 1 8 1 3 2 51 38 2 1 2 4 2 43 1 2 1 5 1

356 1 2 4 1 2 39 1 3 5 1 3 39 11 35 1 2 9 1 3 1 33 1 2 10 1 2 41 1 46 1 4 1 2 43 1 2 1
356 1 5 3 1 39 1 2 1 5 1 3 39 1 45 1 11 2 1 2 33 2 1 8 2 1 2 35 1 54 1 2 4 1 41 1 2 1
356 2 1 4 1 2 39 3 1 3 2 3 1 85 1 2 1 9 1 2 1 33 1 3 2 7 2 1 88 2 1 4 1 2 40 1 3 1
356 1 2 4 1 2 39 1 2 1 5 1 2 1 40 45 1 12 1 2 1 35 10 1 2 1 35 1 3 1 47 2 4 2 1 2 42 1
356 1 2 5 1 40 1 3 6 2 1 39 1 6 3 1 35 1 10 1 5 33 1 11 3 38 2 1 5 3 1 38 1 4 6 40 3 1
356 1 3 5 1 39 3 5 1 2 1 38 2 7 1 38 1 14 1 36 1 3 7 1 2 35 1 5 2 5 1 38 3 1 6 43 2 1

361 1 3 2 40 1 2 4 1 2 39 1 3 49 2 6 1 2 1 33 2 1 10 1 2 1 35 3 50 4 2 1 2 40 2 1 4 1 2

361 1 3 2 40 1 2 4 1 2 39 1 3 49 2 6 1 2 1 33 2 1 10 1 2 1 35 3 50 4 2 1 2 40 2 1 4 1 2
361 2 1 2 41 2 1 4 1 2 46 42 1 2 10 2 1 33 1 2 1 9 1 2 1 85 1 2 1 5 1 2 1 39 2 1 4 1 2

372 2 1 4 1 2 40 3 1 3 2 3 1 39 50 1 3 1 9 1 2 1 35 1 2 9 1 2 1 92 2 1 4 1 2 42 2 1 2
371 1 3 2 3 1 41 1 2 1 5 1 2 1 89 1 2 11 1 2 1 36 1 4 6 1 2 1 37 5 49 1 3 2 3 1 43 2 3
371 1 2 4 2 1 41 1 2 1 5 3 1 42 8 1 38 1 2 13 2 36 1 9 5 37 8 1 3 1 41 2 1 5 2 1 42 2 1
372 2 3 1 3 41 1 2 1 5 1 2 1 42 47 1 2 11 1 2 1 36 1 4 6 1 2 1 37 5 49 1 3 2 3 1 43 2 3
371 2 3 1 3 2 40 2 1 2 4 2 55 36 2 1 2 8 1 3 1 35 1 2 7 2 1 2 43 9 40 4 1 2 4 42 2 1 2
371 2 3 1 3 2 42 3 1 3 2 40 15 36 2 1 2 8 1 3 1 35 1 2 7 2 1 2 43 9 40 4 1 2 4 42 2 1 2

361 3 1 42 2 1 4 1 2 88 1 3 2 3 4 2 1 33 1 2 1 9 1 2 1 35 50 3 1 5 1 2 1 39 2 1 4 1 2
361 2 1 2 41 2 1 4 1 2 46 42 2 1 10 2 1 33 1 2 1 9 1 2 1 85 1 2 1 5 1 2 1 39 2 1 4 1 2
361 2 1 2 41 2 1 4 1 2 46 42 1 2 10 2 1 33 1 2 1 9 1 2 1 85 1 2 1 5 1 2 1 39 2 1 4 1 2

372 2 1 4 1 2 40 1 2 6 1 2 1 42 47 1 2 1 10 1 2 1 34 2 12 2 1 37 6 1 46 3 4 2 1 2 42 1 2 1
371 1 2 5 1 2 40 1 2 1 5 1 2 1 42 47 1 2 11 1 2 1 34 2 1 10 1 2 1 37 55 2 1 4 1 2 42 1 3 1
371 1 2 4 1 2 41 1 2 1 5 1 2 1 89 1 4 1 8 1 2 1 34 2 1 10 1 2 1 37 53 2 5 1 2 1 43 1 3 1
371 2 4 2 1 2 40 1 2 1 5 1 2 1 89 1 3 2 8 1 2 1 34 1 2 10 1 2 1 39 52 2 4 2 1 2 42 1 3 1
371 1 2 5 1 2 40 1 2 1 5 1 2 1 42 47 1 2 11 1 2 1 34 2 1 10 1 2 1 37 55 2 1 4 1 2 43 1 2 1

378 1 2 1 42 2 1 2 4 3 46 1 6 37 1 2 12 2 34 1 2 1 10 1 2 1 47 42 1 2 1 6 2 1 40 2 1 4 1 2
377 1 3 1 42 2 1 2 4 2 1 51 39 1 2 1 10 2 1 34 1 2 1 8 5 1 89 1 2 1 5 1 2 1 40 2 1 4 2 1
377 1 3 1 42 2 1 2 4 2 52 39 1 2 1 10 2 1 34 1 2 1 8 2 3 1 89 1 2 1 5 1 2 1 40 2 1 2 4 2
377 1 2 1 43 2 1 4 1 2 55 37 1 2 1 10 1 2 34 1 2 1 11 2 1 47 42 1 2 1 5 1 2 1 40 2 1 5 2 1
377 1 2 1 43 2 3 1 3 2 49 42 1 2 1 10 1 2 34 1 2 1 11 1 2 47 42 1 2 1 5 1 2 1 40 2 1 5 2 1

357 2 1 4 1 2 39 1 2 1 5 1 2 1 85 1 2 1 9 1 2 1 33 1 2 10 1 2 42 46 2 1 4 1 2 41 2 1 2
357 2 1 4 1 2 39 1 2 1 5 1 3 50 35 1 2 1 9 1 2 1 33 1 2 4 3 2 3 1 88 2 1 4 1 2 42 1 3
357 2 1 4 1 2 39 1 2 1 5 1 2 1 85 1 2 1 9 1 2 1 33 1 2 10 2 1 42 46 2 1 4 1 2 41 2 1 2

377 3 2 43 1 3 2 3 1 49 5 37 1 2 1 6 4 1 36 1 2 1 11 2 1 89 1 2 1 5 1 2 1 41 2 1 4 1 2
379 1 2 42 1 2 5 1 2 41 1 3 1 8 37 5 9 1 36 2 10 5 1 38 1 8 1 3 38 1 3 5 1 2 42 1 2 6 1
377 2 1 2 43 1 3 2 3 1 49 42 1 2 1 10 1 36 1 2 1 11 1 2 47 42 1 2 1 5 1 2 1 41 1 2 4 2 1
377 2 1 2 43 1 3 2 4 49 5 37 1 2 1 10 1 36 1 2 1 11 2 1 47 42 1 2 1 5 1 2 1 41 1 2 1 5 1
377 3 2 42 2 1 5 2 1 54 37 1 2 1 6 4 1 36 2 1 4 1 7 2 1 89 1 2 1 5 1 2 1 40 2 1 5 2 1
377 1 2 1 43 2 1 5 2 55 37 1 2 1 8 2 1 36 1 2 1 7 1 3 2 51 39 1 3 2 3 1 3 40 2 1 5 2 1

357 2 1 4 1 2 39 1 2 1 5 1 2 1 85 1 2 1 9 1 2 1 33 1 2 10 2 1 42 46 2 1 4 1 2 41 2 1 2
357 2 1 4 1 2 39 1 2 1 5 1 2 1 85 1 2 1 9 1 2 1 33 1 2 10 1 2 42 46 2 1 4 1 2 41 2 1 2
357 2 1 4 1 2 39 1 2 1 5 1 3 50 35 1 2 1 9 1 2 1 33 1 2 4 3 2 3 1 88 2 1 4 1 2 42 1 3
357 2 1 4 1 2 40 2 1 2 4 50 3 35 1 2 1 10 1 2 33 1 2 1 6 2 49 3 1 39 2 1 4 2 1 40 2 3 1

364 1 42 1 2 5 1 2 40 1 2 1 7 1 35 13 1 2 35 14 1 34 1 3 1 6 1 41 2 5 1 2 1 39 1 3 5 1
363 1 3 40 1 2 1 5 2 43 3 2 4 35 2 1 11 35 2 1 13 1 45 1 39 1 2 1 5 1 2 1 39 1 2 1 5 1
363 1 3 42 2 1 5 1 46 1 3 37 1 2 1 6 5 35 1 2 1 11 1 45 1 39 1 2 1 5 3 1 39 2 1 4 1 2
362 1 2 1 43 2 1 4 1 46 1 41 2 1 10 2 1 33 1 2 1 10 2 1 46 39 1 2 1 5 3 1 39 2 1 4 2 1
362 3 1 41 2 1 4 1 2 42 11 35 1 10 2 1 2 33 1 2 1 9 3 1 35 50 3 1 3 2 3 1 39 2 1 4 1 2
362 3 2 40 2 1 4 1 54 1 35 2 1 2 6 3 2 33 1 2 1 9 3 44 2 4 36 1 2 1 6 2 1 39 2 4 1 2

357 2 1 4 1 2 40 2 1 2 4 50 3 35 1 2 1 10 1 2 33 1 2 1 6 2 49 3 1 39 2 1 4 2 1 40 2 3 1

372 3 2 3 1 42 2 1 2 6 2 49 1 3 1 35 2 1 2 7 4 2 35 1 2 13 45 2 3 42 1 2 1 5 1 42 2 3 1
372 1 2 5 2 1 41 2 8 44 4 1 4 2 1 35 1 2 8 1 4 2 36 1 51 8 2 3 1 40 1 2 5 2 1 42 2 3 1
373 2 1 4 1 42 2 1 2 6 2 49 1 3 1 35 1 2 1 8 4 2 35 1 2 58 2 3 1 41 1 2 1 5 1 42 2 3 1
372 4 1 4 2 40 4 1 2 4 1 51 4 35 1 2 1 12 2 35 1 2 1 6 2 50 1 3 1 40 2 1 5 2 1 42 2 3 1
372 2 1 5 2 1 40 1 2 10 43 5 1 2 1 37 1 2 8 1 4 2 36 1 51 8 2 3 1 40 1 2 5 2 1 42 2 3 1
372 2 5 1 2 1 40 1 3 5 1 2 1 42 47 1 4 1 9 1 2 35 2 3 2 4 2 3 38 11 42 2 4 2 1 2 44 1 3

362 3 42 1 3 2 3 1 48 3 37 2 1 2 6 2 3 33 2 1 2 7 3 1 86 1 2 1 5 1 2 1 39 1 3 2 3 1
362 3 1 41 2 1 2 4 2 51 36 2 1 2 6 2 1 2 33 1 2 1 7 1 4 1 85 1 2 1 5 3 1 39 2 1 2 4
363 1 2 43 1 2 5 1 47 1 3 36 1 2 1 10 35 1 2 1 12 1 45 1 39 1 2 1 5 1 2 1 39 1 2 1 5 1
362 3 42 1 2 1 5 2 51 36 2 1 2 6 2 1 2 33 1 2 8 1 4 1 85 1 2 1 5 1 2 1 39 1 2 4 2 1
363 2 1 41 1 3 2 3 1 48 40 1 2 1 11 1 33 2 1 2 7 2 1 2 85 1 2 1 5 1 2 1 39 1 3 2 3 1
362 3 42 1 2 1 5 2 38 13 37 1 2 1 6 2 1 2 33 1 2 8 1 4 1 86 2 1 2 4 2 1 39 1 2 4 2 1

372 1 2 5 1 2 40 1 2 1 5 1 2 1 42 47 1 5 4 5 1 2 34 1 2 10 1 2 1 39 51 1 6 2 1 2 42 1 3 1
372 2 1 4 2 1 41 1 2 1 5 1 2 1 50 39 1 2 1 12 2 34 1 2 1 8 5 45 1 3 1 41 2 1 5 2 1 44 1 3
372 2 1 2 4 2 40 2 1 2 6 1 51 4 35 1 2 1 12 2 34 1 2 1 7 2 50 1 3 1 40 2 1 5 2 1 42 2 3 1
373 2 1 4 1 2 40 1 4 1 2 5 52 2 35 1 2 1 10 3 1 34 2 1 2 7 2 46 7 1 39 2 1 2 4 3 42 1 4 1
373 1 2 1 5 1 40 1 3 1 6 1 54 1 35 1 2 9 4 1 35 2 1 2 6 2 41 10 3 1 39 4 1 4 2 1 42 1 4 1

362 1 2 1 41 2 1 5 2 42 3 1 3 39 1 12 2 1 33 3 11 3 33 6 3 4 3 36 1 2 1 5 2 1 41 2 1 6
362 2 1 42 1 2 6 2 39 3 1 8 36 3 1 9 1 2 33 11 1 4 1 33 1 2 9 42 1 5 1 3 39 1 2 5 2 1
362 1 2 1 43 2 1 4 1 46 1 41 2 1 10 2 1 33 1 3 1 9 2 1 35 50 3 1 3 2 3 1 39 2 1 4 1 2
362 3 1 41 1 2 5 1 2 39 4 1 7 36 5 8 1 2 33 1 15 1 37 1 7 40 1 3 5 1 2 1 38 2 1 5 2 1
362 3 1 41 3 1 6 1 45 4 38 2 3 2 6 2 1 33 1 3 7 5 1 37 8 40 1 3 5 1 2 1 38 1 2 5 2 1
362 1 2 43 3 4 1 40 2 4 2 42 1 11 1 2 34 2 3 7 1 2 1 34 4 48 2 1 5 1 2 1 38 1 2 4 2 1

378 1 2 1 42 2 1 2 4 3 46 1 6 37 1 2 12 2 34 1 2 1 10 1 2 1 47 42 1 2 1 6 2 1 40 2 1 4 1 2

372 2 1 4 2 1 41 1 2 1 5 1 2 1 50 39 1 2 1 12 2 34 1 2 1 8 5 45 1 3 1 41 2 1 5 2 1 44 1 3
372 2 1 4 1 2 41 1 2 1 5 1 2 1 89 1 2 1 9 1 2 1 35 1 2 10 1 2 1 43 48 2 1 4 1 2 43 2 1 2
372 1 2 4 2 1 41 1 3 5 1 2 1 89 1 4 1 8 1 2 1 34 2 1 2 8 1 2 1 37 53 2 5 1 2 1 43 1 3 1
372 1 2 4 1 2 41 1 3 5 1 2 1 89 1 4 1 8 1 2 1 34 2 1 2 8 1 2 1 37 53 2 5 1 2 1 43 1 3 1
372 1 5 1 2 1 41 1 2 1 5 1 2 1 41 48 1 3 10 1 2 1 34 1 2 11 2 1 39 4 1 46 3 5 1 2 43 1 3 1
372 2 1 4 2 1 41 1 2 1 5 3 1 50 1 38 1 2 1 12 2 34 1 2 1 8 5 45 1 3 1 41 2 1 5 2 1 44 1 3

358 2 1 4 2 1 39 1 3 2 3 1 3 50 35 1 2 1 10 2 1 33 2 1 2 7 2 1 50 39 2 1 4 1 2 41 1 4 1
358 2 1 4 1 2 39 1 3 2 3 1 3 50 35 1 2 1 9 1 2 1 33 2 1 2 7 3 1 88 2 1 4 1 2 41 1 4 1
358 2 1 4 1 2 39 1 3 2 3 1 3 50 35 1 2 1 9 1 2 1 33 2 1 7 2 3 1 88 2 1 4 1 2 42 1 3 1
358 2 1 4 1 2 39 1 2 1 5 1 3 50 35 1 2 1 9 1 2 1 33 1 2 12 1 42 1 45 2 1 4 1 2 43 1 2 1

379 1 2 42 1 2 5 1 2 41 1 3 1 8 37 5 9 1 36 2 10 5 1 39 8 1 3 38 1 2 1 5 1 2 42 1 2 6 1
379 1 2 42 2 1 2 4 2 54 37 1 2 1 7 3 1 36 1 2 1 8 1 4 1 47 42 1 2 1 5 3 1 40 2 1 2 4 2
379 1 2 42 1 2 5 1 2 41 1 3 1 8 37 5 9 1 36 2 13 2 1 38 1 8 4 38 1 3 5 1 2 42 1 2 4 2 1
379 1 2 42 3 1 3 2 55 1 37 1 2 1 7 3 1 36 1 2 1 8 1 5 47 3 39 1 2 1 5 3 1 40 2 1 2 4 2
379 1 2 42 1 2 5 1 2 41 1 3 1 45 5 8 1 2 35 2 12 1 2 1 38 1 7 43 1 7 2 1 2 41 1 2 4 1 2

358 1 5 3 1 39 1 2 1 5 2 41 1 6 1 3 1 34 1 11 3 35 2 1 13 35 1 7 3 2 39 4 2 4 1 43 1 2 1
358 2 1 4 1 2 40 2 1 2 4 50 3 35 1 2 1 10 1 2 33 1 2 1 6 2 49 3 1 39 2 1 4 2 1 40 2 3 1
358 1 3 2 3 1 39 1 2 1 5 1 2 1 39 46 1 13 1 2 33 2 1 7 4 2 35 1 7 1 43 2 4 2 1 2 43 3 1
358 2 1 4 1 2 39 1 2 1 5 1 2 1 85 1 2 1 9 1 2 1 33 1 2 10 1 2 42 46 2 1 4 1 2 41 2 1 2
358 1 3 2 3 1 39 1 2 1 5 1 2 1 39 46 1 13 2 1 33 2 1 7 4 2 35 1 7 1 43 2 4 2 1 2 43 3 1
358 1 5 2 1 40 1 2 1 5 1 2 1 39 1 45 1 13 2 1 33 2 1 7 4 2 35 1 7 1 43 2 4 2 1 2 43 3 1

378 1 2 1 42 1 3 2 3 1 92 1 2 1 6 4 1 36 2 1 2 7 2 1 2 51 38 2 1 2 4 3 2 40 1 3 2 3 1
378 1 2 1 42 2 3 1 3 2 40 52 2 1 9 2 1 35 1 3 1 8 2 1 2 51 37 1 2 4 2 1 2 42 2 3 1 3 2
378 2 1 45 1 2 4 1 49 6 37 2 1 2 7 3 1 35 1 2 1 8 2 1 2 51 38 2 1 2 4 2 3 40 1 2 1 5 1
380 2 42 1 2 5 1 2 41 1 3 1 45 5 1 7 2 1 35 2 12 1 2 1 38 1 49 2 3 4 2 1 2 41 1 2 4 1 2
379 1 2 42 1 2 5 1 2 41 7 6 37 3 7 1 3 37 1 2 8 4 2 1 37 3 8 40 2 3 1 7 1 40 2 1 5 2 1
378 1 3 42 2 4 2 1 2 40 1 3 1 59 1 2 35 6 8 1 2 1 36 1 2 1 6 42 1 8 2 1 2 41 1 2 4 1 2

363 1 2 1 40 2 1 4 1 2 88 1 2 1 9 1 2 33 1 2 1 9 1 2 1 49 37 1 2 1 5 1 41 2 1 4 1 2
364 2 1 40 3 1 3 43 6 5 2 35 1 2 1 9 2 1 33 2 1 8 2 4 46 3 36 2 1 2 4 3 40 1 2 1 5 1
363 1 3 40 1 2 1 5 2 43 3 2 4 35 2 1 11 35 2 1 13 1 45 1 39 1 2 1 5 1 2 1 39 1 2 1 5 1
364 1 42 1 2 5 1 2 40 1 2 1 7 1 35 13 1 2 35 14 1 34 1 3 1 6 1 41 2 5 1 2 1 39 1 3 5 1
363 1 2 1 42 2 1 5 1 46 1 40 1 2 1 6 5 35 1 2 1 11 1 45 1 39 1 2 1 5 3 1 39 2 1 4 1 2
363 1 2 1 40 2 1 4 1 54 1 35 1 2 1 10 2 33 1 2 1 8 1 3 44 6 36 1 2 1 6 1 2 39 2 1 4 1

358 1 5 3 1 39 1 2 1 5 2 41 1 6 1 3 1 34 1 11 3 35 2 1 13 35 1 7 3 2 39 4 2 4 1 43 1 2 1
358 2 1 4 1 2 40 2 1 2 4 50 3 35 1 2 1 10 1 2 33 1 2 1 6 2 49 3 1 39 2 1 4 2 1 40 2 3 1

364 1 42 2 1 4 1 2 88 1 3 2 3 4 2 1 33 1 2 1 9 1 2 1 35 50 3 1 5 1 2 1 39 2 1 4 1 2
363 1 2 41 1 3 2 3 1 88 1 2 1 8 1 2 1 33 2 1 2 7 2 1 2 86 1 2 4 2 1 2 39 1 3 2 3 1
363 2 1 41 1 3 2 3 1 48 40 1 2 1 11 1 33 2 1 2 7 2 1 2 85 1 2 1 5 1 2 1 39 1 3 2 3 1
363 1 2 41 1 3 2 3 1 88 1 2 1 8 1 2 1 33 2 1 2 7 2 1 2 85 1 2 1 6 1 2 39 1 3 2 3 1
363 1 2 41 2 1 4 1 2 52 36 1 2 1 9 1 35 1 2 1 10 2 1 45 40 1 2 1 5 1 2 1 39 2 1 4 2 1

374 2 1 4 2 1 40 2 1 2 6 53 2 1 35 1 2 1 8 4 2 34 1 2 1 58 2 3 1 39 2 1 2 4 2 1 42 2 3 1
374 2 1 4 1 2 42 2 1 2 52 4 2 1 36 1 2 1 11 1 2 34 2 1 2 8 51 3 1 39 2 1 2 4 2 1 42 2 3 1
374 2 5 2 1 40 2 1 2 4 53 2 1 2 35 1 2 1 8 4 2 34 1 2 1 58 2 3 1 39 2 1 2 4 2 1 42 2 3 1
373 3 2 3 1 42 2 1 2 6 2 49 1 3 1 35 2 1 2 7 4 2 34 1 2 1 58 2 3 1 41 1 2 1 5 1 42 2 3 1
374 2 1 4 1 2 40 1 2 1 5 1 2 1 89 1 2 1 10 1 2 1 34 1 2 1 10 2 1 44 46 2 1 4 2 1 46 2 1 2
374 2 1 4 1 2 40 3 1 3 2 3 1 89 1 2 11 1 2 1 34 2 1 2 7 2 1 2 37 6 47 2 1 2 4 3 43 1 4 1

363 1 2 44 2 1 5 46 1 3 1 36 1 2 1 10 2 34 1 2 1 12 45 1 2 37 1 2 1 5 1 2 1 38 2 1 2 6
363 2 1 41 2 1 5 1 2 38 2 3 2 55 2 1 33 1 3 9 1 2 1 33 1 3 1 8 40 2 6 3 1 39 3 1 3 2
363 2 1 42 2 1 4 1 2 87 1 2 1 9 1 2 33 1 2 1 9 1 2 1 85 1 2 1 5 1 2 1 38 2 1 4 1 2
365 1 41 2 1 5 1 2 40 1 2 1 7 36 5 8 1 2 33 1 13 2 1 37 1 47 1 3 5 1 2 1 38 2 1 4 2 1
363 1 2 44 2 1 5 46 1 3 1 36 1 2 1 10 2 34 1 2 1 12 46 2 37 1 2 1 5 1 2 1 38 2 1 2 4 2

373 2 1 4 1 2 41 1 2 1 5 1 2 1 89 1 2 1 9 1 2 1 35 1 2 10 1 2 1 43 48 2 1 4 1 2 43 2 1 2
373 1 5 2 1 42 1 2 1 5 1 2 1 41 1 47 1 13 1 2 1 34 14 2 1 37 2 4 1 46 2 1 5 1 2 1 42 4 2 1
373 2 1 4 2 1 41 1 2 1 5 1 2 1 50 39 1 2 1 12 2 34 1 2 1 8 5 45 1 3 1 41 2 1 5 2 1 44 1 3
374 2 1 4 2 41 2 1 2 8 49 1 2 1 36 1 2 1 8 4 2 34 1 2 1 58 2 3 1 39 2 1 2 4 2 1 42 2 3 1
374 3 1 3 2 41 2 1 2 8 49 1 2 1 36 1 2 1 8 4 2 34 1 2 1 58 2 3 1 39 2 1 2 4 2 1 42 2 3 1

379 1 2 42 1 2 1 5 2 1 53 38 1 2 1 6 3 1 36 2 1 9 1 4 1 47 42 1 2 1 5 3 1 40 1 2 1 5 2
379 2 1 42 2 1 2 4 3 46 1 6 37 1 9 5 2 34 1 2 1 10 1 2 1 47 42 1 2 1 6 2 1 40 2 1 4 1 2
379 2 1 42 1 2 4 2 1 2 41 49 2 3 1 3 5 1 2 34 1 2 11 1 2 1 89 2 1 5 1 2 1 41 1 2 4 1 2
381 43 1 2 4 2 1 2 39 2 3 9 39 3 1 6 2 1 2 34 1 5 9 2 1 89 1 2 1 5 1 2 1 40 1 2 4 1 2
379 1 2 42 3 2 3 1 3 41 6 43 2 1 2 9 1 2 34 1 2 11 3 1 48 41 1 2 1 5 1 2 1 41 1 2 1 5 1
379 2 1 42 1 2 4 2 1 2 41 49 2 3 1 3 5 1 2 35 2 3 8 1 2 1 89 2 1 6 1 2 1 40 1 2 4 1 2

379 1 2 42 2 1 2 4 2 54 38 1 2 1 6 3 1 36 1 2 1 8 1 4 1 47 42 1 2 1 5 3 1 40 2 1 2 4 2
379 1 2 42 2 1 2 4 2 54 37 1 2 1 7 3 1 36 1 2 1 8 1 4 1 47 42 1 2 1 5 3 1 40 2 1 2 4 2
379 1 2 42 1 2 5 1 2 41 1 3 1 8 37 5 9 1 36 2 13 2 1 39 8 4 38 1 2 1 5 1 2 42 1 2 4 2 1
379 1 2 42 1 2 5 1 2 41 1 3 1 8 37 5 9 1 36 2 10 5 1 36 2 1 8 1 3 38 4 5 1 2 42 1 2 6 1
379 1 2 42 1 2 5 1 2 41 1 3 1 8 37 5 9 1 36 2 13 2 1 38 1 8 4 38 1 3 5 1 2 42 1 2 4 2 1
379 1 2 42 3 1 3 2 55 1 37 1 3 1 6 3 1 36 1 2 1 8 1 5 47 3 39 1 2 1 5 3 1 40 2 1 2 4 2

359 2 1 4 1 2 41 4 2 1 2 38 49 1 3 9 1 2 1 33 2 1 2 7 1 2 1 35 53 2 1 4 1 2 40 1 4 1 2
359 2 1 4 1 2 41 4 1 2 4 36 49 1 3 9 1 2 1 33 2 1 2 6 2 1 2 35 53 2 1 4 1 2 40 1 4 1 2
359 1 3 2 3 1 40 2 1 2 4 2 1 85 2 1 2 7 2 1 2 33 1 2 1 7 4 1 45 43 1 3 2 3 1 40 2 5 1
359 1 5 2 1 40 1 2 1 5 1 3 39 1 45 1 10 1 2 1 35 2 1 7 2 3 1 35 1 12 39 2 3 1 5 42 1 3 1
359 2 1 4 1 42 2 1 2 4 2 1 47 3 1 34 1 2 1 7 2 37 1 2 1 11 1 43 4 2 39 2 1 2 4 41 2 4 2

379 1 2 42 4 2 1 4 40 9 43 2 1 2 7 2 1 35 1 3 1 8 2 1 2 36 52 3 2 4 2 1 2 40 2 3 1 3 2
379 1 2 42 1 2 5 1 2 41 1 3 1 8 37 5 9 1 36 2 10 5 1 39 8 1 3 38 1 2 1 5 1 2 42 1 2 6 1
379 1 2 42 2 1 2 4 2 54 37 1 2 1 7 3 1 36 1 2 1 8 1 4 1 47 42 1 2 1 5 3 1 40 2 1 2 4 2
379 1 2 42 1 2 5 1 2 41 1 3 1 8 37 5 9 1 36 2 13 2 1 38 1 8 42 1 3 5 1 2 1 41 1 2 4 2 1
380 2 42 1 2 5 1 2 41 1 3 1 45 5 1 7 2 1 35 2 12 1 2 1 38 1 49 2 3 4 2 1 2 41 1 2 4 1 2

359 2 1 4 1 2 41 4 2 1 2 38 49 1 3 9 1 2 1 33 2 1 2 7 1 2 1 35 53 2 1 4 1 2 40 1 4 1 2
359 1 5 3 1 39 1 2 1 5 2 41 1 6 1 3 1 34 1 11 3 35 2 1 13 35 1 7 3 2 39 4 2 4 1 43 1 2 1

364 3 40 1 4 2 4 47 2 1 2 35 1 2 1 5 3 4 33 2 1 2 12 46 2 37 1 2 1 5 1 2 1 39 1 3 2 4
364 1 43 2 1 4 1 2 51 1 35 1 2 1 9 1 2 33 1 2 1 12 1 45 1 39 1 2 1 5 1 2 1 40 1 2 5 1
364 1 2 40 2 1 4 1 2 88 1 2 1 8 1 2 1 33 1 2 1 9 1 2 1 85 1 2 4 2 1 2 40 2 1 4 1 2
364 1 42 1 2 5 1 2 39 1 3 1 7 1 35 5 8 1 2 33 2 14 1 35 3 7 1 40 3 5 1 2 1 40 1 2 5 1
364 1 42 2 4 2 1 2 38 1 2 1 9 1 36 12 1 2 39 10 1 36 3 1 5 1 39 1 2 6 1 2 1 40 1 2 5 1
365 1 41 1 4 2 1 52 3 35 1 2 1 5 4 3 33 2 1 2 8 3 1 46 39 1 2 1 5 1 2 1 39 1 3 2 3 1

364 1 42 2 1 4 1 2 88 1 3 2 3 4 2 1 33 1 2 1 9 1 2 1 35 50 3 1 5 1 2 1 39 2 1 4 1 2
365 42 1 2 1 5 2 38 13 37 1 2 1 6 2 1 2 33 1 2 8 1 4 1 85 1 2 1 5 1 2 1 39 1 2 4 2 1
365 42 1 2 1 5 2 38 13 37 1 2 1 6 2 1 2 33 1 2 8 1 4 1 85 1 2 1 5 1 2 1 39 2 1 4 2 1

359 1 2 5 1 40 1 2 4 2 1 2 87 1 3 1 7 1 2 1 32 2 1 2 8 1 2 1 38 48 1 2 5 2 1 41 4 1 2
359 2 1 4 1 2 41 1 2 4 1 2 86 1 4 8 1 2 1 32 1 3 1 8 1 2 1 36 2 48 1 3 5 1 2 41 1 3 2
359 2 1 4 1 2 39 1 2 1 5 1 2 86 1 2 1 9 1 2 1 32 1 2 1 9 1 2 1 88 2 1 4 1 2 41 1 3 2
359 1 2 4 1 2 39 2 3 1 3 2 44 43 2 3 8 1 2 1 32 1 2 10 1 2 1 86 1 2 4 2 1 2 40 1 4 1 2
359 2 1 4 2 1 39 1 3 2 3 1 53 35 1 2 1 7 5 1 32 1 3 2 7 1 2 1 35 11 42 2 1 6 1 41 1 3 1
359 1 5 1 2 1 39 1 2 5 1 2 1 86 1 3 1 8 1 2 1 32 1 2 1 9 1 2 1 86 1 5 1 2 1 43 1 2 1

375 2 1 4 2 1 40 2 1 2 58 1 2 1 35 1 2 1 8 4 2 34 1 2 1 58 2 3 1 39 2 1 2 4 2 1 42 2 3 1
375 2 1 4 1 2 40 2 1 2 6 2 50 4 35 1 2 1 10 1 2 1 34 1 2 1 12 45 1 6 39 2 1 4 2 1 46 2 3 1
374 2 1 2 6 41 1 2 1 5 1 2 50 1 3 35 1 2 1 8 5 1 34 1 2 1 11 47 4 2 40 2 1 5 2 1 43 1 2 4
375 2 1 4 2 1 40 2 3 1 5 53 2 1 35 1 2 1 10 3 1 34 1 2 1 5 7 45 1 6 39 2 1 4 2 1 46 2 3 1
375 2 1 4 1 2 40 1 2 1 5 1 2 1 89 1 2 1 9 1 3 1 34 1 2 1 10 2 1 44 46 2 1 4 1 2 46 2 1 2
374 1 3 2 3 1 41 1 2 1 5 1 2 1 41 48 1 10 4 1 2 34 2 1 8 5 1 37 7 4 42 2 1 2 4 2 43 1 6 1

365 1 41 3 5 2 1 39 2 3 1 3 39 5 2 6 2 1 34 1 13 2 33 4 3 5 40 1 7 1 3 1 38 2 4 2 1 2
365 1 41 2 1 5 1 2 40 1 2 1 43 5 8 2 1 33 1 12 1 2 1 37 1 47 1 3 5 1 2 1 38 2 1 4 1 2
365 1 41 2 1 5 3 40 1 2 1 5 38 5 8 2 1 33 1 12 3 1 33 4 1 47 1 3 5 1 2 1 38 2 5 1 2 1
365 1 41 1 2 5 1 2 39 1 3 1 7 36 5 8 1 2 33 1 13 2 1 37 1 47 1 3 5 1 2 1 38 2 1 4 1 2
365 1 41 1 2 5 1 2 39 1 3 1 7 36 5 8 1 2 33 1 15 1 37 1 7 1 39 1 3 5 1 2 1 38 2 1 7 1

374 5 1 2 1 42 1 2 4 2 1 2 90 1 3 1 9 1 2 1 34 1 2 10 1 2 1 39 51 1 2 4 2 1 2 42 1 4 1 2
375 1 2 5 1 41 1 3 2 3 1 3 91 1 3 1 8 2 1 34 2 1 2 8 3 1 40 8 42 1 2 5 1 2 1 42 1 4 2 1
374 1 2 4 2 1 41 1 2 1 5 1 2 1 89 1 4 1 8 1 2 1 34 2 1 4 6 3 1 37 53 2 5 1 2 1 43 1 4 3
374 1 2 4 1 2 41 3 1 3 2 3 1 89 1 4 1 8 1 2 1 34 2 1 2 8 1 2 1 37 53 2 5 1 2 1 44 1 2 1
374 1 5 2 1 42 1 2 1 5 1 2 1 41 1 47 1 13 1 2 1 34 14 2 1 37 2 4 1 46 2 1 5 1 2 1 42 4 2 1
375 2 1 4 2 41 2 1 2 8 49 1 2 1 36 1 2 1 8 4 2 34 1 2 1 58 2 3 1 39 2 1 2 4 2 1 42 2 3 1

380 1 44 1 2 1 5 1 51 40 2 1 2 8 2 1 35 1 2 1 8 1 3 2 51 38 2 1 2 4 2 1 42 1 2 1 5 1
380 1 43 1 2 5 2 1 41 2 3 1 3 41 15 1 35 2 1 12 1 2 35 1 2 6 2 47 3 1 3 2 41 1 3 2 3 1
380 1 43 1 5 1 2 1 50 5 37 1 2 1 6 4 1 36 2 1 2 10 2 1 50 39 1 3 2 3 1 3 40 1 6 1 2 1
380 2 42 2 1 5 1 2 40 1 7 2 4 40 1 6 5 37 1 2 11 2 1 35 5 49 1 3 5 1 2 1 40 2 5 1 2 1
380 2 48 1 3 1 40 1 5 2 1 5 37 3 11 1 37 1 2 11 2 1 39 1 7 42 1 3 5 1 2 1 40 1 2 5 2 1
380 2 42 2 1 5 1 2 42 1 2 1 45 5 8 1 2 35 2 4 8 1 2 1 36 2 1 7 43 8 2 1 2 41 3 4 1 2

374 1 5 2 1 42 1 2 1 5 1 2 1 41 1 47 1 13 1 2 1 34 2 1 10 1 2 1 36 1 53 4 1 2 4 1 43 1 2 1
374 1 5 1 2 1 41 1 2 1 5 1 2 1 41 48 1 3 9 2 1 2 34 2 1 10 1 2 1 36 54 3 1 3 2 3 43 1 2 1
374 1 5 1 2 1 42 1 2 4 2 1 2 38 51 1 3 2 8 1 2 1 34 2 1 2 8 1 2 1 36 57 1 4 1 2 43 3 1 3
374 1 5 3 1 41 1 2 1 6 2 1 41 1 8 39 1 12 4 1 34 2 1 8 1 3 1 38 8 6 39 3 1 3 2 3 42 1 5 2
374 1 2 4 1 2 42 2 3 1 3 2 39 51 2 3 1 8 1 2 1 34 1 3 1 8 1 2 1 90 2 5 1 2 1 42 4 2 1 2
374 1 5 1 2 1 42 1 2 4 2 1 2 38 51 1 3 2 7 2 1 2 34 2 1 2 8 1 2 1 36 57 1 3 2 3 42 3 1 3

374 2 1 4 1 2 42 2 1 2 4 2 1 89 1 2 1 9 1 2 1 35 2 1 9 1 2 1 92 2 1 4 1 2 42 1 2 1 5
375 4 2 1 43 2 6 2 3 38 2 3 1 8 38 4 1 7 1 2 1 35 12 3 1 37 2 1 51 2 5 1 2 1 42 4 2 1 2
374 1 5 2 1 42 1 2 1 5 1 2 1 41 1 47 1 13 1 2 35 2 1 7 4 2 37 1 7 1 45 2 4 2 1 2 45 3 1
374 1 3 2 3 1 42 3 2 3 1 3 38 51 1 2 1 8 2 1 2 35 3 1 9 2 1 37 9 48 2 1 4 1 42 5 1 2 1
374 1 2 4 1 2 41 1 3 2 3 1 3 44 8 37 1 4 8 1 2 1 35 2 12 2 37 4 50 2 4 2 1 2 42 2 1 4 1
374 1 3 2 3 1 41 5 1 2 5 89 2 1 2 7 2 1 2 35 1 3 1 7 1 2 1 37 55 1 3 2 3 1 42 1 5 2 1

422 2 42 1 2 5 1 2 41 1 3 1 45 5 1 7 2 1 35 2 12 1 2 1 38 1 49 2 3 4 2 1 2 41 1 2 4 1 2
422 2 42 3 1 3 2 45 10 1 37 1 3 7 3 1 36 1 2 1 8 1 5 36 11 3 38 3 1 6 3 1 40 2 1 2 4 2 42
422 2 42 3 1 3 2 45 10 1 37 1 3 1 6 3 1 36 1 2 1 8 1 5 47 3 38 3 1 6 3 1 40 2 1 2 4 2 42
422 2 42 2 5 1 2 1 40 1 2 5 2 4 48 4 36 1 3 1 10 2 1 35 2 3 1 5 3 1 40 12 40 2 3 1 3 2 42

406 1 41 3 1 3 2 43 10 36 1 3 5 4 2 1 33 1 2 1 7 3 2 36 50 3 1 5 1 2 1 39 2 1 4 2 1 41

406 1 41 2 1 5 2 39 1 4 1 44 4 8 2 1 33 12 1 2 1 34 2 3 6 41 1 2 6 1 2 1 38 4 2 3 2 41
406 1 41 1 2 5 1 2 39 1 3 1 7 36 5 8 1 2 33 1 15 1 37 1 7 40 1 3 5 1 2 1 38 2 1 5 2 1
406 1 41 1 2 5 1 2 39 1 3 1 7 36 5 8 1 2 33 1 15 1 37 1 7 1 39 1 3 5 1 2 1 38 2 1 7 1
406 1 41 2 1 5 1 2 40 1 2 1 7 36 5 8 1 2 33 1 13 2 1 37 1 7 40 1 3 5 1 2 1 38 2 1 5 2
406 1 41 3 5 2 1 39 2 3 1 3 39 5 2 6 2 1 34 1 13 2 33 4 3 5 40 1 7 1 3 1 38 2 4 2 1 2

390 2 1 2 4 44 1 2 1 5 2 1 52 41 2 1 4 6 2 1 2 36 2 1 2 6 4 1 43 52 1 2 5 1 2 1 44 4 2 1 2

406 42 1 3 2 3 1 39 2 1 4 2 1 88 2 1 2 7 2 1 2 33 1 2 1 5 2 1 4 48 40 1 3 2 3 1 41
407 41 2 1 4 1 2 39 2 1 6 1 3 50 35 1 4 8 1 2 1 33 3 1 3 8 1 36 2 6 2 41 3 5 1 2 41
406 1 41 3 1 3 45 2 7 1 36 1 3 1 6 3 1 34 1 3 8 1 50 2 1 36 2 1 2 8 38 1 3 2 3 1 42
448 1 2 4 1 2 40 1 2 1 5 1 2 85 1 4 1 7 1 2 1 33 2 1 2 6 1 3 1 36 10 41 2 5 1 3 41
407 41 1 2 4 1 2 39 1 2 1 5 1 3 40 10 36 1 9 5 1 34 1 10 1 2 1 39 1 6 41 1 2 1 6 1 41
406 1 41 1 2 4 2 41 1 6 1 4 44 2 4 35 1 4 11 1 33 2 1 2 6 2 39 10 2 1 38 2 3 1 3 2 41

424 1 42 1 6 1 2 1 40 1 2 1 5 1 44 1 10 2 36 15 1 36 2 10 1 41 1 2 1 6 2 1 40 4 2 4 1 43
424 1 42 2 4 2 1 2 91 1 2 1 6 1 3 1 36 1 4 1 8 1 2 1 90 1 2 1 5 2 1 40 2 4 2 1 2 43
424 1 42 1 6 1 2 1 40 1 2 1 5 1 45 10 1 37 1 4 9 2 36 4 7 43 2 6 2 1 2 40 2 1 5 1 2 43
467 2 3 1 3 2 40 2 1 2 4 2 1 2 88 1 2 1 9 1 3 1 36 1 3 1 6 1 2 1 42 49 2 3 1 3 2 43
467 2 3 1 3 2 40 2 1 2 4 2 1 2 88 1 2 1 10 1 2 1 36 1 3 1 6 1 2 1 42 49 2 3 1 3 2 43
424 1 42 2 1 2 4 42 12 40 1 3 2 3 1 3 2 35 1 2 9 1 4 1 36 55 2 1 5 2 1 40 2 3 1 3 2 43

424 1 42 2 3 1 3 2 40 12 40 1 3 5 1 3 2 35 1 2 10 1 3 1 36 4 48 4 2 5 2 1 40 1 2 1 5 2 42
425 42 2 5 1 2 1 40 1 2 5 2 4 48 4 36 1 3 1 10 2 1 35 2 3 1 5 3 1 40 12 40 2 3 1 3 2 42 1

426 42 1 6 1 2 1 41 2 1 5 1 2 43 48 1 4 11 1 35 2 1 7 1 5 38 7 1 3 1 41 2 1 5 2 1 43 1
426 42 2 1 5 1 2 40 1 2 1 6 1 47 8 1 35 2 4 1 8 1 2 35 2 4 1 9 40 8 2 41 1 7 2 1 43 1
426 42 1 2 5 1 43 1 3 5 1 2 38 15 1 35 2 1 9 4 2 35 1 4 7 1 3 41 7 2 41 1 2 1 6 1 43 1
426 42 1 2 1 5 2 41 3 1 5 1 3 37 12 3 36 2 1 9 5 1 35 1 2 6 3 4 42 3 5 42 1 3 2 3 1 43
426 43 1 2 4 2 1 40 3 1 5 1 2 40 14 36 1 2 1 8 4 1 37 1 4 6 1 3 42 8 42 1 2 1 5 1 43 1
426 42 1 5 1 2 1 42 1 2 6 4 37 15 36 2 3 1 8 1 2 1 35 1 2 4 5 3 1 40 8 43 1 6 1 2 44 1

354 2 4 2 1 2 38 1 3 5 1 2 1 40 45 1 4 1 7 1 2 1 35 1 3 6 1 2 1 36 52 4 2 1 2 42 2
354 1 2 7 1 38 3 1 6 2 38 3 7 1 3 1 33 1 2 8 4 1 36 50 3 1 5 1 2 1 39 2 1 4 2 1 41
355 2 1 4 1 2 38 3 6 1 2 1 37 3 45 1 2 1 9 1 2 1 35 5 6 1 2 36 5 1 47 1 4 1 2 43 1
354 1 6 1 2 1 38 1 2 1 5 1 2 1 39 1 45 1 15 1 35 8 2 4 36 3 1 3 2 3 40 1 2 4 2 1 43
354 1 2 4 1 2 39 1 2 1 5 1 2 1 40 45 1 2 10 1 2 1 35 1 9 1 2 1 36 52 2 1 4 1 2 41 2
354 1 2 4 1 2 39 1 2 1 5 1 2 1 40 45 1 2 10 1 2 1 35 1 7 2 3 1 36 7 45 1 2 4 1 2 43

375 1 4 1 46 1 2 4 2 46 1 6 1 36 1 2 11 1 2 35 1 2 1 12 1 47 1 41 1 2 1 5 1 2 1 41 1 3 5 1
376 1 4 1 43 2 1 5 3 46 1 4 39 1 2 11 2 1 34 1 2 1 10 3 1 48 41 1 2 1 5 1 2 1 41 1 2 1 5 1
375 2 4 1 43 1 3 2 3 48 2 5 1 36 1 2 11 1 36 1 2 1 13 1 47 1 41 1 2 1 5 1 2 1 41 1 2 1 5 1
375 2 1 4 43 1 2 1 5 2 53 37 1 2 1 8 2 1 2 34 1 2 1 8 1 4 1 89 2 1 5 1 2 1 42 1 2 4 2 1
377 1 2 1 44 1 2 1 5 2 53 37 1 2 1 8 2 1 2 34 1 2 1 8 1 4 1 89 1 2 1 5 1 3 41 1 2 4 2 1
378 1 2 43 3 1 3 2 3 46 7 1 36 1 2 1 11 2 34 2 1 2 9 3 1 47 1 41 1 2 1 6 2 1 41 1 3 2 3 1

360 2 3 1 41 1 2 4 1 4 40 8 2 36 1 3 7 2 3 1 32 1 2 13 1 35 8 2 43 1 3 2 3 1 39 1 6 2 1
361 1 3 1 41 1 6 1 2 42 11 35 1 2 1 7 2 3 1 32 1 5 7 1 2 1 35 53 1 3 2 3 1 39 2 1 4 1 2
361 1 3 2 41 2 3 1 42 1 5 7 1 35 2 1 11 2 1 33 1 11 3 39 1 6 1 3 37 1 2 1 5 2 1 39 1 5 3
362 1 2 1 41 2 1 4 1 2 88 1 2 1 9 1 2 1 32 1 2 1 9 1 2 1 86 1 2 1 5 2 1 39 2 1 4 1 2
362 3 2 41 2 4 1 41 1 5 2 5 1 35 2 1 11 2 1 33 1 11 3 39 1 6 1 40 1 2 1 5 2 1 39 1 5 3 1
361 1 3 2 40 1 2 4 2 1 2 37 1 3 49 8 2 1 2 32 2 1 11 2 1 35 3 4 46 4 2 1 2 40 2 1 4 1 2

371 1 2 4 2 1 41 1 2 1 5 1 2 1 42 47 1 2 11 1 2 1 36 1 10 1 2 1 37 5 49 4 2 3 1 43 2 1 2
371 2 1 5 1 2 40 2 1 2 6 2 1 42 4 3 4 35 2 1 9 5 37 1 10 46 5 1 2 1 40 1 2 1 6 1 42 1 2
371 3 1 5 1 41 2 1 2 6 2 1 42 6 3 1 36 1 2 1 8 1 5 35 2 1 9 3 48 3 1 40 2 1 2 6 42 2 1
371 1 2 1 5 1 41 2 3 8 1 39 3 6 1 2 1 36 1 2 9 1 5 35 3 12 39 3 6 1 2 1 40 2 1 2 6 44 3
371 2 1 4 2 1 41 2 1 2 4 3 2 49 1 38 1 2 1 12 2 35 1 2 7 1 5 45 1 3 1 41 2 1 5 2 1 42 2
371 2 3 1 3 2 40 1 3 6 1 2 1 47 2 39 2 1 12 2 1 35 1 3 2 8 1 45 7 41 1 2 4 2 1 42 1 3 1

377 1 3 1 43 1 2 1 5 2 53 37 1 2 1 10 1 2 34 1 2 1 8 1 4 1 89 1 2 1 5 1 2 1 41 1 2 4 2 1
377 1 2 1 44 1 2 1 5 2 53 37 1 2 1 10 1 2 34 1 2 1 8 1 4 1 89 1 2 1 5 1 2 1 41 1 2 4 2 1
377 1 3 1 43 2 1 5 3 46 1 4 39 1 2 11 2 1 34 1 2 1 10 3 1 48 41 1 2 1 5 1 2 1 41 1 2 1 5 1
377 2 1 2 43 2 1 4 1 2 48 43 1 2 1 10 2 1 35 1 2 1 9 1 2 1 89 1 2 1 5 1 2 1 41 2 1 4 1 2

357 1 2 5 2 1 39 1 2 1 5 1 51 2 1 33 2 3 1 11 33 1 2 1 8 1 3 44 1 3 39 2 6 2 1 42 1 2 1
357 1 2 5 2 1 39 1 2 1 5 1 51 2 1 33 1 4 1 11 33 1 2 1 8 1 3 44 1 3 39 2 6 2 1 42 1 2 1
358 2 1 4 1 2 38 1 2 1 5 3 1 47 1 37 1 2 1 12 1 33 2 1 8 48 1 4 1 38 2 1 5 2 1 41 1 3 1
357 2 1 4 1 2 39 1 2 1 5 1 2 1 85 1 2 1 9 1 2 1 33 1 2 10 2 1 42 46 2 1 4 1 2 41 2 1 2
357 2 1 4 1 2 39 1 2 1 5 1 3 50 35 1 2 1 9 1 2 1 33 1 2 4 3 2 3 1 88 2 1 4 1 2 42 1 3
357 4 1 2 4 38 1 2 1 8 1 41 6 1 4 33 1 3 9 3 1 33 1 2 8 43 6 4 1 38 1 2 5 2 1 41 1 3 1

362 1 2 1 41 2 1 4 1 2 53 35 1 2 1 8 1 2 1 33 1 2 1 10 1 2 86 1 2 4 1 2 41 2 1 4 1 2
362 2 1 42 2 1 2 6 48 1 2 1 35 1 2 1 9 3 33 1 2 1 13 44 4 38 1 2 1 5 2 1 39 2 1 4 1 2
362 1 2 1 41 2 1 4 1 2 53 35 1 2 1 8 1 2 1 33 1 2 1 10 1 2 86 2 1 4 1 2 41 2 1 4 1 2
362 1 2 43 6 1 3 38 1 4 1 2 5 1 35 13 1 2 35 14 1 34 1 3 1 6 1 41 2 5 1 2 1 39 1 3 5 1
362 1 2 43 2 1 4 3 38 6 2 5 1 35 2 1 7 4 2 34 1 11 3 1 38 8 40 1 2 1 5 3 39 1 3 2 3 1
362 1 3 41 1 3 2 3 1 40 5 43 5 2 6 2 1 33 2 1 2 7 2 1 2 34 54 1 5 1 2 1 39 1 3 2 3 1

373 2 3 1 3 2 40 5 2 1 4 1 40 49 1 2 11 1 2 1 36 3 1 6 2 1 2 37 6 49 1 2 4 1 2 43 1 4 1
373 2 3 1 3 2 40 2 3 1 3 2 55 36 1 3 1 8 1 3 1 35 1 2 1 6 2 1 2 52 40 4 1 2 4 42 2 3 2
373 2 1 5 2 1 42 1 6 1 2 1 38 11 40 2 1 5 3 4 2 1 35 1 4 1 7 2 1 91 2 1 5 2 1 42 1 5 1
373 1 5 1 2 1 42 1 2 5 1 2 1 38 51 2 3 1 8 1 2 1 35 1 2 1 9 1 2 91 1 5 1 2 1 46 1 2 1
373 2 1 5 1 2 40 1 2 1 5 1 2 1 89 1 2 1 10 1 2 1 35 1 2 6 5 2 44 1 46 2 1 5 1 2 44 4 1
373 2 4 2 1 2 40 1 3 5 1 2 1 42 47 1 4 1 8 1 2 1 37 3 8 2 1 37 1 53 2 4 2 1 2 44 1 3 1

359 2 1 4 1 2 39 1 3 2 3 1 3 50 35 1 2 1 9 1 2 1 33 2 1 2 7 2 1 89 2 1 4 1 2 41 1 4 1
359 2 1 4 1 2 39 1 2 1 5 1 3 50 35 1 2 1 9 1 2 1 33 2 1 7 2 3 1 43 45 3 4 1 2 42 1 3 1
359 2 1 4 1 2 39 1 2 1 5 1 3 50 35 1 2 1 9 1 2 1 33 1 2 7 5 1 43 45 2 1 4 1 2 42 1 4 1
359 2 1 4 2 1 39 1 3 2 3 1 3 50 35 1 2 1 10 2 1 33 2 1 2 7 2 1 50 39 2 1 4 1 2 41 1 4 1

381 1 43 2 1 5 1 44 1 2 1 7 37 1 5 8 1 2 35 1 13 2 1 39 1 7 42 1 3 5 1 2 1 40 2 1 5 2 1
380 2 42 1 2 4 2 1 2 39 1 2 1 51 8 2 1 2 34 2 1 11 1 2 1 36 1 2 4 52 2 1 2 42 2 1 4 1 2
380 2 42 1 2 4 2 1 2 39 1 2 1 51 8 2 1 2 34 2 1 11 1 2 1 36 1 2 4 48 4 2 1 2 42 2 5 1 2
381 1 42 1 2 4 2 1 2 39 1 2 1 10 41 8 2 1 2 35 1 4 9 2 1 35 1 54 1 6 1 3 1 40 1 5 1 2 1

407 1 40 1 6 1 2 1 41 6 1 39 1 2 1 10 1 34 1 5 9 1 36 10 40 3 1 5 1 2 1 39 2 1 4 2 1 41
407 1 40 1 2 4 1 2 39 1 2 1 5 1 53 2 34 2 3 8 1 2 34 2 3 1 5 4 36 10 2 40 1 5 1 2 1 41
406 2 41 2 3 1 42 1 5 2 1 4 1 35 2 1 11 2 34 1 11 3 39 1 6 1 3 37 1 2 1 5 2 40 1 5 3 1
406 1 41 3 1 3 2 43 10 36 1 3 5 4 2 1 33 1 2 1 7 3 2 36 50 3 1 5 1 2 1 39 2 1 4 2 1 41
407 1 40 2 1 4 1 2 42 46 1 6 2 1 5 1 33 1 2 1 9 1 2 36 50 3 1 5 1 2 1 39 2 1 4 1 2 41

449 1 2 4 2 1 39 1 2 1 5 1 2 1 85 1 4 1 8 2 1 33 2 1 2 6 1 2 1 37 13 38 2 5 1 2 1 42
449 1 5 1 2 1 39 1 2 1 5 1 2 1 39 1 45 1 13 2 1 35 1 8 1 2 1 36 1 7 6 40 4 2 1 2 41 1
408 41 1 2 1 5 1 40 2 10 36 4 5 1 3 2 34 2 1 8 3 2 34 2 53 1 5 1 2 1 39 2 1 4 2 1 40 1
408 41 2 1 4 1 2 39 1 2 1 5 1 3 50 36 2 1 9 1 2 1 33 1 5 1 2 6 1 46 42 2 1 4 1 2 40 1
408 41 1 2 4 1 2 39 1 2 1 5 1 3 50 36 2 3 7 1 2 1 33 1 2 4 5 3 1 36 10 43 2 3 1 3 41 1
408 41 2 1 4 2 1 39 2 5 6 42 4 3 2 34 1 2 1 7 3 2 34 5 46 4 6 1 2 1 39 2 1 4 2 1 40 1

368 1 2 5 1 2 40 1 2 1 5 1 2 1 42 47 1 2 9 2 1 2 35 2 1 10 1 2 1 37 5 1 49 1 2 1 6 43 1
368 1 2 5 1 2 40 1 2 1 5 3 1 42 7 1 39 1 2 13 1 35 2 1 8 5 1 37 7 1 2 1 44 1 5 1 2 43 1
368 2 1 4 2 1 41 2 1 2 4 3 51 1 38 1 2 1 12 2 34 1 2 1 7 1 5 45 1 3 1 41 2 1 5 2 1 42 2
369 2 1 4 1 2 42 2 1 2 4 48 4 3 36 1 2 1 11 1 2 34 2 1 2 8 51 1 2 1 39 2 1 2 4 2 1 42 2
369 2 1 4 1 2 42 2 1 2 52 4 2 1 36 1 2 1 11 1 2 34 2 1 2 8 51 1 2 1 39 2 1 2 4 2 1 42 2

360 1 3 1 42 2 1 4 3 45 43 1 3 2 7 1 2 33 1 2 1 9 1 2 1 35 50 3 1 5 1 2 1 39 2 1 4 1 2
360 1 2 1 43 2 1 4 1 2 45 1 42 1 12 2 1 33 1 2 1 9 1 2 1 35 50 3 1 3 2 3 1 39 2 1 4 1 2
360 1 2 1 43 2 1 4 1 2 89 1 2 8 1 2 1 33 1 2 1 9 1 2 1 35 50 3 1 5 1 2 1 39 2 1 4 1 2
361 2 1 2 41 2 1 4 1 2 46 42 2 1 10 2 1 33 1 2 1 9 1 2 1 85 1 2 1 5 1 2 1 39 2 1 4 1 2
360 1 4 1 41 2 1 4 1 2 88 1 3 7 2 1 2 33 1 2 1 9 1 2 1 35 50 3 1 3 2 3 1 39 2 1 4 1 2

376 4 2 42 1 2 5 1 2 41 1 3 1 8 37 5 9 1 36 2 13 2 1 38 1 8 42 1 3 5 1 2 1 41 1 2 4 2 1
375 2 3 2 42 4 2 1 4 40 52 2 1 2 6 1 2 1 35 1 3 1 8 1 3 1 36 55 2 3 1 3 2 40 2 3 1 3 2
377 1 2 1 43 1 3 2 3 1 50 42 1 2 1 9 2 1 35 2 1 2 10 1 2 51 38 1 2 4 2 1 2 41 1 6 1 2 1
376 1 3 2 43 1 3 2 3 1 49 5 37 1 2 11 1 36 1 2 1 13 1 47 1 41 1 2 1 5 1 2 1 41 1 2 1 5 1
376 1 3 2 42 1 2 4 1 2 41 1 3 2 8 50 2 1 35 2 4 8 3 36 1 2 9 3 41 2 4 2 1 2 40 1 2 4 3
375 1 2 4 42 6 1 2 1 41 1 5 2 6 48 3 1 38 3 1 9 2 1 36 1 3 2 8 39 2 7 1 3 41 1 5 1 2 1

356 2 1 4 1 2 41 1 3 2 3 1 37 49 1 3 9 1 2 1 33 2 1 7 2 1 2 36 53 2 1 4 1 2 40 1 3 1
356 1 3 2 3 1 39 1 2 4 2 1 2 40 46 1 3 8 2 1 2 33 2 10 1 2 1 35 1 54 2 1 4 1 41 1 2 1
356 1 3 2 3 1 40 2 1 2 4 2 86 2 1 2 7 2 1 2 33 1 2 1 7 1 3 1 88 1 3 2 3 1 40 2 1 2
356 1 3 2 3 1 39 1 2 1 5 2 1 40 8 38 1 3 11 1 34 2 1 10 1 2 35 6 2 5 1 38 3 1 6 43 2 1
356 1 3 2 3 1 39 1 2 4 2 1 2 86 2 1 2 7 2 1 2 33 1 2 9 1 2 1 88 1 3 2 3 1 41 1 2 1
356 1 5 1 3 40 1 5 1 2 1 38 49 1 5 7 1 2 1 33 2 1 2 7 1 2 1 35 53 2 1 4 1 2 40 1 3 1

361 1 3 1 41 6 2 1 2 38 1 2 49 1 7 2 1 2 33 1 3 9 1 2 1 33 2 4 51 2 1 4 1 38 1 2 4 1 2
361 1 3 1 41 1 2 5 2 1 38 1 4 2 4 43 10 1 33 1 3 9 3 1 33 4 1 2 4 41 1 8 1 3 38 4 2 1 4
361 1 2 1 42 1 2 6 2 39 3 1 8 36 3 1 9 1 2 33 11 1 4 1 33 1 2 51 1 5 1 2 1 39 1 2 5 2 1
361 1 2 1 42 1 2 6 2 39 3 1 8 36 3 1 9 1 2 33 11 1 4 1 33 1 2 9 42 1 5 1 3 39 1 2 5 2 1
361 2 1 2 41 2 1 4 1 2 46 42 1 2 10 2 1 33 1 2 1 9 1 2 1 85 1 2 1 5 1 2 1 39 2 1 4 1 2
361 3 1 42 2 1 4 1 2 88 1 3 2 3 4 2 1 33 1 2 1 9 1 2 1 35 50 3 1 5 1 2 1 39 2 1 4 1 2

371 1 5 1 2 1 41 1 2 1 5 1 2 1 41 48 1 3 10 1 2 1 34 1 2 11 2 1 39 4 1 46 3 5 1 2 43 1 3 1
371 1 2 4 1 2 41 1 2 1 5 1 2 1 89 1 4 1 8 1 2 1 34 2 1 10 1 2 1 37 53 2 5 1 2 1 43 1 3 1
371 2 1 4 1 2 41 1 2 1 5 1 2 1 89 1 2 1 9 1 2 1 35 1 2 10 1 2 1 43 48 2 1 4 1 2 43 2 1 2

377 1 3 1 42 2 1 2 4 2 51 40 1 2 1 11 1 35 1 2 1 7 1 3 1 91 1 2 1 5 1 2 1 40 2 1 2 4 2
377 2 1 2 43 2 1 4 1 2 48 43 1 2 1 10 2 36 1 2 1 9 1 2 1 89 1 2 1 5 1 2 1 41 2 1 4 1 2
379 1 2 42 1 2 5 1 2 41 1 3 1 8 37 5 9 1 36 2 13 2 1 38 1 8 42 1 3 5 1 2 1 41 1 2 4 2 1
377 2 1 2 42 2 4 2 1 2 42 49 1 2 6 4 1 2 36 1 3 1 8 1 2 1 46 42 1 2 6 2 1 2 42 2 3 1 3
377 1 2 44 6 2 1 2 40 1 2 1 48 12 1 2 35 5 1 8 1 2 1 36 1 2 1 6 42 1 8 2 1 2 41 1 5 1 3
377 2 1 2 42 2 1 4 1 2 47 45 1 5 7 2 1 35 1 3 10 1 2 1 36 3 49 3 2 4 2 1 2 40 2 1 4 2 1

358 1 2 4 2 1 39 1 2 4 2 1 2 87 1 3 9 1 2 32 2 1 2 9 1 2 38 6 42 1 2 5 1 2 1 40 4 1 2
358 1 5 3 1 39 1 2 1 5 2 41 1 6 1 3 1 34 1 11 3 35 2 1 13 35 1 7 3 2 39 4 2 4 1 43 1 2 1
361 4 2 1 39 2 1 4 1 2 47 4 2 1 34 2 1 2 6 4 34 1 2 1 56 2 3 1 37 1 2 1 5 2 1 41 1 3 1
358 2 1 4 1 2 39 1 2 4 2 1 2 86 1 4 8 1 2 1 32 1 3 9 1 2 1 36 2 48 1 3 5 1 2 41 1 3 2
358 1 2 4 2 1 39 1 3 2 3 1 45 8 35 1 13 2 1 32 1 3 2 7 3 1 36 2 8 40 4 1 4 2 1 41 1 3 2
358 1 5 1 2 1 39 1 2 1 5 2 1 40 1 45 1 13 1 2 35 11 1 2 35 4 2 3 42 1 2 5 1 2 1 40 3 1 3

373 1 5 1 2 1 41 1 2 1 5 1 2 1 41 48 1 3 9 2 1 2 34 2 1 10 1 2 1 36 54 3 2 3 1 3 43 1 2 1
373 1 5 1 2 1 41 1 2 1 5 1 2 1 41 1 47 1 12 2 1 2 36 1 11 2 1 36 1 6 1 46 2 4 2 1 46 1 4 1
373 1 5 2 1 42 1 2 1 5 1 2 1 41 1 47 1 13 1 2 1 34 2 1 11 2 1 36 1 7 46 2 5 1 2 1 44 1 3 2
373 1 5 1 2 1 41 3 5 1 2 1 40 50 1 4 9 1 2 1 36 3 2 6 1 2 1 36 1 5 48 2 5 1 2 1 44 1 3 1
373 1 5 1 2 1 41 1 2 1 5 1 2 1 41 48 1 3 9 2 1 2 34 2 1 10 1 2 1 36 54 3 1 3 2 3 43 1 2 1
373 1 5 2 1 42 1 2 1 5 1 2 1 41 1 47 1 13 1 2 1 34 14 2 1 37 2 4 1 46 2 1 5 1 2 1 42 4 2 1

366 41 1 2 4 1 2 39 1 2 1 5 1 3 50 36 1 4 8 2 1 33 1 3 1 7 41 2 6 1 2 1 38 1 3 6 1
366 41 1 2 4 1 2 39 1 2 1 5 1 3 50 36 1 4 8 2 1 33 1 3 1 7 3 1 37 2 6 1 41 1 7 2 1
365 1 41 1 2 5 1 41 1 3 1 7 36 5 8 1 35 1 13 2 1 37 1 7 3 37 1 3 5 1 3 38 2 1 5 2 1
364 2 41 6 1 2 1 39 2 1 4 2 4 46 3 2 35 1 2 1 9 2 34 1 2 1 7 48 2 3 1 38 1 5 1 2 1
364 2 42 6 1 2 39 1 12 36 2 3 1 7 1 36 1 3 1 8 2 1 33 12 41 2 1 5 1 2 1 39 1 2 4 2 1
364 2 41 1 2 4 2 1 40 2 1 5 4 36 4 10 36 2 3 8 2 1 35 10 4 36 2 1 6 1 2 40 1 2 4 2 1

422 1 43 2 1 5 2 1 43 8 40 1 8 6 1 35 1 2 1 8 5 1 36 11 41 3 1 6 1 2 1 40 2 1 5 2 1 42
422 1 43 1 5 1 2 1 42 8 42 3 1 6 4 1 37 1 4 8 1 2 1 36 54 2 1 5 1 2 1 40 1 2 4 2 1 43
422 1 43 1 2 5 2 1 41 2 8 40 4 5 6 1 35 1 2 9 4 2 36 11 41 3 1 6 1 2 1 40 2 1 5 2 1 42
422 44 5 1 2 1 42 1 3 9 39 11 1 2 1 35 5 1 9 1 2 36 1 2 1 48 1 8 2 1 2 41 1 5 1 2 1 42
422 1 43 1 6 1 2 1 43 7 41 1 2 1 7 4 1 35 1 5 8 1 2 1 36 7 45 3 1 3 2 3 1 41 1 2 4 1
422 1 43 1 2 5 2 1 43 8 40 1 3 5 6 1 35 1 2 8 1 5 1 36 52 3 1 6 1 2 1 40 2 1 5 2 1 42

