233 14 2 1 12 4 12 1 2 12 2 3 12 4 12 18 12 4 12 3 2 12 2 1 12 4 12 1 2 12 2
233 14 2 1 12 4 12 1 2 12 2 3 12 4 12 18 12 4 12 3 2 12 2 1 12 4 12 3 12 2 16

202 1 12 1 2 14 11 1 11 2 1 2 9 5 13 10 13 5 9 2 1 2 11 1 11 14 2 1 12 1

202 13 2 1 11 1 16 9 5 9 1 12 2 4 8 1 3 14 1 12 2 12 11 4 13 11 1 14 1
202 13 2 1 11 1 16 9 5 9 4 9 2 4 8 1 14 3 1 9 17 13 2 13 11 1 2 12 1
202 13 2 1 11 1 14 2 9 14 13 2 3 1 8 1 14 3 1 14 23 2 14 1 11 1 2 12 1
202 13 1 2 11 2 1 23 3 1 10 2 1 2 8 6 8 1 44 12 2 1 10 1 13 2 1 12 1
202 13 2 1 11 1 16 9 5 9 4 9 2 4 8 1 14 3 1 9 3 14 13 2 13 11 3 12 1

247 2 1 16 12 1 2 12 2 3 12 4 12 18 12 4 12 3 2 12 2 1 12 4 12 3 12 2 16
232 15 1 2 16 13 1 13 2 1 2 11 5 15 12 15 5 11 2 1 2 13 1 13 16 2 1 14 1

216 1 12 1 2 14 11 1 11 2 1 2 9 5 13 10 13 5 9 2 1 13 1 11 14 2 1 12 1

202 1 12 1 2 14 11 1 11 2 1 2 9 5 13 10 13 5 9 2 1 2 11 1 11 14 2 1 12 1

188 1 12 1 2 14 11 1 11 2 1 2 9 5 13 10 13 5 9 2 1 2 11 1 11 14 2 1 12 1

232 15 2 1 13 1 18 11 4 1 11 4 11 2 14 1 16 3 1 11 19 1 14 2 28 1 2 14 1
232 15 1 2 16 13 1 13 2 1 2 11 5 15 12 15 5 11 2 1 2 13 1 13 16 2 1 14 1
232 15 1 2 16 13 1 13 2 1 2 11 5 15 12 15 1 4 16 11 3 13 2 16 1 13 1 2 15
232 15 1 2 16 13 1 13 2 1 2 11 5 15 12 15 1 4 16 11 16 2 16 1 13 1 2 14 1

247 2 1 12 4 12 1 2 12 2 3 12 4 12 18 12 4 12 3 2 12 2 1 12 4 12 1 2 12 2
247 2 1 12 4 12 1 2 12 2 3 12 4 12 18 12 4 12 3 2 12 2 1 12 4 12 3 12 2 16

232 15 1 2 16 13 1 13 2 1 2 11 5 15 12 15 1 4 16 11 3 13 2 16 1 13 1 2 15
232 17 1 13 1 18 11 4 1 11 1 3 11 2 14 1 20 30 1 12 1 2 1 27 1 2 1 13 2
232 15 1 2 16 13 1 13 2 1 2 11 5 15 12 15 5 11 2 1 2 13 1 13 16 2 1 14 1
247 2 1 16 12 1 2 12 2 3 12 4 12 18 12 4 12 3 2 12 2 1 12 4 12 3 12 2 16

215 2 15 1 15 2 12 4 11 1 2 13 4 32 27 1 2 1 12 1 2 1 27 1 2 1 13 2
216 1 14 1 2 16 13 1 13 2 1 2 11 20 12 15 5 11 2 1 15 1 13 16 2 1 14 1
216 1 14 1 2 29 1 2 11 2 1 2 11 15 5 12 15 5 13 1 16 13 1 15 2 1 14 1
216 1 14 1 2 29 1 2 11 2 1 2 11 15 5 12 15 5 13 1 15 1 13 16 2 1 14 1

232 1 14 1 2 16 13 1 13 2 1 2 11 5 15 12 15 5 11 2 1 2 13 1 13 16 2 1 14 1
233 14 2 1 12 4 12 1 2 12 2 3 12 4 12 18 12 4 12 3 2 12 2 1 12 16 1 2 12 2

216 1 14 1 2 29 1 2 11 2 1 2 11 20 12 15 5 11 2 1 2 13 1 13 16 2 1 14 1
216 1 14 1 2 29 1 2 11 2 1 2 11 15 5 12 15 5 11 2 1 2 13 1 13 18 1 14 1
216 1 14 1 2 16 13 1 13 2 1 2 11 20 12 15 5 11 2 1 2 13 1 13 16 2 1 14 1
216 1 14 1 2 29 1 2 11 2 1 2 11 15 5 12 15 5 13 1 2 13 1 13 16 2 1 14 1

232 1 16 1 13 15 2 15 1 2 10 1 4 12 19 1 16 12 1 14 1 2 15 1 12 1 2 14 18
232 1 14 1 2 16 13 1 13 2 1 2 11 20 12 15 5 11 2 1 2 13 1 13 16 2 1 14 1

215 2 17 12 1 2 1 11 2 15 4 12 14 4 12 4 15 2 12 2 1 12 4 12 3 12 2 16
216 1 14 3 14 2 11 3 13 4 1 10 4 12 1 4 12 4 14 16 13 2 14 15 3 1 13 1
215 2 17 12 1 2 1 11 1 20 10 1 15 4 16 15 2 12 2 1 12 4 12 1 2 12 2 15
215 2 17 12 1 2 12 2 3 12 4 12 18 12 4 12 3 2 12 2 1 12 4 12 3 12 2 16
216 15 1 2 13 14 4 1 15 1 10 1 16 1 2 1 11 5 11 1 33 1 16 12 2 1 14 2
215 16 2 1 14 1 12 5 11 3 2 10 4 1 11 1 4 12 15 16 18 2 14 1 14 2 14 1

233 14 2 1 12 16 1 2 1 11 2 3 12 34 1 27 2 1 2 11 1 2 28 1 2 1 12 1 18
232 1 14 2 1 13 1 16 2 16 10 1 16 4 11 4 1 12 18 2 27 3 12 1 2 1 12 18 1
233 14 2 1 12 4 12 1 2 12 2 3 12 16 18 12 4 12 3 2 12 2 1 12 16 3 12 2 16
232 1 14 2 1 13 1 16 2 16 10 1 15 1 4 15 13 4 13 1 2 11 4 28 2 13 1 17 1
232 1 14 1 2 16 13 1 13 2 1 2 11 20 12 15 5 11 2 1 2 13 1 13 16 2 1 14 1
233 14 2 1 12 16 1 2 1 11 2 3 12 16 18 12 4 12 3 2 12 2 1 12 16 3 12 2 16

247 2 1 12 16 1 2 1 11 2 3 12 16 18 1 27 3 2 11 1 2 28 1 2 1 12 1 18
232 15 2 1 13 1 16 2 11 16 15 5 12 3 12 1 3 1 11 2 1 2 45 1 13 1 16 1
232 16 2 12 1 3 13 2 12 5 15 12 4 11 1 15 3 2 14 15 14 2 1 16 12 1 2 16
247 2 1 12 1 2 1 27 1 3 1 11 1 2 1 27 48 2 1 13 2 1 12 16 2 1 15 1
248 2 13 1 15 2 1 11 3 1 12 15 2 14 1 4 29 2 1 14 1 28 1 14 1 2 15 1
232 16 1 13 1 18 1 11 4 1 11 1 16 2 12 1 3 17 15 1 15 13 16 1 13 1 2 15

232 15 1 2 16 13 1 13 2 1 2 11 5 15 12 15 5 11 2 1 2 13 1 13 16 2 1 14 1
247 2 1 16 12 1 2 12 2 3 12 4 12 18 12 4 12 3 2 12 2 1 12 4 12 3 12 2 16

247 2 1 12 1 15 3 1 13 3 12 14 2 18 12 4 1 11 3 2 14 1 12 4 11 16 2 16 1
247 2 1 12 16 1 2 1 11 2 3 12 16 18 12 4 12 3 2 12 2 1 12 4 12 1 2 12 2
247 2 13 16 1 2 1 11 2 3 12 16 14 4 16 12 3 2 11 1 2 1 16 11 1 3 12 2 16
247 2 1 12 16 1 2 1 11 2 3 12 16 18 16 12 3 2 11 1 2 1 16 11 1 3 12 2 16
247 2 1 12 1 2 13 4 13 3 12 14 2 18 12 4 1 11 3 2 14 1 12 4 11 16 2 16 1

232 15 2 1 14 16 2 11 1 3 1 11 31 17 1 2 1 16 11 1 2 1 12 4 27 2 16 1
247 2 1 16 12 1 14 1 3 1 14 1 11 16 19 2 11 1 15 3 1 15 1 11 16 2 1 16
247 1 2 28 3 1 11 2 1 2 15 11 2 15 19 1 11 1 4 11 3 1 14 2 11 17 1 17
232 15 2 1 13 1 16 2 11 5 11 15 2 14 1 16 3 1 14 2 14 1 12 4 28 1 16 1
232 15 2 1 15 13 4 11 1 2 1 28 1 2 12 21 12 3 1 11 1 19 11 3 1 12 2 17
232 15 2 1 13 1 16 2 16 11 16 1 14 16 1 3 1 14 2 14 1 12 4 11 16 2 16 1

232 15 2 1 13 1 16 2 11 5 10 1 15 5 15 1 11 1 17 1 2 30 13 2 1 12 1 17 1
232 15 2 1 13 1 16 2 11 5 10 1 15 5 15 1 12 17 1 2 11 19 13 2 1 12 1 17 1
232 15 2 1 13 1 16 2 11 5 10 1 20 15 1 12 17 1 2 11 1 18 13 2 1 12 1 17 1

232 15 2 1 14 1 17 11 4 12 1 14 2 14 1 19 15 2 14 1 12 4 11 2 15 1 15 2
232 15 2 1 15 13 4 11 1 2 1 29 2 12 17 4 11 4 1 12 19 11 3 1 12 2 16 1
232 15 2 1 13 1 16 2 11 16 15 5 12 3 12 1 3 1 11 2 1 2 45 1 13 1 16 1
232 15 1 2 13 18 1 14 2 11 4 11 1 15 17 4 16 14 1 12 4 11 1 15 2 1 14 1
232 15 1 2 16 12 1 2 14 2 1 58 4 1 11 1 4 12 2 1 16 11 1 15 2 1 14 1
232 15 2 1 28 1 2 1 11 1 2 1 28 15 19 2 15 1 11 16 1 2 1 11 4 12 17 2

215 2 14 2 17 11 2 3 11 1 14 2 3 11 4 17 14 2 15 12 4 11 1 2 13 2 1 15
215 2 14 2 17 11 2 3 11 1 14 2 14 4 16 1 14 2 11 3 1 12 4 11 16 2 16 1
215 2 14 2 17 11 2 3 11 1 14 2 3 11 4 17 14 2 11 4 12 4 11 16 2 1 15 1
216 1 16 1 12 2 13 4 1 11 1 14 2 15 16 3 1 16 14 1 16 11 1 15 2 1 14 1
215 2 29 1 2 1 11 2 3 12 14 2 14 4 16 1 14 2 11 3 1 12 4 11 16 2 16 1
215 2 14 2 17 11 2 3 11 1 14 2 3 11 4 14 3 14 2 11 3 13 4 11 3 13 2 17

231 1 14 1 2 29 1 2 11 2 1 2 11 15 5 27 5 13 1 2 13 1 13 16 2 1 12 2 1
231 1 14 2 1 13 1 16 2 16 10 1 15 5 15 1 12 17 1 2 11 1 18 13 2 1 12 1 17
230 1 16 1 13 1 18 1 15 1 10 2 14 1 3 13 3 12 5 15 1 15 13 16 1 13 1 2 15
230 1 16 1 14 18 1 11 4 1 10 2 14 1 3 13 3 12 5 15 1 15 13 16 1 13 1 2 15
231 15 2 1 13 1 16 2 11 5 10 1 15 5 15 1 12 17 1 2 11 1 18 13 2 1 12 1 17

216 16 2 12 3 1 11 16 1 2 1 11 2 3 12 16 4 14 16 15 2 11 1 2 1 12 4 13 2

216 1 15 14 4 14 2 11 3 1 11 1 4 27 1 4 12 18 1 15 1 11 1 15 3 1 13 2
215 1 16 2 13 16 2 1 11 3 1 12 19 12 5 12 15 1 3 15 1 11 16 1 2 1 13 2
215 1 16 2 13 16 2 1 11 3 1 12 31 5 12 15 1 2 1 15 1 11 16 1 2 1 13 2
216 15 2 14 2 17 11 2 14 1 2 1 11 4 12 5 15 12 4 13 1 13 2 14 3 1 13 1
216 1 14 2 1 29 2 1 11 1 16 14 4 12 4 1 12 4 11 4 13 3 11 2 14 3 14 1

230 1 16 2 13 18 1 11 3 1 11 1 15 4 17 12 19 1 11 1 2 1 11 1 18 1 12 1 2
230 1 16 2 12 1 18 1 14 1 11 1 15 4 13 4 12 19 1 11 1 2 1 11 1 18 1 13 2
230 1 16 1 13 1 18 1 15 11 2 14 1 3 13 3 12 5 15 1 15 11 2 16 1 13 1 2 15

230 1 16 2 13 18 1 11 3 1 11 1 15 4 17 12 19 1 11 1 2 1 11 1 18 1 12 1 2
230 1 16 1 13 1 18 1 15 11 2 14 1 3 13 3 12 5 15 1 15 11 2 16 1 13 1 2 15
230 1 16 2 13 18 1 11 3 1 11 1 15 4 17 12 19 1 11 1 2 1 11 17 2 1 12 1 2

247 2 1 12 1 2 13 4 13 3 12 14 2 18 12 4 1 11 3 2 14 1 12 4 11 16 2 16 1
247 2 1 12 1 15 3 1 13 3 12 14 2 18 12 4 1 11 3 2 14 1 12 4 11 16 2 16 1
247 2 1 12 16 1 2 1 13 3 12 14 2 18 12 4 1 11 3 2 14 13 4 11 4 12 2 16 1
247 2 13 4 12 1 2 12 2 3 12 16 14 4 16 12 3 2 11 1 2 1 16 11 1 3 12 2 16

247 2 1 12 1 18 1 11 1 2 1 11 1 19 12 17 4 15 1 11 1 3 11 1 18 13 2 16 1
247 2 1 12 1 2 17 11 1 2 1 11 1 19 12 17 4 15 1 11 1 14 1 18 1 12 2 16 1
247 2 1 12 1 18 1 11 1 2 1 11 1 19 12 17 4 15 1 11 1 14 1 18 1 12 2 16 1
232 15 2 1 13 1 16 2 11 15 1 15 5 12 3 13 3 1 14 2 11 15 1 18 1 13 1 16 1

231 1 16 1 12 1 15 3 1 14 12 17 15 4 1 11 1 4 12 2 1 43 1 2 1 12 2 16
231 1 14 2 1 13 1 16 2 26 1 16 4 11 4 12 1 3 1 12 2 32 12 1 2 1 12 1
230 2 14 2 17 12 1 3 11 1 19 11 4 12 5 14 2 15 12 1 3 11 1 2 15 1 13 2
230 2 29 1 2 1 13 2 1 12 14 2 1 13 20 1 16 14 1 12 4 11 17 1 14 1 2 15
230 1 17 1 12 1 2 13 4 15 11 2 18 12 1 15 5 15 14 2 11 2 16 1 13 1 2 15
230 2 16 1 12 1 3 12 3 27 2 14 4 13 4 11 3 2 15 16 11 2 16 1 13 1 2 15

232 16 2 12 1 18 1 11 3 1 12 19 12 5 12 15 1 3 1 14 1 11 16 1 2 1 13 2
247 2 1 12 1 2 1 27 1 2 1 12 1 2 1 27 32 16 2 1 12 3 1 12 18 1 15 1
247 2 1 12 1 18 1 11 1 2 1 12 19 12 17 4 15 1 11 1 3 11 1 18 13 2 16 1
232 15 2 1 13 1 16 2 11 2 14 15 5 15 1 12 3 17 11 1 14 4 13 2 1 12 1 17
232 15 2 1 13 1 16 2 11 2 14 15 5 15 1 12 3 12 5 11 1 3 11 19 1 13 1 16

247 2 13 4 12 1 2 1 11 2 15 16 14 4 16 12 3 2 11 1 2 1 16 11 1 3 12 2 16
247 2 1 12 1 2 17 11 1 2 1 12 19 12 17 4 15 1 11 1 14 1 4 14 1 12 2 16 1
247 2 1 12 1 18 1 11 1 2 1 12 19 12 17 4 15 1 11 1 14 1 4 14 1 12 2 16 1

215 2 13 4 12 1 2 1 11 2 15 16 14 4 16 12 3 2 11 1 2 1 16 11 1 3 12 2 16

230 1 16 2 12 1 14 4 1 14 1 11 1 15 4 17 12 19 12 1 2 1 11 1 18 1 12 1 2
230 2 15 1 15 2 11 1 4 11 1 2 17 32 27 1 2 1 12 1 2 1 27 1 2 1 12 1 2
230 1 16 2 12 1 14 4 1 14 1 11 1 15 4 17 12 19 12 1 2 1 11 17 2 1 12 1 2
231 16 2 12 3 1 11 16 1 2 1 11 2 3 12 16 4 14 16 15 2 11 1 2 1 12 4 13 2

215 1 16 2 16 11 4 12 1 3 11 2 14 1 16 4 14 2 14 12 3 2 11 1 2 1 29 2
215 17 2 13 3 11 4 13 3 11 2 14 3 14 4 11 3 2 14 1 11 3 2 11 17 2 14 2
215 1 15 1 2 16 11 4 12 4 11 2 14 17 4 11 3 2 14 1 11 3 2 11 17 2 14 2
216 1 15 2 15 1 11 16 1 14 2 14 1 3 13 3 15 2 14 1 16 11 1 3 12 2 15 1
215 2 15 1 13 4 11 2 15 14 5 11 4 13 3 1 11 3 2 11 4 11 5 14 13 2 16 1

231 16 1 13 1 17 2 13 1 13 4 12 15 5 12 4 11 1 2 1 14 2 11 17 2 14 2 15
230 1 16 2 28 1 2 1 11 1 2 1 31 17 27 1 3 12 1 2 1 27 1 2 1 12 1 2
230 1 16 1 14 18 1 11 4 11 2 14 1 3 13 3 12 5 15 14 2 11 2 16 1 13 3 15
230 1 16 14 4 13 1 2 13 2 12 4 12 15 5 12 15 1 2 1 15 1 11 17 2 1 13 2
230 1 16 2 13 3 15 12 15 2 14 1 3 1 12 4 11 3 1 16 27 2 16 1 13 1 2 15
230 1 16 2 12 1 18 1 14 1 11 1 15 4 17 12 19 12 1 2 1 11 17 2 1 12 1 2

232 15 3 13 2 16 1 11 16 1 3 11 2 14 1 19 14 1 2 14 1 11 1 17 2 13 16 1
232 17 1 12 2 1 17 11 1 15 1 2 17 11 4 1 27 5 12 2 12 4 12 2 1 14 16 2
232 16 2 12 1 2 1 43 1 2 12 4 1 11 1 4 15 17 12 14 1 3 15 1 12 1 16 1
248 1 14 3 14 2 11 3 13 4 11 4 12 1 4 12 4 14 16 1 11 1 2 29 1 2 14 1
232 15 2 14 1 16 2 11 2 14 15 5 11 4 1 12 3 17 12 14 1 3 15 1 12 1 16 1
247 2 13 1 2 1 16 11 1 15 1 2 1 15 12 5 31 12 1 3 11 1 2 16 13 2 16 1

231 16 2 12 3 1 11 16 1 2 1 11 2 3 12 16 4 14 16 12 3 2 12 2 1 12 4 13 2
230 1 16 2 16 11 4 12 1 14 2 3 11 1 4 12 18 2 14 12 3 13 1 2 1 13 3 12 3
230 1 16 2 16 11 4 12 1 14 2 3 11 1 4 12 18 2 14 12 3 13 4 13 2 1 12 1 2
231 16 2 12 3 1 11 16 1 2 1 11 2 3 12 16 4 14 16 12 3 2 11 1 2 1 16 13 2
230 1 16 2 16 11 4 12 1 14 2 3 11 1 4 12 18 2 14 12 3 13 3 1 13 3 12 1 2
230 1 16 2 12 4 11 4 13 14 2 3 11 1 4 12 18 2 14 12 3 13 1 3 15 1 12 1 2

230 1 16 2 16 11 4 12 1 14 2 3 11 1 4 12 18 2 14 12 3 13 4 13 2 1 12 1 2
231 16 2 12 3 1 11 16 1 2 1 11 2 3 12 16 4 14 16 12 5 12 2 1 12 4 12 1 2
230 1 16 2 12 4 11 4 13 14 2 3 11 1 4 12 18 2 14 12 3 13 1 3 15 1 12 1 2
230 1 16 2 16 11 4 12 1 14 2 3 11 1 4 12 18 2 14 12 3 13 1 2 1 13 3 12 3
230 1 16 2 16 11 4 12 1 14 2 3 11 1 4 12 18 2 14 12 3 13 1 3 15 1 12 1 2
231 16 2 12 3 1 11 16 1 2 1 11 2 3 12 16 4 14 16 12 3 2 12 2 1 12 4 13 2

232 15 2 1 13 1 16 2 11 15 1 15 5 12 3 13 3 1 14 2 11 4 11 1 18 14 1 16 1
247 2 1 12 1 18 1 11 1 2 1 11 1 19 12 17 4 15 1 11 1 3 11 1 18 13 2 16 1
247 2 1 12 1 2 17 11 1 2 1 11 1 19 12 17 4 15 1 11 1 3 11 1 18 13 2 16 1
247 2 1 12 1 2 17 11 1 2 1 11 1 19 12 17 4 15 1 11 1 14 1 18 1 12 2 16 1
247 2 1 12 1 18 1 11 1 2 1 11 1 19 12 17 4 15 1 11 1 14 1 18 1 12 2 16 1

230 1 16 2 12 1 3 15 27 2 14 4 1 12 4 11 3 1 16 11 16 2 16 1 13 1 2 15
230 1 16 1 30 2 12 1 14 3 13 1 19 1 14 2 14 1 11 1 4 11 1 18 13 1 2 15
230 1 18 12 1 2 13 3 27 2 18 1 11 1 15 4 1 15 11 3 13 2 16 1 13 1 2 15
230 1 16 2 12 4 15 13 14 2 14 1 3 13 4 14 2 15 11 5 11 2 16 1 13 1 2 15
230 1 16 2 13 3 15 12 15 2 3 11 5 12 15 3 2 14 12 3 13 4 13 2 1 12 1 2

216 1 14 3 14 2 11 3 13 4 11 4 12 1 4 12 4 14 16 1 11 1 2 29 1 2 14 1
216 1 13 1 3 14 2 11 2 1 13 4 27 5 12 4 15 12 1 3 11 1 2 16 13 2 16 1
215 2 13 1 2 17 11 1 15 1 2 1 15 12 5 15 12 4 12 2 13 2 1 13 4 14 16 1
215 2 13 1 2 1 16 11 1 15 1 2 1 15 12 5 27 4 12 4 11 2 1 13 4 14 15 1
216 1 13 1 3 14 2 13 1 13 4 12 15 5 12 4 11 1 2 1 14 2 11 17 2 14 2 15

230 1 17 1 12 1 2 13 19 11 2 1 17 12 1 15 5 15 1 10 5 11 2 16 1 13 1 2 15
230 1 17 1 12 1 2 13 30 2 1 17 1 11 1 15 5 15 1 10 5 11 2 16 1 13 1 2 15
231 17 1 12 1 2 13 18 1 11 2 1 17 12 1 15 5 15 1 10 5 11 2 16 1 13 1 2 15

231 1 14 1 2 15 1 11 4 12 1 14 16 4 17 12 3 1 15 12 1 14 1 18 13 1 2 15
231 16 2 12 3 1 11 16 1 2 1 11 2 3 12 16 4 42 4 1 11 1 2 1 28 1 2 15
230 1 16 2 13 3 11 4 12 4 11 2 14 17 4 11 3 2 14 1 11 3 2 11 17 2 14 2
230 2 15 1 13 4 11 2 15 14 5 11 4 13 3 1 14 2 11 4 11 5 12 15 16 2 1 15
231 1 14 1 2 15 1 11 4 12 1 14 16 4 17 12 4 15 11 2 3 11 1 18 13 1 2 15
230 2 16 1 12 1 3 12 3 27 2 18 12 1 4 11 3 2 15 16 11 2 16 1 13 1 2 15

232 15 2 1 13 1 16 13 2 13 1 15 5 15 1 12 18 2 10 1 15 1 3 15 1 12 1 17 1
232 16 2 12 3 16 12 1 2 12 2 3 12 4 12 18 16 12 3 2 11 1 2 1 16 12 1 2 14
247 1 14 1 18 13 1 13 2 1 2 11 5 15 12 5 15 11 2 1 2 11 2 1 29 2 1 14 1
232 17 1 12 1 2 13 18 1 11 2 1 17 12 1 15 5 15 1 10 16 2 16 1 13 1 2 14 1
232 17 1 12 1 2 13 18 1 11 2 1 17 12 1 15 5 15 1 10 5 11 2 16 14 1 2 14 1

215 1 14 1 2 16 13 1 13 2 1 2 11 5 15 12 20 11 2 1 2 13 1 13 16 2 1 14 1
215 1 14 1 18 13 1 13 2 1 2 11 5 15 12 5 15 11 2 1 2 11 2 1 29 2 1 14 1
215 1 14 1 2 16 13 1 13 2 1 2 11 5 15 12 20 11 2 1 2 11 2 1 29 2 1 14 1
215 1 14 1 2 16 13 1 13 2 1 13 5 15 12 5 15 11 2 1 2 11 2 1 29 2 1 14 1

217 14 2 1 12 1 15 2 1 14 1 12 16 1 19 12 4 1 10 2 1 15 2 15 13 1 16 1
215 2 13 1 2 1 27 1 2 1 12 1 2 1 27 32 4 13 2 1 11 4 12 2 15 1 15 2

230 1 15 1 2 16 11 4 12 1 14 2 14 1 3 1 16 14 1 16 11 17 1 17 13 1 2 15
230 1 15 1 18 11 2 14 1 14 5 11 1 3 16 1 14 2 11 4 11 1 4 14 15 14 2 1
231 15 1 2 15 1 11 4 13 14 2 14 1 3 1 16 12 2 1 16 11 18 14 2 1 13 1 2
231 16 2 12 3 1 11 16 1 2 1 11 2 3 12 16 4 42 4 1 11 1 2 1 28 1 2 15
231 15 1 2 13 2 12 4 12 2 13 2 14 4 1 16 11 4 16 11 3 13 2 16 1 14 2 15
230 1 16 2 16 11 16 1 3 11 2 3 11 1 16 4 14 2 14 12 5 11 1 2 1 28 1 2

215 2 13 1 2 1 27 1 2 1 12 1 2 1 31 43 1 2 14 1 2 1 11 16 2 1 14 1
215 2 13 1 15 3 14 2 13 14 2 14 4 16 1 11 3 2 10 1 4 16 11 2 1 13 2 1
215 1 14 1 2 16 13 1 15 1 2 11 5 15 12 20 11 2 1 2 13 1 13 16 2 1 14 1
232 2 12 2 1 12 4 12 1 2 12 2 15 4 12 4 14 1 11 16 3 2 12 2 1 12 17 2
215 1 14 2 1 30 2 12 1 2 1 11 16 4 1 42 1 4 12 1 2 1 11 16 2 1 15 1
216 16 2 12 3 12 4 12 1 2 12 2 15 4 12 4 14 12 4 12 3 2 12 2 1 12 17 2

230 1 18 12 1 2 1 12 3 27 2 18 1 11 1 15 4 1 15 11 16 2 16 1 13 1 2 14 1
231 16 2 12 1 2 1 43 1 2 12 4 1 11 1 4 15 17 10 2 14 1 3 15 1 12 1 16 1
230 18 1 12 1 2 1 28 16 2 16 1 11 1 4 11 4 16 1 10 16 2 16 1 13 1 2 14 1
230 18 1 12 1 2 1 28 16 2 12 4 1 11 1 4 15 16 1 10 16 2 16 1 13 1 2 14 1
231 15 2 1 13 1 16 13 2 13 1 15 5 15 1 12 3 17 10 2 14 1 3 15 1 12 1 16 1

247 2 12 2 1 12 4 12 1 2 12 2 3 12 4 12 18 12 4 12 3 2 12 2 1 12 16 1 2
231 16 2 12 3 12 4 12 1 2 12 2 3 12 4 12 18 12 4 12 3 2 12 2 1 12 16 1 2
246 1 14 1 2 16 13 1 13 2 1 2 11 5 15 12 15 5 11 2 1 2 13 1 13 16 2 1 15

231 16 2 12 3 12 4 12 1 2 12 2 3 12 4 12 18 12 4 12 3 2 12 2 1 12 16 1 2
247 2 12 2 1 12 4 12 1 2 12 2 3 12 4 12 18 12 4 12 3 2 12 2 1 12 16 1 2
246 1 14 1 2 16 13 1 13 2 1 2 11 5 15 12 15 5 11 2 1 2 13 1 13 16 2 1 15

230 18 14 2 1 12 1 15 2 1 14 1 12 16 1 19 12 4 1 10 2 1 15 2 15 13 1 16 1
246 1 14 1 2 16 13 1 13 2 1 2 11 5 15 12 20 11 2 1 2 13 1 13 16 2 1 14 1
246 1 14 1 2 16 13 1 13 2 1 13 5 15 12 5 15 11 2 1 2 11 2 1 29 2 1 14 1

247 2 12 2 1 12 4 12 1 2 12 2 3 12 4 12 18 12 4 12 3 2 12 2 1 12 4 12 1 2
231 16 2 12 3 12 4 12 1 2 12 2 3 12 4 12 18 12 4 12 3 2 12 2 1 12 4 12 1 2

230 2 13 1 2 1 27 1 2 1 12 1 30 20 1 14 2 11 3 1 11 1 4 11 18 1 13 1 17
230 1 14 2 1 13 1 16 2 16 11 16 4 1 15 12 15 5 11 2 1 2 13 1 13 16 2 1 15
230 1 14 2 1 28 2 14 1 19 11 1 3 16 1 14 2 11 4 11 1 4 11 18 1 13 1 2 15

246 1 14 1 2 16 13 1 13 2 1 2 11 5 15 12 15 5 11 2 1 2 13 1 13 16 2 1 14 1
231 16 2 12 3 16 12 1 2 12 2 3 12 4 12 18 12 4 12 3 2 12 2 1 12 4 12 1 2 14

216 1 12 1 2 14 11 1 11 2 1 2 9 5 13 10 13 5 9 2 1 2 11 1 11 14 2 1 12 1

230 1 14 2 1 13 1 16 2 16 11 16 4 1 15 12 15 5 11 2 1 2 13 1 13 16 2 1 15
231 16 2 12 3 12 4 12 1 2 12 2 3 12 4 12 18 12 4 12 3 2 12 2 1 12 16 1 2
246 1 14 1 2 16 13 1 13 2 1 2 11 5 15 12 15 5 11 2 1 2 13 1 13 16 2 1 15
230 15 2 1 13 1 16 2 13 3 11 16 4 1 15 12 15 5 11 2 1 2 13 1 13 16 2 1 15
230 1 14 2 1 28 2 14 1 19 11 1 3 16 1 14 2 11 4 11 1 4 11 18 1 13 1 2 15

189 1 12 1 2 14 11 1 11 2 1 2 9 5 13 10 13 5 9 2 1 2 11 1 11 14 2 1 12 1

247 2 12 2 1 12 4 12 1 2 12 2 3 12 4 12 18 12 4 12 3 2 12 2 1 12 4 12 1 2 14
231 16 2 12 3 12 4 12 1 2 12 2 3 12 4 12 18 12 4 12 3 2 12 2 1 12 4 12 1 2 14

216 1 12 1 2 14 11 1 11 2 1 2 9 5 13 10 13 5 9 2 1 2 11 1 11 14 2 1 12 1

202 1 12 1 2 14 11 1 13 1 2 9 5 13 10 13 5 9 2 1 2 11 1 11 14 2 1 12 1

202 1 15 11 1 13 1 2 23 2 16 10 4 1 8 1 3 2 13 9 5 9 2 14 1 11 1 2 13
202 1 12 1 2 13 1 10 1 2 12 40 4 1 8 6 8 2 1 2 10 1 3 23 1 2 11 2 14
202 1 12 2 1 24 2 12 1 17 9 1 3 14 1 12 2 9 4 9 1 4 9 16 1 11 1 2 13
202 1 12 1 2 14 11 1 13 1 2 9 5 13 10 13 14 2 1 2 11 1 2 9 14 2 1 12 1
202 1 12 2 1 11 13 3 1 11 3 11 12 1 14 3 9 6 12 1 9 3 2 9 16 1 11 2 1
216 1 12 1 2 14 11 1 11 2 1 2 9 5 13 10 13 5 9 2 1 2 11 1 11 14 2 1 13

217 12 2 1 10 4 10 1 2 10 2 3 10 4 10 16 10 4 10 3 2 10 2 1 10 4 10 1 2 12
216 1 12 1 2 14 11 1 11 2 1 2 9 5 13 10 13 5 9 2 1 2 11 1 11 14 2 1 12 1

216 1 12 1 2 14 11 1 11 2 1 2 9 5 13 10 13 5 9 2 1 2 11 1 11 14 2 1 13
202 1 14 1 11 1 30 9 2 1 2 9 4 11 3 9 1 5 13 9 5 9 2 14 1 11 1 2 13
202 1 14 1 11 1 16 23 2 12 4 11 3 1 8 1 3 2 13 9 5 9 2 14 1 11 1 2 13
202 1 14 1 11 13 4 11 12 2 12 1 3 14 1 8 4 2 13 9 5 9 2 14 1 11 1 2 13

202 1 12 1 2 14 11 1 11 2 1 2 9 5 13 10 13 5 9 2 1 2 11 1 11 14 2 1 12 1

202 1 12 1 2 14 11 1 13 1 2 9 5 13 10 13 5 9 2 1 2 11 1 11 14 2 1 12 1

216 1 12 1 16 11 1 2 9 2 1 11 5 13 1 8 1 13 5 11 1 2 9 2 1 11 16 1 12 1
216 1 12 1 16 11 1 11 2 1 2 9 5 13 9 1 5 13 9 2 1 2 9 2 1 25 2 1 12 1

217 1 11 2 11 4 10 1 2 1 9 2 13 4 10 12 4 14 10 3 2 9 1 2 1 14 10 1 2 12
217 12 2 1 10 4 10 1 2 10 2 3 10 4 10 16 10 4 10 3 2 10 2 1 10 4 10 1 2 12

202 1 12 1 2 14 11 1 11 2 1 2 9 5 13 10 13 5 9 2 1 2 11 1 11 14 2 1 12 1

216 1 12 1 2 14 11 1 11 2 1 2 9 5 13 10 13 5 9 2 1 2 11 1 11 14 2 1 12 1
216 1 12 1 16 11 1 11 2 1 2 9 5 13 9 1 5 13 9 2 1 2 9 2 1 25 2 1 12 1

216 1 12 1 16 11 1 11 2 1 2 9 5 13 9 1 5 13 9 2 1 2 9 2 1 25 2 1 12 1
216 1 12 1 2 14 11 1 11 2 1 2 9 5 13 10 13 5 9 2 1 2 11 1 11 14 2 1 12 1
216 1 12 1 16 11 1 2 9 2 1 11 5 13 1 8 1 13 5 11 1 2 9 2 1 11 16 1 12 1

216 1 12 1 16 11 1 11 2 1 2 9 5 13 9 1 5 13 9 2 1 2 9 2 1 25 2 1 12 1
216 1 12 1 2 14 11 1 11 2 1 2 9 5 13 10 13 5 9 2 1 2 11 1 11 14 2 1 12 1
216 1 12 1 16 11 1 2 9 2 1 11 5 13 1 8 1 13 5 11 1 2 9 2 1 11 16 1 12 1

230 1 12 1 16 11 1 11 2 1 2 9 5 13 9 1 5 13 9 2 1 2 9 2 1 25 2 1 12 1
230 1 12 1 16 11 1 2 9 2 1 11 5 13 1 8 1 13 5 11 1 2 9 2 1 11 16 1 12 1

202 1 12 1 16 11 1 11 2 1 2 9 5 13 9 1 5 13 9 2 1 2 9 2 1 25 2 1 12 1
202 1 12 1 2 14 11 1 11 2 1 2 9 5 13 10 13 5 9 2 1 2 11 1 11 14 2 1 12 1

202 1 12 2 1 11 1 14 2 14 9 14 1 3 1 8 5 9 1 16 2 12 11 2 14 1 11 3 13
202 1 12 2 1 11 1 30 9 2 3 9 1 3 9 2 3 9 1 5 13 12 11 2 1 25 2 1 13
202 1 12 2 1 11 1 14 2 14 9 14 1 3 1 8 14 1 4 14 12 11 2 14 1 11 1 2 13
202 1 12 2 1 11 1 14 16 9 5 9 1 3 9 14 1 4 1 13 12 11 2 14 1 11 1 2 13
202 1 12 2 1 11 1 14 2 14 9 14 1 3 9 5 9 1 5 11 2 12 11 2 15 11 2 1 13

202 1 12 2 1 11 1 39 2 3 9 1 3 1 8 2 3 9 1 5 13 12 2 9 2 15 11 2 1 13
202 1 12 2 1 11 1 14 2 23 14 1 3 9 5 1 8 1 3 2 13 14 9 2 14 1 11 1 2 13
202 1 12 2 1 11 1 39 2 3 9 1 3 1 8 2 3 9 1 5 13 12 2 9 2 1 25 2 1 13

202 1 12 1 16 11 1 2 9 2 1 11 5 13 1 8 1 13 5 11 1 2 9 2 1 11 16 1 12 1
202 1 12 1 2 14 11 1 11 2 1 2 9 5 13 10 13 5 9 2 1 2 11 1 11 14 2 1 12 1

202 1 12 2 1 11 16 15 9 2 3 9 1 12 2 3 9 1 5 13 12 2 9 2 1 25 2 1 12 1
216 1 12 1 16 11 1 11 2 1 2 9 5 13 9 1 5 13 9 2 1 2 9 2 1 25 2 1 12 1
202 1 12 2 1 11 1 14 2 23 14 1 3 1 8 6 8 1 3 1 14 23 2 14 1 11 1 2 12 1
202 1 12 2 1 11 1 14 25 5 9 1 3 9 5 1 8 1 3 2 13 11 3 9 3 13 12 2 1 12
202 1 12 2 1 11 1 14 25 5 9 1 3 9 5 1 8 1 3 2 9 4 14 9 3 13 12 2 1 12
216 1 12 1 2 25 1 2 9 2 1 2 9 13 5 1 9 13 5 9 2 1 2 11 1 11 16 1 12 1

216 1 12 1 2 25 1 2 9 2 1 2 9 13 5 1 9 13 5 9 2 1 2 11 1 11 16 1 12 1
216 1 12 1 27 1 2 9 2 1 2 9 13 5 1 8 1 5 13 9 2 1 2 9 2 1 27 1 12 1

230 1 12 1 16 11 1 11 2 1 2 9 5 13 9 1 5 13 9 2 1 2 9 2 1 25 2 1 12 1
230 1 12 1 2 14 11 1 11 2 1 2 9 5 13 10 13 5 9 2 1 2 11 1 11 14 2 1 12 1

202 1 12 1 16 11 1 11 2 1 2 9 5 13 9 1 5 13 9 2 1 2 9 2 1 25 2 1 12 1
202 1 12 1 2 14 11 1 11 2 1 2 9 5 13 10 13 5 9 2 1 2 11 1 11 14 2 1 12 1
202 1 12 1 16 11 1 2 9 2 1 11 5 13 1 8 1 13 5 11 1 2 9 2 1 11 16 1 12 1

217 1 11 2 11 4 10 1 2 1 9 2 13 4 10 12 4 14 10 3 2 9 1 2 1 14 10 1 2 12
217 12 2 11 4 10 1 2 1 9 2 13 4 10 4 8 4 10 4 13 2 9 1 2 1 10 4 11 2 12
216 1 12 1 16 11 1 2 9 2 1 11 5 13 1 8 1 13 5 11 1 2 9 2 1 11 16 1 12 1
216 1 12 1 27 1 2 9 2 1 2 9 13 5 1 8 1 5 13 9 2 1 2 9 2 1 27 1 12 1

216 1 12 1 16 11 1 11 2 1 2 9 5 13 9 1 5 13 9 2 1 2 9 2 1 25 2 1 12 1
216 1 12 1 2 25 1 2 9 2 1 2 9 13 5 1 9 13 5 9 2 1 2 11 1 11 16 1 12 1
216 1 12 1 16 11 1 2 9 2 1 11 5 13 1 8 1 13 5 11 1 2 9 2 1 11 16 1 12 1
216 1 12 1 2 14 11 1 11 2 1 2 9 5 13 10 13 5 9 2 1 2 11 1 11 14 2 1 12 1

202 1 12 1 16 11 1 2 9 2 1 11 5 13 1 8 1 13 5 11 1 2 9 2 1 11 16 1 12 1
202 1 12 1 16 11 1 11 2 1 2 9 5 13 9 1 5 13 9 2 1 2 9 2 1 25 2 1 12 1
202 1 12 1 2 14 11 1 11 2 1 2 9 5 13 10 13 5 9 2 1 2 11 1 11 14 2 1 12 1

231 12 2 1 10 14 1 2 1 9 2 3 10 14 4 12 10 4 13 2 9 1 2 1 10 4 11 2 11 1
230 1 12 1 16 11 1 11 2 1 2 9 5 13 9 1 5 13 9 2 1 2 9 2 1 25 2 1 12 1
230 1 12 1 27 1 2 9 2 1 2 9 13 5 1 8 1 5 13 9 2 1 2 9 2 1 27 1 12 1
231 12 2 1 10 4 10 1 2 10 2 3 10 4 10 16 10 4 10 3 2 10 2 1 10 4 10 1 2 12
231 1 11 2 1 10 14 1 2 1 9 2 3 10 14 16 14 10 3 2 9 1 2 1 14 10 1 2 11 1

202 1 12 1 2 25 1 2 9 2 1 2 9 13 5 1 9 13 5 9 2 1 2 11 1 11 16 1 12 1
202 1 12 1 16 11 1 11 2 1 2 9 5 13 9 1 5 13 9 2 1 2 9 2 1 25 2 1 12 1
202 1 12 1 27 1 2 9 2 1 2 9 13 5 1 8 1 5 13 9 2 1 2 9 2 1 27 1 12 1

202 1 12 2 1 11 1 14 2 23 14 1 3 1 8 6 8 1 3 1 14 23 2 14 1 11 1 2 12 1

216 1 12 1 2 14 11 1 11 2 1 2 9 5 13 10 13 5 9 2 1 2 11 1 11 14 2 1 12 1
216 1 12 1 2 25 1 2 9 2 1 2 9 13 5 1 9 13 5 9 2 1 2 11 1 11 16 1 12 1

202 1 12 1 2 25 1 2 9 2 1 2 9 13 5 1 9 13 5 9 2 1 2 11 1 11 16 1 12 1
202 1 12 1 27 1 2 9 2 1 2 9 13 5 1 8 1 5 13 9 2 1 2 9 2 1 27 1 12 1
202 1 12 1 2 14 11 1 11 2 1 2 9 5 13 10 13 5 9 2 1 2 11 1 11 14 2 1 12 1
202 1 12 1 16 11 1 2 9 2 1 11 5 13 1 8 1 13 5 11 1 2 9 2 1 11 16 1 12 1

203 12 2 1 10 14 1 2 1 9 2 3 10 14 4 12 10 4 13 2 9 1 2 1 10 4 11 2 11 1
203 12 2 11 4 10 1 2 1 9 2 13 4 10 4 8 4 10 4 13 2 9 1 2 1 10 4 11 2 12
203 12 2 1 10 4 10 1 2 10 2 3 10 4 10 16 10 4 10 3 2 10 2 1 10 4 10 1 2 12
202 1 12 1 2 25 1 2 9 2 1 2 9 13 5 1 9 13 5 9 2 1 2 11 1 11 16 1 12 1
202 1 12 1 27 1 2 9 2 1 2 9 13 5 1 8 1 5 13 9 2 1 2 9 2 1 27 1 12 1
202 1 12 1 16 11 1 11 2 1 2 9 5 13 9 1 5 13 9 2 1 2 9 2 1 25 2 1 12 1

216 1 12 1 2 25 1 2 9 2 1 2 9 13 5 1 9 13 5 9 2 1 2 11 1 11 16 1 12 1

202 1 12 2 1 11 1 14 2 23 14 1 3 1 8 6 8 1 3 1 14 23 2 14 1 11 1 2 12 1
202 1 12 2 1 12 14 2 9 14 13 2 3 1 8 1 5 9 3 1 14 23 2 14 1 11 1 2 12 1
202 1 12 3 12 13 1 2 9 14 13 5 1 9 3 2 8 1 3 1 9 3 2 39 1 11 1 2 12 1
203 12 1 2 12 13 3 9 14 4 9 2 3 1 8 1 5 9 3 1 9 5 25 14 1 11 1 2 12 1
202 1 12 1 2 25 1 2 9 2 12 13 5 1 9 3 2 12 1 9 3 2 9 30 1 11 1 2 12 1

202 13 1 2 25 1 2 11 12 13 5 1 9 3 2 8 1 3 1 9 3 2 39 1 11 1 2 12 1
202 13 2 1 11 1 16 11 12 2 12 4 1 14 8 1 3 1 14 9 14 2 14 1 11 1 2 12 1
202 13 2 1 11 1 14 2 11 12 13 1 4 1 12 2 8 1 3 1 9 3 2 39 1 11 1 14 1
202 13 1 2 11 15 2 11 12 13 1 4 1 12 2 8 1 3 1 9 3 2 39 1 11 1 2 12 1
202 13 1 2 11 15 2 11 12 2 11 1 4 1 14 9 3 1 14 9 14 2 14 1 11 1 2 12 1
202 13 1 2 11 15 2 11 12 2 11 5 1 9 5 9 3 1 14 9 14 2 14 1 11 1 2 12 1

230 1 12 1 2 25 1 2 9 2 1 2 9 13 5 1 9 13 5 9 2 1 2 11 1 11 16 1 12 1
230 1 12 1 16 11 1 2 9 2 1 11 5 13 1 8 1 13 5 11 1 2 9 2 1 11 16 1 12 1
230 1 12 1 2 14 11 1 11 2 1 2 9 5 13 10 13 5 9 2 1 2 11 1 11 14 2 1 12 1

216 1 12 1 2 25 1 2 9 2 1 2 9 13 5 1 9 13 5 9 2 1 2 11 1 11 16 1 12 1
216 1 12 1 16 11 1 2 9 2 1 11 5 13 1 8 1 13 5 11 1 2 9 2 1 11 16 1 12 1
216 1 12 1 2 14 11 1 11 2 1 2 9 5 13 10 13 5 9 2 1 2 11 1 11 14 2 1 12 1

202 1 12 1 2 14 11 1 11 2 1 2 9 5 13 10 13 5 9 2 1 2 11 1 11 14 2 1 12 1
202 1 12 1 2 25 1 2 9 2 1 2 9 13 5 1 9 13 5 9 2 1 2 11 1 11 16 1 12 1
202 1 12 1 16 11 1 2 9 2 1 11 5 13 1 8 1 13 5 11 1 2 9 2 1 11 16 1 12 1
203 12 2 1 10 14 1 2 1 9 2 3 10 14 4 12 10 4 13 2 9 1 2 1 10 4 11 2 11 1
203 12 2 1 10 4 10 1 2 10 2 3 10 4 10 16 10 4 10 3 2 10 2 1 10 4 10 1 2 12

216 1 12 1 16 11 1 2 9 2 1 11 5 13 1 8 1 13 5 11 1 2 9 2 1 11 16 1 12 1
216 1 12 1 2 14 11 1 11 2 1 2 9 5 13 10 13 5 9 2 1 2 11 1 11 14 2 1 12 1

202 13 2 1 11 1 14 2 9 14 13 2 3 1 8 1 5 9 3 1 14 23 2 14 1 11 1 2 12 1
202 13 1 2 11 15 2 9 2 12 13 5 1 9 3 2 9 3 1 9 3 2 9 30 1 11 1 2 12 1
202 13 1 2 11 15 2 9 2 12 13 5 1 9 3 2 8 1 3 1 9 3 2 39 1 11 1 2 12 1
202 13 3 12 13 1 2 9 2 12 13 5 1 9 3 2 9 3 1 9 3 2 9 30 1 11 1 2 12 1

202 1 12 1 2 25 1 2 9 2 1 2 9 13 5 1 9 13 5 9 2 1 2 11 1 11 16 1 12 1
202 1 12 1 16 11 1 2 9 2 1 11 5 13 1 8 1 13 5 11 1 2 9 2 1 11 16 1 12 1

230 1 12 1 2 25 1 2 9 2 1 2 9 13 5 1 9 13 5 9 2 1 2 11 1 11 16 1 12 1
230 1 12 1 2 14 11 1 11 2 1 2 9 5 13 10 13 5 9 2 1 2 11 1 11 14 2 1 12 1
230 1 12 1 16 11 1 2 9 2 1 11 5 13 1 8 1 13 5 11 1 2 9 2 1 11 16 1 12 1

202 1 12 1 16 11 1 2 9 2 1 11 5 13 1 8 1 13 5 11 1 2 9 2 1 11 16 1 12 1
202 1 12 1 2 14 11 1 11 2 1 2 9 5 13 10 13 5 9 2 1 2 11 1 11 14 2 1 12 1

202 1 12 1 2 25 1 2 9 2 1 2 9 13 5 1 9 13 5 9 2 1 2 11 1 11 16 1 12 1
202 1 12 1 2 14 11 1 11 2 1 2 9 5 13 10 13 5 9 2 1 2 11 1 11 14 2 1 12 1
202 1 12 1 16 11 1 2 9 2 1 11 5 13 1 8 1 13 5 11 1 2 9 2 1 11 16 1 12 1

202 1 12 1 2 25 1 2 9 2 1 2 9 13 5 1 9 13 5 9 2 1 2 11 1 11 16 1 12 1
202 1 12 1 16 11 1 2 9 2 1 11 5 13 1 8 1 13 5 11 1 2 9 2 1 11 16 1 12 1
202 1 12 1 2 14 11 1 11 2 1 2 9 5 13 10 13 5 9 2 1 2 11 1 11 14 2 1 12 1

216 1 12 1 2 14 11 1 11 2 1 2 9 5 13 10 13 5 9 2 1 13 1 11 14 2 1 12 1

216 1 12 1 2 14 11 1 11 2 1 2 9 5 13 10 13 5 9 2 1 2 11 1 11 14 2 1 12 1

202 13 2 1 11 1 14 2 9 5 9 13 5 1 9 3 1 9 1 13 2 1 2 39 1 11 1 14 1
202 13 2 1 11 1 14 2 9 5 9 13 2 3 1 8 1 4 10 16 2 23 2 1 13 1 11 15 1
202 13 2 1 11 1 16 9 5 9 13 2 4 8 1 3 11 3 1 9 3 2 12 15 13 11 1 14 1
202 13 2 1 11 1 16 9 5 9 13 2 4 8 1 3 11 3 1 12 2 12 11 4 13 11 1 14 1
202 13 2 1 11 1 14 2 9 5 9 13 2 3 1 8 1 3 1 10 16 2 23 16 1 11 1 14 1

216 1 12 1 2 14 11 1 11 2 1 2 9 5 13 10 13 5 9 2 1 2 11 1 11 14 2 1 12 1

203 12 2 1 10 4 10 1 2 10 2 3 10 4 10 16 10 4 10 3 2 10 2 1 10 4 10 1 2 12

215 2 13 1 18 1 11 1 2 1 11 1 19 12 4 13 4 15 1 11 1 14 1 18 1 12 2 16 1

230 1 17 1 12 1 15 3 27 2 18 1 11 1 4 11 3 1 16 11 16 2 16 1 13 1 2 14 1
230 18 1 12 1 2 1 28 2 1 11 2 1 2 27 1 34 12 3 2 11 1 2 1 16 12 1 2 14
230 1 17 1 12 1 2 13 18 1 11 2 3 27 1 15 3 16 12 3 2 11 3 1 16 12 1 2 14
231 16 2 12 3 16 12 1 2 12 2 3 12 4 12 18 16 12 3 2 11 1 2 1 16 12 1 2 14
230 1 18 12 1 2 1 12 3 27 2 18 1 11 1 15 4 1 15 11 16 2 16 1 13 1 2 14 1

230 1 14 1 2 1 15 28 1 2 1 11 4 1 11 1 46 1 15 1 2 1 15 1 28 2 1 15
230 1 14 1 2 1 31 12 1 3 11 16 1 3 1 14 17 11 1 4 11 1 2 31 1 13 3 15
232 14 2 1 12 1 15 2 1 14 1 12 16 1 19 12 4 1 10 2 1 15 2 15 13 1 15 1
230 2 13 3 1 13 15 1 2 13 2 1 31 12 16 15 3 2 11 1 2 1 28 2 1 13 2 1
230 2 13 1 2 1 27 1 2 1 12 1 2 1 27 36 12 15 1 2 1 12 3 1 28 1 2 15
230 2 13 1 2 1 27 1 2 1 13 2 1 27 16 32 3 1 11 1 2 1 28 2 1 13 2 1

246 1 14 1 2 16 13 1 13 2 1 2 11 5 15 12 15 5 11 2 1 2 13 1 13 16 2 1 14 1
231 16 2 12 3 12 4 12 1 2 12 2 3 12 4 12 18 12 4 12 3 2 12 2 1 12 16 1 2 14
247 2 12 2 1 12 4 12 1 2 12 2 3 12 4 12 18 12 4 12 3 2 12 2 1 12 16 1 2 14

230 1 12 1 2 14 11 1 11 2 1 2 9 5 13 10 13 5 9 2 1 2 11 1 11 14 2 1 12 1

216 1 12 1 2 14 11 1 11 2 1 2 9 5 13 10 13 5 9 2 1 2 11 1 11 14 2 1 12 1
216 1 12 1 16 11 1 11 2 1 2 9 5 13 9 1 5 13 9 2 1 2 9 2 1 25 2 1 12 1
216 1 12 1 16 11 1 2 9 2 1 11 5 13 1 8 1 13 5 11 1 2 9 2 1 11 16 1 12 1

230 1 12 1 16 11 1 11 2 1 2 9 5 13 9 1 5 13 9 2 1 2 9 2 1 25 2 1 12 1
230 1 12 1 16 11 1 2 9 2 1 11 5 13 1 8 1 13 5 11 1 2 9 2 1 11 16 1 12 1
230 1 12 1 2 14 11 1 11 2 1 2 9 5 13 10 13 5 9 2 1 2 11 1 11 14 2 1 12 1
231 12 2 1 10 4 10 1 2 10 2 3 10 4 10 16 10 4 10 3 2 10 2 1 10 4 10 1 2 12

202 1 12 2 1 11 1 14 2 23 14 1 3 9 5 1 8 1 3 2 13 23 2 14 1 11 1 2 12 1
202 1 12 2 1 11 1 14 2 23 14 1 3 1 8 6 8 1 3 1 14 23 2 14 1 11 1 2 12 1

202 1 12 2 1 11 1 14 2 23 14 1 3 1 8 6 8 1 3 1 14 23 2 14 1 11 1 2 12 1
202 1 12 1 16 11 1 11 2 1 2 9 5 13 9 1 5 13 9 2 1 2 9 2 1 25 2 1 12 1

202 13 1 2 11 15 2 11 12 2 16 1 9 5 8 1 3 1 14 9 14 2 14 1 11 1 2 12 1
202 13 2 1 11 1 14 2 23 14 1 3 1 8 6 8 1 3 1 14 23 2 14 1 11 1 2 12 1
202 13 1 2 11 15 2 11 12 2 12 4 1 14 8 1 3 1 14 9 14 2 14 1 11 1 2 12 1
216 1 12 1 16 11 1 2 9 2 1 11 5 13 1 8 1 13 5 11 1 11 2 1 11 16 1 12 1
202 13 2 1 11 1 14 2 11 12 14 4 1 14 8 1 3 1 14 9 14 2 14 1 11 1 2 12 1

230 1 12 1 2 25 1 2 9 2 1 2 9 13 5 1 9 13 5 9 2 1 2 11 1 11 16 1 12 1
230 1 12 1 16 11 1 11 2 1 2 9 5 13 9 1 5 13 9 2 1 2 9 2 1 25 2 1 12 1
230 1 12 1 2 14 11 1 11 2 1 2 9 5 13 10 13 5 9 2 1 2 11 1 11 14 2 1 12 1

202 1 12 1 16 11 1 11 2 1 2 9 5 13 9 1 5 13 9 2 1 2 9 2 1 25 2 1 12 1
202 1 12 1 16 11 1 2 9 2 1 11 5 13 1 8 1 13 5 11 1 2 9 2 1 11 16 1 12 1
202 1 12 1 2 14 11 1 11 2 1 2 9 5 13 10 13 5 9 2 1 2 11 1 11 14 2 1 12 1
202 1 12 1 27 1 2 9 2 1 2 9 13 5 1 8 1 5 13 9 2 1 2 9 2 1 27 1 12 1

216 1 12 1 2 14 11 1 11 2 1 2 9 5 13 10 13 5 9 2 1 2 11 1 11 14 2 1 12 1
216 1 12 1 2 25 1 2 9 2 1 2 9 13 5 1 9 13 5 9 2 1 2 11 1 11 16 1 12 1
216 1 12 1 16 11 1 2 9 2 1 11 5 13 1 8 1 13 5 11 1 2 9 2 1 11 16 1 12 1

203 12 2 1 10 4 10 1 2 10 2 3 10 4 10 16 10 4 10 3 2 10 2 1 10 4 10 3 12 14
202 1 12 1 2 25 1 2 9 2 1 2 9 13 5 1 9 13 5 9 2 1 2 11 1 11 16 1 12 1
203 12 2 11 4 10 1 2 1 9 2 13 4 10 4 8 4 10 4 13 2 9 1 2 1 10 4 13 12 14
203 12 2 11 4 10 1 2 1 9 2 13 4 10 4 8 4 10 4 13 2 9 1 2 1 10 4 11 2 12
203 12 2 1 10 14 1 2 1 9 2 3 10 14 4 12 10 4 1 12 2 9 3 11 4 13 11 1 14 1

215 1 2 11 1 16 9 2 1 2 9 2 17 9 13 1 3 1 14 9 3 11 2 15 11 1 2 12 1
202 13 1 2 11 2 1 23 4 10 1 3 1 8 6 8 1 4 40 12 2 1 10 1 13 2 1 12 1
202 13 1 2 11 2 1 23 4 10 1 3 1 8 6 8 5 38 1 2 10 1 2 1 13 11 1 13 1
202 13 2 1 11 1 16 9 4 1 9 4 9 2 12 1 14 3 1 9 17 1 12 2 24 1 2 12 1
202 13 2 1 11 1 14 2 9 5 9 13 2 3 1 8 1 14 4 12 2 12 11 2 15 11 2 1 13

188 1 12 1 2 14 11 1 11 2 1 2 9 5 13 10 13 5 9 2 1 13 1 11 14 2 1 12 1

232 1 14 1 2 16 13 1 13 2 1 2 11 5 15 12 15 5 11 2 1 2 13 1 13 16 2 1 14 1
233 14 2 1 12 4 12 1 2 12 2 3 12 4 12 18 12 4 12 3 2 12 2 1 12 16 1 2 12 2
233 14 2 1 12 4 12 1 2 12 2 3 12 4 12 18 12 4 12 3 2 12 2 1 12 16 3 12 2 16

247 2 1 12 4 12 1 2 12 2 3 12 4 12 18 12 4 12 3 2 12 2 1 12 16 1 2 12 2
247 2 1 12 4 12 1 2 12 2 3 12 4 12 18 12 4 12 3 2 12 2 1 12 16 3 12 2 16
232 15 1 2 16 13 1 13 2 1 2 11 5 15 12 15 5 11 2 1 2 13 1 13 16 2 1 14 1

216 15 1 2 13 14 4 1 15 1 10 1 16 1 2 1 11 5 11 1 33 1 16 12 2 1 14 2
215 2 17 12 1 2 1 11 2 15 4 12 14 4 12 4 15 2 12 2 1 12 4 12 1 2 12 2
217 14 1 2 15 1 11 16 5 10 2 14 1 3 13 3 15 2 14 1 12 4 12 3 12 2 15 1
215 2 14 1 2 14 13 2 3 11 5 14 1 11 5 11 1 18 2 11 1 15 4 15 12 2 16 1
215 2 17 12 1 2 1 11 2 19 11 1 14 4 12 4 15 2 11 1 2 1 12 4 13 2 12 2

230 1 16 1 13 1 18 1 15 1 10 2 14 1 3 13 3 12 5 15 1 15 13 16 1 13 1 2 15
230 1 16 1 14 18 1 11 4 1 10 2 14 1 3 13 3 12 5 15 1 15 13 16 1 13 1 2 15
230 1 17 1 12 1 18 1 15 1 10 2 14 1 3 13 15 5 15 1 13 2 13 16 1 13 1 2 15
230 1 17 1 13 18 1 11 4 1 10 2 14 1 3 13 15 5 15 1 13 2 13 16 1 13 1 2 15

215 2 13 16 1 2 1 11 2 3 12 16 14 4 16 12 3 2 11 1 2 1 16 11 1 3 12 2 16
215 2 13 4 12 1 2 1 11 2 15 16 14 4 16 12 3 2 11 1 2 1 16 11 1 3 12 2 16
215 2 13 4 12 1 2 12 2 3 12 16 14 4 16 12 3 2 11 1 2 1 16 11 1 3 12 2 16

230 1 16 2 12 1 14 4 1 14 1 11 1 15 4 17 12 19 12 1 2 1 11 17 2 1 12 1 2
230 1 16 2 12 1 14 4 1 14 1 11 1 15 4 17 12 19 12 1 2 1 11 1 18 1 12 1 2

232 1 14 1 2 16 13 1 13 2 1 2 11 5 15 12 15 5 11 2 1 2 13 1 13 16 2 1 14 1
233 14 2 1 16 12 1 2 12 2 3 12 4 12 18 12 4 12 3 2 12 2 1 12 4 12 1 2 12 2
233 14 2 1 16 12 1 2 12 2 3 12 4 12 18 12 4 12 3 2 12 2 1 12 4 12 3 12 2 16

232 15 2 1 13 1 16 2 13 3 11 15 1 4 15 1 11 1 18 2 30 13 2 1 12 1 17 1
232 15 3 13 1 2 29 2 1 11 4 1 27 1 14 1 4 16 11 3 1 12 2 30 2 1 14 1
232 15 1 2 13 18 1 14 1 12 16 3 12 16 1 4 15 1 13 2 28 1 14 1 2 1 14 1
232 15 1 2 16 12 1 15 1 2 1 16 11 4 16 28 1 3 11 1 2 16 13 2 13 1 2 1
232 16 2 13 2 1 13 17 1 12 2 3 10 16 1 4 30 2 12 2 1 12 4 12 1 2 12 17
249 1 13 2 1 12 16 1 2 1 11 2 3 12 34 28 2 1 13 1 2 1 27 1 2 1 13 1

233 14 2 1 12 16 1 2 1 11 2 3 12 34 1 27 2 1 2 11 1 2 28 1 2 1 12 1 18
232 1 14 2 1 13 1 16 2 16 11 15 1 4 11 4 1 12 18 2 27 3 12 1 2 1 12 18 1
232 1 14 1 2 29 1 2 11 2 1 2 11 15 5 12 15 5 11 2 1 2 13 1 13 18 1 14 1
232 1 14 1 2 29 1 2 11 2 1 2 11 15 5 12 15 5 13 1 2 13 1 13 16 2 1 14 1
232 1 14 2 1 13 1 16 2 16 11 16 4 11 4 1 11 1 18 2 27 3 12 1 2 1 12 18 1
233 14 2 1 12 16 1 2 1 11 2 3 12 16 18 12 4 12 3 2 12 2 1 12 16 3 12 2 16

215 1 16 2 12 1 18 1 14 1 11 1 15 4 13 4 12 19 1 11 1 2 1 11 1 18 1 13 2

247 2 1 12 1 2 17 11 1 2 1 12 19 12 17 4 15 1 11 1 14 1 4 14 1 12 2 16 1
247 2 13 4 12 1 2 1 11 2 15 16 14 4 16 12 3 2 11 1 2 1 16 11 1 3 12 2 16
247 2 1 12 1 18 1 11 1 2 1 12 19 12 17 4 15 1 11 1 14 1 4 14 1 12 2 16 1

216 16 2 12 3 1 11 16 1 2 1 11 2 3 12 16 4 14 16 12 3 2 11 1 2 1 16 13 2
216 16 2 12 3 1 11 16 1 2 1 11 2 3 12 16 4 14 16 12 3 2 12 2 1 12 4 13 2

232 17 1 12 1 2 13 18 1 11 2 1 17 12 1 15 5 15 1 10 5 11 2 16 1 13 1 2 15
232 15 2 1 13 1 16 13 15 1 15 5 12 3 13 3 1 14 2 10 1 4 11 1 18 14 1 16 1
232 15 2 1 13 1 16 13 2 13 1 15 5 15 1 12 18 2 10 1 15 1 3 15 1 12 1 17 1

215 1 16 2 12 15 4 15 1 11 2 18 1 11 5 11 1 14 5 11 3 2 13 14 2 1 14 2
216 16 2 12 15 4 12 1 2 1 11 2 15 4 12 4 14 12 4 15 2 11 1 2 1 12 17 2
215 2 14 1 2 12 16 1 33 1 11 5 11 1 2 1 16 1 10 1 15 1 4 14 13 2 1 15
216 16 2 12 15 4 12 1 2 1 11 2 15 4 12 4 14 12 4 12 3 2 12 2 1 12 17 2
216 1 17 12 2 1 12 4 12 1 14 2 15 16 3 1 14 2 10 4 1 16 11 1 15 2 1 14

247 2 12 2 1 16 12 1 2 12 2 3 12 4 12 18 12 4 12 3 2 12 2 1 12 4 12 1 2
231 16 2 12 3 16 12 1 2 12 2 3 12 4 12 18 12 4 12 3 2 12 2 1 12 4 12 1 2
246 1 14 1 2 16 13 1 13 2 1 2 11 5 15 12 15 5 11 2 1 2 13 1 13 16 2 1 15

246 1 14 1 2 16 13 1 13 2 1 2 11 5 15 12 15 5 11 2 1 2 13 1 13 16 2 1 14 1
231 16 2 12 3 16 12 1 2 12 2 3 12 4 12 18 12 4 12 3 2 12 2 1 12 4 12 1 2 14

189 1 12 1 2 14 11 1 13 1 2 9 5 13 10 13 5 9 2 1 2 11 1 11 14 2 1 12 1

202 1 12 1 2 13 1 10 1 2 12 40 4 1 8 6 8 1 3 1 10 4 23 1 2 11 2 1 13
202 13 1 2 11 15 2 11 12 2 16 10 4 1 8 1 3 2 13 9 5 9 2 14 1 11 1 2 13
202 1 12 1 2 13 1 10 1 2 12 44 1 8 6 8 2 1 2 10 1 3 23 1 2 11 2 1 13
202 1 12 2 1 11 1 14 2 23 14 4 14 1 8 1 3 2 13 9 5 9 2 14 1 11 1 2 13
202 1 12 2 1 11 13 2 13 17 9 1 3 14 1 8 4 2 9 4 9 5 9 16 1 11 1 2 13

216 1 12 1 2 14 11 1 11 2 1 2 9 5 13 10 13 5 9 2 1 2 11 1 11 14 2 1 12 1
202 1 14 1 11 13 4 11 2 1 9 14 1 4 10 12 4 14 10 3 2 9 1 2 1 14 10 1 2 12
216 1 12 1 16 11 1 11 2 1 2 9 5 13 9 1 5 13 9 2 1 2 9 2 1 25 2 1 12 1
217 12 2 11 4 10 1 2 1 9 2 13 4 10 4 8 4 10 4 13 2 9 1 2 1 10 4 11 2 12
202 1 14 1 11 13 4 11 3 9 2 12 1 4 10 12 4 14 10 3 2 9 1 2 1 14 10 1 2 12
202 1 14 1 11 13 4 11 2 1 9 2 13 4 10 12 4 14 10 3 2 9 1 2 1 14 10 1 2 12

202 1 12 1 2 14 11 1 11 2 1 2 9 5 13 10 13 5 9 2 1 2 11 1 11 14 2 1 12 1
202 1 12 1 16 11 1 11 2 1 2 9 5 13 9 1 5 13 9 2 1 2 9 2 1 25 2 1 12 1
202 1 12 1 16 11 1 2 9 2 1 11 5 13 1 8 1 13 5 11 1 2 9 2 1 11 16 1 12 1

216 1 12 1 2 14 11 1 11 2 1 2 9 5 13 10 13 5 9 2 1 2 11 1 11 14 2 1 12 1
216 1 12 1 2 25 1 2 9 2 1 2 9 13 5 1 9 13 5 9 2 1 2 11 1 11 16 1 12 1
216 1 12 1 16 11 1 11 2 1 2 9 5 13 9 1 5 13 9 2 1 2 9 2 1 25 2 1 12 1
216 1 12 1 27 1 2 9 2 1 2 9 13 5 1 8 1 5 13 9 2 1 2 9 2 1 27 1 12 1

230 1 12 1 16 11 1 11 2 1 2 9 5 13 9 1 5 13 9 2 1 2 9 2 1 25 2 1 12 1
230 1 12 1 27 1 2 9 2 1 2 9 13 5 1 8 1 5 13 9 2 1 2 9 2 1 27 1 12 1
230 1 12 1 16 11 1 2 9 2 1 11 5 13 1 8 1 13 5 11 1 2 9 2 1 11 16 1 12 1
230 1 12 1 2 25 1 2 9 2 1 2 9 13 5 1 9 13 5 9 2 1 2 11 1 11 16 1 12 1

202 1 12 2 1 11 1 14 2 14 9 14 1 3 1 8 14 1 4 14 12 11 2 14 1 11 1 2 13
202 1 12 2 1 11 1 14 2 23 14 1 3 1 8 6 8 1 3 1 14 23 2 14 1 11 1 2 13
202 1 12 2 1 11 1 14 2 14 9 14 1 3 1 8 5 9 1 16 2 12 11 2 15 11 2 1 13
202 1 12 2 1 11 1 14 2 14 9 14 1 3 1 8 14 1 4 12 2 12 11 2 15 11 2 1 13

202 1 12 2 1 11 1 14 2 23 14 1 3 1 8 6 8 1 3 1 14 23 2 14 1 11 1 2 12 1
216 1 12 1 2 25 1 2 9 2 1 2 9 13 5 1 9 13 5 9 2 1 2 11 1 11 16 1 12 1

202 1 12 2 1 11 1 14 2 23 13 2 3 1 8 1 5 9 3 1 14 23 2 14 1 11 1 2 12 1
202 1 12 2 1 11 1 14 2 23 14 1 3 1 8 6 8 1 3 1 14 23 2 14 1 11 1 2 12 1

231 1 11 2 1 10 14 1 2 1 9 2 3 10 14 16 14 10 3 2 9 1 2 1 14 10 1 2 11 1
231 1 11 2 11 4 10 1 2 1 9 2 13 4 10 12 4 14 10 3 2 9 1 2 1 14 10 1 2 12
231 12 2 1 10 4 10 1 2 10 2 3 10 4 10 16 10 4 10 3 2 10 2 1 10 4 10 1 2 12
230 1 12 1 2 25 1 2 9 2 1 2 9 13 5 1 9 13 5 9 2 1 2 11 1 11 16 1 12 1
231 12 2 1 10 14 1 2 1 9 2 3 10 14 4 12 10 4 13 2 9 1 2 1 10 4 11 2 11 1

202 1 12 1 2 25 1 2 9 2 1 2 9 13 5 1 9 13 5 9 2 1 2 11 1 11 16 1 12 1
202 1 12 1 2 14 11 1 11 2 1 2 9 5 13 10 13 5 9 2 1 2 11 1 11 14 2 1 12 1

230 1 12 1 2 14 11 1 11 2 1 2 9 5 13 10 13 5 9 2 1 2 11 1 11 14 2 1 12 1

