134 2 1 14 1 2 29 1 3 1 11 1 3 2 16 12 2 1 14 3 15
134 2 1 14 1 2 15 14 5 11 4 2 11 1 3 1 13 16 3 14 1

134 2 1 14 1 2 15 14 5 11 4 13 1 3 1 13 2 14 3 14 1

135 1 17 1 12 1 2 14 4 1 16 11 1 3 13 1 2 17 1 14 1

134 1 15 2 1 15 14 5 1 12 4 11 1 3 14 2 14 3 1 14 1

134 1 15 2 1 15 14 5 1 12 4 11 1 3 14 2 14 3 1 14 1
135 1 17 13 1 2 13 1 4 1 16 11 1 3 13 1 2 17 1 14 1

134 1 2 14 2 1 12 4 13 1 4 11 17 4 16 1 13 1 2 14 1

135 1 14 1 2 16 13 1 3 13 5 16 12 2 1 14 3 1 14 1
134 1 17 1 13 2 14 5 13 4 11 1 3 1 13 2 14 3 15 1

134 1 2 14 3 12 3 1 18 11 1 15 1 4 16 1 13 1 2 14 1
134 1 2 14 2 1 12 4 13 1 4 11 17 4 16 1 13 1 2 14 1

118 1 13 3 12 1 2 10 14 5 1 9 1 3 1 25 2 1 12 1
118 1 13 2 1 13 26 1 4 1 10 1 2 1 10 15 2 1 13 1

135 1 14 1 17 2 1 13 3 1 11 16 1 4 14 2 1 12 1 17 1

136 1 14 1 3 14 2 13 1 3 1 11 22 13 1 15 2 1 14 1
136 1 14 1 3 14 2 1 12 1 3 12 22 13 1 15 2 1 14 1

134 2 14 1 19 14 1 2 1 11 4 12 1 19 2 12 1 2 1 13 2
135 1 14 2 1 13 1 16 4 1 16 11 2 15 1 3 1 13 2 1 13

138 14 2 13 1 3 1 15 2 11 1 15 1 4 16 1 13 1 2 14 1
136 2 13 1 2 1 12 2 19 1 12 4 11 1 2 1 14 19 1 14 2

136 1 17 1 12 1 2 14 4 1 16 11 1 3 13 1 2 17 1 14 1

136 1 14 2 1 13 1 16 4 1 15 1 11 18 1 3 12 1 2 16 1

136 1 14 2 1 13 1 16 4 1 15 1 11 18 1 3 12 1 2 16 1
136 1 14 2 1 13 1 16 4 1 15 1 11 18 4 12 1 2 14 2 1

136 1 14 2 1 13 1 16 4 17 11 4 1 13 4 12 1 2 14 2 1

136 1 14 3 14 2 13 1 3 1 13 4 11 5 14 15 2 1 14 1 2
136 1 14 3 14 2 13 1 3 1 13 4 11 5 12 2 17 1 14 1 2

136 1 14 1 3 14 2 14 3 1 11 4 12 1 5 14 15 1 2 15 1

136 1 14 2 1 29 1 4 11 2 3 1 11 5 14 15 2 1 14 1 2
136 1 14 3 14 2 13 1 3 1 13 4 11 5 14 15 2 1 14 1 2

136 1 14 1 3 14 2 14 3 1 11 4 12 1 5 14 2 13 1 17 1
136 1 14 1 17 2 1 13 3 1 11 16 1 4 1 13 2 1 13 17 1

137 1 14 1 2 15 14 5 11 4 13 1 3 1 13 2 14 3 14 1

138 13 1 2 1 13 1 2 18 27 2 3 1 12 1 2 1 13 18 1
151 1 2 1 13 1 2 1 28 1 4 11 1 4 1 14 17 1 14 1

137 14 1 2 1 13 1 3 16 12 5 11 1 16 4 14 2 1 14 2
137 14 1 2 1 13 1 19 1 11 5 11 1 3 13 3 2 16 14 1

137 14 1 17 2 1 13 3 1 11 16 1 4 1 13 2 1 12 1 17 1
137 14 1 16 1 2 1 16 1 11 16 1 4 1 13 2 1 12 1 17 1

137 14 2 1 13 1 20 1 11 1 4 11 1 3 16 2 12 4 14 1
137 14 2 1 13 1 19 2 11 1 3 1 11 1 19 2 12 2 17 1

137 14 2 1 14 2 18 12 1 3 1 12 1 3 29 2 1 14 2 1
137 14 2 1 13 17 1 2 1 12 4 1 29 4 12 1 2 14 2 1

151 1 2 14 2 1 12 4 13 1 4 11 2 3 12 19 2 13 2 1
137 14 1 2 14 2 13 4 13 5 11 5 13 16 1 2 1 13 2 1

137 14 2 1 14 19 2 11 1 3 1 12 1 4 16 12 2 1 14 2 1
137 14 1 2 14 1 20 11 4 1 11 1 3 2 16 12 2 1 14 2 1

137 14 2 1 16 13 1 4 11 2 3 1 11 5 14 15 2 1 14 1 2

151 2 1 14 1 2 15 14 5 11 1 3 2 11 4 14 2 14 1 2
137 15 1 15 3 14 1 2 12 16 5 1 12 4 12 1 2 14 2 1

119 1 2 1 13 1 2 18 11 4 1 11 1 5 11 3 2 13 1 18
119 1 2 1 13 1 2 18 11 1 3 1 11 1 3 2 16 14 16 2

119 1 2 14 1 2 1 17 11 4 13 1 4 11 5 12 2 1 16 1
119 1 2 14 1 2 1 17 11 16 1 4 1 13 2 1 12 1 17 1

119 2 1 14 1 20 11 1 3 1 11 1 3 2 16 12 2 1 14 2 1

119 2 1 14 1 31 1 3 1 11 1 3 2 16 12 2 1 14 2 1
119 1 2 14 2 1 16 13 1 4 11 2 3 12 5 14 1 14 2 1

119 2 1 14 1 2 29 1 3 1 11 1 3 1 29 2 1 14 1 2
119 1 2 13 1 2 1 16 13 5 11 5 13 4 12 1 2 1 13 2

119 1 2 14 1 2 12 16 2 3 1 11 1 3 1 11 20 1 14 1 2

133 2 1 14 1 2 15 14 5 11 1 3 2 11 4 1 13 16 1 2 14

119 1 2 14 2 1 12 4 13 1 4 11 2 3 12 19 2 13 2 1

133 1 2 13 2 19 12 3 2 11 4 1 13 4 13 2 14 2 1 14
133 2 1 14 1 17 2 12 5 11 1 3 13 4 1 13 16 1 2 14

119 16 1 2 14 3 1 11 4 2 11 5 11 17 1 2 1 14 2 1
119 2 14 3 14 1 3 11 5 1 11 5 11 17 1 2 1 14 2 1

119 2 1 14 1 2 28 1 4 1 11 1 3 1 29 1 2 14 1 2
119 2 1 15 2 12 16 2 3 1 11 1 3 1 29 2 1 14 1 2

133 1 2 14 2 1 12 4 13 5 11 5 12 1 17 2 1 13 3 14
134 1 14 4 12 2 16 3 1 11 4 1 12 18 2 1 13 1 2 14

119 2 14 1 2 14 4 11 5 1 11 5 11 17 1 2 1 14 2 1
119 1 16 1 14 5 11 1 3 2 11 4 1 29 1 2 13 1 2 1

133 1 2 14 1 14 5 12 3 2 11 4 1 12 1 17 2 14 3 14
133 2 1 14 1 2 15 13 1 5 11 1 3 17 14 2 14 1 2 14

133 1 2 14 1 2 12 16 4 1 12 1 3 1 11 2 19 14 1 2 14
133 1 2 14 1 14 5 11 2 3 1 11 1 4 11 20 1 14 2 1 14

134 1 17 1 12 1 2 13 1 4 1 16 11 1 16 1 2 1 16 1 14
134 1 17 1 12 1 2 13 1 4 1 16 11 1 3 13 1 2 17 1 14

134 1 30 2 1 2 11 1 4 1 16 11 1 16 1 2 1 16 1 14
133 16 2 1 14 1 3 16 1 11 5 12 16 3 1 13 1 2 1 14

134 1 14 2 1 13 1 16 4 1 14 13 3 2 12 1 2 1 30 1
134 1 14 3 14 2 13 1 3 1 13 4 11 5 12 2 17 1 14 1

134 1 14 3 14 2 13 1 3 1 13 4 11 5 12 2 17 1 14 1

133 1 2 14 2 1 12 4 18 11 1 4 11 1 19 1 14 2 1 14
133 1 2 14 1 2 12 22 11 1 3 1 11 1 20 1 13 1 2 14

119 1 16 1 2 12 5 11 4 1 12 1 4 11 18 2 1 14 2 1

119 2 1 14 1 20 11 1 3 1 11 1 3 2 16 12 2 1 16 1
119 1 2 14 1 2 18 11 4 1 12 1 4 11 5 12 2 1 16 1

120 1 14 2 1 13 1 16 4 1 15 1 11 2 15 1 2 1 14 2
119 2 14 3 14 1 3 11 5 1 11 5 11 17 1 2 1 14 2 1

119 1 17 1 13 2 14 5 1 11 1 3 1 11 18 2 1 13 1 2
119 2 16 14 16 2 3 1 11 1 3 1 11 18 2 1 13 1 2 1

133 1 16 1 2 12 16 2 3 1 11 1 3 1 11 20 1 14 1 2
133 1 16 1 2 12 5 11 4 1 12 1 4 11 18 2 1 14 2 1

133 1 16 1 14 5 11 2 3 1 11 1 4 11 20 1 14 2 1 14
135 16 1 13 3 2 11 1 4 1 16 11 1 16 1 2 1 16 1 14

133 1 16 2 13 3 1 12 1 3 2 11 18 3 14 2 13 1 3 14
134 1 17 13 1 2 13 1 4 1 16 11 1 3 13 1 2 17 1 14

134 1 14 3 1 12 2 16 3 1 11 5 12 18 2 1 13 1 2 14
133 1 17 2 12 2 15 4 1 11 4 1 12 1 17 2 1 13 3 14

134 1 16 2 1 12 3 1 18 11 1 15 1 4 16 1 13 1 2 14 1

118 1 12 2 1 11 15 1 3 9 1 4 1 11 3 12 13 3 12 1
118 1 12 1 2 13 26 1 4 1 9 1 2 1 15 11 1 2 12 1

134 2 14 2 1 14 4 16 1 11 5 11 1 16 3 1 14 2 1 14
135 1 17 13 1 2 14 4 1 16 11 1 3 13 1 2 17 1 14 1

134 1 15 2 1 15 14 5 1 12 4 11 1 3 14 2 14 3 1 14 1

135 1 14 1 17 2 1 16 1 11 17 1 3 1 13 2 1 13 17 1
135 1 14 1 3 14 1 2 12 16 5 13 3 1 13 16 2 1 14 1

136 16 1 13 1 2 18 1 11 1 4 11 1 19 1 13 1 2 1 14
134 1 15 2 15 1 15 4 1 15 1 11 2 17 1 2 12 1 2 16

135 1 14 1 2 1 14 16 3 1 11 5 12 18 1 2 13 3 14 1
135 2 14 2 1 12 4 13 1 4 11 17 4 14 2 1 13 3 14 1

135 1 15 1 2 29 1 3 1 11 1 3 1 30 2 1 13 1 2 14
135 15 1 2 1 12 2 16 3 1 11 5 12 18 1 2 13 3 14 1

150 1 2 13 1 3 1 14 1 2 27 1 2 14 1 3 1 16 14 1
135 1 17 13 1 2 14 4 1 16 11 1 3 13 1 2 17 1 14 1

136 14 3 13 1 2 17 1 12 1 4 11 1 4 15 2 12 2 1 16
136 14 2 1 13 1 2 30 1 4 11 1 3 1 15 14 3 1 14 1

135 15 1 2 13 2 19 12 3 2 11 4 1 13 4 12 1 2 14 2
135 1 14 1 17 2 14 3 12 4 12 1 19 2 12 1 2 1 13 2

135 1 14 3 13 2 1 18 12 5 11 1 3 16 14 1 2 1 14 1
135 1 14 2 1 29 1 3 1 12 1 3 1 28 1 2 14 2 1 16

136 1 30 1 2 1 13 1 3 1 27 1 4 14 2 1 13 1 16 2
136 1 14 3 1 12 2 1 30 5 11 1 3 1 17 13 1 2 14 1

152 2 13 1 2 1 16 2 11 1 15 1 4 16 1 13 1 2 14 1
136 1 14 1 17 2 1 13 3 1 11 16 1 20 1 13 1 2 14 1

136 1 14 2 1 13 1 16 4 1 15 1 11 18 1 3 12 1 2 16 1

119 1 12 1 2 25 1 3 1 9 1 3 2 24 2 1 12 1 2 13
119 1 12 1 2 13 12 5 9 1 4 1 9 5 12 13 1 2 13 1

136 1 14 1 3 14 2 14 3 1 11 4 12 1 5 14 2 13 1 17 1
136 1 14 1 3 14 2 14 3 1 11 4 12 1 5 14 15 1 2 15 1

137 14 1 2 1 13 1 19 1 11 4 1 11 1 18 2 1 13 1 16
137 15 1 2 13 2 19 11 1 3 1 11 1 5 14 15 1 2 15 1

137 14 2 1 14 4 12 3 2 15 12 2 4 12 1 3 13 2 16 1
137 15 16 1 2 1 13 3 1 11 16 1 4 1 13 2 1 13 17 1

152 2 13 1 2 1 16 2 11 1 15 1 4 16 1 13 1 2 14 1
137 16 1 13 1 2 18 12 1 4 11 1 3 16 14 1 2 1 14 1

137 14 2 1 14 16 3 2 15 1 11 6 12 1 3 12 1 2 16 1
137 14 2 1 14 19 2 11 1 3 1 11 2 4 11 5 14 1 16 1

119 1 2 1 13 1 2 18 11 4 1 11 1 5 14 2 13 1 17 1
120 1 2 13 1 2 1 28 1 3 1 11 1 4 1 29 1 2 14 1

119 1 2 14 1 2 1 17 11 5 11 1 5 11 3 1 14 3 14 2
119 1 2 14 1 2 1 17 11 5 11 2 4 11 1 3 14 2 1 16

134 16 1 2 14 3 1 15 2 11 5 11 1 16 3 1 14 2 1 14
135 1 14 2 1 13 1 20 1 16 11 1 3 13 1 2 17 1 14 1

134 1 2 14 1 2 29 4 1 11 1 3 1 12 18 2 14 1 2 14
134 1 16 2 1 15 1 18 11 1 16 1 3 16 1 13 1 2 14 1

134 2 1 14 1 17 2 12 5 11 4 13 1 3 1 13 2 14 3 14 1
134 2 1 14 1 2 15 14 5 11 4 13 1 3 1 13 2 14 3 14 1

119 1 12 3 12 2 11 1 3 1 11 4 9 5 10 2 15 1 12 1

134 2 14 3 14 1 17 2 1 11 5 11 1 19 14 1 2 1 14 1
135 1 14 2 1 13 1 16 4 1 16 15 13 1 2 14 3 1 14 1

118 1 13 3 12 2 11 1 3 1 9 4 11 5 12 13 1 2 13 1
118 1 13 15 2 1 10 4 1 9 15 1 3 1 11 2 1 11 15 1

135 1 14 3 13 2 1 18 12 5 11 1 3 16 14 1 2 1 14 1
136 14 2 1 13 1 2 18 12 1 3 1 11 1 4 29 2 1 15 1

136 2 13 1 2 1 14 2 18 12 16 1 3 13 3 1 14 2 14 1
136 1 14 1 2 1 14 16 3 1 11 4 1 12 19 2 13 1 17 1

136 1 14 2 1 13 1 16 4 17 11 4 14 16 1 2 1 13 2 1
136 1 14 1 17 16 15 4 1 11 1 3 1 29 1 2 1 13 2 1

136 1 14 1 3 14 2 1 13 15 16 1 4 16 1 13 1 2 14 1
136 1 14 1 2 1 14 1 30 5 11 1 3 1 17 13 1 2 14 1

136 1 14 3 14 2 13 1 3 1 13 4 11 5 12 2 17 1 14 1 2

137 14 1 2 14 1 3 16 1 11 5 11 1 16 3 1 14 2 1 14
136 1 14 2 1 14 16 4 1 15 1 11 2 16 1 3 13 2 16 1

119 1 12 1 2 13 12 5 9 4 11 1 3 1 11 2 12 3 12 1

137 14 1 2 14 1 19 1 11 4 1 12 1 15 5 12 2 1 16 1

137 14 2 1 13 1 2 14 4 16 1 11 2 3 12 1 17 2 14 3
137 14 1 2 14 1 19 12 3 2 11 1 3 1 29 1 2 14 1 2

137 14 1 2 14 1 19 12 5 11 4 1 13 4 12 1 2 14 2 1
137 14 1 2 14 1 19 12 3 2 11 1 3 1 12 18 2 14 1 2

137 14 2 1 13 1 2 18 12 1 3 1 11 5 29 2 1 14 1 2
137 14 1 2 14 1 19 12 3 2 11 1 3 1 29 1 2 14 1 2

104 1 2 12 1 2 10 14 1 3 1 10 4 1 25 1 2 12 1
104 2 1 11 1 2 12 4 9 4 1 10 5 12 2 11 1 15 1

119 2 1 14 1 2 29 1 3 1 11 1 3 1 29 2 1 14 1 2

104 1 14 1 2 10 5 9 5 10 1 4 9 4 12 2 1 12 2
104 2 13 1 2 13 2 9 1 14 1 3 14 1 11 1 2 12 1

119 1 2 13 1 2 1 16 13 5 11 5 13 16 1 2 1 13 2 1

133 2 1 14 1 17 2 12 5 11 1 16 4 14 2 1 13 1 2 14
133 2 1 14 3 15 1 13 5 11 1 16 4 14 2 1 13 1 2 14

105 1 12 3 12 2 11 1 3 1 11 4 9 5 10 2 1 14 1
104 2 12 1 2 12 4 9 4 1 10 3 2 9 15 2 1 13 2

119 1 2 14 1 14 5 12 3 2 11 4 1 13 16 1 2 14 2 1
119 2 1 14 1 2 29 1 3 1 11 1 3 1 29 2 1 14 1 2

133 2 1 14 1 17 2 12 5 11 1 16 4 14 2 1 13 1 2 14

104 1 13 2 1 13 12 5 10 1 3 1 9 5 12 1 12 2 1
104 1 15 1 11 2 12 5 10 1 3 1 9 16 2 1 11 1 2

134 2 13 1 2 1 12 2 19 1 12 4 12 1 2 14 2 1 16 15
133 1 2 14 1 2 29 3 1 12 1 3 1 12 18 2 14 1 2 14

118 1 12 3 12 2 11 1 3 1 11 4 9 5 10 2 15 1 12 1

133 1 16 1 2 12 5 15 1 12 1 4 11 1 19 1 14 2 1 14

104 2 12 1 2 1 11 4 9 5 10 5 9 4 11 1 2 1 12 2

104 15 2 11 1 3 1 9 2 17 1 10 3 1 10 1 14 2 1
105 1 12 17 2 9 1 3 1 10 1 4 14 10 1 2 12 2 1

116 1 13 2 1 25 1 3 1 10 1 3 1 25 1 2 11 2 1
118 12 2 1 11 1 2 12 4 14 1 9 2 13 1 3 12 2 12

133 1 2 14 1 2 12 21 1 11 1 3 1 11 1 20 14 1 2 14
133 1 2 14 1 14 5 15 2 11 1 3 1 11 2 19 14 1 2 14

134 1 14 2 1 13 1 16 4 1 15 1 11 2 15 1 2 1 14 2
133 2 14 1 2 14 4 16 1 11 5 11 1 16 3 1 14 2 1 14

134 1 15 1 19 1 12 3 2 11 4 1 13 17 15 1 2 1 14 1
134 1 17 14 2 3 16 1 11 1 4 11 1 19 14 1 2 1 14 1

117 14 1 2 12 2 1 10 14 1 3 1 10 4 1 25 1 2 12 1
117 14 1 2 12 2 1 24 1 3 1 10 1 3 1 25 1 2 12 1

134 2 16 14 1 2 14 1 3 1 15 12 18 2 1 13 1 3 13 2
134 16 2 1 14 1 17 2 1 11 5 11 1 19 14 1 2 1 14 1

135 1 14 1 2 1 14 16 3 1 11 5 12 18 2 1 13 1 2 14
135 2 13 1 2 1 14 2 18 12 16 1 3 13 3 1 14 2 14 1

137 13 1 2 13 1 3 1 15 2 11 1 15 1 4 16 1 14 2 14 1
137 13 1 2 13 1 3 1 15 2 11 16 1 4 16 1 13 1 2 14 1

135 1 17 1 12 1 2 14 4 1 16 11 1 3 13 1 2 17 1 14 1

135 1 14 1 17 2 1 13 3 1 11 16 1 4 14 2 1 12 1 17 1

135 1 14 2 1 13 1 16 4 1 16 11 2 15 1 3 1 13 2 1 13
135 1 14 2 14 1 16 4 1 15 1 11 2 15 1 3 1 13 2 1 13

135 1 14 3 13 2 1 18 12 5 11 1 3 16 14 1 2 1 14 1
135 15 1 2 13 3 1 13 1 2 18 16 12 2 1 14 3 1 14 1

136 1 14 1 2 1 14 19 1 11 5 11 2 1 18 14 1 2 14 2
136 1 14 1 3 14 15 1 3 1 11 4 1 30 2 1 13 1 2 14

120 12 2 1 11 1 2 26 1 3 1 9 1 3 1 25 2 1 13 1
119 1 12 3 12 2 11 1 3 1 11 4 9 5 10 2 15 1 12 1

136 1 14 1 2 1 14 19 1 11 5 12 1 15 4 1 13 1 2 14
136 1 14 1 2 1 14 19 1 11 5 11 1 2 17 1 14 1 2 16

137 14 1 2 14 1 3 16 1 11 5 11 1 19 1 13 1 3 14 2
137 14 1 2 14 1 3 17 11 4 13 1 2 13 5 12 2 1 16 1

137 14 2 1 14 2 18 12 1 3 1 11 1 4 29 2 1 14 1 2
137 14 2 1 14 2 18 12 1 3 1 11 2 3 29 2 1 14 2 1

120 12 2 12 1 2 1 15 10 1 3 10 5 13 12 2 1 12 2
120 12 2 12 3 1 13 2 9 1 14 1 3 14 1 11 1 2 13

104 1 2 14 1 10 1 13 1 3 1 14 1 9 2 14 1 2 12
104 2 1 11 1 2 1 11 18 10 4 1 9 1 2 15 1 12 1

137 14 1 2 14 1 3 16 1 11 5 11 1 16 3 1 14 1 2 16
137 14 1 2 14 1 3 16 1 11 5 11 2 15 1 3 14 2 1 16

133 2 14 1 2 14 4 16 1 11 5 11 1 16 3 1 14 2 1 14

