121 13 1 3 1 12 2 1 2 27 1 4 11 5 1 11 2 1 2 14 1

118 2 1 12 1 2 1 12 18 3 1 11 4 1 12 18 1 15 1
118 2 1 12 1 2 1 12 17 1 4 11 4 1 17 13 1 15 1

105 1 11 2 1 11 5 1 9 1 3 1 8 1 19 11 1 2 12 1
104 2 11 1 2 1 14 2 8 1 5 8 1 17 2 10 1 2 1 13

118 2 1 12 1 2 1 12 6 16 12 2 1 12 2 3 1 12 2 1
118 2 1 12 1 2 1 12 6 16 11 1 2 1 12 2 3 1 12 3

104 2 11 1 2 1 14 2 8 1 5 8 1 17 2 10 1 2 1 11 2

120 1 13 4 13 1 2 13 4 1 17 10 2 4 11 1 2 1 14 2
121 13 1 2 1 13 1 2 18 16 1 10 2 4 11 1 2 1 14 2

105 1 11 1 2 1 24 1 4 1 8 1 4 1 24 1 2 1 11 2
106 11 1 2 12 1 2 1 9 6 8 6 9 1 2 1 12 2 1 11

120 1 13 3 1 12 1 16 3 2 13 2 1 11 6 11 2 3 13 1
120 1 13 3 1 12 1 16 3 2 13 2 1 11 2 4 11 2 3 13

104 2 12 1 3 9 2 3 1 8 1 3 2 24 2 1 12 1 2 13

104 2 11 1 2 1 10 2 17 1 8 5 1 8 2 14 1 2 1 11 2

104 2 12 1 3 9 2 3 1 8 1 3 2 24 2 1 12 1 2 13

105 1 11 1 2 12 1 3 1 8 5 1 23 2 1 12 1 2 1 12
104 2 11 4 1 10 3 2 8 1 4 1 23 2 1 12 1 2 1 12

121 13 1 2 1 13 3 2 16 11 1 5 10 1 3 1 14 2 1 14
121 13 1 3 1 12 2 1 2 27 5 1 10 2 3 13 1 3 13 2

120 1 13 1 2 14 1 3 11 5 1 16 11 1 3 14 2 1 13 3
120 14 1 2 1 13 2 13 4 13 1 4 11 5 12 2 1 2 14 1

104 2 11 1 3 1 13 2 8 1 4 1 8 1 17 12 1 2 1 12 1

134 1 13 1 2 14 4 11 4 2 11 1 3 1 11 17 2 17 1 14
134 16 1 13 3 2 11 1 4 1 27 2 1 2 12 1 3 1 13 16

134 14 1 2 14 1 3 11 5 1 27 1 2 1 13 1 3 1 15 14
134 14 1 2 1 13 15 5 1 11 4 1 11 2 15 1 3 1 13 16

134 14 3 1 12 2 1 2 16 17 12 1 2 12 1 3 1 13 1 2
134 14 2 1 13 1 16 4 1 15 1 11 16 2 3 1 12 1 2 14

121 13 1 3 1 12 2 1 2 27 1 4 11 5 1 11 2 1 2 14 1

118 12 1 2 1 13 2 9 1 3 10 1 5 14 9 1 2 1 12 2 1
118 12 1 2 13 1 2 9 2 12 5 1 10 3 1 9 2 14 2 1 12

120 14 1 2 14 1 3 1 16 11 4 12 2 4 11 1 3 1 13 2
120 1 13 1 2 14 1 3 1 16 15 13 1 2 13 1 3 1 14 1

118 12 1 2 14 2 9 1 3 10 1 5 12 2 9 2 1 13 2 1 12
118 12 1 2 13 1 2 9 2 12 5 1 10 3 1 9 2 14 2 1 12

135 1 2 1 13 1 2 1 27 1 5 10 1 3 1 14 2 1 13 1
120 2 12 1 3 1 13 16 3 1 11 5 1 10 1 18 1 2 13 1

120 1 13 2 1 18 1 10 1 5 11 1 3 16 13 1 3 1 12 2 1

118 12 2 1 11 3 2 10 1 12 5 1 13 1 9 2 13 1 2 1 12
118 12 1 2 13 1 2 9 2 12 5 1 13 1 9 2 13 1 2 1 12

118 12 2 1 11 3 2 10 1 12 5 1 13 1 9 2 13 1 2 1 12
118 12 1 2 13 1 2 9 2 12 5 1 13 1 9 2 13 1 2 1 12

118 12 1 2 13 1 2 9 14 1 4 1 9 3 2 12 13 2 1 12
118 12 3 1 10 2 1 2 14 9 1 5 9 4 12 2 1 11 1 2

130 2 1 11 1 2 1 11 13 5 1 9 4 1 9 2 13 1 3 12
130 2 1 11 1 2 1 11 13 5 1 9 4 1 9 15 1 2 1 12

118 12 3 11 3 12 1 2 1 9 6 8 6 9 3 13 2 1 11 1
118 12 2 1 11 1 2 16 10 1 3 1 8 1 5 25 2 1 11 1

102 2 1 11 2 1 16 9 5 1 8 2 4 9 1 3 12 2 1 11
102 1 2 11 15 1 2 1 9 6 8 6 9 1 2 1 12 2 1 11

118 1 2 12 1 3 1 13 3 13 15 6 10 1 3 1 14 2 1 13 1
118 1 2 12 1 3 1 13 16 3 1 11 5 1 10 1 18 1 2 13 1

118 12 1 2 1 13 2 9 1 13 1 5 12 1 10 2 3 11 1 2 12
118 12 3 1 10 3 2 10 3 1 9 6 8 1 2 12 3 1 12 1 2

118 12 1 2 13 1 2 9 2 12 5 1 10 3 1 9 2 14 2 1 12
118 12 1 2 14 2 9 1 3 10 1 5 12 2 9 2 1 13 2 1 12

118 1 14 1 3 14 2 14 3 1 11 4 12 1 5 13 1 2 13 1
118 1 14 2 1 2 11 1 5 11 4 1 27 2 3 13 1 2 1 13

106 12 1 2 1 13 2 9 1 3 10 1 5 14 10 2 1 12 2 1
107 11 1 2 1 10 1 3 16 8 1 5 9 1 2 1 15 11 2 1

118 1 14 2 1 2 11 1 5 11 4 1 27 2 1 2 12 1 3 1 13

118 1 11 2 1 11 5 10 1 3 1 8 1 18 1 11 2 1 11 15
118 12 1 2 1 13 2 9 1 13 1 5 13 11 1 2 1 11 1 2

136 14 1 14 2 1 2 12 5 15 1 13 4 11 2 15 1 2 1 14
150 1 2 13 1 2 1 16 12 1 15 1 5 14 1 14 2 1 13 1

118 1 14 2 1 2 11 1 5 11 4 1 27 2 1 2 12 1 3 1 13

118 1 2 12 1 3 1 13 15 1 3 1 11 5 1 29 1 2 13 1
118 1 2 12 1 3 1 13 16 3 1 11 5 1 11 18 1 2 13 1

119 1 13 1 2 14 1 3 1 10 5 1 27 1 2 1 13 1 2 1
119 1 13 1 2 14 1 3 1 10 6 15 13 1 2 1 12 1 3 15

120 14 2 1 12 1 3 2 10 2 4 28 2 1 13 1 3 1 12 2
118 2 13 1 2 1 16 2 10 6 11 1 17 2 1 12 1 3 1 14

118 12 1 2 13 1 2 9 2 12 5 1 10 3 1 9 2 14 2 1 12
118 12 1 2 14 2 9 1 3 10 1 5 12 2 9 2 1 13 2 1 12

118 2 13 1 2 1 12 4 2 16 11 16 2 3 1 12 1 2 1 13
120 1 12 1 2 13 1 3 2 13 3 11 16 1 5 13 1 2 13 1

151 1 13 2 1 2 16 1 11 1 4 11 1 19 1 13 1 2 1 14
136 14 2 1 12 1 3 2 12 1 3 30 2 12 2 1 2 12 4 14

104 1 12 3 1 10 2 17 1 8 1 4 1 8 1 16 2 1 11 1
104 1 12 3 1 10 2 17 1 8 5 1 8 2 14 1 2 1 11 2

151 1 13 2 1 2 16 1 11 1 4 11 1 19 1 13 1 2 1 14
136 16 13 1 3 1 15 2 11 1 4 11 1 5 15 13 1 2 1 14

104 1 12 1 2 1 12 17 1 8 1 4 1 8 2 13 1 3 1 11 2

104 1 12 1 2 1 12 1 25 1 5 8 1 3 1 12 2 1 11 1
104 1 12 1 3 12 2 1 23 1 3 1 9 2 3 1 9 1 15 2

104 13 2 1 12 1 2 24 2 3 1 8 1 3 2 9 3 1 12 2

104 13 2 1 12 1 2 24 2 3 1 8 1 3 2 9 3 1 12 2

135 1 2 12 1 3 2 12 1 2 12 16 6 12 1 2 1 12 1 2
135 1 2 12 1 5 12 1 2 1 11 16 6 12 1 2 1 12 1 2

119 1 13 2 1 2 11 5 1 12 4 11 1 17 2 1 13 3 1 14
118 2 13 1 3 1 15 2 10 2 4 11 1 15 4 1 14 2 1 14

120 1 16 1 12 1 19 2 12 1 2 1 11 2 4 11 5 13 1
120 15 3 13 1 2 14 3 1 11 4 12 1 5 13 1 2 13 1

134 1 14 2 1 13 15 4 2 11 1 3 1 11 2 15 5 13 1 15
135 14 2 1 12 1 3 12 2 4 16 12 3 13 1 3 1 12 2 1

134 16 1 13 3 2 11 1 4 1 27 2 1 2 12 1 3 1 13 16

134 16 1 13 3 2 11 1 4 1 27 2 1 2 11 2 3 1 13 16
149 2 1 12 1 2 1 12 6 16 11 1 2 1 12 2 3 1 12 3

118 13 2 1 13 2 9 1 13 1 5 12 1 10 2 3 11 1 2 12
118 13 1 2 13 2 9 1 13 1 5 12 2 9 2 1 13 2 1 12

118 13 2 14 2 9 1 3 2 8 1 5 12 11 2 1 13 2 1 12
118 14 1 14 2 9 1 4 1 8 6 9 1 2 1 10 2 3 14 12

118 14 1 14 11 1 4 1 8 1 4 1 23 1 2 1 11 1 2 1
132 1 12 1 3 12 2 1 8 6 9 1 3 10 2 3 10 1 3 12

118 13 2 13 1 2 9 2 4 8 5 1 10 3 10 2 14 2 1 12
118 13 2 14 2 9 1 3 2 8 1 5 12 11 2 1 13 2 1 12

118 14 1 11 15 1 2 1 9 1 4 1 23 2 1 12 1 2 1 12

131 2 11 1 2 1 10 2 14 3 1 8 5 1 10 14 3 1 11 1
118 15 11 1 2 11 1 18 1 8 1 3 1 10 5 11 1 2 11 1

105 11 1 2 12 1 2 1 9 6 8 6 9 1 2 1 12 2 1 11
103 2 11 1 2 1 24 1 4 1 8 1 4 1 24 1 2 1 11 1

103 1 12 4 10 2 1 2 14 9 1 5 8 1 4 12 2 1 11 1
103 2 11 1 2 1 10 2 14 3 1 8 5 1 10 14 3 1 11 1

119 2 13 1 2 1 12 4 13 15 1 5 10 4 1 14 2 1 13 1
119 1 13 1 3 1 12 2 1 29 6 10 1 3 1 14 2 1 13 1

119 1 13 1 4 12 2 1 2 27 1 5 10 1 3 1 14 2 1 14
120 13 1 3 1 12 2 1 2 27 1 4 11 1 4 1 13 1 2 14

119 1 13 3 2 11 1 4 1 11 5 27 2 1 2 12 1 3 1 13

119 1 13 1 2 14 1 3 1 10 5 1 27 1 2 1 13 1 2 1
119 1 13 1 2 14 4 1 10 5 1 11 18 1 2 12 1 3 14 1

120 14 2 1 12 1 3 2 10 2 4 28 2 1 13 1 3 1 12 2
119 1 13 2 1 18 1 10 1 5 11 1 19 1 12 1 3 1 12 2

106 11 1 2 1 10 1 3 2 14 8 1 3 11 3 2 11 2 1 11
105 12 1 2 13 1 2 1 8 14 1 4 1 11 2 1 10 1 15 1

106 11 1 2 12 1 2 1 9 6 8 6 9 1 2 1 12 2 1 11

118 1 11 2 1 11 5 10 1 3 1 8 1 18 1 11 2 1 11 15
118 1 11 1 2 1 24 1 4 1 8 1 4 1 24 1 2 1 11 1

118 12 1 2 1 12 1 2 23 1 4 1 9 1 2 1 15 11 1 14

130 1 2 1 11 1 2 1 23 5 1 8 1 4 1 9 2 14 1 14
130 3 1 10 1 2 1 11 13 5 1 8 1 3 2 9 3 1 12 2

118 12 1 2 1 12 1 2 23 1 4 1 8 2 3 10 1 4 11 2
118 12 3 1 10 3 2 10 4 9 6 8 1 4 10 2 3 11 1 14

118 12 1 2 13 1 2 9 2 12 5 1 10 3 1 9 2 14 2 13
118 12 3 11 3 2 10 3 1 9 1 5 8 4 2 9 2 1 15 13

118 12 2 1 11 3 2 10 1 12 5 1 13 1 9 2 13 1 2 13
118 12 2 1 11 3 2 10 1 12 5 1 13 1 9 2 13 2 1 13

136 16 13 1 3 2 11 2 1 2 27 1 4 1 11 2 3 13 1 16
150 15 1 3 2 12 1 2 1 11 16 1 4 1 13 2 1 12 1 17

136 16 13 1 3 1 12 2 1 2 27 1 4 1 11 2 3 13 1 16

136 15 1 13 5 15 2 11 1 3 1 11 2 4 15 13 1 2 14 1
136 17 13 1 2 13 1 3 1 27 1 3 2 11 1 2 1 16 14 1

119 1 13 1 2 1 13 21 11 4 1 11 1 5 11 2 1 2 13 1
119 14 1 2 1 13 1 19 1 11 4 1 11 1 16 2 1 2 13 1

118 1 2 12 1 3 1 13 3 12 16 4 2 12 3 1 12 1 2 14

121 14 2 1 12 1 3 12 2 4 16 12 3 13 1 3 1 12 2 1

119 1 13 2 1 2 11 5 1 11 1 4 11 18 2 1 13 1 2 1
120 13 3 2 11 4 2 11 1 2 13 2 3 16 1 12 1 3 13 1

117 1 2 12 1 2 1 9 6 8 6 9 1 2 1 12 2 1 11
117 1 2 1 10 1 2 1 24 1 4 1 9 3 2 12 1 12 2

117 1 2 1 10 1 3 1 23 1 5 8 1 3 1 12 2 1 11 1
117 1 2 1 11 1 2 1 23 1 5 8 1 3 1 12 2 1 11 1

105 12 1 2 1 13 2 9 1 3 10 1 5 11 3 9 1 2 13 1
105 12 1 2 1 13 2 9 1 3 10 1 5 14 9 1 2 1 12 2

105 12 1 2 1 13 2 9 1 3 10 1 5 14 9 1 2 1 12 2
105 12 1 2 1 12 1 2 23 1 4 1 8 2 3 10 1 4 11 2

105 12 2 1 14 2 9 1 4 9 1 5 11 2 1 9 1 15 1
117 1 2 12 1 2 1 23 1 5 8 1 3 1 12 2 1 11 1

105 12 2 1 14 2 9 1 4 9 6 11 2 1 9 1 3 11 1
105 12 2 1 14 2 9 1 4 9 1 5 13 11 1 2 1 11 1

135 1 2 12 1 5 12 1 2 1 11 16 6 12 1 2 1 12 1 2
135 3 12 1 3 2 12 1 2 1 11 16 6 12 1 2 1 12 1 2

121 14 3 12 1 2 1 18 11 5 11 2 4 12 1 2 1 13 2
135 1 2 12 1 3 1 13 3 12 16 4 2 12 3 1 12 1 2

117 2 1 12 1 2 13 4 2 11 5 11 18 1 2 1 12 1 2
117 2 1 12 1 2 1 12 6 28 2 1 13 1 3 1 12 2 1

117 2 1 12 1 2 1 12 6 16 11 1 2 1 12 2 3 1 12 3

103 2 1 10 1 4 11 2 1 9 6 10 13 1 3 1 11 1 2
103 2 13 1 2 9 2 4 8 5 1 10 3 11 1 3 11 2 1

103 2 12 1 2 1 9 6 8 2 3 1 9 1 3 10 18 1 12
104 1 13 2 1 9 3 11 5 1 10 3 1 9 2 14 2 1 12

104 1 11 1 2 12 4 1 8 5 1 9 14 2 1 2 10 1 3 12
103 1 12 2 1 2 9 1 5 9 4 1 23 2 1 2 10 1 3 12

104 1 13 2 1 9 3 11 5 1 10 3 1 9 2 13 1 2 1 12
104 1 11 1 2 12 1 3 1 8 5 1 23 2 1 2 10 1 3 12

104 12 1 2 12 1 3 1 8 5 1 9 14 2 1 2 10 1 3 12

104 1 11 1 2 12 1 3 9 6 11 2 1 9 1 3 11 1 3
104 1 11 1 2 12 1 3 9 5 1 14 9 1 2 1 12 2 1

104 2 12 1 12 2 3 1 8 1 4 1 24 1 2 1 10 1 2 1
105 1 11 1 2 12 1 3 1 8 5 1 24 1 3 10 1 2 1 13

121 13 1 2 1 16 2 11 1 15 1 4 16 1 11 2 1 2 14 1
120 1 13 1 2 14 4 1 16 11 4 12 2 4 11 1 3 1 13 2

104 1 2 10 4 1 9 2 3 10 14 4 12 2 1 11 1 2 12
104 2 1 10 1 4 9 4 1 11 4 9 14 1 3 1 12 2 13

105 12 3 1 10 2 1 2 14 9 1 5 8 1 4 12 2 1 11 1
117 1 2 1 10 1 2 1 24 1 4 1 8 1 3 2 12 1 12 2

120 14 1 2 1 13 1 19 1 11 4 1 11 1 16 2 1 2 13 1

104 2 11 1 2 1 24 1 4 1 8 1 4 1 24 1 2 1 12 1
105 1 11 1 2 1 24 1 4 1 8 1 4 1 24 1 2 1 12 1

121 13 1 3 1 12 2 1 2 27 1 4 11 5 1 11 2 1 2 14 1

118 12 3 1 10 2 1 2 14 15 10 1 2 10 1 3 1 11 1 2
118 12 1 2 14 2 9 1 3 11 5 12 2 9 2 1 13 2 1 12

104 2 11 1 2 1 10 4 24 1 5 8 1 3 1 12 2 1 11 1
104 2 11 3 1 10 1 14 3 1 9 5 1 8 1 16 1 2 11 1

121 13 1 2 1 12 1 3 2 16 28 2 1 13 1 3 1 12 2 1
120 14 2 1 13 1 4 1 16 11 1 3 12 1 3 17 1 12 2 1

118 12 2 1 14 2 9 1 4 10 1 4 14 10 2 1 12 2 1
118 12 1 2 1 11 2 11 15 4 1 11 2 1 10 1 15 1 13

102 1 2 11 1 2 1 14 10 1 13 1 5 12 1 12 2 1 11 1
102 3 11 1 2 1 11 13 4 1 9 1 4 1 9 16 1 2 11 1

120 14 2 1 13 1 4 1 11 4 1 27 2 1 14 1 3 1 13 2

120 13 1 3 1 12 2 1 2 27 1 4 11 1 4 1 13 1 2 14
118 1 14 1 3 14 2 14 3 1 11 4 12 1 5 13 1 2 13 1

106 1 11 1 2 12 1 3 9 5 1 14 9 1 3 11 1 2 1 14
106 1 11 2 1 25 1 4 1 9 1 3 1 24 1 2 1 11 2 1

118 12 2 12 1 2 1 13 2 10 14 4 12 2 1 11 1 2 12
118 12 2 1 11 1 2 16 10 1 3 9 1 5 13 12 2 1 12

118 1 14 2 1 2 11 1 5 11 4 1 27 2 1 2 12 1 3 1 13

118 1 2 12 1 3 14 16 4 11 4 1 11 1 5 13 1 2 13 1
118 1 2 12 1 3 1 13 1 2 28 16 1 3 1 14 2 1 13 1

105 1 11 2 1 17 8 1 4 1 9 1 3 15 10 1 2 1 11 2
104 2 11 1 2 1 14 2 8 1 5 9 17 2 10 1 2 1 11 2

130 2 1 11 1 3 1 10 2 1 10 15 14 3 1 11 1 2 1 12
118 12 2 1 11 3 2 10 1 12 5 14 1 9 2 13 1 2 1 12

104 1 12 1 2 1 24 1 4 1 8 1 4 1 24 1 2 1 11 2
104 1 12 1 3 14 10 1 5 8 1 3 14 2 10 1 2 1 11 2

119 1 13 2 1 2 16 1 11 1 4 11 1 19 1 13 1 2 1 14

118 1 12 1 3 1 12 2 9 4 10 2 4 9 1 3 1 11 2
104 13 2 1 11 1 17 1 9 4 1 9 1 14 2 1 2 11 1

118 1 14 1 3 1 13 2 1 13 15 16 1 3 1 14 2 1 13 1
118 1 14 2 1 2 11 1 5 11 4 1 27 2 3 13 1 2 1 13

120 16 1 13 1 2 18 1 11 1 3 1 11 1 19 1 13 1 2
120 15 2 1 13 1 19 1 11 4 1 11 1 16 2 1 2 13 1

118 14 1 11 3 2 9 1 14 4 1 13 1 9 2 14 1 2 12
118 14 1 11 1 2 16 1 9 1 3 1 9 1 17 1 11 1 2

103 13 1 3 10 2 1 2 23 1 5 8 1 3 1 12 2 1 11 1
103 2 11 3 1 10 1 14 3 1 9 5 1 8 1 16 1 2 11 1

119 1 13 2 1 2 16 1 11 1 4 11 1 19 1 13 1 2 1 14

119 14 2 1 13 1 4 1 11 4 1 27 2 1 2 12 1 3 1 13

105 1 11 2 1 16 1 8 1 4 1 9 1 17 1 10 1 2 1 11
105 1 11 2 1 17 8 1 4 1 9 1 3 15 10 1 2 1 11 2

118 12 1 2 14 2 9 1 13 1 4 14 1 9 2 1 2 12 1
130 2 1 11 1 2 1 11 13 4 1 10 4 1 9 2 13 2 14

118 2 1 13 1 19 1 11 1 3 1 11 1 18 2 1 13 1 16
118 1 2 12 1 3 1 13 3 12 16 4 14 2 1 13 1 2 14

119 1 13 2 1 2 16 1 11 1 4 11 1 19 1 13 1 2 1 14
133 1 2 1 13 1 2 18 11 4 1 11 1 5 11 2 1 2 13 1

118 1 11 1 2 12 1 3 9 5 1 23 1 3 1 10 1 2 1 26
118 1 11 1 2 12 1 12 5 1 13 1 10 14 1 2 1 11 2 1

118 12 1 2 1 13 2 9 1 13 1 4 1 13 10 2 3 11 1 14
118 12 1 2 1 13 2 9 1 3 10 1 5 14 9 1 2 1 12 2

131 1 12 2 1 2 9 1 14 4 1 13 1 9 2 13 1 2 1 12
118 13 2 13 1 2 9 2 12 5 1 10 3 1 9 2 14 2 1 12

130 1 2 11 1 2 1 24 1 3 1 9 1 4 1 25 1 2 11 1

119 1 13 2 1 2 16 1 11 1 4 11 1 19 1 13 1 2 1 14
119 1 13 2 1 2 11 5 1 12 4 11 1 17 2 1 13 3 1 14

105 12 2 12 1 3 1 10 4 13 11 3 2 9 1 4 10 2 1
105 12 2 12 1 3 1 10 4 13 11 3 11 1 3 1 10 2 1

135 14 2 1 12 1 3 14 4 16 12 3 13 1 3 1 12 2 1

103 1 12 2 1 2 9 1 5 9 4 1 13 10 2 14 2 1 12
103 3 10 1 3 1 9 2 14 3 1 9 4 1 9 1 16 1 13

104 1 13 1 16 1 14 9 1 3 10 2 4 9 1 3 1 11 2
104 1 12 2 12 1 3 15 11 2 1 9 1 3 2 9 1 3 14

103 1 12 1 3 12 3 11 3 9 1 5 9 1 3 14 1 11 1
104 12 1 2 1 12 1 2 23 1 4 1 9 1 2 1 15 11 1

121 14 2 1 12 1 3 14 4 16 12 3 13 1 3 1 12 2 1

105 1 11 2 1 16 9 1 4 1 9 1 4 13 11 1 2 1 11
105 1 12 2 1 11 13 5 1 9 1 3 1 9 15 2 1 13 1

104 2 11 1 4 9 4 2 10 2 11 14 1 3 1 12 2 12 1
104 2 11 1 3 1 9 6 10 2 11 14 1 3 1 12 2 12 1

117 1 2 12 1 3 1 13 3 12 16 4 14 3 1 12 1 2 14
117 1 2 12 1 3 1 13 3 12 16 4 14 2 1 13 1 2 14

