170 2 1 15 1 2 1 15 6 14 1 3 2 12 1 5 1 20 33 1 2 1 15 1 2 1

134 1 2 1 13 1 2 1 30 1 5 1 10 1 5 1 30 1 2 1 13 1 2 1

153 1 15 1 2 1 15 1 13 18 1 5 1 10 2 3 1 12 6 13 1 2 1 13 1 2

151 1 2 1 13 1 2 1 30 4 2 1 10 1 5 1 11 19 3 14 1 2 1 17
151 1 2 1 13 1 2 1 30 6 1 10 1 5 1 11 3 16 3 14 1 2 1 17

153 16 1 2 1 15 1 13 18 1 5 1 10 2 3 1 12 6 13 1 2 1 13 1 2

151 1 2 1 13 3 2 13 3 13 1 6 10 6 12 5 1 14 3 13 1 2 17 1
151 1 2 15 1 2 1 12 6 11 2 3 1 12 1 5 11 21 1 15 1 2 16 1

153 17 3 15 3 1 13 2 1 2 10 1 6 11 1 6 29 1 3 1 13 1 2 1
171 2 1 13 1 2 1 19 10 2 1 5 10 1 5 1 29 2 1 2 13 1 2 1

170 2 1 16 4 14 2 1 2 14 2 4 1 20 12 1 6 13 3 1 18 2 15 3 1
170 1 2 16 3 1 17 16 3 1 3 12 1 6 1 17 2 33 1 2 1 15 1 2 1

151 1 2 15 1 2 1 12 6 11 2 3 1 12 6 1 10 3 18 1 15 1 2 16 1
151 1 2 1 14 1 2 1 29 2 4 1 10 1 6 1 10 3 18 1 14 1 3 16 1

134 1 2 1 13 1 2 1 29 1 4 2 1 10 1 5 1 29 1 3 14 1 2 1
134 3 14 1 3 1 13 3 2 10 1 5 1 11 1 6 14 15 1 2 1 15 1 2

151 1 2 1 13 1 3 1 29 6 1 10 1 6 1 10 2 1 2 31 1 3 14 1 2
151 3 15 3 1 12 1 3 2 11 2 3 1 12 6 11 19 2 1 14 1 3 14 2 1

169 1 2 1 15 1 2 1 34 6 1 12 1 6 1 12 2 1 2 35 1 3 15 1 2 1
169 1 2 1 15 1 3 1 35 2 1 2 12 1 6 1 12 1 39 1 2 1 15 1 2 1

171 1 17 1 2 1 17 1 15 20 1 5 1 12 2 3 1 14 6 15 1 2 1 15 1 2

170 1 18 2 1 17 1 20 3 12 1 6 1 12 1 4 2 33 1 2 1 15 1 2 1
171 18 1 2 1 17 1 15 20 1 5 1 12 2 3 1 14 6 15 1 2 1 15 1 2

189 3 1 15 3 2 13 5 14 1 4 2 1 12 2 4 1 33 1 3 1 14 1 2 1

152 2 1 13 1 2 1 13 6 12 1 3 2 10 1 5 1 31 1 15 1 2 1 15 1

150 3 1 15 3 2 18 14 1 4 2 1 12 2 4 1 33 1 3 1 14 1 2 1
150 1 2 1 16 1 2 21 12 1 2 4 1 12 1 4 2 33 4 1 14 2 1 2

151 1 2 1 14 3 1 12 3 14 4 2 1 11 6 11 5 14 3 14 1 3 14 2 1
151 1 2 1 14 1 2 1 29 2 4 1 10 1 6 11 3 18 1 14 1 3 14 2 1

169 1 2 1 16 1 2 1 33 2 4 1 12 1 6 13 3 2 19 16 1 3 15 1 2 1
169 1 2 1 15 1 3 21 15 2 1 2 12 1 5 1 13 1 39 1 2 1 15 1 2 1

172 17 3 1 14 1 3 2 13 2 3 15 6 1 12 6 1 14 19 1 2 1 16 2 1
170 1 18 1 2 1 19 14 2 5 12 1 5 1 13 5 2 15 4 14 1 2 16 2 1

169 1 2 1 15 1 2 1 34 6 1 12 1 5 1 13 3 18 2 1 16 1 3 19
169 1 2 1 15 1 2 1 34 1 5 1 12 1 5 1 34 1 2 1 15 1 2 1

170 2 1 15 1 2 1 15 6 14 1 3 2 12 1 5 1 20 15 18 1 2 1 15 2 1

170 1 2 16 1 22 1 13 1 4 2 12 1 2 4 33 2 1 2 14 1 3 1 18
169 1 2 16 3 1 16 3 15 1 5 1 12 6 14 6 15 1 2 1 15 1 2 20

170 2 1 15 1 2 1 15 6 14 1 3 2 12 6 1 33 2 1 16 1 3 1 17 1
170 2 1 15 1 2 1 15 6 14 1 3 2 12 1 5 1 35 1 17 1 2 1 17 1

149 3 1 15 3 2 13 5 14 1 4 2 1 12 2 4 1 33 1 3 1 14 1 2 1

170 2 1 15 1 2 1 15 6 14 1 3 2 12 1 5 1 35 1 17 1 2 1 17 1
169 1 2 1 15 1 3 21 15 2 1 2 12 1 5 1 13 1 39 1 2 1 16 2 1

170 2 1 16 1 2 34 2 1 4 12 1 5 1 13 5 2 15 3 1 14 1 18 2 1
170 1 2 16 1 2 1 19 14 1 6 12 1 6 15 3 2 15 3 15 1 3 15 2 1

169 1 2 1 16 1 2 1 33 2 4 1 12 1 6 13 3 2 19 16 1 3 15 1 2 1

170 1 18 1 2 1 19 14 2 5 12 1 5 1 13 5 2 15 4 14 1 2 16 2 1

170 1 18 1 2 1 19 14 2 5 12 1 5 1 13 5 2 15 4 14 1 2 16 2 1

170 21 2 15 1 2 15 4 2 1 12 20 1 4 2 14 2 1 2 14 4 16 1 2
170 19 2 1 17 1 3 17 2 1 12 1 6 13 1 23 16 1 3 1 14 1 2 1

170 2 1 15 1 2 1 21 13 5 2 12 1 5 1 13 2 1 4 34 1 2 15 1 2 1
170 2 1 15 1 2 1 15 6 14 1 3 2 12 6 1 20 13 2 17 1 3 1 15 3 1

149 1 2 1 16 1 2 1 32 1 2 4 13 1 5 1 17 16 4 1 14 1 2 1

150 3 16 1 3 1 15 2 1 2 12 1 19 1 6 16 2 1 14 1 19 1 2 1
150 1 2 1 16 1 2 1 32 1 2 4 13 1 5 1 17 16 4 1 14 1 2 1

170 1 19 2 1 14 1 3 1 15 6 17 15 4 2 1 13 1 4 1 13 2 18 1 3
170 1 18 1 2 1 19 14 2 5 12 1 5 1 13 5 2 15 4 14 1 2 16 2 1

170 1 19 2 1 14 1 3 1 15 6 17 15 4 2 1 13 1 4 1 13 2 18 1 3

168 1 2 1 15 1 2 1 33 3 4 13 1 5 1 14 3 16 3 2 15 3 1 18
168 3 16 1 3 1 15 2 1 2 12 1 19 1 6 16 3 14 1 3 16 1 2 1

170 19 1 2 1 14 2 3 18 3 12 1 6 13 1 6 17 2 13 1 3 1 15 4
170 19 2 1 17 1 3 17 2 1 12 1 19 1 4 18 1 2 13 1 4 15 1 3

169 1 2 1 15 1 2 1 36 3 1 13 1 5 1 14 3 16 3 17 3 1 17 1
169 1 2 1 15 1 2 1 34 1 4 1 13 1 5 1 35 1 17 1 2 1 17 1

149 3 1 15 3 2 13 5 14 1 4 2 13 2 4 1 33 1 3 1 14 1 2 1

169 3 17 3 1 14 1 3 2 13 2 3 1 14 6 13 21 2 1 16 1 3 16 2 1

169 1 2 1 16 1 2 21 13 2 3 1 13 1 6 13 6 34 1 2 1 15 1 2 1
169 1 2 1 15 3 1 16 19 2 3 13 6 1 13 4 2 33 1 2 1 16 1 2 1

170 1 17 1 2 1 17 1 23 12 1 5 1 13 1 4 2 33 1 2 1 15 1 2 1
170 1 17 1 4 16 1 2 1 13 2 17 6 1 13 1 5 1 33 2 1 16 1 2 1

150 1 2 1 16 1 2 21 12 1 5 1 13 1 4 2 19 13 1 3 16 2 1 2
150 3 16 1 3 1 15 2 1 2 12 1 19 1 6 16 2 1 14 1 3 16 1 3

168 1 2 1 16 1 2 21 12 1 5 1 13 1 6 17 2 13 1 2 1 16 4 1 18

168 1 2 1 16 1 2 21 12 1 5 1 13 1 6 17 2 13 1 2 1 16 4 1 17 1

149 1 2 1 14 1 3 1 33 1 4 2 13 2 4 1 14 5 13 2 3 15 1 3
149 1 2 1 14 2 1 2 33 1 5 1 13 1 4 2 19 13 1 2 1 16 2 1

169 3 17 3 1 14 1 3 2 13 2 3 1 14 6 13 21 2 1 16 1 3 16 2 1
169 1 2 1 16 1 2 21 13 5 1 13 1 6 17 2 13 1 2 1 16 4 1 17 1

170 1 17 1 4 16 1 2 1 13 2 17 6 1 13 1 5 1 33 2 1 16 1 2 1
170 2 1 15 1 2 1 21 13 5 14 1 5 1 13 2 1 4 34 1 2 15 1 2 1

169 1 2 1 16 1 2 21 13 5 1 13 1 6 17 2 13 1 2 1 16 4 1 17 1
169 1 2 1 16 1 2 1 33 1 18 1 5 1 16 1 2 33 1 2 1 16 1 2 1

170 1 17 1 4 16 1 2 1 13 2 17 6 1 13 1 5 1 33 2 1 16 1 2 1

170 1 17 1 4 16 1 2 1 13 2 17 6 1 13 1 5 1 33 2 1 16 1 2 1

170 19 1 2 1 14 5 1 14 1 17 1 5 1 17 2 1 32 1 2 1 16 3 1
170 20 2 1 14 1 4 1 14 1 2 15 24 2 1 13 2 4 13 2 1 2 15 4

149 1 2 1 14 1 4 1 15 17 1 5 1 13 4 2 1 32 1 2 1 16 3 1
149 1 2 1 14 1 3 1 33 1 4 2 13 2 4 1 14 5 13 2 3 15 1 3

168 1 2 1 16 1 2 21 12 1 5 1 13 1 6 17 2 13 1 2 1 16 4 1 17 1

149 3 1 15 3 2 13 5 14 1 4 2 13 2 4 1 33 1 3 1 14 1 2 1
149 1 2 1 16 1 2 1 32 1 5 1 13 1 5 1 32 1 2 1 16 1 2 1

170 1 17 1 4 16 1 2 1 13 2 17 6 1 13 1 5 1 12 21 2 1 16 1 2 1

170 1 17 1 4 16 1 2 1 13 2 17 6 1 13 1 5 1 12 21 2 1 16 1 2 1

168 3 1 15 3 2 13 5 14 1 4 2 13 2 4 1 33 1 3 1 14 1 2 1
168 1 2 1 16 1 2 1 32 1 2 4 13 1 5 1 17 16 5 14 1 2 1 19

170 18 1 4 16 1 2 1 13 2 17 6 1 13 1 5 1 12 21 2 1 16 1 2 1

168 1 2 1 16 1 2 33 1 5 1 13 1 6 17 2 13 1 2 1 16 4 1 17 1

149 1 2 1 14 1 4 1 15 17 1 5 1 13 6 1 32 1 2 1 16 1 2 1

168 1 2 1 16 1 2 33 1 5 1 13 1 6 17 2 13 1 2 1 16 4 1 17 1

168 1 2 1 15 1 2 1 33 1 2 4 13 6 1 14 3 2 14 20 3 1 15 2 1
168 1 2 1 15 2 1 34 4 1 2 13 1 5 1 14 5 13 21 1 2 1 15 1 2

169 3 17 3 1 14 1 3 2 13 2 3 1 14 6 13 21 2 1 16 1 3 16 2 1
170 1 17 1 4 16 1 2 1 13 2 17 6 1 13 1 5 13 21 2 1 16 1 2 1

169 3 1 15 3 2 15 3 1 14 1 3 2 13 20 5 14 5 1 15 1 3 15 1 2
169 1 2 1 16 1 2 1 33 1 18 1 5 1 16 2 1 33 1 2 1 16 1 2 1

150 1 2 16 2 1 14 4 15 2 5 13 1 5 1 12 21 2 1 2 14 1 2 1
150 1 2 16 2 1 14 4 15 2 5 13 1 5 1 12 5 16 4 1 14 1 2 1

169 1 2 16 2 1 14 19 2 4 1 13 1 5 1 12 21 2 1 2 14 1 3 19
168 1 2 1 15 2 1 2 32 3 4 13 2 4 1 12 3 18 3 2 15 2 1 19

168 3 1 18 2 13 1 4 1 13 1 2 4 15 17 6 15 1 3 1 14 1 2 19 1

148 2 1 2 16 3 1 13 19 2 4 1 13 1 5 1 12 21 2 1 16 1 2 1
148 2 1 17 1 2 1 17 16 6 1 13 1 5 1 12 2 3 15 1 3 1 16 3

169 1 17 1 2 1 17 16 6 1 13 1 5 1 12 2 3 15 1 3 2 15 3 1 18
168 1 2 1 15 1 2 1 33 7 13 1 5 1 12 2 3 2 13 1 3 20 1 17 1

169 1 2 15 1 2 1 18 15 20 1 5 1 12 2 3 1 14 6 15 1 2 1 15 1 2
168 1 2 1 15 1 2 1 33 20 1 5 1 12 2 3 1 14 6 15 1 2 1 15 1 2

169 1 2 16 3 1 16 1 2 21 13 6 14 1 3 2 13 2 3 1 14 1 3 17 3

170 1 17 1 2 1 17 1 35 1 5 1 13 1 4 1 34 1 2 1 15 1 2 1
170 1 17 1 2 1 17 19 4 13 1 5 1 14 3 2 13 21 2 1 16 1 2 1

169 1 2 1 15 1 2 1 39 1 13 1 5 1 12 2 1 2 15 21 3 1 15 1 2 1
169 1 2 1 15 3 1 16 19 2 3 13 6 1 12 1 4 2 33 1 2 1 16 1 2 1

170 18 1 3 15 2 3 16 3 14 1 5 1 13 4 3 33 1 2 1 15 1 2 1
170 18 1 3 1 14 2 3 16 17 1 5 1 13 4 2 1 33 1 2 16 1 2 1

148 2 1 2 16 2 1 14 19 2 4 1 13 1 5 1 12 21 2 1 16 1 2 1

168 3 1 18 2 13 1 4 1 13 1 2 4 15 17 6 15 1 3 1 14 1 2 19 1

149 1 2 1 14 1 4 16 17 1 5 1 13 4 2 1 32 1 2 1 16 1 2 1
149 1 2 1 14 1 3 1 33 1 4 2 13 2 4 1 14 5 13 2 3 15 1 3

169 3 16 1 2 1 16 3 18 3 13 1 5 1 12 1 6 34 1 2 1 15 1 2 1
169 1 2 16 3 1 16 3 16 2 3 13 6 13 1 6 16 3 14 1 3 16 1 2 1

170 1 17 1 3 1 16 1 2 33 1 6 12 2 3 1 14 6 15 1 2 1 15 1 2
170 1 17 1 2 1 17 1 35 1 5 1 12 2 3 1 14 6 15 1 2 1 15 1 2

169 1 2 16 2 1 14 4 15 2 3 2 13 1 5 1 12 21 3 16 1 2 1 19
169 1 2 16 2 1 14 4 15 2 5 13 1 5 1 12 5 2 14 19 1 2 1 19

169 20 2 1 15 1 2 1 15 6 14 6 12 1 5 1 18 16 1 3 15 1 2 1
170 18 1 2 1 15 2 1 35 1 5 1 12 1 4 1 20 15 1 2 1 15 1 2

169 1 2 16 2 1 14 4 15 2 5 13 1 5 1 12 5 2 14 19 1 2 1 18 1

148 1 2 1 15 2 1 2 33 1 5 1 12 1 4 1 2 33 1 2 1 15 1 2
148 1 3 15 1 3 1 17 2 14 4 3 12 1 6 1 32 1 2 1 16 1 2 1

169 1 2 16 2 1 14 4 15 2 5 13 1 5 1 12 5 2 14 19 1 2 1 18 1

168 1 2 1 15 3 1 16 19 2 3 13 6 1 12 1 4 2 33 1 2 1 16 1 2
169 1 2 16 2 1 14 4 15 2 5 13 1 5 1 12 5 2 14 19 1 2 1 18 1

168 1 2 1 15 1 2 1 33 20 1 5 1 12 2 3 1 14 6 15 1 2 1 15 1 2
169 1 17 1 2 1 17 1 15 20 1 5 1 12 2 3 1 14 6 15 1 2 1 15 1 2

149 1 2 1 14 1 3 1 33 1 4 2 12 1 2 4 1 14 5 13 2 3 15 1 3

168 1 2 1 14 1 3 1 33 1 4 2 12 1 2 4 1 14 5 13 2 3 15 1 3

168 1 2 1 15 1 2 1 33 2 4 1 12 1 6 1 12 3 20 1 17 1 2 18 1

169 19 1 2 1 16 3 1 33 1 5 1 12 1 2 4 34 1 2 1 15 1 2 1
189 1 2 1 14 1 2 1 34 1 5 1 12 1 5 1 33 1 2 1 16 1 2 1

169 1 2 1 15 1 2 1 39 1 13 1 5 1 12 2 1 2 15 21 3 1 15 1 2 1
169 1 2 1 15 3 1 16 19 2 3 13 6 1 12 1 4 2 33 1 2 1 16 1 2 1

168 1 2 1 15 1 2 1 33 2 5 12 1 5 1 13 7 15 1 3 14 1 2 18 1
168 1 2 16 1 2 1 19 14 1 6 12 1 6 15 3 2 13 2 3 1 14 1 3 17

168 1 2 1 15 1 2 1 33 2 5 12 1 6 1 12 3 1 3 16 18 3 16 1 2
169 1 2 15 20 1 2 1 13 2 4 1 12 20 1 6 14 2 1 2 14 4 16 1 2

153 2 1 14 1 2 1 31 3 2 11 1 5 1 10 3 15 6 13 1 2 1 13 1 2
153 3 14 1 2 1 14 3 19 11 1 5 1 10 1 2 4 30 1 2 1 13 1 2 1

154 1 15 1 2 1 15 1 31 1 5 1 10 2 3 1 12 6 13 1 2 1 13 1 2

169 1 2 15 1 2 1 18 15 20 1 5 1 12 2 3 1 14 6 15 1 2 1 15 1 2
168 1 2 1 15 1 2 1 33 20 1 5 1 12 2 3 1 14 6 15 1 2 1 15 1 2

153 1 16 3 1 14 3 14 5 11 6 11 1 2 4 14 3 12 1 3 14 1 2 1
153 17 1 2 1 14 3 1 29 1 5 1 10 1 2 4 30 1 2 1 13 1 2 1

153 17 1 2 1 14 3 1 29 1 5 1 10 1 2 4 30 1 2 1 13 1 2 1
153 18 2 1 13 3 1 13 1 5 12 6 10 6 1 13 3 13 2 3 13 1 2 1

168 2 1 15 1 2 1 15 6 14 1 3 2 12 1 5 1 20 15 1 17 1 2 1 17 1

169 1 2 1 15 1 2 1 35 5 12 1 6 1 12 3 4 16 17 1 3 1 15 1 2 1
169 1 2 1 15 3 1 35 3 2 12 1 6 1 12 1 2 4 34 1 2 1 15 1 2 1

134 1 2 1 13 1 3 1 29 1 5 1 10 1 4 2 1 29 1 2 1 13 1 3
134 1 3 13 1 3 1 15 2 12 4 3 10 1 6 1 10 19 2 1 14 1 2 1

153 2 1 14 3 1 31 2 3 10 1 6 1 10 1 4 2 29 1 2 1 14 1 2 1
153 2 1 14 1 2 1 31 3 2 11 1 5 1 10 3 15 6 13 1 2 1 13 1 2

154 1 15 1 2 1 15 1 31 1 5 1 10 2 3 1 12 6 13 1 2 1 13 1 2
153 1 16 2 1 15 1 18 3 10 1 6 1 10 1 4 2 29 1 2 1 14 1 2 1

151 1 2 1 13 3 2 13 3 13 1 6 10 6 12 5 1 13 1 3 13 1 2 18
151 3 1 13 1 2 1 14 16 4 2 1 10 1 5 2 28 1 3 1 13 1 2 1

152 2 1 13 1 2 1 13 6 12 1 3 2 10 1 5 1 18 13 1 15 1 2 1 16

152 2 1 13 1 2 1 13 6 12 1 3 2 10 1 5 1 18 13 1 15 1 2 1 15 1

152 2 1 13 1 2 1 13 6 12 1 3 2 10 1 5 1 18 13 1 15 1 2 1 15 1

154 15 3 1 12 1 3 2 11 2 3 13 1 5 1 10 6 1 14 16 1 2 14 2 1
152 1 2 14 2 1 16 14 1 6 10 1 5 1 13 3 2 11 2 3 1 12 1 3 15

153 1 16 2 1 15 1 18 3 10 1 6 1 10 1 4 2 29 1 2 1 14 1 2 1
153 1 16 2 1 15 1 18 3 10 1 6 12 1 3 2 11 6 12 1 2 1 15 2 1

151 1 2 15 1 2 1 12 6 11 2 3 1 12 1 5 1 10 21 1 15 1 2 16 1
151 1 2 15 1 2 1 18 11 2 3 1 11 1 6 1 10 3 18 1 15 1 2 16 1

153 1 15 1 2 1 15 1 13 18 1 5 1 10 2 3 1 12 6 13 1 2 1 13 1 2

168 1 2 1 15 1 2 1 33 1 2 4 13 6 1 17 2 14 19 1 2 1 16 2 1
168 1 2 1 15 1 2 20 14 4 3 13 1 5 13 2 5 13 6 15 1 2 16 1 2

149 1 2 1 14 1 3 1 33 1 5 1 12 1 2 4 1 32 1 2 1 16 1 3
149 1 2 1 14 2 1 2 33 1 5 1 12 1 6 1 32 1 2 1 16 1 2 1

168 1 2 1 15 2 1 38 1 2 13 1 5 1 12 2 5 13 21 1 2 1 15 1 2
168 2 1 16 1 2 1 35 2 1 2 13 1 5 1 12 20 6 15 1 2 1 15 1 2

169 1 2 16 2 1 14 4 15 2 5 13 1 5 1 12 5 2 14 19 1 2 1 18 1
168 2 1 16 2 1 15 6 14 1 3 2 12 1 5 1 20 15 1 17 1 2 1 17 1

168 1 2 1 15 1 2 20 14 1 6 12 1 6 15 3 2 13 2 3 1 14 1 3 17
168 1 2 1 15 2 1 34 4 1 2 13 1 5 1 12 2 5 13 21 1 2 16 1 2

152 2 1 13 2 1 2 16 13 1 6 10 1 5 2 15 1 12 1 4 13 1 2 18
152 1 2 13 1 2 1 16 14 1 6 10 1 5 2 15 1 12 1 4 13 1 2 18

169 1 2 15 1 2 1 18 35 1 5 1 12 2 3 1 14 6 15 1 2 1 15 1 2
168 1 2 1 15 1 2 1 53 1 5 1 12 2 3 1 14 6 15 1 2 1 15 1 2

154 15 3 1 12 1 3 2 11 2 3 13 1 5 1 10 6 1 14 16 1 2 14 2 1
154 15 3 1 12 1 3 2 11 2 3 13 6 1 10 6 1 12 17 1 2 1 14 2 1

152 1 2 14 1 2 1 17 12 1 6 10 1 6 13 3 2 11 2 3 1 12 1 3 15

152 16 1 4 12 2 3 1 13 15 1 4 2 1 10 1 3 2 30 1 2 1 16 1
152 1 2 14 1 2 1 29 2 4 1 10 1 6 1 10 3 2 17 14 1 3 16 1

152 2 1 14 1 2 1 31 3 2 11 1 5 1 10 3 15 6 13 1 2 1 13 1 2

152 2 1 13 1 2 1 13 6 12 1 3 2 10 1 5 1 31 1 15 1 2 1 15 1

153 1 15 1 2 1 15 1 31 1 5 1 10 2 3 1 12 6 13 1 2 1 13 1 2

152 2 1 13 1 2 1 13 6 15 1 2 10 1 5 1 11 2 34 1 2 1 14 1 2
152 2 1 13 1 2 1 13 6 18 10 1 5 1 11 2 1 2 31 1 2 1 14 1 2

152 1 16 3 1 14 1 18 2 1 11 6 1 10 1 17 6 13 1 2 1 13 1 2
152 1 16 1 2 1 35 12 1 5 1 10 2 1 2 13 6 13 1 2 1 13 1 2

170 2 1 15 1 3 15 21 1 2 1 13 1 6 1 12 6 34 1 2 1 15 1 2 1
170 2 1 15 1 2 1 34 4 2 1 12 1 6 1 12 2 3 35 1 3 15 1 2 1

152 18 2 1 13 4 1 12 1 15 2 5 1 10 6 1 14 16 1 2 1 13 2 1

170 2 1 16 2 1 15 6 14 1 3 2 12 1 5 1 20 15 18 1 2 1 15 2 1
170 2 1 16 4 14 2 1 2 14 6 1 20 12 1 4 2 13 1 2 1 20 15 2 1

170 1 18 1 2 1 19 14 2 5 12 1 5 1 13 5 2 15 4 14 1 2 16 2 1
170 1 18 3 1 16 1 20 3 12 1 6 1 12 1 4 2 33 1 2 1 15 1 2 1

170 2 1 15 1 2 1 15 6 14 1 3 2 12 1 5 1 35 18 1 2 1 15 2 1
170 2 1 15 1 2 1 21 13 4 1 2 12 1 5 1 13 2 39 1 2 15 1 2 1

149 3 1 16 3 1 15 17 1 2 4 1 12 1 5 1 33 1 3 1 14 1 2 1
149 3 1 15 3 2 18 14 1 4 2 1 12 2 4 1 33 1 3 1 14 1 2 1

170 2 1 16 2 1 15 6 14 1 3 2 12 1 5 1 20 33 1 2 1 15 1 2 1
170 1 2 16 1 2 1 19 14 2 17 1 6 13 4 2 1 33 1 2 1 15 1 2 1

150 1 2 1 15 1 2 1 34 1 5 1 12 1 5 1 34 1 2 1 15 1 2 1
150 1 2 1 16 1 2 1 33 1 5 1 12 1 5 1 34 1 2 1 14 1 2 1

170 1 18 1 2 1 19 14 2 5 12 1 5 1 13 5 2 15 4 14 1 2 16 2 1

149 1 2 1 16 1 2 1 32 1 2 4 13 1 5 1 17 16 4 1 14 1 2 1

168 3 16 1 3 1 15 2 1 2 13 19 1 6 16 3 14 1 3 16 1 2 1
172 15 1 2 1 15 1 4 1 18 14 1 6 13 1 3 19 2 15 1 2 1 18

170 19 1 2 1 19 14 2 5 12 1 5 1 13 5 2 15 4 14 1 2 16 2 1
170 19 1 2 1 16 3 21 12 1 5 1 13 2 3 2 15 4 14 1 2 16 2 1

170 2 1 15 1 2 1 15 6 14 1 3 2 12 6 1 33 2 1 16 1 3 1 17 1
170 1 2 16 1 2 1 33 2 4 1 12 1 6 13 3 2 19 16 1 3 15 1 2 1

170 20 2 1 14 1 3 1 15 1 5 18 14 2 4 1 15 2 15 1 3 16 1 3
172 17 3 1 14 1 3 2 13 2 3 15 6 13 6 1 14 19 1 2 1 16 2 1

168 1 2 1 16 1 2 21 13 1 4 1 13 1 6 17 2 16 1 16 4 1 17 1
168 1 2 1 16 1 2 21 13 2 3 1 13 1 6 17 2 14 19 1 3 1 17 1

149 1 2 1 16 1 2 1 32 1 5 1 13 1 5 1 32 1 2 1 16 1 2 1

170 2 1 15 3 1 15 1 5 14 5 20 13 2 3 1 14 1 3 15 2 3 15 1 3
170 2 1 15 1 2 1 15 6 14 1 2 1 14 1 5 1 53 1 2 1 15 1 2 1

149 1 2 1 16 1 2 1 32 1 6 13 1 5 1 17 15 1 4 1 14 1 2 1

170 20 2 1 14 1 4 1 14 1 17 6 1 13 6 1 15 17 1 2 1 16 1 3
170 1 18 1 2 1 19 14 2 17 1 5 1 13 4 2 1 33 1 2 16 1 2 1

168 1 2 1 16 1 2 21 13 5 1 13 1 6 17 2 13 1 2 1 16 4 1 17 1

149 1 2 1 16 1 2 1 32 1 5 1 13 1 5 1 32 1 2 1 16 1 2 1

168 1 2 1 16 1 2 1 32 1 2 4 13 1 5 1 17 16 5 14 1 2 1 19
168 1 2 1 16 1 2 1 32 1 2 4 13 1 6 17 1 15 4 1 14 1 2 20

170 19 1 2 1 14 2 3 1 32 1 5 1 13 1 5 1 32 1 2 1 16 2 1
189 1 2 1 14 1 4 16 17 1 5 1 13 4 2 1 32 1 2 1 16 1 2 1

168 3 1 15 3 2 15 3 1 14 1 3 2 13 20 5 14 5 1 15 1 3 15 1 2
168 1 2 1 15 1 2 1 53 1 5 1 14 1 2 1 14 6 15 1 2 1 15 1 2

170 1 17 1 4 16 1 2 1 13 2 17 6 1 13 1 5 13 21 2 1 16 1 2 1

168 1 2 1 16 1 2 1 32 1 2 4 13 1 5 1 17 16 19 1 2 1 18 1
168 1 2 1 16 1 2 1 32 1 2 4 13 1 5 1 17 16 3 16 1 3 18 1

149 1 2 1 14 1 4 1 15 17 1 5 1 13 6 1 32 1 2 1 16 1 2 1
149 1 2 1 16 1 2 1 32 1 5 1 13 1 5 1 32 1 2 1 16 1 2 1

149 1 2 1 16 1 2 1 32 1 5 1 13 1 5 1 32 1 2 1 16 1 2 1

170 1 17 1 4 16 3 14 2 17 1 4 2 13 4 2 34 1 2 1 15 1 2 1
170 1 17 1 3 1 16 3 16 17 1 4 2 13 1 4 1 18 16 1 3 15 1 2

168 1 2 1 15 1 2 1 33 7 13 1 5 1 12 2 3 2 13 1 3 20 18 1
168 1 2 1 15 1 2 1 33 1 2 4 13 6 1 17 2 14 19 1 2 1 18 1

149 1 2 1 14 1 4 16 17 1 5 1 13 4 2 1 32 1 2 1 16 1 2 1

168 3 1 15 1 2 20 18 1 2 13 1 5 1 12 2 18 6 15 1 2 1 15 1 2
168 2 1 16 1 2 1 35 2 1 2 13 1 5 1 12 20 6 15 1 2 1 15 1 2

169 1 2 16 2 1 14 4 15 2 5 13 1 5 1 12 5 2 14 19 1 2 1 19
168 1 2 1 15 1 2 1 33 6 1 13 6 1 12 2 1 2 15 1 3 17 3 19

188 1 2 1 16 1 2 21 13 2 4 1 13 1 3 2 13 20 3 2 16 1 2
170 20 2 1 14 1 4 15 1 17 6 1 13 4 2 33 1 2 1 16 1 2 1

169 1 2 16 2 1 14 4 15 2 5 13 1 5 1 12 5 2 14 19 1 2 1 18 1

148 1 2 1 15 1 2 1 34 1 5 1 12 1 5 1 34 1 2 1 15 1 2 1
149 1 2 1 14 1 2 1 34 1 5 1 12 1 5 1 33 1 2 1 16 1 2 1

170 1 18 1 2 1 19 14 2 5 12 1 5 1 13 5 2 15 4 14 1 2 16 2 1
170 1 18 2 1 17 1 20 3 12 1 6 1 12 1 4 2 33 1 2 1 15 1 2 1

170 20 2 1 14 1 4 1 14 1 17 6 1 17 2 1 13 19 1 2 1 16 3 1
170 19 3 15 2 3 1 15 2 1 2 12 1 6 13 7 17 15 1 4 15 1 2 1

168 1 2 1 16 1 2 21 13 5 1 13 1 6 17 2 13 1 2 1 16 4 1 17 1

170 1 17 1 4 16 1 2 1 13 2 17 6 1 13 1 5 13 21 2 1 16 1 2 1

169 1 2 15 1 2 1 33 2 4 1 13 6 1 12 3 18 2 1 2 14 1 3 19
168 1 2 1 15 2 1 2 32 1 2 4 13 7 15 2 1 15 5 14 1 2 19 1

168 1 2 1 15 1 2 1 33 2 4 1 12 1 6 1 12 3 2 19 16 1 3 18 1
169 1 2 16 2 1 14 4 15 2 5 13 1 5 1 12 5 2 14 19 1 2 1 18 1

152 2 1 13 1 2 1 19 11 2 3 2 10 1 5 1 18 11 2 1 15 1 2 1
152 2 1 13 1 2 1 13 6 16 2 10 1 5 1 11 1 2 4 14 16 1 2 17

169 3 1 13 3 2 11 2 3 13 1 5 1 10 6 1 11 3 17 2 1 13 2 1
152 17 1 2 1 16 2 11 2 16 1 6 10 5 1 12 6 13 1 2 1 13 1 2

170 19 1 2 15 5 1 15 2 1 2 12 1 5 1 13 40 1 2 1 15 1 2 1
170 19 3 15 2 3 1 15 3 2 12 1 5 1 13 1 6 16 17 1 2 1 17 1

169 1 2 17 1 2 1 20 13 2 3 1 13 1 6 13 3 20 1 17 1 2 18 1
169 1 2 17 1 2 1 14 6 13 2 3 1 14 6 13 3 20 1 17 1 2 18 1

170 18 1 3 1 16 1 2 1 32 1 6 13 1 5 1 33 1 2 1 15 1 2 1
170 18 1 2 1 17 1 3 32 1 5 1 13 1 5 1 33 1 2 1 15 1 2 1

169 1 17 1 2 1 17 16 6 1 13 1 5 1 14 3 15 1 3 2 15 3 1 18
168 1 2 1 15 1 2 1 33 1 2 4 13 6 1 17 16 3 2 14 1 3 1 18

169 1 18 1 3 1 19 14 2 17 6 1 13 1 3 2 13 21 2 1 16 1 2 1
169 1 18 2 1 17 1 23 13 5 1 14 1 3 2 13 6 14 1 2 1 17 2 1

168 1 2 1 15 1 2 1 33 6 1 13 1 5 1 12 2 3 15 1 3 17 3 19
169 1 2 15 1 2 1 33 6 1 13 1 5 1 12 2 3 15 1 3 2 15 3 19

170 2 17 1 2 1 14 6 14 1 2 1 14 1 5 1 52 1 2 1 16 1 2 1
170 1 17 1 3 1 16 3 16 17 1 6 13 1 3 1 20 15 1 2 1 15 1 2

149 1 2 1 14 1 4 16 17 1 5 1 13 4 2 1 32 1 2 1 16 1 2 1
149 1 2 1 16 1 2 1 32 1 5 1 13 1 5 1 32 1 2 1 16 1 2 1

148 2 1 2 14 1 3 1 15 3 20 1 14 6 13 2 1 17 1 3 17 2 1
148 1 2 1 16 1 2 21 13 2 4 1 13 1 3 2 13 20 3 1 17 1 2

153 1 15 1 2 1 15 1 13 18 1 5 1 10 2 3 1 12 6 13 1 2 14 1 2

133 3 1 13 1 3 1 13 15 1 6 1 10 1 5 1 30 1 2 1 13 1 2
133 1 3 13 1 3 1 15 2 11 1 4 3 10 1 6 29 1 2 1 14 2 1

170 1 18 4 16 1 2 1 13 2 17 6 1 13 1 5 1 33 2 1 16 1 2 1
170 2 17 4 14 2 1 2 14 2 4 1 33 4 2 13 2 1 2 15 4 15 2 1

149 2 18 1 3 13 4 2 1 12 20 1 4 2 14 2 1 2 14 4 16 1 2
149 2 1 17 1 2 1 32 1 5 1 13 1 5 1 33 1 2 1 15 1 2 1

135 1 2 14 1 2 1 29 1 4 1 11 1 2 4 1 28 2 1 2 13 3 1
135 1 2 13 1 2 1 30 1 5 1 10 1 6 1 28 1 2 1 14 1 2 1

152 2 1 14 2 1 13 6 12 1 3 2 10 1 5 1 18 13 1 15 1 2 1 15 1

150 1 2 1 15 1 2 1 34 1 5 13 1 5 1 34 1 2 1 15 1 2 1
150 3 16 1 3 1 15 2 1 2 13 19 1 6 16 3 14 1 3 16 1 2 1

149 1 2 1 16 1 2 1 32 1 5 1 13 1 5 1 32 1 2 1 16 1 2 1
149 1 2 1 16 1 2 1 32 1 6 13 1 5 1 17 15 1 4 1 14 1 2 1

168 1 2 1 15 1 2 1 34 6 13 2 5 15 2 1 14 1 5 14 3 2 17 1
168 1 3 15 1 2 1 36 3 1 13 1 5 1 14 3 15 1 3 2 15 3 1 18

149 1 2 1 15 1 2 1 33 2 5 13 1 4 2 12 6 1 15 1 2 16 1
149 2 1 16 4 14 2 1 2 14 2 4 1 20 13 2 4 13 2 1 2 15 2

168 1 2 1 15 3 1 16 19 2 3 13 6 1 12 1 4 21 14 1 2 1 17 2
168 1 2 1 15 1 2 1 33 20 1 5 1 12 2 3 1 14 6 15 1 2 17 2

